localrules directive specifies rules that are not present in the Snakefile:
	pbrun_triocombinegvcf

Building DAG of jobs...
Creating conda environment envs/multiqc.yaml...
Downloading and installing remote packages.
Environment for envs/multiqc.yaml created (location: .snakemake/conda/bee59e5f)
Creating conda environment envs/trim_galore.yaml...
Downloading and installing remote packages.
Environment for envs/trim_galore.yaml created (location: .snakemake/conda/61128c77)
Creating conda environment envs/fastqc.yaml...
Downloading and installing remote packages.
Environment for envs/fastqc.yaml created (location: .snakemake/conda/92625bf2)
Using shell: /usr/bin/bash
Provided cluster nodes: 32
Provided resources: gpu=2
Job counts:
	count	jobs
	1	all
	1	fastqc
	1	multiqc
	1	pbrun_germline
	1	trim_galore_pe
	5

[Fri Nov  4 12:17:55 2022]
Job 3: Undertaking quality control checks on raw sequence data for ../../fastq/22CG019_1.fastq.gz ../../fastq/22CG019_2.fastq.gz

Submitted job 3 with external jobid 'Submitted batch job 60138'.

[Fri Nov  4 12:17:56 2022]
Job 4: Applying quality and adapter trimming to input fastq files: ../../fastq/22CG019_1.fastq.gz ../../fastq/22CG019_2.fastq.gz

Submitted job 4 with external jobid 'Submitted batch job 60139'.
[Fri Nov  4 12:27:56 2022]
Finished job 3.
1 of 5 steps (20%) done
[Fri Nov  4 12:36:37 2022]
Finished job 4.
2 of 5 steps (40%) done

[Fri Nov  4 12:36:37 2022]
Job 1: Compiling a HTML report for quality control checks on raw sequence data


[Fri Nov  4 12:36:37 2022]
Job 2: Running GPU accelerated germline variant pipeline workflow to generate BAM, vcf and recal output for ../results/trimmed/22CG019_1_val_1.fq.gz ../results/trimmed/22CG019_2_val_2.fq.gz

Activating conda environment: /NGS/humangenomics/active/2022/run/hyperparathyroid_analysis_20221102/results/03_pipeline_runs/singleton/human_genomics_pipeline/workflow/.snakemake/conda/bee59e5f
[Fri Nov  4 12:36:48 2022]
Finished job 1.
3 of 5 steps (60%) done
Write-protecting output file ../results/mapped/22CG019_recalibrated.bam.
Write-protecting output file ../results/mapped/22CG019_recalibrated.bam.bai.
Removing temporary output file ../results/trimmed/22CG019_2_val_2.fq.gz.
Removing temporary output file ../results/trimmed/22CG019_1_val_1.fq.gz.
Removing temporary output file ../results/mapped/22CG019_recal.txt.
[Fri Nov  4 12:57:58 2022]
Finished job 2.
4 of 5 steps (80%) done

[Fri Nov  4 12:57:58 2022]
localrule all:
    input: ../results/qc/multiqc_report.html, ../results/mapped/22CG019_recalibrated.bam, ../results/called/22CG019_raw_snps_indels.vcf
    jobid: 0

[Fri Nov  4 12:57:58 2022]
Finished job 0.
5 of 5 steps (100%) done
Complete log: /NGS/humangenomics/active/2022/run/hyperparathyroid_analysis_20221102/results/03_pipeline_runs/singleton/human_genomics_pipeline/workflow/.snakemake/log/2022-11-04T120818.849822.snakemake.log
