[PB Info 2022-Dec-05 11:31:01] -------VariantRecalibrator-------
[W::bcf_hdr_check_sanity] GL should be declared as Number=G
[PB Info 2022-Dec-05 11:31:01] Initializing engine...
[PB Info 2022-Dec-05 11:31:01] Starting traversal...
[PB Info 2022-Dec-05 11:32:37]   1: 197993032
[PB Info 2022-Dec-05 11:34:07]   2: 147436529
[PB Info 2022-Dec-05 11:35:37]   3: 112049253
[PB Info 2022-Dec-05 11:37:06]   4: 127764597
[PB Info 2022-Dec-05 11:38:33]   5: 166456108
[PB Info 2022-Dec-05 11:40:03]   7: 4712952
[PB Info 2022-Dec-05 11:41:33]   8: 30612586
[PB Info 2022-Dec-05 11:43:02]   9: 127837019
[PB Info 2022-Dec-05 11:44:34]   11: 25520309
[PB Info 2022-Dec-05 11:46:04]   12: 81738626
[PB Info 2022-Dec-05 11:47:35]   14: 67964130
[PB Info 2022-Dec-05 11:49:07]   16: 47305715
[PB Info 2022-Dec-05 11:50:41]   18: 25355266
[PB Info 2022-Dec-05 11:52:14]   20: 42263451
[PB Info 2022-Dec-05 11:53:44]   X: 120302081
[PB Info 2022-Dec-05 11:54:32] Processed 7739557 total variants.
[PB Info 2022-Dec-05 11:54:33] Training with 262901 variants after standard deviation thresholding.
[PB Info 2022-Dec-05 11:54:33] Initializing model with 100 k-means iterations...
[PB Info 2022-Dec-05 11:54:40]   Finished iteration 0
[PB Info 2022-Dec-05 11:54:44]   Finished iteration 5. 	Current change in mixture coefficients = 1.37237
[PB Info 2022-Dec-05 11:54:48]   Finished iteration 10. 	Current change in mixture coefficients = 0.29887
[PB Info 2022-Dec-05 11:54:53]   Finished iteration 15. 	Current change in mixture coefficients = 0.05342
[PB Info 2022-Dec-05 11:54:57]   Finished iteration 20. 	Current change in mixture coefficients = 0.05072
[PB Info 2022-Dec-05 11:55:01]   Finished iteration 25. 	Current change in mixture coefficients = 0.05074
[PB Info 2022-Dec-05 11:55:05]   Finished iteration 30. 	Current change in mixture coefficients = 0.05129
[PB Info 2022-Dec-05 11:55:10]   Finished iteration 35. 	Current change in mixture coefficients = 0.04870
[PB Info 2022-Dec-05 11:55:14]   Finished iteration 40. 	Current change in mixture coefficients = 0.04181
[PB Info 2022-Dec-05 11:55:18]   Finished iteration 45. 	Current change in mixture coefficients = 0.03310
[PB Info 2022-Dec-05 11:55:22]   Finished iteration 50. 	Current change in mixture coefficients = 0.02820
[PB Info 2022-Dec-05 11:55:26]   Finished iteration 55. 	Current change in mixture coefficients = 0.02252
[PB Info 2022-Dec-05 11:55:31]   Finished iteration 60. 	Current change in mixture coefficients = 0.01704
[PB Info 2022-Dec-05 11:55:35]   Finished iteration 65. 	Current change in mixture coefficients = 0.01324
[PB Info 2022-Dec-05 11:55:39]   Finished iteration 70. 	Current change in mixture coefficients = 0.01047
[PB Info 2022-Dec-05 11:55:44]   Finished iteration 75. 	Current change in mixture coefficients = 0.00805
[PB Info 2022-Dec-05 11:55:48]   Finished iteration 80. 	Current change in mixture coefficients = 0.00596
[PB Info 2022-Dec-05 11:55:52]   Finished iteration 85. 	Current change in mixture coefficients = 0.00430
[PB Info 2022-Dec-05 11:55:57]   Finished iteration 90. 	Current change in mixture coefficients = 0.00313
[PB Info 2022-Dec-05 11:56:01]   Finished iteration 95. 	Current change in mixture coefficients = 0.00244
[PB Info 2022-Dec-05 11:56:05]   Finished iteration 100. 	Current change in mixture coefficients = 0.00198
[PB Info 2022-Dec-05 11:56:05] Convergence after 100 iterations!
[PB Info 2022-Dec-05 11:56:05] Evaluating full set of 1693036 variants...
[PB Info 2022-Dec-05 11:56:48] Selected worst 47390 scoring variants --> variants with LOD <= -5.0000.
[PB Info 2022-Dec-05 11:56:48] Initializing model with 100 k-means iterations...
[PB Info 2022-Dec-05 11:56:49]   Finished iteration 0
[PB Info 2022-Dec-05 11:56:49]   Finished iteration 5. 	Current change in mixture coefficients = 0.04470
[PB Info 2022-Dec-05 11:56:49]   Finished iteration 10. 	Current change in mixture coefficients = 0.02925
[PB Info 2022-Dec-05 11:56:49]   Finished iteration 15. 	Current change in mixture coefficients = 0.02402
[PB Info 2022-Dec-05 11:56:49]   Finished iteration 20. 	Current change in mixture coefficients = 0.02319
[PB Info 2022-Dec-05 11:56:49]   Finished iteration 25. 	Current change in mixture coefficients = 0.01532
[PB Info 2022-Dec-05 11:56:49]   Finished iteration 30. 	Current change in mixture coefficients = 0.00428
[PB Info 2022-Dec-05 11:56:49] Convergence after 34 iterations!
[PB Info 2022-Dec-05 11:56:50] Evaluating full set of 1693036 variants...
[PB Info 2022-Dec-05 11:57:12] Finding 4 tranches for 1693036 variants
[PB Info 2022-Dec-05 11:57:12]   TruthSensitivityTranche threshold 100.00 => selection metric threshold 0.000
[PB Info 2022-Dec-05 11:57:12]   Found tranche for 100.000: 0.000 threshold starting with variant 0; running score is 0.000
[PB Info 2022-Dec-05 11:57:12]   TruthSensitivityTranche threshold 99.90 => selection metric threshold 0.001
[PB Info 2022-Dec-05 11:57:12]   Found tranche for 99.900: 0.001 threshold starting with variant 62865; running score is 0.001
[PB Info 2022-Dec-05 11:57:12]   TruthSensitivityTranche threshold 99.00 => selection metric threshold 0.010
[PB Info 2022-Dec-05 11:57:12]   Found tranche for 99.000: 0.010 threshold starting with variant 89714; running score is 0.010
[PB Info 2022-Dec-05 11:57:13]   TruthSensitivityTranche threshold 90.00 => selection metric threshold 0.100
[PB Info 2022-Dec-05 11:57:13]   Found tranche for 90.000: 0.100 threshold starting with variant 1021884; running score is 0.100
[PB Info 2022-Dec-05 11:57:13] Writing out recalibration table...
[PB Info 2022-Dec-05 11:57:19] VariantRecalibrator finished in 1577.710 seconds
[PB Info 2022-Dec-05 11:57:19] 
-------ApplyVQSR-------

[PB Info 2022-Dec-05 11:57:19] Starting traversal...
[PB Info 2022-Dec-05 11:58:35]   1: 197993032
[PB Info 2022-Dec-05 11:59:51]   2: 147436529
[PB Info 2022-Dec-05 12:01:06]   3: 112049253
[PB Info 2022-Dec-05 12:02:18]   4: 127764597
[PB Info 2022-Dec-05 12:03:31]   5: 166456108
[PB Info 2022-Dec-05 12:04:44]   7: 4712952
[PB Info 2022-Dec-05 12:05:59]   8: 30612586
[PB Info 2022-Dec-05 12:07:11]   9: 127837019
[PB Info 2022-Dec-05 12:08:26]   11: 25520309
[PB Info 2022-Dec-05 12:09:40]   12: 81738626
[PB Info 2022-Dec-05 12:10:57]   14: 67964130
[PB Info 2022-Dec-05 12:12:14]   16: 47305715
[PB Info 2022-Dec-05 12:13:31]   18: 25355266
[PB Info 2022-Dec-05 12:14:48]   20: 42263451
[PB Info 2022-Dec-05 12:16:04]   X: 120302081
[PB Info 2022-Dec-05 12:16:43] Processed 7739557 total variants.
[PB Info 2022-Dec-05 12:16:43] ApplyVQSR finished in 1164.452 seconds
[PB Info 2022-Dec-05 12:16:43] 
VQSR finished, total time is 2742.162 seconds
Please visit https://docs.nvidia.com/clara/#parabricks for detailed documentation

