Please visit https://docs.nvidia.com/clara/#parabricks for detailed documentation


[Parabricks Options Mesg]: Automatically generating ID prefix
[Parabricks Options Mesg]: Read group created for /NGS/humangenomics/active/2022/run/hyperparathyroid_analysis_20221102/
results/03_pipeline_runs/cohort/human_genomics_pipeline/results/trimmed/21CG0043_1_val_1.fq.gz and /NGS/humangenomics/ac
tive/2022/run/hyperparathyroid_analysis_20221102/results/03_pipeline_runs/cohort/human_genomics_pipeline/results/trimmed
/21CG0043_2_val_2.fq.gz
[Parabricks Options Mesg]: @RG\tID:H2FJWBGXK.1\tLB:lib1\tPL:bar\tSM:21CG0043\tPU:H2FJWBGXK.1

[Parabricks Options Mesg]: Checking argument compatibility
[Parabricks Options Mesg]: Read group created for /NGS/humangenomics/active/2022/run/hyperparathyroid_analysis_20221102/
results/03_pipeline_runs/cohort/human_genomics_pipeline/results/trimmed/21CG0043_1_val_1.fq.gz and /NGS/humangenomics/ac
tive/2022/run/hyperparathyroid_analysis_20221102/results/03_pipeline_runs/cohort/human_genomics_pipeline/results/trimmed
/21CG0043_2_val_2.fq.gz
[Parabricks Options Mesg]: @RG\tID:H2FJWBGXK.1\tLB:lib1\tPL:bar\tSM:21CG0043\tPU:H2FJWBGXK.1
[PB Info 2022-Nov-29 17:43:11] ------------------------------------------------------------------------------
[PB Info 2022-Nov-29 17:43:11] ||                 Parabricks accelerated Genomics Pipeline                 ||
[PB Info 2022-Nov-29 17:43:11] ||                              Version 3.8.0-1                             ||
[PB Info 2022-Nov-29 17:43:11] ||                       GPU-BWA mem, Sorting Phase-I                       ||
[PB Info 2022-Nov-29 17:43:11] ||                  Contact: Parabricks-Support@nvidia.com                  ||
[PB Info 2022-Nov-29 17:43:11] ------------------------------------------------------------------------------
[M::bwa_idx_load_from_disk] read 0 ALT contigs
[PB Info 2022-Nov-29 17:43:20] GPU-BWA mem
[PB Info 2022-Nov-29 17:43:20] ProgressMeter	Reads		Base Pairs Aligned
[PB Info 2022-Nov-29 17:43:29] [M::runCPUThreads] read 69378 sequences (10000069 bp)...
[PB Info 2022-Nov-29 17:43:52] 5005456		820000000
[M::mem_pestat] # candidate unique pairs for (FF, FR, RF, RR): (0, 30157, 1, 0)
[M::mem_pestat] skip orientation FF as there are not enough pairs
[M::mem_pestat] analyzing insert size distribution for orientation FR...
[M::mem_pestat] (25, 50, 75) percentile: (152, 203, 267)
[M::mem_pestat] low and high boundaries for computing mean and std.dev: (1, 497)
[M::mem_pestat] mean and std.dev: (213.96, 83.27)
[M::mem_pestat] low and high boundaries for proper pairs: (1, 612)
[M::mem_pestat] skip orientation RF as there are not enough pairs
[M::mem_pestat] skip orientation RR as there are not enough pairs
[PB Info 2022-Nov-29 17:43:57] [M::mem_process_seqs_cpp] Processed 69378 reads in 384.736 CPU sec, 27.690 real sec
[PB Info 2022-Nov-29 17:43:57] [M::runCPUThreads] read 69412 sequences (20000106 bp)...
[PB Info 2022-Nov-29 17:44:10] 10008836	1540000000
[M::mem_pestat] # candidate unique pairs for (FF, FR, RF, RR): (0, 30161, 3, 0)
[M::mem_pestat] skip orientation FF as there are not enough pairs
[M::mem_pestat] analyzing insert size distribution for orientation FR...
[M::mem_pestat] (25, 50, 75) percentile: (152, 204, 267)
[M::mem_pestat] low and high boundaries for computing mean and std.dev: (1, 497)
[M::mem_pestat] mean and std.dev: (214.64, 83.36)
[M::mem_pestat] low and high boundaries for proper pairs: (1, 612)
[M::mem_pestat] skip orientation RF as there are not enough pairs
[M::mem_pestat] skip orientation RR as there are not enough pairs
[PB Info 2022-Nov-29 17:44:23] [M::mem_process_seqs_cpp] Processed 69412 reads in 380.757 CPU sec, 25.902 real sec
[PB Info 2022-Nov-29 17:44:23] [M::runCPUThreads] read 69524 sequences (30000140 bp)...
[PB Info 2022-Nov-29 17:44:29] 15013670	2250000000
[M::mem_pestat] # candidate unique pairs for (FF, FR, RF, RR): (0, 30151, 0, 0)
[M::mem_pestat] skip orientation FF as there are not enough pairs
[M::mem_pestat] analyzing insert size distribution for orientation FR...
[M::mem_pestat] (25, 50, 75) percentile: (152, 203, 267)
[M::mem_pestat] low and high boundaries for computing mean and std.dev: (1, 497)
[M::mem_pestat] mean and std.dev: (214.34, 83.69)
[M::mem_pestat] low and high boundaries for proper pairs: (1, 612)
[M::mem_pestat] skip orientation RF as there are not enough pairs
[M::mem_pestat] skip orientation RR as there are not enough pairs
[PB Info 2022-Nov-29 17:44:45] [M::mem_process_seqs_cpp] Processed 69524 reads in 308.772 CPU sec, 22.180 real sec
[PB Info 2022-Nov-29 17:44:45] [M::runCPUThreads] read 69378 sequences (40000179 bp)...
[PB Info 2022-Nov-29 17:44:48] 20018898	2980000000
[PB Info 2022-Nov-29 17:45:07] 25024744	3700000000
[M::mem_pestat] # candidate unique pairs for (FF, FR, RF, RR): (0, 30292, 0, 0)
[M::mem_pestat] skip orientation FF as there are not enough pairs
[M::mem_pestat] analyzing insert size distribution for orientation FR...
[M::mem_pestat] (25, 50, 75) percentile: (152, 203, 265)
[M::mem_pestat] low and high boundaries for computing mean and std.dev: (1, 491)
[M::mem_pestat] mean and std.dev: (213.46, 82.62)
[M::mem_pestat] low and high boundaries for proper pairs: (1, 604)
[M::mem_pestat] skip orientation RF as there are not enough pairs
[M::mem_pestat] skip orientation RR as there are not enough pairs
[PB Info 2022-Nov-29 17:45:09] [M::mem_process_seqs_cpp] Processed 69378 reads in 334.803 CPU sec, 24.026 real sec
[PB Info 2022-Nov-29 17:45:09] [M::runCPUThreads] read 69528 sequences (50000261 bp)...
[PB Info 2022-Nov-29 17:45:25] 30029840	4430000000
[M::mem_pestat] # candidate unique pairs for (FF, FR, RF, RR): (0, 30223, 2, 0)
[M::mem_pestat] skip orientation FF as there are not enough pairs
[M::mem_pestat] analyzing insert size distribution for orientation FR...
[M::mem_pestat] (25, 50, 75) percentile: (151, 202, 266)
[M::mem_pestat] low and high boundaries for computing mean and std.dev: (1, 496)
[M::mem_pestat] mean and std.dev: (213.12, 83.17)
[M::mem_pestat] low and high boundaries for proper pairs: (1, 611)
[M::mem_pestat] skip orientation RF as there are not enough pairs
[M::mem_pestat] skip orientation RR as there are not enough pairs
[PB Info 2022-Nov-29 17:45:35] [M::mem_process_seqs_cpp] Processed 69528 reads in 347.210 CPU sec, 25.373 real sec
[PB Info 2022-Nov-29 17:45:35] [M::runCPUThreads] read 69542 sequences (60000415 bp)...
[PB Info 2022-Nov-29 17:45:45] 35034634	5140000000
[M::mem_pestat] # candidate unique pairs for (FF, FR, RF, RR): (1, 30215, 0, 1)
[M::mem_pestat] skip orientation FF as there are not enough pairs
[M::mem_pestat] analyzing insert size distribution for orientation FR...
[M::mem_pestat] (25, 50, 75) percentile: (151, 202, 264)
[M::mem_pestat] low and high boundaries for computing mean and std.dev: (1, 490)
[M::mem_pestat] mean and std.dev: (212.59, 82.61)
[M::mem_pestat] low and high boundaries for proper pairs: (1, 603)
[M::mem_pestat] skip orientation RF as there are not enough pairs
[M::mem_pestat] skip orientation RR as there are not enough pairs
[PB Info 2022-Nov-29 17:45:59] [M::mem_process_seqs_cpp] Processed 69542 reads in 337.858 CPU sec, 24.778 real sec
[PB Info 2022-Nov-29 17:45:59] [M::runCPUThreads] read 69472 sequences (70000508 bp)...
[PB Info 2022-Nov-29 17:46:04] 40040386	5850000000
[M::mem_pestat] # candidate unique pairs for (FF, FR, RF, RR): (0, 30279, 1, 0)
[M::mem_pestat] skip orientation FF as there are not enough pairs
[M::mem_pestat] analyzing insert size distribution for orientation FR...
[M::mem_pestat] (25, 50, 75) percentile: (151, 202, 266)
[M::mem_pestat] low and high boundaries for computing mean and std.dev: (1, 496)
[M::mem_pestat] mean and std.dev: (213.64, 83.27)
[M::mem_pestat] low and high boundaries for proper pairs: (1, 611)
[M::mem_pestat] skip orientation RF as there are not enough pairs
[M::mem_pestat] skip orientation RR as there are not enough pairs
[PB Info 2022-Nov-29 17:46:23] 45048382	6590000000
[PB Info 2022-Nov-29 17:46:23] [M::mem_process_seqs_cpp] Processed 69472 reads in 318.497 CPU sec, 23.300 real sec
[PB Info 2022-Nov-29 17:46:23] [M::runCPUThreads] read 69466 sequences (80000746 bp)...
[PB Info 2022-Nov-29 17:46:41] 50051648	7290000000
[M::mem_pestat] # candidate unique pairs for (FF, FR, RF, RR): (0, 30277, 1, 0)
[M::mem_pestat] skip orientation FF as there are not enough pairs
[M::mem_pestat] analyzing insert size distribution for orientation FR...
[M::mem_pestat] (25, 50, 75) percentile: (152, 203, 265)
[M::mem_pestat] low and high boundaries for computing mean and std.dev: (1, 491)
[M::mem_pestat] mean and std.dev: (213.23, 82.66)
[M::mem_pestat] low and high boundaries for proper pairs: (1, 604)
[M::mem_pestat] skip orientation RF as there are not enough pairs
[M::mem_pestat] skip orientation RR as there are not enough pairs
[PB Info 2022-Nov-29 17:46:45] [M::mem_process_seqs_cpp] Processed 69466 reads in 314.768 CPU sec, 22.690 real sec
[PB Info 2022-Nov-29 17:46:45] [M::runCPUThreads] read 69544 sequences (90000842 bp)...
[PB Info 2022-Nov-29 17:47:00] 55057164	8030000000
[M::mem_pestat] # candidate unique pairs for (FF, FR, RF, RR): (0, 30335, 0, 0)
[M::mem_pestat] skip orientation FF as there are not enough pairs
[M::mem_pestat] analyzing insert size distribution for orientation FR...
[M::mem_pestat] (25, 50, 75) percentile: (151, 202, 265)
[M::mem_pestat] low and high boundaries for computing mean and std.dev: (1, 493)
[M::mem_pestat] mean and std.dev: (212.85, 83.11)
[M::mem_pestat] low and high boundaries for proper pairs: (1, 607)
[M::mem_pestat] skip orientation RF as there are not enough pairs
[M::mem_pestat] skip orientation RR as there are not enough pairs
[PB Info 2022-Nov-29 17:47:08] [M::mem_process_seqs_cpp] Processed 69544 reads in 309.538 CPU sec, 22.239 real sec
[PB Info 2022-Nov-29 17:47:08] [M::runCPUThreads] read 69526 sequences (100001029 bp)...
[PB Info 2022-Nov-29 17:47:19] 60059176	8740000000
[M::mem_pestat] # candidate unique pairs for (FF, FR, RF, RR): (1, 30279, 4, 0)
[M::mem_pestat] skip orientation FF as there are not enough pairs
[M::mem_pestat] analyzing insert size distribution for orientation FR...
[M::mem_pestat] (25, 50, 75) percentile: (150, 202, 264)
[M::mem_pestat] low and high boundaries for computing mean and std.dev: (1, 492)
[M::mem_pestat] mean and std.dev: (212.38, 82.62)
[M::mem_pestat] low and high boundaries for proper pairs: (1, 606)
[M::mem_pestat] skip orientation RF as there are not enough pairs
[M::mem_pestat] skip orientation RR as there are not enough pairs
[PB Info 2022-Nov-29 17:47:30] [M::mem_process_seqs_cpp] Processed 69526 reads in 320.895 CPU sec, 22.506 real sec
[PB Info 2022-Nov-29 17:47:30] [M::runCPUThreads] read 69592 sequences (110001064 bp)...
[PB Info 2022-Nov-29 17:47:37] 65060188	9460000000
[M::mem_pestat] # candidate unique pairs for (FF, FR, RF, RR): (0, 30336, 1, 0)
[M::mem_pestat] skip orientation FF as there are not enough pairs
[M::mem_pestat] analyzing insert size distribution for orientation FR...
[M::mem_pestat] (25, 50, 75) percentile: (151, 202, 264)
[M::mem_pestat] low and high boundaries for computing mean and std.dev: (1, 490)
[M::mem_pestat] mean and std.dev: (211.95, 82.18)
[M::mem_pestat] low and high boundaries for proper pairs: (1, 603)
[M::mem_pestat] skip orientation RF as there are not enough pairs
[M::mem_pestat] skip orientation RR as there are not enough pairs
[PB Info 2022-Nov-29 17:47:53] [M::mem_process_seqs_cpp] Processed 69592 reads in 328.312 CPU sec, 23.255 real sec
[PB Info 2022-Nov-29 17:47:53] [M::runCPUThreads] read 69528 sequences (120001189 bp)...
[PB Info 2022-Nov-29 17:47:55] 70066812	10170000000
[PB Info 2022-Nov-29 17:48:14] 75071574	10900000000
[M::mem_pestat] # candidate unique pairs for (FF, FR, RF, RR): (0, 30339, 3, 0)
[M::mem_pestat] skip orientation FF as there are not enough pairs
[M::mem_pestat] analyzing insert size distribution for orientation FR...
[M::mem_pestat] (25, 50, 75) percentile: (150, 202, 265)
[M::mem_pestat] low and high boundaries for computing mean and std.dev: (1, 495)
[M::mem_pestat] mean and std.dev: (212.99, 82.89)
[M::mem_pestat] low and high boundaries for proper pairs: (1, 610)
[M::mem_pestat] skip orientation RF as there are not enough pairs
[M::mem_pestat] skip orientation RR as there are not enough pairs
[PB Info 2022-Nov-29 17:48:17] [M::mem_process_seqs_cpp] Processed 69528 reads in 337.679 CPU sec, 23.634 real sec
[PB Info 2022-Nov-29 17:48:17] [M::runCPUThreads] read 69492 sequences (130001321 bp)...
[PB Info 2022-Nov-29 17:48:32] 80075056	11630000000
[M::mem_pestat] # candidate unique pairs for (FF, FR, RF, RR): (0, 30318, 1, 0)
[M::mem_pestat] skip orientation FF as there are not enough pairs
[M::mem_pestat] analyzing insert size distribution for orientation FR...
[M::mem_pestat] (25, 50, 75) percentile: (152, 201, 264)
[M::mem_pestat] low and high boundaries for computing mean and std.dev: (1, 488)
[M::mem_pestat] mean and std.dev: (212.36, 82.08)
[M::mem_pestat] low and high boundaries for proper pairs: (1, 600)
[M::mem_pestat] skip orientation RF as there are not enough pairs
[M::mem_pestat] skip orientation RR as there are not enough pairs
[PB Info 2022-Nov-29 17:48:41] [M::mem_process_seqs_cpp] Processed 69492 reads in 325.523 CPU sec, 23.600 real sec
[PB Info 2022-Nov-29 17:48:41] [M::runCPUThreads] read 69526 sequences (140001370 bp)...
[PB Info 2022-Nov-29 17:48:52] 85080148	12340000000
[M::mem_pestat] # candidate unique pairs for (FF, FR, RF, RR): (0, 30329, 3, 0)
[M::mem_pestat] skip orientation FF as there are not enough pairs
[M::mem_pestat] analyzing insert size distribution for orientation FR...
[M::mem_pestat] (25, 50, 75) percentile: (150, 201, 265)
[M::mem_pestat] low and high boundaries for computing mean and std.dev: (1, 495)
[M::mem_pestat] mean and std.dev: (211.98, 82.59)
[M::mem_pestat] low and high boundaries for proper pairs: (1, 610)
[M::mem_pestat] skip orientation RF as there are not enough pairs
[M::mem_pestat] skip orientation RR as there are not enough pairs
[PB Info 2022-Nov-29 17:49:04] [M::mem_process_seqs_cpp] Processed 69526 reads in 333.644 CPU sec, 23.504 real sec
[PB Info 2022-Nov-29 17:49:04] [M::runCPUThreads] read 69450 sequences (150001650 bp)...
[PB Info 2022-Nov-29 17:49:10] 90085368	13050000000
[M::mem_pestat] # candidate unique pairs for (FF, FR, RF, RR): (1, 30291, 3, 0)
[M::mem_pestat] skip orientation FF as there are not enough pairs
[M::mem_pestat] analyzing insert size distribution for orientation FR...
[M::mem_pestat] (25, 50, 75) percentile: (151, 202, 265)
[M::mem_pestat] low and high boundaries for computing mean and std.dev: (1, 493)
[M::mem_pestat] mean and std.dev: (212.25, 82.17)
[M::mem_pestat] low and high boundaries for proper pairs: (1, 607)
[M::mem_pestat] skip orientation RF as there are not enough pairs
[M::mem_pestat] skip orientation RR as there are not enough pairs
[PB Info 2022-Nov-29 17:49:27] [M::mem_process_seqs_cpp] Processed 69450 reads in 321.925 CPU sec, 23.107 real sec
[PB Info 2022-Nov-29 17:49:27] [M::runCPUThreads] read 69504 sequences (160001659 bp)...
[PB Info 2022-Nov-29 17:49:28] 95089444	13770000000
[PB Info 2022-Nov-29 17:49:46] 100091688	14490000000
[M::mem_pestat] # candidate unique pairs for (FF, FR, RF, RR): (0, 30194, 2, 1)
[M::mem_pestat] skip orientation FF as there are not enough pairs
[M::mem_pestat] analyzing insert size distribution for orientation FR...
[M::mem_pestat] (25, 50, 75) percentile: (152, 203, 266)
[M::mem_pestat] low and high boundaries for computing mean and std.dev: (1, 494)
[M::mem_pestat] mean and std.dev: (213.28, 82.47)
[M::mem_pestat] low and high boundaries for proper pairs: (1, 608)
[M::mem_pestat] skip orientation RF as there are not enough pairs
[M::mem_pestat] skip orientation RR as there are not enough pairs
[PB Info 2022-Nov-29 17:49:52] [M::mem_process_seqs_cpp] Processed 69504 reads in 338.014 CPU sec, 24.392 real sec
[PB Info 2022-Nov-29 17:49:52] [M::runCPUThreads] read 69492 sequences (170001687 bp)...
[PB Info 2022-Nov-29 17:50:05] 105097078	15220000000
[M::mem_pestat] # candidate unique pairs for (FF, FR, RF, RR): (0, 30303, 4, 0)
[M::mem_pestat] skip orientation FF as there are not enough pairs
[M::mem_pestat] analyzing insert size distribution for orientation FR...
[M::mem_pestat] (25, 50, 75) percentile: (151, 202, 265)
[M::mem_pestat] low and high boundaries for computing mean and std.dev: (1, 493)
[M::mem_pestat] mean and std.dev: (212.49, 81.91)
[M::mem_pestat] low and high boundaries for proper pairs: (1, 607)
[M::mem_pestat] skip orientation RF as there are not enough pairs
[M::mem_pestat] skip orientation RR as there are not enough pairs
[PB Info 2022-Nov-29 17:50:16] [M::mem_process_seqs_cpp] Processed 69492 reads in 342.777 CPU sec, 24.319 real sec
[PB Info 2022-Nov-29 17:50:16] [M::runCPUThreads] read 69568 sequences (180001925 bp)...
[PB Info 2022-Nov-29 17:50:24] 110100754	15940000000
[M::mem_pestat] # candidate unique pairs for (FF, FR, RF, RR): (0, 30321, 1, 0)
[M::mem_pestat] skip orientation FF as there are not enough pairs
[M::mem_pestat] analyzing insert size distribution for orientation FR...
[M::mem_pestat] (25, 50, 75) percentile: (150, 202, 265)
[M::mem_pestat] low and high boundaries for computing mean and std.dev: (1, 495)
[M::mem_pestat] mean and std.dev: (212.71, 83.12)
[M::mem_pestat] low and high boundaries for proper pairs: (1, 610)
[M::mem_pestat] skip orientation RF as there are not enough pairs
[M::mem_pestat] skip orientation RR as there are not enough pairs
[PB Info 2022-Nov-29 17:50:40] [M::mem_process_seqs_cpp] Processed 69568 reads in 338.866 CPU sec, 23.838 real sec
[PB Info 2022-Nov-29 17:50:40] [M::runCPUThreads] read 69586 sequences (190002114 bp)...
[PB Info 2022-Nov-29 17:50:42] 115107320	16660000000
[PB Info 2022-Nov-29 17:51:01] 120113198	17380000000
[M::mem_pestat] # candidate unique pairs for (FF, FR, RF, RR): (0, 30265, 2, 0)
[M::mem_pestat] skip orientation FF as there are not enough pairs
[M::mem_pestat] analyzing insert size distribution for orientation FR...
[M::mem_pestat] (25, 50, 75) percentile: (151, 202, 265)
[M::mem_pestat] low and high boundaries for computing mean and std.dev: (1, 493)
[M::mem_pestat] mean and std.dev: (213.25, 83.30)
[M::mem_pestat] low and high boundaries for proper pairs: (1, 607)
[M::mem_pestat] skip orientation RF as there are not enough pairs
[M::mem_pestat] skip orientation RR as there are not enough pairs
[PB Info 2022-Nov-29 17:51:04] [M::mem_process_seqs_cpp] Processed 69586 reads in 360.130 CPU sec, 24.555 real sec
[PB Info 2022-Nov-29 17:51:04] [M::runCPUThreads] read 69510 sequences (200002332 bp)...
[PB Info 2022-Nov-29 17:51:20] 125118162	18100000000
[M::mem_pestat] # candidate unique pairs for (FF, FR, RF, RR): (0, 30219, 1, 0)
[M::mem_pestat] skip orientation FF as there are not enough pairs
[M::mem_pestat] analyzing insert size distribution for orientation FR...
[M::mem_pestat] (25, 50, 75) percentile: (151, 201, 264)
[M::mem_pestat] low and high boundaries for computing mean and std.dev: (1, 490)
[M::mem_pestat] mean and std.dev: (211.94, 82.05)
[M::mem_pestat] low and high boundaries for proper pairs: (1, 603)
[M::mem_pestat] skip orientation RF as there are not enough pairs
[M::mem_pestat] skip orientation RR as there are not enough pairs
[PB Info 2022-Nov-29 17:51:29] [M::mem_process_seqs_cpp] Processed 69510 reads in 358.443 CPU sec, 24.171 real sec
[PB Info 2022-Nov-29 17:51:29] [M::runCPUThreads] read 69458 sequences (210002363 bp)...
[PB Info 2022-Nov-29 17:51:38] 130122568	18830000000
[M::mem_pestat] # candidate unique pairs for (FF, FR, RF, RR): (0, 30319, 2, 0)
[M::mem_pestat] skip orientation FF as there are not enough pairs
[M::mem_pestat] analyzing insert size distribution for orientation FR...
[M::mem_pestat] (25, 50, 75) percentile: (151, 202, 264)
[M::mem_pestat] low and high boundaries for computing mean and std.dev: (1, 490)
[M::mem_pestat] mean and std.dev: (212.42, 82.16)
[M::mem_pestat] low and high boundaries for proper pairs: (1, 603)
[M::mem_pestat] skip orientation RF as there are not enough pairs
[M::mem_pestat] skip orientation RR as there are not enough pairs
[PB Info 2022-Nov-29 17:51:52] [M::mem_process_seqs_cpp] Processed 69458 reads in 338.203 CPU sec, 22.972 real sec
[PB Info 2022-Nov-29 17:51:52] [M::runCPUThreads] read 69474 sequences (220002501 bp)...
[PB Info 2022-Nov-29 17:51:56] 135124060	19530000000
[M::mem_pestat] # candidate unique pairs for (FF, FR, RF, RR): (0, 30202, 1, 0)
[M::mem_pestat] skip orientation FF as there are not enough pairs
[M::mem_pestat] analyzing insert size distribution for orientation FR...
[M::mem_pestat] (25, 50, 75) percentile: (151, 201, 265)
[M::mem_pestat] low and high boundaries for computing mean and std.dev: (1, 493)
[M::mem_pestat] mean and std.dev: (212.41, 82.33)
[M::mem_pestat] low and high boundaries for proper pairs: (1, 607)
[M::mem_pestat] skip orientation RF as there are not enough pairs
[M::mem_pestat] skip orientation RR as there are not enough pairs
[PB Info 2022-Nov-29 17:52:14] 140124980	20270000000
[PB Info 2022-Nov-29 17:52:14] [M::mem_process_seqs_cpp] Processed 69474 reads in 339.423 CPU sec, 22.645 real sec
[PB Info 2022-Nov-29 17:52:14] [M::runCPUThreads] read 69470 sequences (230002588 bp)...
[PB Info 2022-Nov-29 17:52:33] 145129272	20980000000
[M::mem_pestat] # candidate unique pairs for (FF, FR, RF, RR): (0, 30224, 0, 0)
[M::mem_pestat] skip orientation FF as there are not enough pairs
[M::mem_pestat] analyzing insert size distribution for orientation FR...
[M::mem_pestat] (25, 50, 75) percentile: (151, 202, 265)
[M::mem_pestat] low and high boundaries for computing mean and std.dev: (1, 493)
[M::mem_pestat] mean and std.dev: (212.81, 82.62)
[M::mem_pestat] low and high boundaries for proper pairs: (1, 607)
[M::mem_pestat] skip orientation RF as there are not enough pairs
[M::mem_pestat] skip orientation RR as there are not enough pairs
[PB Info 2022-Nov-29 17:52:38] [M::mem_process_seqs_cpp] Processed 69470 reads in 358.864 CPU sec, 23.633 real sec
[PB Info 2022-Nov-29 17:52:38] [M::runCPUThreads] read 69468 sequences (240002684 bp)...
[PB Info 2022-Nov-29 17:52:51] 150130844	21710000000
[M::mem_pestat] # candidate unique pairs for (FF, FR, RF, RR): (0, 30217, 5, 0)
[M::mem_pestat] skip orientation FF as there are not enough pairs
[M::mem_pestat] analyzing insert size distribution for orientation FR...
[M::mem_pestat] (25, 50, 75) percentile: (150, 202, 265)
[M::mem_pestat] low and high boundaries for computing mean and std.dev: (1, 495)
[M::mem_pestat] mean and std.dev: (212.90, 82.64)
[M::mem_pestat] low and high boundaries for proper pairs: (1, 610)
[M::mem_pestat] skip orientation RF as there are not enough pairs
[M::mem_pestat] skip orientation RR as there are not enough pairs
[PB Info 2022-Nov-29 17:53:02] [M::mem_process_seqs_cpp] Processed 69468 reads in 368.178 CPU sec, 24.430 real sec
[PB Info 2022-Nov-29 17:53:02] [M::runCPUThreads] read 69378 sequences (250002849 bp)...
[PB Info 2022-Nov-29 17:53:09] 155134184	22420000000
[M::mem_pestat] # candidate unique pairs for (FF, FR, RF, RR): (0, 30170, 0, 0)
[M::mem_pestat] skip orientation FF as there are not enough pairs
[M::mem_pestat] analyzing insert size distribution for orientation FR...
[M::mem_pestat] (25, 50, 75) percentile: (152, 202, 266)
[M::mem_pestat] low and high boundaries for computing mean and std.dev: (1, 494)
[M::mem_pestat] mean and std.dev: (213.58, 83.04)
[M::mem_pestat] low and high boundaries for proper pairs: (1, 608)
[M::mem_pestat] skip orientation RF as there are not enough pairs
[M::mem_pestat] skip orientation RR as there are not enough pairs
[PB Info 2022-Nov-29 17:53:26] [M::mem_process_seqs_cpp] Processed 69378 reads in 355.229 CPU sec, 23.371 real sec
[PB Info 2022-Nov-29 17:53:26] [M::runCPUThreads] read 69502 sequences (260003032 bp)...
[PB Info 2022-Nov-29 17:53:28] 160140900	23130000000
[PB Info 2022-Nov-29 17:53:47] 165145730	23860000000
[M::mem_pestat] # candidate unique pairs for (FF, FR, RF, RR): (0, 30308, 2, 0)
[M::mem_pestat] skip orientation FF as there are not enough pairs
[M::mem_pestat] analyzing insert size distribution for orientation FR...
[M::mem_pestat] (25, 50, 75) percentile: (152, 202, 265)
[M::mem_pestat] low and high boundaries for computing mean and std.dev: (1, 491)
[M::mem_pestat] mean and std.dev: (213.31, 82.53)
[M::mem_pestat] low and high boundaries for proper pairs: (1, 604)
[M::mem_pestat] skip orientation RF as there are not enough pairs
[M::mem_pestat] skip orientation RR as there are not enough pairs
[PB Info 2022-Nov-29 17:53:50] [M::mem_process_seqs_cpp] Processed 69502 reads in 365.197 CPU sec, 23.955 real sec
[PB Info 2022-Nov-29 17:53:50] [M::runCPUThreads] read 69596 sequences (270003186 bp)...
[PB Info 2022-Nov-29 17:54:05] 170152508	24580000000
[M::mem_pestat] # candidate unique pairs for (FF, FR, RF, RR): (0, 30281, 3, 0)
[M::mem_pestat] skip orientation FF as there are not enough pairs
[M::mem_pestat] analyzing insert size distribution for orientation FR...
[M::mem_pestat] (25, 50, 75) percentile: (150, 201, 263)
[M::mem_pestat] low and high boundaries for computing mean and std.dev: (1, 489)
[M::mem_pestat] mean and std.dev: (211.19, 81.61)
[M::mem_pestat] low and high boundaries for proper pairs: (1, 602)
[M::mem_pestat] skip orientation RF as there are not enough pairs
[M::mem_pestat] skip orientation RR as there are not enough pairs
[PB Info 2022-Nov-29 17:54:14] [M::mem_process_seqs_cpp] Processed 69596 reads in 366.956 CPU sec, 24.066 real sec
[PB Info 2022-Nov-29 17:54:14] [M::runCPUThreads] read 69494 sequences (280003231 bp)...
[M::mem_pestat] # candidate unique pairs for (FF, FR, RF, RR): (0, 30290, 2, 0)
[M::mem_pestat] skip orientation FF as there are not enough pairs
[M::mem_pestat] analyzing insert size distribution for orientation FR...
[M::mem_pestat] (25, 50, 75) percentile: (150, 202, 265)
[M::mem_pestat] low and high boundaries for computing mean and std.dev: (1, 495)
[M::mem_pestat] mean and std.dev: (212.45, 82.55)
[M::mem_pestat] low and high boundaries for proper pairs: (1, 610)
[M::mem_pestat] skip orientation RF as there are not enough pairs
[M::mem_pestat] skip orientation RR as there are not enough pairs
[PB Info 2022-Nov-29 17:54:38] [M::mem_process_seqs_cpp] Processed 69494 reads in 320.545 CPU sec, 24.184 real sec
[PB Info 2022-Nov-29 17:54:38] [M::runCPUThreads] read 69540 sequences (290003487 bp)...
[M::mem_pestat] # candidate unique pairs for (FF, FR, RF, RR): (0, 30347, 1, 0)
[M::mem_pestat] skip orientation FF as there are not enough pairs
[M::mem_pestat] analyzing insert size distribution for orientation FR...
[M::mem_pestat] (25, 50, 75) percentile: (150, 202, 263)
[M::mem_pestat] low and high boundaries for computing mean and std.dev: (1, 489)
[M::mem_pestat] mean and std.dev: (211.34, 81.33)
[M::mem_pestat] low and high boundaries for proper pairs: (1, 602)
[M::mem_pestat] skip orientation RF as there are not enough pairs
[M::mem_pestat] skip orientation RR as there are not enough pairs
[PB Info 2022-Nov-29 17:55:00] [M::mem_process_seqs_cpp] Processed 69540 reads in 281.023 CPU sec, 21.675 real sec
[PB Info 2022-Nov-29 17:55:00] [M::runCPUThreads] read 69582 sequences (300003732 bp)...
[M::mem_pestat] # candidate unique pairs for (FF, FR, RF, RR): (0, 30486, 2, 1)
[M::mem_pestat] skip orientation FF as there are not enough pairs
[M::mem_pestat] analyzing insert size distribution for orientation FR...
[M::mem_pestat] (25, 50, 75) percentile: (149, 201, 263)
[M::mem_pestat] low and high boundaries for computing mean and std.dev: (1, 491)
[M::mem_pestat] mean and std.dev: (211.29, 82.14)
[M::mem_pestat] low and high boundaries for proper pairs: (1, 605)
[M::mem_pestat] skip orientation RF as there are not enough pairs
[M::mem_pestat] skip orientation RR as there are not enough pairs
[PB Info 2022-Nov-29 17:55:22] [M::mem_process_seqs_cpp] Processed 69582 reads in 291.543 CPU sec, 22.486 real sec
[PB Info 2022-Nov-29 17:55:22] [M::runCPUThreads] read 69530 sequences (310003874 bp)...
[M::mem_pestat] # candidate unique pairs for (FF, FR, RF, RR): (0, 30263, 0, 0)
[M::mem_pestat] skip orientation FF as there are not enough pairs
[M::mem_pestat] analyzing insert size distribution for orientation FR...
[M::mem_pestat] (25, 50, 75) percentile: (150, 201, 265)
[M::mem_pestat] low and high boundaries for computing mean and std.dev: (1, 495)
[M::mem_pestat] mean and std.dev: (212.36, 83.45)
[M::mem_pestat] low and high boundaries for proper pairs: (1, 610)
[M::mem_pestat] skip orientation RF as there are not enough pairs
[M::mem_pestat] skip orientation RR as there are not enough pairs
[PB Info 2022-Nov-29 17:55:47] [M::mem_process_seqs_cpp] Processed 69530 reads in 318.766 CPU sec, 24.585 real sec
[PB Info 2022-Nov-29 17:55:47] [M::runCPUThreads] read 69538 sequences (320003943 bp)...
[M::mem_pestat] # candidate unique pairs for (FF, FR, RF, RR): (0, 30356, 0, 0)
[M::mem_pestat] skip orientation FF as there are not enough pairs
[M::mem_pestat] analyzing insert size distribution for orientation FR...
[M::mem_pestat] (25, 50, 75) percentile: (150, 202, 265)
[M::mem_pestat] low and high boundaries for computing mean and std.dev: (1, 495)
[M::mem_pestat] mean and std.dev: (212.51, 82.83)
[M::mem_pestat] low and high boundaries for proper pairs: (1, 610)
[M::mem_pestat] skip orientation RF as there are not enough pairs
[M::mem_pestat] skip orientation RR as there are not enough pairs
[PB Info 2022-Nov-29 17:56:12] [M::mem_process_seqs_cpp] Processed 69538 reads in 326.904 CPU sec, 25.209 real sec
[PB Info 2022-Nov-29 17:56:12] [M::runCPUThreads] read 69442 sequences (330003952 bp)...
[M::mem_pestat] # candidate unique pairs for (FF, FR, RF, RR): (0, 30233, 4, 0)
[M::mem_pestat] skip orientation FF as there are not enough pairs
[M::mem_pestat] analyzing insert size distribution for orientation FR...
[M::mem_pestat] (25, 50, 75) percentile: (151, 202, 266)
[M::mem_pestat] low and high boundaries for computing mean and std.dev: (1, 496)
[M::mem_pestat] mean and std.dev: (213.28, 83.02)
[M::mem_pestat] low and high boundaries for proper pairs: (1, 611)
[M::mem_pestat] skip orientation RF as there are not enough pairs
[M::mem_pestat] skip orientation RR as there are not enough pairs
[PB Info 2022-Nov-29 17:56:41] [M::mem_process_seqs_cpp] Processed 69442 reads in 372.881 CPU sec, 28.758 real sec
[PB Info 2022-Nov-29 17:56:41] [M::runCPUThreads] read 69488 sequences (340004141 bp)...
[M::mem_pestat] # candidate unique pairs for (FF, FR, RF, RR): (0, 30235, 2, 0)
[M::mem_pestat] skip orientation FF as there are not enough pairs
[M::mem_pestat] analyzing insert size distribution for orientation FR...
[M::mem_pestat] (25, 50, 75) percentile: (151, 203, 267)
[M::mem_pestat] low and high boundaries for computing mean and std.dev: (1, 499)
[M::mem_pestat] mean and std.dev: (213.45, 83.07)
[M::mem_pestat] low and high boundaries for proper pairs: (1, 615)
[M::mem_pestat] skip orientation RF as there are not enough pairs
[M::mem_pestat] skip orientation RR as there are not enough pairs
[PB Info 2022-Nov-29 17:57:03] [M::mem_process_seqs_cpp] Processed 69488 reads in 282.932 CPU sec, 21.820 real sec
[PB Info 2022-Nov-29 17:57:03] [M::runCPUThreads] read 69630 sequences (350004400 bp)...
[M::mem_pestat] # candidate unique pairs for (FF, FR, RF, RR): (0, 30384, 3, 0)
[M::mem_pestat] skip orientation FF as there are not enough pairs
[M::mem_pestat] analyzing insert size distribution for orientation FR...
[M::mem_pestat] (25, 50, 75) percentile: (149, 200, 262)
[M::mem_pestat] low and high boundaries for computing mean and std.dev: (1, 488)
[M::mem_pestat] mean and std.dev: (210.64, 82.07)
[M::mem_pestat] low and high boundaries for proper pairs: (1, 601)
[M::mem_pestat] skip orientation RF as there are not enough pairs
[M::mem_pestat] skip orientation RR as there are not enough pairs
[PB Info 2022-Nov-29 17:57:34] [M::mem_process_seqs_cpp] Processed 69630 reads in 400.221 CPU sec, 30.865 real sec
[PB Info 2022-Nov-29 17:57:34] [M::runCPUThreads] read 69412 sequences (360004632 bp)...
[M::mem_pestat] # candidate unique pairs for (FF, FR, RF, RR): (0, 30310, 2, 0)
[M::mem_pestat] skip orientation FF as there are not enough pairs
[M::mem_pestat] analyzing insert size distribution for orientation FR...
[M::mem_pestat] (25, 50, 75) percentile: (150, 202, 263)
[M::mem_pestat] low and high boundaries for computing mean and std.dev: (1, 489)
[M::mem_pestat] mean and std.dev: (211.61, 81.69)
[M::mem_pestat] low and high boundaries for proper pairs: (1, 602)
[M::mem_pestat] skip orientation RF as there are not enough pairs
[M::mem_pestat] skip orientation RR as there are not enough pairs
[PB Info 2022-Nov-29 17:57:52] [M::mem_process_seqs_cpp] Processed 69412 reads in 242.832 CPU sec, 18.730 real sec
[PB Info 2022-Nov-29 17:57:52] [M::runCPUThreads] read 69508 sequences (370004785 bp)...
[M::mem_pestat] # candidate unique pairs for (FF, FR, RF, RR): (0, 30274, 2, 0)
[M::mem_pestat] skip orientation FF as there are not enough pairs
[M::mem_pestat] analyzing insert size distribution for orientation FR...
[M::mem_pestat] (25, 50, 75) percentile: (151, 201, 263)
[M::mem_pestat] low and high boundaries for computing mean and std.dev: (1, 487)
[M::mem_pestat] mean and std.dev: (211.19, 81.10)
[M::mem_pestat] low and high boundaries for proper pairs: (1, 599)
[M::mem_pestat] skip orientation RF as there are not enough pairs
[M::mem_pestat] skip orientation RR as there are not enough pairs
[PB Info 2022-Nov-29 17:58:15] [M::mem_process_seqs_cpp] Processed 69508 reads in 142.727 CPU sec, 22.679 real sec
[PB Info 2022-Nov-29 17:58:27] 
GPU-BWA Mem time: 907.082060 seconds
[PB Info 2022-Nov-29 17:58:27] GPU-BWA Mem is finished.


[main] CMD: PARABRICKS mem -Z ./pbOpts.txt /NGS/clinicalgenomics/public_data/gatk_resource_bundle/b37/human_g1k_v37_decoy.fasta /NGS/humangenomics/active/2022/run/hyperparathyroid_analysis_20221102/results/03_pipeline_runs/cohort/human_genomics_pipeline/results/trimmed/21CG0043_1_val_1.fq.gz /NGS/humangenomics/active/2022/run/hyperparathyroid_analysis_20221102/results/03_pipeline_runs/cohort/human_genomics_pipeline/results/trimmed/21CG0043_2_val_2.fq.gz @RG\tID:H2FJWBGXK.1\tLB:lib1\tPL:bar\tSM:21CG0043\tPU:H2FJWBGXK.1
[main] Real time: 913.883 sec; CPU: 12314.247 sec
[PB Info 2022-Nov-29 17:58:27] ------------------------------------------------------------------------------
[PB Info 2022-Nov-29 17:58:27] ||        Program:                      GPU-BWA mem, Sorting Phase-I        ||
[PB Info 2022-Nov-29 17:58:27] ||        Version:                                           3.8.0-1        ||
[PB Info 2022-Nov-29 17:58:27] ||        Start Time:                       Tue Nov 29 17:43:11 2022        ||
[PB Info 2022-Nov-29 17:58:27] ||        End Time:                         Tue Nov 29 17:58:27 2022        ||
[PB Info 2022-Nov-29 17:58:27] ||        Total Time:                          15 minutes 16 seconds        ||
[PB Info 2022-Nov-29 17:58:27] ------------------------------------------------------------------------------
[PB Info 2022-Nov-29 17:58:31] ------------------------------------------------------------------------------
[PB Info 2022-Nov-29 17:58:31] ||                 Parabricks accelerated Genomics Pipeline                 ||
[PB Info 2022-Nov-29 17:58:31] ||                              Version 3.8.0-1                             ||
[PB Info 2022-Nov-29 17:58:31] ||                             Sorting Phase-II                             ||
[PB Info 2022-Nov-29 17:58:31] ||                  Contact: Parabricks-Support@nvidia.com                  ||
[PB Info 2022-Nov-29 17:58:31] ------------------------------------------------------------------------------
[PB Info 2022-Nov-29 17:58:32] progressMeter - Percentage
[PB Info 2022-Nov-29 17:58:32] 0.0	 0.00 GB
[PB Info 2022-Nov-29 17:58:42] 44.1	 0.00 GB
[PB Info 2022-Nov-29 17:58:52] 83.5	 1.00 GB
[PB Info 2022-Nov-29 17:59:02] Sorting and Marking: 30.001 seconds
[PB Info 2022-Nov-29 17:59:02] ------------------------------------------------------------------------------
[PB Info 2022-Nov-29 17:59:02] ||        Program:                                  Sorting Phase-II        ||
[PB Info 2022-Nov-29 17:59:02] ||        Version:                                           3.8.0-1        ||
[PB Info 2022-Nov-29 17:59:02] ||        Start Time:                       Tue Nov 29 17:58:31 2022        ||
[PB Info 2022-Nov-29 17:59:02] ||        End Time:                         Tue Nov 29 17:59:02 2022        ||
[PB Info 2022-Nov-29 17:59:02] ||        Total Time:                                     31 seconds        ||
[PB Info 2022-Nov-29 17:59:02] ------------------------------------------------------------------------------
[PB Info 2022-Nov-29 17:59:02] ------------------------------------------------------------------------------
[PB Info 2022-Nov-29 17:59:02] ||                 Parabricks accelerated Genomics Pipeline                 ||
[PB Info 2022-Nov-29 17:59:02] ||                              Version 3.8.0-1                             ||
[PB Info 2022-Nov-29 17:59:02] ||                         Marking Duplicates, BQSR                         ||
[PB Info 2022-Nov-29 17:59:02] ||                  Contact: Parabricks-Support@nvidia.com                  ||
[PB Info 2022-Nov-29 17:59:02] ------------------------------------------------------------------------------
[PB Info 2022-Nov-29 17:59:03] progressMeter -	Percentage
[PB Info 2022-Nov-29 17:59:13] 0.0	 18.17 GB
[PB Info 2022-Nov-29 17:59:23] 0.0	 33.60 GB
[PB Info 2022-Nov-29 17:59:33] 0.0	 46.94 GB
[PB Info 2022-Nov-29 17:59:43] 0.0	 62.71 GB
[PB Info 2022-Nov-29 17:59:53] 0.0	 70.89 GB
[PB Info 2022-Nov-29 18:00:03] 0.0	 70.89 GB
[PB Info 2022-Nov-29 18:00:13] 0.0	 70.89 GB
[PB Info 2022-Nov-29 18:00:23] 0.0	 70.89 GB
[PB Info 2022-Nov-29 18:00:33] 0.0	 70.89 GB
[PB Info 2022-Nov-29 18:00:43] 0.0	 70.89 GB
[PB Info 2022-Nov-29 18:00:53] 0.0	 70.89 GB
[PB Info 2022-Nov-29 18:01:03] 0.0	 70.89 GB
[PB Info 2022-Nov-29 18:01:13] 0.0	 70.89 GB
[PB Info 2022-Nov-29 18:01:23] 0.0	 70.89 GB
[PB Info 2022-Nov-29 18:01:33] 0.0	 70.89 GB
[PB Info 2022-Nov-29 18:01:43] 1.4	 69.16 GB
[PB Info 2022-Nov-29 18:01:53] 16.9	 56.97 GB
[PB Info 2022-Nov-29 18:02:03] 37.4	 44.36 GB
[PB Info 2022-Nov-29 18:02:13] 56.8	 31.99 GB
[PB Info 2022-Nov-29 18:02:23] 74.2	 19.16 GB
[PB Info 2022-Nov-29 18:02:33] 86.1	 6.48 GB
[PB Info 2022-Nov-29 18:02:43] 100.0	 0.00 GB
[PB Info 2022-Nov-29 18:02:44] BQSR and writing final BAM:  220.198 seconds
[PB Info 2022-Nov-29 18:02:44] ------------------------------------------------------------------------------
[PB Info 2022-Nov-29 18:02:44] ||        Program:                          Marking Duplicates, BQSR        ||
[PB Info 2022-Nov-29 18:02:44] ||        Version:                                           3.8.0-1        ||
[PB Info 2022-Nov-29 18:02:44] ||        Start Time:                       Tue Nov 29 17:59:02 2022        ||
[PB Info 2022-Nov-29 18:02:44] ||        End Time:                         Tue Nov 29 18:02:44 2022        ||
[PB Info 2022-Nov-29 18:02:44] ||        Total Time:                           3 minutes 42 seconds        ||
[PB Info 2022-Nov-29 18:02:44] ------------------------------------------------------------------------------
Namespace(append=None, bwa_options=None, fix_mate=None, fq_list=None, gpu_devices='all', in_fq=[['/NGS/humangenomics/active/2022/run/hyperparathyroid_analysis_20221102/results/03_pipeline_runs/cohort/human_genomics_pipeline/results/trimmed/21CG0043_1_val_1.fq.gz', '/NGS/humangenomics/active/2022/run/hyperparathyroid_analysis_20221102/results/03_pipeline_runs/cohort/human_genomics_pipeline/results/trimmed/21CG0043_2_val_2.fq.gz', '@RG\\tID:H2FJWBGXK.1\\tLB:lib1\\tPL:bar\\tSM:21CG0043\\tPU:H2FJWBGXK.1']], in_fq_list=None, in_se_fq=None, interval=None, interval_file=None, interval_padding=None, keep_tmp=None, knownSites=['/NGS/clinicalgenomics/public_data/gatk_resource_bundle/b37/dbsnp_138.b37.vcf', '/NGS/clinicalgenomics/public_data/gatk_resource_bundle/b37/Mills_and_1000G_gold_standard.indels.b37.vcf', '/NGS/clinicalgenomics/public_data/gatk_resource_bundle/b37/1000G_phase1.indels.b37.vcf'], license_file=None, logfile=None, markdups_assume_sortorder_queryname=None, markdups_picard_version_2182=None, memory_limit=251, no_markdups=None, no_seccomp_override=None, no_warnings=None, num_cpu_threads=1, num_gpus=2, optical_duplicate_pixel_distance=None, out_bam='/NGS/humangenomics/active/2022/run/hyperparathyroid_analysis_20221102/results/03_pipeline_runs/cohort/human_genomics_pipeline/results/mapped/21CG0043_recalibrated.bam', out_duplicate_metrics=None, out_qc_metrics_dir=None, out_recal_file='/NGS/humangenomics/active/2022/run/hyperparathyroid_analysis_20221102/results/03_pipeline_runs/cohort/human_genomics_pipeline/results/mapped/21CG0043_recal.txt', read_group_id_prefix=None, read_group_lb=None, read_group_pl=None, read_group_sm=None, ref='/NGS/clinicalgenomics/public_data/gatk_resource_bundle/b37/human_g1k_v37_decoy.fasta', standalone_bqsr=None, tmp_dir='/NGS/humangenomics/active/tmp/1N12UTI4', verbose=None, version=None, with_petagene_dir=None, x1=None, x2=None, x3=None, x4=None, x5=None)
[PB Info 2022-Nov-29 18:03:48] ------------------------------------------------------------------------------
[PB Info 2022-Nov-29 18:03:48] ||                 Parabricks accelerated Genomics Pipeline                 ||
[PB Info 2022-Nov-29 18:03:48] ||                              Version 3.8.0-1                             ||
[PB Info 2022-Nov-29 18:03:48] ||                         GPU-GATK4 HaplotypeCaller                        ||
[PB Info 2022-Nov-29 18:03:48] ||                  Contact: Parabricks-Support@nvidia.com                  ||
[PB Info 2022-Nov-29 18:03:48] ------------------------------------------------------------------------------
[PB Info 2022-Nov-29 18:04:12] 0 /NGS/humangenomics/active/2022/run/hyperparathyroid_analysis_20221102/results/03_pipeline_runs/cohort/human_genomics_pipeline/results/mapped/21CG0043_recalibrated.bam/NGS/humangenomics/active/2022/run/hyperparathyroid_analysis_20221102/results/03_pipeline_runs/cohort/human_genomics_pipeline/results/called/21CG0043_raw_snps_indels_tmp.g.vcf
[PB Info 2022-Nov-29 18:04:12] ProgressMeter -	Current-Locus	Elapsed-Minutes	Regions-Processed	Regions/Minute
[PB Info 2022-Nov-29 18:04:22] 1:17971201	0.2	152248	913446
[PB Info 2022-Nov-29 18:04:32] 1:67190401	0.3	429999	1289994
[PB Info 2022-Nov-29 18:04:42] 1:149457601	0.5	702382	1404764
[PB Info 2022-Nov-29 18:04:52] 1:187272001	0.7	933038	1399557
[PB Info 2022-Nov-29 18:05:02] 1:247468801	0.8	1227359	1472823
[PB Info 2022-Nov-29 18:05:12] 2:55953601	1.0	1529904	1529895
[PB Info 2022-Nov-29 18:05:22] 2:128707201	1.2	1853251	1588498
[PB Info 2022-Nov-29 18:05:32] 2:190617601	1.3	2168946	1626705
[PB Info 2022-Nov-29 18:05:42] 3:9033601	1.5	2469388	1646258
[PB Info 2022-Nov-29 18:05:52] 3:56889601	1.7	2738403	1643040
[PB Info 2022-Nov-29 18:06:02] 3:136195201	1.8	3109130	1695889
[PB Info 2022-Nov-29 18:06:12] 4:1387201	2.0	3424751	1712375
[PB Info 2022-Nov-29 18:06:22] 4:83683201	2.2	3807123	1757133
[PB Info 2022-Nov-29 18:06:32] 4:165758401	2.3	4201217	1800521
[PB Info 2022-Nov-29 18:06:42] 5:65448001	2.5	4618852	1847540
[PB Info 2022-Nov-29 18:06:52] 5:138206401	2.7	4957347	1859005
[PB Info 2022-Nov-29 18:07:02] 6:24417601	2.8	5298163	1869939
[PB Info 2022-Nov-29 18:07:12] 6:65947201	3.0	5529862	1843287
[PB Info 2022-Nov-29 18:07:22] 6:147652801	3.2	5910783	1866563
[PB Info 2022-Nov-29 18:07:32] 7:44836801	3.3	6264138	1879239
[PB Info 2022-Nov-29 18:07:42] 7:100348801	3.5	6536102	1867457
[PB Info 2022-Nov-29 18:07:52] 7:158491201	3.7	6830939	1862983
[PB Info 2022-Nov-29 18:08:02] 8:76468801	3.8	7219317	1883298
[PB Info 2022-Nov-29 18:08:12] 9:11673601	4.0	7600043	1900010
[PB Info 2022-Nov-29 18:08:22] 9:104131201	4.2	7943958	1906549
[PB Info 2022-Nov-29 18:08:32] 10:15100801	4.3	8217377	1896317
[PB Info 2022-Nov-29 18:08:42] 10:88886401	4.5	8581944	1907098
[PB Info 2022-Nov-29 18:08:52] 11:3379201	4.7	8846491	1895676
[PB Info 2022-Nov-29 18:09:02] 11:60100801	4.8	9109169	1884655
[PB Info 2022-Nov-29 18:09:12] 11:112036801	5.0	9390170	1878034
[PB Info 2022-Nov-29 18:09:22] 12:29601601	5.2	9665684	1870776
[PB Info 2022-Nov-29 18:09:32] 12:69115201	5.3	9860065	1848761
[PB Info 2022-Nov-29 18:09:42] 12:131275201	5.5	10185439	1851898
[PB Info 2022-Nov-29 18:09:52] 13:99028801	5.7	10578022	1866709
[PB Info 2022-Nov-29 18:10:02] 14:55641601	5.8	10848071	1859669
[PB Info 2022-Nov-29 18:10:12] 14:105408001	6.0	11120911	1853485
[PB Info 2022-Nov-29 18:10:22] 15:63902401	6.2	11349050	1840386
[PB Info 2022-Nov-29 18:10:32] 16:11894401	6.3	11632395	1836693
[PB Info 2022-Nov-29 18:10:42] 16:70310401	6.5	11899817	1830741
[PB Info 2022-Nov-29 18:10:52] 17:19315201	6.7	12135193	1820278
[PB Info 2022-Nov-29 18:11:02] 17:58329601	6.8	12349246	1807206
[PB Info 2022-Nov-29 18:11:12] 18:24033601	7.0	12614162	1802023
[PB Info 2022-Nov-29 18:11:22] 19:8366401	7.2	12917306	1802414
[PB Info 2022-Nov-29 18:11:32] 19:40728001	7.3	13104051	1786916
[PB Info 2022-Nov-29 18:11:42] 19:57955201	7.5	13226109	1763481
[PB Info 2022-Nov-29 18:11:52] 20:58411201	7.7	13537399	1765747
[PB Info 2022-Nov-29 18:12:02] 22:29649601	7.8	13810989	1763104
[PB Info 2022-Nov-29 18:12:12] X:32630401	8.0	14124338	1765542
[PB Info 2022-Nov-29 18:12:22] X:105878401	8.2	14461222	1770761
[PB Info 2022-Nov-29 18:12:32] hs37d5:27393601	8.3	14784747	1774169
[PB Info 2022-Nov-29 18:12:43] Total time taken: 510.786466
[PB Info 2022-Nov-29 18:12:43] ------------------------------------------------------------------------------
[PB Info 2022-Nov-29 18:12:43] ||        Program:                         GPU-GATK4 HaplotypeCaller        ||
[PB Info 2022-Nov-29 18:12:43] ||        Version:                                           3.8.0-1        ||
[PB Info 2022-Nov-29 18:12:43] ||        Start Time:                       Tue Nov 29 18:03:48 2022        ||
[PB Info 2022-Nov-29 18:12:43] ||        End Time:                         Tue Nov 29 18:12:43 2022        ||
[PB Info 2022-Nov-29 18:12:43] ||        Total Time:                           8 minutes 55 seconds        ||
[PB Info 2022-Nov-29 18:12:43] ------------------------------------------------------------------------------
/usr/local/cuda/.pb/binaries//bin/htvc /NGS/clinicalgenomics/public_data/gatk_resource_bundle/b37/human_g1k_v37_decoy.fasta /NGS/humangenomics/active/2022/run/hyperparathyroid_analysis_20221102/results/03_pipeline_runs/cohort/human_genomics_pipeline/results/mapped/21CG0043_recalibrated.bam 2 -o /NGS/humangenomics/active/2022/run/hyperparathyroid_analysis_20221102/results/03_pipeline_runs/cohort/human_genomics_pipeline/results/called/21CG0043_raw_snps_indels_tmp.g.vcf -nt 5 -a /NGS/humangenomics/active/2022/run/hyperparathyroid_analysis_20221102/results/03_pipeline_runs/cohort/human_genomics_pipeline/results/mapped/21CG0043_recal.txt -g

