Please visit https://docs.nvidia.com/clara/#parabricks for detailed documentation


[Parabricks Options Mesg]: Automatically generating ID prefix
[Parabricks Options Mesg]: Read group created for /NGS/humangenomics/active/2022/run/hyperparathyroid_analysis_20221102/
results/03_pipeline_runs/cohort/human_genomics_pipeline/results/trimmed/21CG0004_1_val_1.fq.gz and /NGS/humangenomics/ac
tive/2022/run/hyperparathyroid_analysis_20221102/results/03_pipeline_runs/cohort/human_genomics_pipeline/results/trimmed
/21CG0004_2_val_2.fq.gz
[Parabricks Options Mesg]: @RG\tID:HCYFCBGXG.1\tLB:lib1\tPL:bar\tSM:21CG0004\tPU:HCYFCBGXG.1

[Parabricks Options Mesg]: Checking argument compatibility
[Parabricks Options Mesg]: Read group created for /NGS/humangenomics/active/2022/run/hyperparathyroid_analysis_20221102/
results/03_pipeline_runs/cohort/human_genomics_pipeline/results/trimmed/21CG0004_1_val_1.fq.gz and /NGS/humangenomics/ac
tive/2022/run/hyperparathyroid_analysis_20221102/results/03_pipeline_runs/cohort/human_genomics_pipeline/results/trimmed
/21CG0004_2_val_2.fq.gz
[Parabricks Options Mesg]: @RG\tID:HCYFCBGXG.1\tLB:lib1\tPL:bar\tSM:21CG0004\tPU:HCYFCBGXG.1
[PB Info 2022-Nov-30 20:19:53] ------------------------------------------------------------------------------
[PB Info 2022-Nov-30 20:19:53] ||                 Parabricks accelerated Genomics Pipeline                 ||
[PB Info 2022-Nov-30 20:19:53] ||                              Version 3.8.0-1                             ||
[PB Info 2022-Nov-30 20:19:53] ||                       GPU-BWA mem, Sorting Phase-I                       ||
[PB Info 2022-Nov-30 20:19:53] ||                  Contact: Parabricks-Support@nvidia.com                  ||
[PB Info 2022-Nov-30 20:19:53] ------------------------------------------------------------------------------
[M::bwa_idx_load_from_disk] read 0 ALT contigs
[PB Info 2022-Nov-30 20:20:02] GPU-BWA mem
[PB Info 2022-Nov-30 20:20:02] ProgressMeter	Reads		Base Pairs Aligned
[PB Info 2022-Nov-30 20:20:13] [M::runCPUThreads] read 69190 sequences (10000156 bp)...
[PB Info 2022-Nov-30 20:20:31] 5051324		830000000
[M::mem_pestat] # candidate unique pairs for (FF, FR, RF, RR): (0, 30143, 3, 0)
[M::mem_pestat] skip orientation FF as there are not enough pairs
[M::mem_pestat] analyzing insert size distribution for orientation FR...
[M::mem_pestat] (25, 50, 75) percentile: (151, 196, 259)
[M::mem_pestat] low and high boundaries for computing mean and std.dev: (1, 475)
[M::mem_pestat] mean and std.dev: (210.24, 80.00)
[M::mem_pestat] low and high boundaries for proper pairs: (1, 583)
[M::mem_pestat] skip orientation RF as there are not enough pairs
[M::mem_pestat] skip orientation RR as there are not enough pairs
[PB Info 2022-Nov-30 20:20:35] [M::mem_process_seqs_cpp] Processed 69190 reads in 333.211 CPU sec, 21.842 real sec
[PB Info 2022-Nov-30 20:20:35] [M::runCPUThreads] read 69248 sequences (20000409 bp)...
[PB Info 2022-Nov-30 20:20:48] 10103868	1550000000
[M::mem_pestat] # candidate unique pairs for (FF, FR, RF, RR): (0, 30087, 3, 0)
[M::mem_pestat] skip orientation FF as there are not enough pairs
[M::mem_pestat] analyzing insert size distribution for orientation FR...
[M::mem_pestat] (25, 50, 75) percentile: (151, 195, 259)
[M::mem_pestat] low and high boundaries for computing mean and std.dev: (1, 475)
[M::mem_pestat] mean and std.dev: (209.97, 79.96)
[M::mem_pestat] low and high boundaries for proper pairs: (1, 583)
[M::mem_pestat] skip orientation RF as there are not enough pairs
[M::mem_pestat] skip orientation RR as there are not enough pairs
[PB Info 2022-Nov-30 20:20:55] [M::mem_process_seqs_cpp] Processed 69248 reads in 310.316 CPU sec, 20.074 real sec
[PB Info 2022-Nov-30 20:20:55] [M::runCPUThreads] read 69244 sequences (30000616 bp)...
[PB Info 2022-Nov-30 20:21:06] 15156674	2290000000
[M::mem_pestat] # candidate unique pairs for (FF, FR, RF, RR): (0, 30021, 2, 0)
[M::mem_pestat] skip orientation FF as there are not enough pairs
[M::mem_pestat] analyzing insert size distribution for orientation FR...
[M::mem_pestat] (25, 50, 75) percentile: (152, 197, 258)
[M::mem_pestat] low and high boundaries for computing mean and std.dev: (1, 470)
[M::mem_pestat] mean and std.dev: (209.56, 78.67)
[M::mem_pestat] low and high boundaries for proper pairs: (1, 576)
[M::mem_pestat] skip orientation RF as there are not enough pairs
[M::mem_pestat] skip orientation RR as there are not enough pairs
[PB Info 2022-Nov-30 20:21:18] [M::mem_process_seqs_cpp] Processed 69244 reads in 357.883 CPU sec, 23.402 real sec
[PB Info 2022-Nov-30 20:21:18] [M::runCPUThreads] read 69208 sequences (40000772 bp)...
[PB Info 2022-Nov-30 20:21:22] 20209566	2990000000
[M::mem_pestat] # candidate unique pairs for (FF, FR, RF, RR): (0, 30007, 0, 0)
[M::mem_pestat] skip orientation FF as there are not enough pairs
[M::mem_pestat] analyzing insert size distribution for orientation FR...
[M::mem_pestat] (25, 50, 75) percentile: (151, 196, 258)
[M::mem_pestat] low and high boundaries for computing mean and std.dev: (1, 472)
[M::mem_pestat] mean and std.dev: (209.46, 79.27)
[M::mem_pestat] low and high boundaries for proper pairs: (1, 579)
[M::mem_pestat] skip orientation RF as there are not enough pairs
[M::mem_pestat] skip orientation RR as there are not enough pairs
[PB Info 2022-Nov-30 20:21:39] [M::mem_process_seqs_cpp] Processed 69208 reads in 314.771 CPU sec, 20.594 real sec
[PB Info 2022-Nov-30 20:21:39] [M::runCPUThreads] read 69252 sequences (50000922 bp)...
[PB Info 2022-Nov-30 20:21:39] 25259436	3740000000
[PB Info 2022-Nov-30 20:21:57] 30310420	4490000000
[M::mem_pestat] # candidate unique pairs for (FF, FR, RF, RR): (0, 30070, 1, 0)
[M::mem_pestat] skip orientation FF as there are not enough pairs
[M::mem_pestat] analyzing insert size distribution for orientation FR...
[M::mem_pestat] (25, 50, 75) percentile: (152, 196, 258)
[M::mem_pestat] low and high boundaries for computing mean and std.dev: (1, 470)
[M::mem_pestat] mean and std.dev: (209.86, 78.95)
[M::mem_pestat] low and high boundaries for proper pairs: (1, 576)
[M::mem_pestat] skip orientation RF as there are not enough pairs
[M::mem_pestat] skip orientation RR as there are not enough pairs
[PB Info 2022-Nov-30 20:21:59] [M::mem_process_seqs_cpp] Processed 69252 reads in 314.061 CPU sec, 20.573 real sec
[PB Info 2022-Nov-30 20:21:59] [M::runCPUThreads] read 69260 sequences (60001025 bp)...
[PB Info 2022-Nov-30 20:22:14] 35360284	5220000000
[M::mem_pestat] # candidate unique pairs for (FF, FR, RF, RR): (0, 30049, 0, 0)
[M::mem_pestat] skip orientation FF as there are not enough pairs
[M::mem_pestat] analyzing insert size distribution for orientation FR...
[M::mem_pestat] (25, 50, 75) percentile: (151, 195, 257)
[M::mem_pestat] low and high boundaries for computing mean and std.dev: (1, 469)
[M::mem_pestat] mean and std.dev: (208.70, 78.77)
[M::mem_pestat] low and high boundaries for proper pairs: (1, 575)
[M::mem_pestat] skip orientation RF as there are not enough pairs
[M::mem_pestat] skip orientation RR as there are not enough pairs
[PB Info 2022-Nov-30 20:22:21] [M::mem_process_seqs_cpp] Processed 69260 reads in 324.910 CPU sec, 21.261 real sec
[PB Info 2022-Nov-30 20:22:21] [M::runCPUThreads] read 69210 sequences (70001227 bp)...
[PB Info 2022-Nov-30 20:22:31] 40410416	5940000000
[M::mem_pestat] # candidate unique pairs for (FF, FR, RF, RR): (0, 30204, 0, 0)
[M::mem_pestat] skip orientation FF as there are not enough pairs
[M::mem_pestat] analyzing insert size distribution for orientation FR...
[M::mem_pestat] (25, 50, 75) percentile: (152, 197, 260)
[M::mem_pestat] low and high boundaries for computing mean and std.dev: (1, 476)
[M::mem_pestat] mean and std.dev: (210.29, 79.73)
[M::mem_pestat] low and high boundaries for proper pairs: (1, 584)
[M::mem_pestat] skip orientation RF as there are not enough pairs
[M::mem_pestat] skip orientation RR as there are not enough pairs
[PB Info 2022-Nov-30 20:22:41] [M::mem_process_seqs_cpp] Processed 69210 reads in 304.737 CPU sec, 19.981 real sec
[PB Info 2022-Nov-30 20:22:41] [M::runCPUThreads] read 69226 sequences (80001411 bp)...
[PB Info 2022-Nov-30 20:22:48] 45460424	6670000000
[M::mem_pestat] # candidate unique pairs for (FF, FR, RF, RR): (0, 30027, 2, 0)
[M::mem_pestat] skip orientation FF as there are not enough pairs
[M::mem_pestat] analyzing insert size distribution for orientation FR...
[M::mem_pestat] (25, 50, 75) percentile: (152, 196, 259)
[M::mem_pestat] low and high boundaries for computing mean and std.dev: (1, 473)
[M::mem_pestat] mean and std.dev: (210.34, 79.35)
[M::mem_pestat] low and high boundaries for proper pairs: (1, 580)
[M::mem_pestat] skip orientation RF as there are not enough pairs
[M::mem_pestat] skip orientation RR as there are not enough pairs
[PB Info 2022-Nov-30 20:23:00] [M::mem_process_seqs_cpp] Processed 69226 reads in 303.378 CPU sec, 19.873 real sec
[PB Info 2022-Nov-30 20:23:00] [M::runCPUThreads] read 69266 sequences (90001458 bp)...
[PB Info 2022-Nov-30 20:23:05] 50510426	7390000000
[M::mem_pestat] # candidate unique pairs for (FF, FR, RF, RR): (0, 29968, 3, 1)
[M::mem_pestat] skip orientation FF as there are not enough pairs
[M::mem_pestat] analyzing insert size distribution for orientation FR...
[M::mem_pestat] (25, 50, 75) percentile: (151, 196, 260)
[M::mem_pestat] low and high boundaries for computing mean and std.dev: (1, 478)
[M::mem_pestat] mean and std.dev: (210.63, 80.82)
[M::mem_pestat] low and high boundaries for proper pairs: (1, 587)
[M::mem_pestat] skip orientation RF as there are not enough pairs
[M::mem_pestat] skip orientation RR as there are not enough pairs
[PB Info 2022-Nov-30 20:23:20] [M::mem_process_seqs_cpp] Processed 69266 reads in 303.245 CPU sec, 19.884 real sec
[PB Info 2022-Nov-30 20:23:20] [M::runCPUThreads] read 69244 sequences (100001701 bp)...
[PB Info 2022-Nov-30 20:23:22] 55560462	8100000000
[M::mem_pestat] # candidate unique pairs for (FF, FR, RF, RR): (0, 30103, 2, 0)
[M::mem_pestat] skip orientation FF as there are not enough pairs
[M::mem_pestat] analyzing insert size distribution for orientation FR...
[M::mem_pestat] (25, 50, 75) percentile: (152, 197, 260)
[M::mem_pestat] low and high boundaries for computing mean and std.dev: (1, 476)
[M::mem_pestat] mean and std.dev: (211.07, 80.33)
[M::mem_pestat] low and high boundaries for proper pairs: (1, 584)
[M::mem_pestat] skip orientation RF as there are not enough pairs
[M::mem_pestat] skip orientation RR as there are not enough pairs
[PB Info 2022-Nov-30 20:23:39] 60609532	8860000000
[PB Info 2022-Nov-30 20:23:40] [M::mem_process_seqs_cpp] Processed 69244 reads in 293.637 CPU sec, 19.248 real sec
[PB Info 2022-Nov-30 20:23:40] [M::runCPUThreads] read 69200 sequences (110001740 bp)...
[PB Info 2022-Nov-30 20:23:57] 65656740	9600000000
[M::mem_pestat] # candidate unique pairs for (FF, FR, RF, RR): (0, 30016, 3, 0)
[M::mem_pestat] skip orientation FF as there are not enough pairs
[M::mem_pestat] analyzing insert size distribution for orientation FR...
[M::mem_pestat] (25, 50, 75) percentile: (152, 196, 260)
[M::mem_pestat] low and high boundaries for computing mean and std.dev: (1, 476)
[M::mem_pestat] mean and std.dev: (210.97, 80.39)
[M::mem_pestat] low and high boundaries for proper pairs: (1, 584)
[M::mem_pestat] skip orientation RF as there are not enough pairs
[M::mem_pestat] skip orientation RR as there are not enough pairs
[PB Info 2022-Nov-30 20:23:59] [M::mem_process_seqs_cpp] Processed 69200 reads in 300.397 CPU sec, 19.663 real sec
[PB Info 2022-Nov-30 20:23:59] [M::runCPUThreads] read 69132 sequences (120001850 bp)...
[PB Info 2022-Nov-30 20:24:13] 70705886	10310000000
[M::mem_pestat] # candidate unique pairs for (FF, FR, RF, RR): (0, 29903, 3, 0)
[M::mem_pestat] skip orientation FF as there are not enough pairs
[M::mem_pestat] analyzing insert size distribution for orientation FR...
[M::mem_pestat] (25, 50, 75) percentile: (152, 196, 260)
[M::mem_pestat] low and high boundaries for computing mean and std.dev: (1, 476)
[M::mem_pestat] mean and std.dev: (211.15, 80.92)
[M::mem_pestat] low and high boundaries for proper pairs: (1, 584)
[M::mem_pestat] skip orientation RF as there are not enough pairs
[M::mem_pestat] skip orientation RR as there are not enough pairs
[PB Info 2022-Nov-30 20:24:20] [M::mem_process_seqs_cpp] Processed 69132 reads in 313.191 CPU sec, 20.546 real sec
[PB Info 2022-Nov-30 20:24:20] [M::runCPUThreads] read 69226 sequences (130001997 bp)...
[PB Info 2022-Nov-30 20:24:30] 75754572	11050000000
[M::mem_pestat] # candidate unique pairs for (FF, FR, RF, RR): (0, 30044, 3, 0)
[M::mem_pestat] skip orientation FF as there are not enough pairs
[M::mem_pestat] analyzing insert size distribution for orientation FR...
[M::mem_pestat] (25, 50, 75) percentile: (152, 197, 260)
[M::mem_pestat] low and high boundaries for computing mean and std.dev: (1, 476)
[M::mem_pestat] mean and std.dev: (210.72, 80.04)
[M::mem_pestat] low and high boundaries for proper pairs: (1, 584)
[M::mem_pestat] skip orientation RF as there are not enough pairs
[M::mem_pestat] skip orientation RR as there are not enough pairs
[PB Info 2022-Nov-30 20:24:40] [M::mem_process_seqs_cpp] Processed 69226 reads in 299.366 CPU sec, 20.400 real sec
[PB Info 2022-Nov-30 20:24:40] [M::runCPUThreads] read 69206 sequences (140002043 bp)...
[M::mem_pestat] # candidate unique pairs for (FF, FR, RF, RR): (0, 30054, 1, 0)
[M::mem_pestat] skip orientation FF as there are not enough pairs
[M::mem_pestat] analyzing insert size distribution for orientation FR...
[M::mem_pestat] (25, 50, 75) percentile: (151, 196, 259)
[M::mem_pestat] low and high boundaries for computing mean and std.dev: (1, 475)
[M::mem_pestat] mean and std.dev: (210.11, 79.68)
[M::mem_pestat] low and high boundaries for proper pairs: (1, 583)
[M::mem_pestat] skip orientation RF as there are not enough pairs
[M::mem_pestat] skip orientation RR as there are not enough pairs
[PB Info 2022-Nov-30 20:24:58] [M::mem_process_seqs_cpp] Processed 69206 reads in 225.585 CPU sec, 17.399 real sec
[PB Info 2022-Nov-30 20:24:58] [M::runCPUThreads] read 69182 sequences (150002195 bp)...
[M::mem_pestat] # candidate unique pairs for (FF, FR, RF, RR): (0, 30081, 4, 0)
[M::mem_pestat] skip orientation FF as there are not enough pairs
[M::mem_pestat] analyzing insert size distribution for orientation FR...
[M::mem_pestat] (25, 50, 75) percentile: (151, 197, 260)
[M::mem_pestat] low and high boundaries for computing mean and std.dev: (1, 478)
[M::mem_pestat] mean and std.dev: (211.32, 80.54)
[M::mem_pestat] low and high boundaries for proper pairs: (1, 587)
[M::mem_pestat] skip orientation RF as there are not enough pairs
[M::mem_pestat] skip orientation RR as there are not enough pairs
[PB Info 2022-Nov-30 20:25:15] [M::mem_process_seqs_cpp] Processed 69182 reads in 229.828 CPU sec, 17.726 real sec
[PB Info 2022-Nov-30 20:25:15] [M::runCPUThreads] read 69212 sequences (160002374 bp)...
[M::mem_pestat] # candidate unique pairs for (FF, FR, RF, RR): (0, 30058, 4, 0)
[M::mem_pestat] skip orientation FF as there are not enough pairs
[M::mem_pestat] analyzing insert size distribution for orientation FR...
[M::mem_pestat] (25, 50, 75) percentile: (151, 196, 259)
[M::mem_pestat] low and high boundaries for computing mean and std.dev: (1, 475)
[M::mem_pestat] mean and std.dev: (210.13, 79.71)
[M::mem_pestat] low and high boundaries for proper pairs: (1, 583)
[M::mem_pestat] skip orientation RF as there are not enough pairs
[M::mem_pestat] skip orientation RR as there are not enough pairs
[PB Info 2022-Nov-30 20:25:33] [M::mem_process_seqs_cpp] Processed 69212 reads in 232.496 CPU sec, 17.931 real sec
[PB Info 2022-Nov-30 20:25:33] [M::runCPUThreads] read 69140 sequences (170002536 bp)...
[M::mem_pestat] # candidate unique pairs for (FF, FR, RF, RR): (0, 29964, 1, 0)
[M::mem_pestat] skip orientation FF as there are not enough pairs
[M::mem_pestat] analyzing insert size distribution for orientation FR...
[M::mem_pestat] (25, 50, 75) percentile: (153, 197, 260)
[M::mem_pestat] low and high boundaries for computing mean and std.dev: (1, 474)
[M::mem_pestat] mean and std.dev: (211.03, 79.92)
[M::mem_pestat] low and high boundaries for proper pairs: (1, 581)
[M::mem_pestat] skip orientation RF as there are not enough pairs
[M::mem_pestat] skip orientation RR as there are not enough pairs
[PB Info 2022-Nov-30 20:25:52] [M::mem_process_seqs_cpp] Processed 69140 reads in 237.572 CPU sec, 18.326 real sec
[PB Info 2022-Nov-30 20:25:52] [M::runCPUThreads] read 69150 sequences (180002814 bp)...
[M::mem_pestat] # candidate unique pairs for (FF, FR, RF, RR): (0, 29971, 0, 0)
[M::mem_pestat] skip orientation FF as there are not enough pairs
[M::mem_pestat] analyzing insert size distribution for orientation FR...
[M::mem_pestat] (25, 50, 75) percentile: (152, 196, 259)
[M::mem_pestat] low and high boundaries for computing mean and std.dev: (1, 473)
[M::mem_pestat] mean and std.dev: (210.04, 79.44)
[M::mem_pestat] low and high boundaries for proper pairs: (1, 580)
[M::mem_pestat] skip orientation RF as there are not enough pairs
[M::mem_pestat] skip orientation RR as there are not enough pairs
[PB Info 2022-Nov-30 20:26:09] [M::mem_process_seqs_cpp] Processed 69150 reads in 219.420 CPU sec, 16.924 real sec
[PB Info 2022-Nov-30 20:26:09] [M::runCPUThreads] read 69160 sequences (190002862 bp)...
[M::mem_pestat] # candidate unique pairs for (FF, FR, RF, RR): (0, 29878, 1, 0)
[M::mem_pestat] skip orientation FF as there are not enough pairs
[M::mem_pestat] analyzing insert size distribution for orientation FR...
[M::mem_pestat] (25, 50, 75) percentile: (152, 196, 260)
[M::mem_pestat] low and high boundaries for computing mean and std.dev: (1, 476)
[M::mem_pestat] mean and std.dev: (210.72, 80.40)
[M::mem_pestat] low and high boundaries for proper pairs: (1, 584)
[M::mem_pestat] skip orientation RF as there are not enough pairs
[M::mem_pestat] skip orientation RR as there are not enough pairs
[PB Info 2022-Nov-30 20:26:26] [M::mem_process_seqs_cpp] Processed 69160 reads in 224.321 CPU sec, 17.301 real sec
[PB Info 2022-Nov-30 20:26:26] [M::runCPUThreads] read 69194 sequences (200003102 bp)...
[M::mem_pestat] # candidate unique pairs for (FF, FR, RF, RR): (0, 29982, 1, 0)
[M::mem_pestat] skip orientation FF as there are not enough pairs
[M::mem_pestat] analyzing insert size distribution for orientation FR...
[M::mem_pestat] (25, 50, 75) percentile: (152, 196, 258)
[M::mem_pestat] low and high boundaries for computing mean and std.dev: (1, 470)
[M::mem_pestat] mean and std.dev: (210.02, 78.92)
[M::mem_pestat] low and high boundaries for proper pairs: (1, 576)
[M::mem_pestat] skip orientation RF as there are not enough pairs
[M::mem_pestat] skip orientation RR as there are not enough pairs
[PB Info 2022-Nov-30 20:26:44] [M::mem_process_seqs_cpp] Processed 69194 reads in 237.021 CPU sec, 18.282 real sec
[PB Info 2022-Nov-30 20:26:44] [M::runCPUThreads] read 69162 sequences (210003293 bp)...
[M::mem_pestat] # candidate unique pairs for (FF, FR, RF, RR): (0, 29958, 2, 0)
[M::mem_pestat] skip orientation FF as there are not enough pairs
[M::mem_pestat] analyzing insert size distribution for orientation FR...
[M::mem_pestat] (25, 50, 75) percentile: (152, 196, 258)
[M::mem_pestat] low and high boundaries for computing mean and std.dev: (1, 470)
[M::mem_pestat] mean and std.dev: (209.87, 79.08)
[M::mem_pestat] low and high boundaries for proper pairs: (1, 576)
[M::mem_pestat] skip orientation RF as there are not enough pairs
[M::mem_pestat] skip orientation RR as there are not enough pairs
[PB Info 2022-Nov-30 20:27:02] [M::mem_process_seqs_cpp] Processed 69162 reads in 226.411 CPU sec, 17.463 real sec
[PB Info 2022-Nov-30 20:27:02] [M::runCPUThreads] read 69096 sequences (220003359 bp)...
[M::mem_pestat] # candidate unique pairs for (FF, FR, RF, RR): (0, 30018, 1, 0)
[M::mem_pestat] skip orientation FF as there are not enough pairs
[M::mem_pestat] analyzing insert size distribution for orientation FR...
[M::mem_pestat] (25, 50, 75) percentile: (152, 196, 258)
[M::mem_pestat] low and high boundaries for computing mean and std.dev: (1, 470)
[M::mem_pestat] mean and std.dev: (209.93, 78.71)
[M::mem_pestat] low and high boundaries for proper pairs: (1, 576)
[M::mem_pestat] skip orientation RF as there are not enough pairs
[M::mem_pestat] skip orientation RR as there are not enough pairs
[PB Info 2022-Nov-30 20:27:19] [M::mem_process_seqs_cpp] Processed 69096 reads in 217.268 CPU sec, 16.760 real sec
[PB Info 2022-Nov-30 20:27:19] [M::runCPUThreads] read 69168 sequences (230003587 bp)...
[M::mem_pestat] # candidate unique pairs for (FF, FR, RF, RR): (0, 30102, 2, 0)
[M::mem_pestat] skip orientation FF as there are not enough pairs
[M::mem_pestat] analyzing insert size distribution for orientation FR...
[M::mem_pestat] (25, 50, 75) percentile: (151, 195, 258)
[M::mem_pestat] low and high boundaries for computing mean and std.dev: (1, 472)
[M::mem_pestat] mean and std.dev: (209.76, 79.95)
[M::mem_pestat] low and high boundaries for proper pairs: (1, 579)
[M::mem_pestat] skip orientation RF as there are not enough pairs
[M::mem_pestat] skip orientation RR as there are not enough pairs
[PB Info 2022-Nov-30 20:27:37] [M::mem_process_seqs_cpp] Processed 69168 reads in 111.701 CPU sec, 18.820 real sec
[PB Info 2022-Nov-30 20:27:48] 
GPU-BWA Mem time: 465.991326 seconds
[PB Info 2022-Nov-30 20:27:48] GPU-BWA Mem is finished.


[main] CMD: PARABRICKS mem -Z ./pbOpts.txt /NGS/clinicalgenomics/public_data/gatk_resource_bundle/b37/human_g1k_v37_decoy.fasta /NGS/humangenomics/active/2022/run/hyperparathyroid_analysis_20221102/results/03_pipeline_runs/cohort/human_genomics_pipeline/results/trimmed/21CG0004_1_val_1.fq.gz /NGS/humangenomics/active/2022/run/hyperparathyroid_analysis_20221102/results/03_pipeline_runs/cohort/human_genomics_pipeline/results/trimmed/21CG0004_2_val_2.fq.gz @RG\tID:HCYFCBGXG.1\tLB:lib1\tPL:bar\tSM:21CG0004\tPU:HCYFCBGXG.1
[main] Real time: 472.543 sec; CPU: 6344.940 sec
[PB Info 2022-Nov-30 20:27:48] ------------------------------------------------------------------------------
[PB Info 2022-Nov-30 20:27:48] ||        Program:                      GPU-BWA mem, Sorting Phase-I        ||
[PB Info 2022-Nov-30 20:27:48] ||        Version:                                           3.8.0-1        ||
[PB Info 2022-Nov-30 20:27:48] ||        Start Time:                       Wed Nov 30 20:19:53 2022        ||
[PB Info 2022-Nov-30 20:27:48] ||        End Time:                         Wed Nov 30 20:27:48 2022        ||
[PB Info 2022-Nov-30 20:27:48] ||        Total Time:                           7 minutes 55 seconds        ||
[PB Info 2022-Nov-30 20:27:48] ------------------------------------------------------------------------------
[PB Info 2022-Nov-30 20:27:52] ------------------------------------------------------------------------------
[PB Info 2022-Nov-30 20:27:52] ||                 Parabricks accelerated Genomics Pipeline                 ||
[PB Info 2022-Nov-30 20:27:52] ||                              Version 3.8.0-1                             ||
[PB Info 2022-Nov-30 20:27:52] ||                             Sorting Phase-II                             ||
[PB Info 2022-Nov-30 20:27:52] ||                  Contact: Parabricks-Support@nvidia.com                  ||
[PB Info 2022-Nov-30 20:27:52] ------------------------------------------------------------------------------
[PB Info 2022-Nov-30 20:27:53] progressMeter - Percentage
[PB Info 2022-Nov-30 20:27:53] 0.0	 0.00 GB
[PB Info 2022-Nov-30 20:28:03] Sorting and Marking: 10.002 seconds
[PB Info 2022-Nov-30 20:28:03] ------------------------------------------------------------------------------
[PB Info 2022-Nov-30 20:28:03] ||        Program:                                  Sorting Phase-II        ||
[PB Info 2022-Nov-30 20:28:03] ||        Version:                                           3.8.0-1        ||
[PB Info 2022-Nov-30 20:28:03] ||        Start Time:                       Wed Nov 30 20:27:52 2022        ||
[PB Info 2022-Nov-30 20:28:03] ||        End Time:                         Wed Nov 30 20:28:03 2022        ||
[PB Info 2022-Nov-30 20:28:03] ||        Total Time:                                     11 seconds        ||
[PB Info 2022-Nov-30 20:28:03] ------------------------------------------------------------------------------
[PB Info 2022-Nov-30 20:28:03] ------------------------------------------------------------------------------
[PB Info 2022-Nov-30 20:28:03] ||                 Parabricks accelerated Genomics Pipeline                 ||
[PB Info 2022-Nov-30 20:28:03] ||                              Version 3.8.0-1                             ||
[PB Info 2022-Nov-30 20:28:03] ||                         Marking Duplicates, BQSR                         ||
[PB Info 2022-Nov-30 20:28:03] ||                  Contact: Parabricks-Support@nvidia.com                  ||
[PB Info 2022-Nov-30 20:28:03] ------------------------------------------------------------------------------
[PB Info 2022-Nov-30 20:28:06] progressMeter -	Percentage
[PB Info 2022-Nov-30 20:28:16] 0.0	 18.22 GB
[PB Info 2022-Nov-30 20:28:26] 0.0	 31.97 GB
[PB Info 2022-Nov-30 20:28:36] 0.0	 31.97 GB
[PB Info 2022-Nov-30 20:28:46] 0.0	 31.97 GB
[PB Info 2022-Nov-30 20:28:56] 0.0	 31.97 GB
[PB Info 2022-Nov-30 20:29:06] 0.0	 31.97 GB
[PB Info 2022-Nov-30 20:29:16] 0.0	 31.97 GB
[PB Info 2022-Nov-30 20:29:26] 0.0	 31.97 GB
[PB Info 2022-Nov-30 20:29:36] 0.0	 31.97 GB
[PB Info 2022-Nov-30 20:29:46] 0.0	 31.97 GB
[PB Info 2022-Nov-30 20:29:56] 0.0	 31.97 GB
[PB Info 2022-Nov-30 20:30:06] 0.0	 31.97 GB
[PB Info 2022-Nov-30 20:30:16] 0.0	 31.97 GB
[PB Info 2022-Nov-30 20:30:26] 0.0	 31.97 GB
[PB Info 2022-Nov-30 20:30:36] 2.1	 30.86 GB
[PB Info 2022-Nov-30 20:30:46] 26.5	 23.01 GB
[PB Info 2022-Nov-30 20:30:56] 55.0	 15.06 GB
[PB Info 2022-Nov-30 20:31:06] 78.3	 6.75 GB
[PB Info 2022-Nov-30 20:31:16] 100.0	 0.00 GB
[PB Info 2022-Nov-30 20:31:16] BQSR and writing final BAM:  190.126 seconds
[PB Info 2022-Nov-30 20:31:16] ------------------------------------------------------------------------------
[PB Info 2022-Nov-30 20:31:16] ||        Program:                          Marking Duplicates, BQSR        ||
[PB Info 2022-Nov-30 20:31:16] ||        Version:                                           3.8.0-1        ||
[PB Info 2022-Nov-30 20:31:16] ||        Start Time:                       Wed Nov 30 20:28:03 2022        ||
[PB Info 2022-Nov-30 20:31:16] ||        End Time:                         Wed Nov 30 20:31:16 2022        ||
[PB Info 2022-Nov-30 20:31:16] ||        Total Time:                           3 minutes 13 seconds        ||
[PB Info 2022-Nov-30 20:31:16] ------------------------------------------------------------------------------
Namespace(append=None, bwa_options=None, fix_mate=None, fq_list=None, gpu_devices='all', in_fq=[['/NGS/humangenomics/active/2022/run/hyperparathyroid_analysis_20221102/results/03_pipeline_runs/cohort/human_genomics_pipeline/results/trimmed/21CG0004_1_val_1.fq.gz', '/NGS/humangenomics/active/2022/run/hyperparathyroid_analysis_20221102/results/03_pipeline_runs/cohort/human_genomics_pipeline/results/trimmed/21CG0004_2_val_2.fq.gz', '@RG\\tID:HCYFCBGXG.1\\tLB:lib1\\tPL:bar\\tSM:21CG0004\\tPU:HCYFCBGXG.1']], in_fq_list=None, in_se_fq=None, interval=None, interval_file=None, interval_padding=None, keep_tmp=None, knownSites=['/NGS/clinicalgenomics/public_data/gatk_resource_bundle/b37/dbsnp_138.b37.vcf', '/NGS/clinicalgenomics/public_data/gatk_resource_bundle/b37/Mills_and_1000G_gold_standard.indels.b37.vcf', '/NGS/clinicalgenomics/public_data/gatk_resource_bundle/b37/1000G_phase1.indels.b37.vcf'], license_file=None, logfile=None, markdups_assume_sortorder_queryname=None, markdups_picard_version_2182=None, memory_limit=251, no_markdups=None, no_seccomp_override=None, no_warnings=None, num_cpu_threads=1, num_gpus=2, optical_duplicate_pixel_distance=None, out_bam='/NGS/humangenomics/active/2022/run/hyperparathyroid_analysis_20221102/results/03_pipeline_runs/cohort/human_genomics_pipeline/results/mapped/21CG0004_recalibrated.bam', out_duplicate_metrics=None, out_qc_metrics_dir=None, out_recal_file='/NGS/humangenomics/active/2022/run/hyperparathyroid_analysis_20221102/results/03_pipeline_runs/cohort/human_genomics_pipeline/results/mapped/21CG0004_recal.txt', read_group_id_prefix=None, read_group_lb=None, read_group_pl=None, read_group_sm=None, ref='/NGS/clinicalgenomics/public_data/gatk_resource_bundle/b37/human_g1k_v37_decoy.fasta', standalone_bqsr=None, tmp_dir='/NGS/humangenomics/active/tmp/858H6ATG', verbose=None, version=None, with_petagene_dir=None, x1=None, x2=None, x3=None, x4=None, x5=None)
[PB Info 2022-Nov-30 20:32:03] ------------------------------------------------------------------------------
[PB Info 2022-Nov-30 20:32:03] ||                 Parabricks accelerated Genomics Pipeline                 ||
[PB Info 2022-Nov-30 20:32:03] ||                              Version 3.8.0-1                             ||
[PB Info 2022-Nov-30 20:32:03] ||                         GPU-GATK4 HaplotypeCaller                        ||
[PB Info 2022-Nov-30 20:32:03] ||                  Contact: Parabricks-Support@nvidia.com                  ||
[PB Info 2022-Nov-30 20:32:03] ------------------------------------------------------------------------------
[PB Info 2022-Nov-30 20:32:27] 0 /NGS/humangenomics/active/2022/run/hyperparathyroid_analysis_20221102/results/03_pipeline_runs/cohort/human_genomics_pipeline/results/mapped/21CG0004_recalibrated.bam/NGS/humangenomics/active/2022/run/hyperparathyroid_analysis_20221102/results/03_pipeline_runs/cohort/human_genomics_pipeline/results/called/21CG0004_raw_snps_indels_tmp.g.vcf
[PB Info 2022-Nov-30 20:32:27] ProgressMeter -	Current-Locus	Elapsed-Minutes	Regions-Processed	Regions/Minute
[PB Info 2022-Nov-30 20:32:37] 1:32049601	0.2	220322	1321926
[PB Info 2022-Nov-30 20:32:47] 1:110256001	0.3	609187	1827561
[PB Info 2022-Nov-30 20:32:57] 1:181598401	0.5	865518	1731024
[PB Info 2022-Nov-30 20:33:07] 2:15614401	0.7	1271846	1907769
[PB Info 2022-Nov-30 20:33:17] 2:89308801	0.8	1637252	1964702
[PB Info 2022-Nov-30 20:33:27] 2:179548801	1.0	2056163	2056162
[PB Info 2022-Nov-30 20:33:37] 3:17049601	1.2	2454240	2103632
[PB Info 2022-Nov-30 20:33:47] 3:111580801	1.3	2882965	2162223
[PB Info 2022-Nov-30 20:33:57] 3:194947201	1.5	3271583	2181055
[PB Info 2022-Nov-30 20:34:07] 4:80827201	1.7	3666964	2200176
[PB Info 2022-Nov-30 20:34:17] 4:186110401	1.8	4140632	2258526
[PB Info 2022-Nov-30 20:34:27] 5:110707201	2.0	4639371	2319684
[PB Info 2022-Nov-30 20:34:37] 6:8092801	2.2	5035697	2324165
[PB Info 2022-Nov-30 20:34:47] 6:71870401	2.3	5349903	2292815
[PB Info 2022-Nov-30 20:34:57] 6:168340801	2.5	5798150	2319258
[PB Info 2022-Nov-30 20:35:07] 7:94358401	2.7	6257998	2346749
[PB Info 2022-Nov-30 20:35:17] 8:2275201	2.8	6601946	2330098
[PB Info 2022-Nov-30 20:35:27] 8:95779201	3.0	7029180	2343060
[PB Info 2022-Nov-30 20:35:37] 9:69633601	3.2	7483697	2363271
[PB Info 2022-Nov-30 20:35:47] 10:115201	3.3	7851856	2355556
[PB Info 2022-Nov-30 20:35:57] 10:92654401	3.5	8289446	2368413
[PB Info 2022-Nov-30 20:36:07] 11:20361601	3.7	8639691	2356278
[PB Info 2022-Nov-30 20:36:17] 11:99268801	3.8	8992304	2345818
[PB Info 2022-Nov-30 20:36:27] 12:31598401	4.0	9338109	2334527
[PB Info 2022-Nov-30 20:36:37] 12:96374401	4.2	9637672	2313041
[PB Info 2022-Nov-30 20:36:47] 13:34401601	4.3	9936636	2293069
[PB Info 2022-Nov-30 20:36:57] 14:33547201	4.5	10369867	2304413
[PB Info 2022-Nov-30 20:37:07] 14:106756801	4.7	10736032	2300578
[PB Info 2022-Nov-30 20:37:17] 15:78777601	4.8	11043127	2284784
[PB Info 2022-Nov-30 20:37:27] 16:51172801	5.0	11399225	2279845
[PB Info 2022-Nov-30 20:37:37] 17:18043201	5.2	11713375	2267104
[PB Info 2022-Nov-30 20:37:47] 17:72302401	5.3	12007171	2251344
[PB Info 2022-Nov-30 20:37:57] 18:77102401	5.5	12415833	2257424
[PB Info 2022-Nov-30 20:38:07] 19:39912001	5.7	12665339	2235059
[PB Info 2022-Nov-30 20:38:17] 20:23078401	5.8	12913972	2213823
[PB Info 2022-Nov-30 20:38:27] 21:46046401	6.0	13280674	2213445
[PB Info 2022-Nov-30 20:38:37] X:23688001	6.2	13628473	2210022
[PB Info 2022-Nov-30 20:38:47] hs37d5:297601	6.3	14163939	2236411
[PB Info 2022-Nov-30 20:38:57] Total time taken: 390.623524
[PB Info 2022-Nov-30 20:38:57] ------------------------------------------------------------------------------
[PB Info 2022-Nov-30 20:38:57] ||        Program:                         GPU-GATK4 HaplotypeCaller        ||
[PB Info 2022-Nov-30 20:38:57] ||        Version:                                           3.8.0-1        ||
[PB Info 2022-Nov-30 20:38:57] ||        Start Time:                       Wed Nov 30 20:32:03 2022        ||
[PB Info 2022-Nov-30 20:38:57] ||        End Time:                         Wed Nov 30 20:38:57 2022        ||
[PB Info 2022-Nov-30 20:38:57] ||        Total Time:                           6 minutes 54 seconds        ||
[PB Info 2022-Nov-30 20:38:57] ------------------------------------------------------------------------------
/usr/local/cuda/.pb/binaries//bin/htvc /NGS/clinicalgenomics/public_data/gatk_resource_bundle/b37/human_g1k_v37_decoy.fasta /NGS/humangenomics/active/2022/run/hyperparathyroid_analysis_20221102/results/03_pipeline_runs/cohort/human_genomics_pipeline/results/mapped/21CG0004_recalibrated.bam 2 -o /NGS/humangenomics/active/2022/run/hyperparathyroid_analysis_20221102/results/03_pipeline_runs/cohort/human_genomics_pipeline/results/called/21CG0004_raw_snps_indels_tmp.g.vcf -nt 5 -a /NGS/humangenomics/active/2022/run/hyperparathyroid_analysis_20221102/results/03_pipeline_runs/cohort/human_genomics_pipeline/results/mapped/21CG0004_recal.txt -g

