Please visit https://docs.nvidia.com/clara/#parabricks for detailed documentation


[Parabricks Options Mesg]: Automatically generating ID prefix
[Parabricks Options Mesg]: Read group created for /NGS/humangenomics/active/2022/run/hyperparathyroid_analysis_20221102/
results/03_pipeline_runs/cohort/human_genomics_pipeline/results/trimmed/21CG0019_1_val_1.fq.gz and /NGS/humangenomics/ac
tive/2022/run/hyperparathyroid_analysis_20221102/results/03_pipeline_runs/cohort/human_genomics_pipeline/results/trimmed
/21CG0019_2_val_2.fq.gz
[Parabricks Options Mesg]: @RG\tID:HF22WBGXG.1\tLB:lib1\tPL:bar\tSM:21CG0019\tPU:HF22WBGXG.1

[Parabricks Options Mesg]: Checking argument compatibility
[Parabricks Options Mesg]: Read group created for /NGS/humangenomics/active/2022/run/hyperparathyroid_analysis_20221102/
results/03_pipeline_runs/cohort/human_genomics_pipeline/results/trimmed/21CG0019_1_val_1.fq.gz and /NGS/humangenomics/ac
tive/2022/run/hyperparathyroid_analysis_20221102/results/03_pipeline_runs/cohort/human_genomics_pipeline/results/trimmed
/21CG0019_2_val_2.fq.gz
[Parabricks Options Mesg]: @RG\tID:HF22WBGXG.1\tLB:lib1\tPL:bar\tSM:21CG0019\tPU:HF22WBGXG.1
[PB Info 2022-Nov-30 06:43:57] ------------------------------------------------------------------------------
[PB Info 2022-Nov-30 06:43:57] ||                 Parabricks accelerated Genomics Pipeline                 ||
[PB Info 2022-Nov-30 06:43:57] ||                              Version 3.8.0-1                             ||
[PB Info 2022-Nov-30 06:43:57] ||                       GPU-BWA mem, Sorting Phase-I                       ||
[PB Info 2022-Nov-30 06:43:57] ||                  Contact: Parabricks-Support@nvidia.com                  ||
[PB Info 2022-Nov-30 06:43:57] ------------------------------------------------------------------------------
[M::bwa_idx_load_from_disk] read 0 ALT contigs
[PB Info 2022-Nov-30 06:44:06] GPU-BWA mem
[PB Info 2022-Nov-30 06:44:06] ProgressMeter	Reads		Base Pairs Aligned
[PB Info 2022-Nov-30 06:44:16] [M::runCPUThreads] read 68782 sequences (10000263 bp)...
[PB Info 2022-Nov-30 06:44:36] 5025302		820000000
[M::mem_pestat] # candidate unique pairs for (FF, FR, RF, RR): (0, 29789, 4, 0)
[M::mem_pestat] skip orientation FF as there are not enough pairs
[M::mem_pestat] analyzing insert size distribution for orientation FR...
[M::mem_pestat] (25, 50, 75) percentile: (154, 203, 271)
[M::mem_pestat] low and high boundaries for computing mean and std.dev: (1, 505)
[M::mem_pestat] mean and std.dev: (218.52, 86.22)
[M::mem_pestat] low and high boundaries for proper pairs: (1, 622)
[M::mem_pestat] skip orientation RF as there are not enough pairs
[M::mem_pestat] skip orientation RR as there are not enough pairs
[PB Info 2022-Nov-30 06:44:41] [M::mem_process_seqs_cpp] Processed 68782 reads in 374.947 CPU sec, 24.563 real sec
[PB Info 2022-Nov-30 06:44:41] [M::runCPUThreads] read 68722 sequences (20000494 bp)...
[PB Info 2022-Nov-30 06:44:56] 10050822	1570000000
[M::mem_pestat] # candidate unique pairs for (FF, FR, RF, RR): (0, 29856, 3, 0)
[M::mem_pestat] skip orientation FF as there are not enough pairs
[M::mem_pestat] analyzing insert size distribution for orientation FR...
[M::mem_pestat] (25, 50, 75) percentile: (154, 202, 269)
[M::mem_pestat] low and high boundaries for computing mean and std.dev: (1, 499)
[M::mem_pestat] mean and std.dev: (217.09, 84.77)
[M::mem_pestat] low and high boundaries for proper pairs: (1, 614)
[M::mem_pestat] skip orientation RF as there are not enough pairs
[M::mem_pestat] skip orientation RR as there are not enough pairs
[PB Info 2022-Nov-30 06:45:05] [M::mem_process_seqs_cpp] Processed 68722 reads in 373.711 CPU sec, 24.264 real sec
[PB Info 2022-Nov-30 06:45:05] [M::runCPUThreads] read 68780 sequences (30000630 bp)...
[PB Info 2022-Nov-30 06:45:15] 15077080	2290000000
[M::mem_pestat] # candidate unique pairs for (FF, FR, RF, RR): (0, 29888, 4, 0)
[M::mem_pestat] skip orientation FF as there are not enough pairs
[M::mem_pestat] analyzing insert size distribution for orientation FR...
[M::mem_pestat] (25, 50, 75) percentile: (153, 203, 270)
[M::mem_pestat] low and high boundaries for computing mean and std.dev: (1, 504)
[M::mem_pestat] mean and std.dev: (217.66, 85.41)
[M::mem_pestat] low and high boundaries for proper pairs: (1, 621)
[M::mem_pestat] skip orientation RF as there are not enough pairs
[M::mem_pestat] skip orientation RR as there are not enough pairs
[PB Info 2022-Nov-30 06:45:30] [M::mem_process_seqs_cpp] Processed 68780 reads in 379.260 CPU sec, 24.726 real sec
[PB Info 2022-Nov-30 06:45:30] [M::runCPUThreads] read 68804 sequences (40000646 bp)...
[PB Info 2022-Nov-30 06:45:34] 20105564	3000000000
[M::mem_pestat] # candidate unique pairs for (FF, FR, RF, RR): (0, 29836, 3, 1)
[M::mem_pestat] skip orientation FF as there are not enough pairs
[M::mem_pestat] analyzing insert size distribution for orientation FR...
[M::mem_pestat] (25, 50, 75) percentile: (153, 202, 270)
[M::mem_pestat] low and high boundaries for computing mean and std.dev: (1, 504)
[M::mem_pestat] mean and std.dev: (217.30, 86.09)
[M::mem_pestat] low and high boundaries for proper pairs: (1, 621)
[M::mem_pestat] skip orientation RF as there are not enough pairs
[M::mem_pestat] skip orientation RR as there are not enough pairs
[PB Info 2022-Nov-30 06:45:52] 25132704	3750000000
[PB Info 2022-Nov-30 06:45:54] [M::mem_process_seqs_cpp] Processed 68804 reads in 364.491 CPU sec, 23.803 real sec
[PB Info 2022-Nov-30 06:45:54] [M::runCPUThreads] read 68770 sequences (50000713 bp)...
[PB Info 2022-Nov-30 06:46:11] 30163394	4490000000
[M::mem_pestat] # candidate unique pairs for (FF, FR, RF, RR): (0, 29830, 2, 0)
[M::mem_pestat] skip orientation FF as there are not enough pairs
[M::mem_pestat] analyzing insert size distribution for orientation FR...
[M::mem_pestat] (25, 50, 75) percentile: (153, 204, 271)
[M::mem_pestat] low and high boundaries for computing mean and std.dev: (1, 507)
[M::mem_pestat] mean and std.dev: (217.93, 85.41)
[M::mem_pestat] low and high boundaries for proper pairs: (1, 625)
[M::mem_pestat] skip orientation RF as there are not enough pairs
[M::mem_pestat] skip orientation RR as there are not enough pairs
[PB Info 2022-Nov-30 06:46:16] [M::mem_process_seqs_cpp] Processed 68770 reads in 343.269 CPU sec, 22.420 real sec
[PB Info 2022-Nov-30 06:46:16] [M::runCPUThreads] read 68850 sequences (60000887 bp)...
[PB Info 2022-Nov-30 06:46:29] 35189334	5210000000
[M::mem_pestat] # candidate unique pairs for (FF, FR, RF, RR): (0, 29922, 1, 0)
[M::mem_pestat] skip orientation FF as there are not enough pairs
[M::mem_pestat] analyzing insert size distribution for orientation FR...
[M::mem_pestat] (25, 50, 75) percentile: (152, 202, 271)
[M::mem_pestat] low and high boundaries for computing mean and std.dev: (1, 509)
[M::mem_pestat] mean and std.dev: (217.61, 86.33)
[M::mem_pestat] low and high boundaries for proper pairs: (1, 628)
[M::mem_pestat] skip orientation RF as there are not enough pairs
[M::mem_pestat] skip orientation RR as there are not enough pairs
[PB Info 2022-Nov-30 06:46:38] [M::mem_process_seqs_cpp] Processed 68850 reads in 334.208 CPU sec, 21.875 real sec
[PB Info 2022-Nov-30 06:46:38] [M::runCPUThreads] read 68788 sequences (70000951 bp)...
[PB Info 2022-Nov-30 06:46:48] 40214310	5950000000
[M::mem_pestat] # candidate unique pairs for (FF, FR, RF, RR): (0, 29931, 2, 0)
[M::mem_pestat] skip orientation FF as there are not enough pairs
[M::mem_pestat] analyzing insert size distribution for orientation FR...
[M::mem_pestat] (25, 50, 75) percentile: (153, 203, 271)
[M::mem_pestat] low and high boundaries for computing mean and std.dev: (1, 507)
[M::mem_pestat] mean and std.dev: (218.40, 86.43)
[M::mem_pestat] low and high boundaries for proper pairs: (1, 625)
[M::mem_pestat] skip orientation RF as there are not enough pairs
[M::mem_pestat] skip orientation RR as there are not enough pairs
[PB Info 2022-Nov-30 06:46:59] [M::mem_process_seqs_cpp] Processed 68788 reads in 324.135 CPU sec, 21.217 real sec
[PB Info 2022-Nov-30 06:46:59] [M::runCPUThreads] read 68866 sequences (80001072 bp)...
[PB Info 2022-Nov-30 06:47:05] 45237604	6670000000
[PB Info 2022-Nov-30 06:47:24] 50264080	7390000000
[M::mem_pestat] # candidate unique pairs for (FF, FR, RF, RR): (0, 29919, 2, 0)
[M::mem_pestat] skip orientation FF as there are not enough pairs
[M::mem_pestat] analyzing insert size distribution for orientation FR...
[M::mem_pestat] (25, 50, 75) percentile: (153, 202, 270)
[M::mem_pestat] low and high boundaries for computing mean and std.dev: (1, 504)
[M::mem_pestat] mean and std.dev: (216.62, 85.20)
[M::mem_pestat] low and high boundaries for proper pairs: (1, 621)
[M::mem_pestat] skip orientation RF as there are not enough pairs
[M::mem_pestat] skip orientation RR as there are not enough pairs
[PB Info 2022-Nov-30 06:47:27] [M::mem_process_seqs_cpp] Processed 68866 reads in 420.261 CPU sec, 27.519 real sec
[PB Info 2022-Nov-30 06:47:27] [M::runCPUThreads] read 68856 sequences (90001281 bp)...
[PB Info 2022-Nov-30 06:47:43] 55291622	8130000000
[M::mem_pestat] # candidate unique pairs for (FF, FR, RF, RR): (0, 29915, 2, 0)
[M::mem_pestat] skip orientation FF as there are not enough pairs
[M::mem_pestat] analyzing insert size distribution for orientation FR...
[M::mem_pestat] (25, 50, 75) percentile: (152, 202, 271)
[M::mem_pestat] low and high boundaries for computing mean and std.dev: (1, 509)
[M::mem_pestat] mean and std.dev: (217.75, 86.63)
[M::mem_pestat] low and high boundaries for proper pairs: (1, 628)
[M::mem_pestat] skip orientation RF as there are not enough pairs
[M::mem_pestat] skip orientation RR as there are not enough pairs
[PB Info 2022-Nov-30 06:47:49] [M::mem_process_seqs_cpp] Processed 68856 reads in 345.627 CPU sec, 22.609 real sec
[PB Info 2022-Nov-30 06:47:49] [M::runCPUThreads] read 68902 sequences (100001574 bp)...
[PB Info 2022-Nov-30 06:48:01] 60319002	8850000000
[M::mem_pestat] # candidate unique pairs for (FF, FR, RF, RR): (0, 29807, 2, 0)
[M::mem_pestat] skip orientation FF as there are not enough pairs
[M::mem_pestat] analyzing insert size distribution for orientation FR...
[M::mem_pestat] (25, 50, 75) percentile: (152, 200, 268)
[M::mem_pestat] low and high boundaries for computing mean and std.dev: (1, 500)
[M::mem_pestat] mean and std.dev: (215.59, 84.46)
[M::mem_pestat] low and high boundaries for proper pairs: (1, 616)
[M::mem_pestat] skip orientation RF as there are not enough pairs
[M::mem_pestat] skip orientation RR as there are not enough pairs
[PB Info 2022-Nov-30 06:48:13] [M::mem_process_seqs_cpp] Processed 68902 reads in 359.074 CPU sec, 23.442 real sec
[PB Info 2022-Nov-30 06:48:13] [M::runCPUThreads] read 68860 sequences (110001666 bp)...
[PB Info 2022-Nov-30 06:48:19] 65346926	9590000000
[M::mem_pestat] # candidate unique pairs for (FF, FR, RF, RR): (0, 29920, 4, 0)
[M::mem_pestat] skip orientation FF as there are not enough pairs
[M::mem_pestat] analyzing insert size distribution for orientation FR...
[M::mem_pestat] (25, 50, 75) percentile: (152, 202, 271)
[M::mem_pestat] low and high boundaries for computing mean and std.dev: (1, 509)
[M::mem_pestat] mean and std.dev: (217.22, 85.87)
[M::mem_pestat] low and high boundaries for proper pairs: (1, 628)
[M::mem_pestat] skip orientation RF as there are not enough pairs
[M::mem_pestat] skip orientation RR as there are not enough pairs
[PB Info 2022-Nov-30 06:48:37] [M::mem_process_seqs_cpp] Processed 68860 reads in 374.115 CPU sec, 24.425 real sec
[PB Info 2022-Nov-30 06:48:37] [M::runCPUThreads] read 68836 sequences (120001866 bp)...
[PB Info 2022-Nov-30 06:48:38] 70373596	10310000000
[PB Info 2022-Nov-30 06:48:56] 75400024	11040000000
[M::mem_pestat] # candidate unique pairs for (FF, FR, RF, RR): (0, 29919, 5, 0)
[M::mem_pestat] skip orientation FF as there are not enough pairs
[M::mem_pestat] analyzing insert size distribution for orientation FR...
[M::mem_pestat] (25, 50, 75) percentile: (153, 202, 270)
[M::mem_pestat] low and high boundaries for computing mean and std.dev: (1, 504)
[M::mem_pestat] mean and std.dev: (217.23, 85.34)
[M::mem_pestat] low and high boundaries for proper pairs: (1, 621)
[M::mem_pestat] skip orientation RF as there are not enough pairs
[M::mem_pestat] skip orientation RR as there are not enough pairs
[PB Info 2022-Nov-30 06:49:02] [M::mem_process_seqs_cpp] Processed 68836 reads in 375.293 CPU sec, 24.513 real sec
[PB Info 2022-Nov-30 06:49:02] [M::runCPUThreads] read 68846 sequences (130001881 bp)...
[PB Info 2022-Nov-30 06:49:15] 80428076	11780000000
[M::mem_pestat] # candidate unique pairs for (FF, FR, RF, RR): (0, 29853, 0, 0)
[M::mem_pestat] skip orientation FF as there are not enough pairs
[M::mem_pestat] analyzing insert size distribution for orientation FR...
[M::mem_pestat] (25, 50, 75) percentile: (153, 202, 268)
[M::mem_pestat] low and high boundaries for computing mean and std.dev: (1, 498)
[M::mem_pestat] mean and std.dev: (216.78, 84.54)
[M::mem_pestat] low and high boundaries for proper pairs: (1, 613)
[M::mem_pestat] skip orientation RF as there are not enough pairs
[M::mem_pestat] skip orientation RR as there are not enough pairs
[PB Info 2022-Nov-30 06:49:26] [M::mem_process_seqs_cpp] Processed 68846 reads in 379.493 CPU sec, 24.753 real sec
[PB Info 2022-Nov-30 06:49:26] [M::runCPUThreads] read 68836 sequences (140001984 bp)...
[PB Info 2022-Nov-30 06:49:33] 85456416	12510000000
[M::mem_pestat] # candidate unique pairs for (FF, FR, RF, RR): (0, 29872, 3, 0)
[M::mem_pestat] skip orientation FF as there are not enough pairs
[M::mem_pestat] analyzing insert size distribution for orientation FR...
[M::mem_pestat] (25, 50, 75) percentile: (153, 201, 268)
[M::mem_pestat] low and high boundaries for computing mean and std.dev: (1, 498)
[M::mem_pestat] mean and std.dev: (216.28, 85.27)
[M::mem_pestat] low and high boundaries for proper pairs: (1, 613)
[M::mem_pestat] skip orientation RF as there are not enough pairs
[M::mem_pestat] skip orientation RR as there are not enough pairs
[PB Info 2022-Nov-30 06:49:48] [M::mem_process_seqs_cpp] Processed 68836 reads in 333.053 CPU sec, 21.773 real sec
[PB Info 2022-Nov-30 06:49:48] [M::runCPUThreads] read 68970 sequences (150002104 bp)...
[PB Info 2022-Nov-30 06:49:52] 90485524	13230000000
[PB Info 2022-Nov-30 06:50:10] 95509822	13980000000
[M::mem_pestat] # candidate unique pairs for (FF, FR, RF, RR): (0, 29782, 4, 0)
[M::mem_pestat] skip orientation FF as there are not enough pairs
[M::mem_pestat] analyzing insert size distribution for orientation FR...
[M::mem_pestat] (25, 50, 75) percentile: (152, 201, 267)
[M::mem_pestat] low and high boundaries for computing mean and std.dev: (1, 497)
[M::mem_pestat] mean and std.dev: (215.41, 84.03)
[M::mem_pestat] low and high boundaries for proper pairs: (1, 612)
[M::mem_pestat] skip orientation RF as there are not enough pairs
[M::mem_pestat] skip orientation RR as there are not enough pairs
[PB Info 2022-Nov-30 06:50:17] [M::mem_process_seqs_cpp] Processed 68970 reads in 433.199 CPU sec, 28.287 real sec
[PB Info 2022-Nov-30 06:50:17] [M::runCPUThreads] read 68840 sequences (160002276 bp)...
[PB Info 2022-Nov-30 06:50:29] 100533942	14700000000
[M::mem_pestat] # candidate unique pairs for (FF, FR, RF, RR): (0, 29865, 4, 0)
[M::mem_pestat] skip orientation FF as there are not enough pairs
[M::mem_pestat] analyzing insert size distribution for orientation FR...
[M::mem_pestat] (25, 50, 75) percentile: (153, 203, 269)
[M::mem_pestat] low and high boundaries for computing mean and std.dev: (1, 501)
[M::mem_pestat] mean and std.dev: (216.94, 84.83)
[M::mem_pestat] low and high boundaries for proper pairs: (1, 617)
[M::mem_pestat] skip orientation RF as there are not enough pairs
[M::mem_pestat] skip orientation RR as there are not enough pairs
[PB Info 2022-Nov-30 06:50:41] [M::mem_process_seqs_cpp] Processed 68840 reads in 373.378 CPU sec, 24.410 real sec
[PB Info 2022-Nov-30 06:50:41] [M::runCPUThreads] read 68864 sequences (170002455 bp)...
[PB Info 2022-Nov-30 06:50:47] 105558158	15430000000
[M::mem_pestat] # candidate unique pairs for (FF, FR, RF, RR): (0, 29944, 0, 0)
[M::mem_pestat] skip orientation FF as there are not enough pairs
[M::mem_pestat] analyzing insert size distribution for orientation FR...
[M::mem_pestat] (25, 50, 75) percentile: (153, 202, 270)
[M::mem_pestat] low and high boundaries for computing mean and std.dev: (1, 504)
[M::mem_pestat] mean and std.dev: (216.69, 84.77)
[M::mem_pestat] low and high boundaries for proper pairs: (1, 621)
[M::mem_pestat] skip orientation RF as there are not enough pairs
[M::mem_pestat] skip orientation RR as there are not enough pairs
[PB Info 2022-Nov-30 06:51:04] [M::mem_process_seqs_cpp] Processed 68864 reads in 353.170 CPU sec, 23.109 real sec
[PB Info 2022-Nov-30 06:51:04] [M::runCPUThreads] read 68798 sequences (180002672 bp)...
[PB Info 2022-Nov-30 06:51:05] 110584276	16140000000
[PB Info 2022-Nov-30 06:51:24] 115610720	16890000000
[M::mem_pestat] # candidate unique pairs for (FF, FR, RF, RR): (0, 29804, 2, 0)
[M::mem_pestat] skip orientation FF as there are not enough pairs
[M::mem_pestat] analyzing insert size distribution for orientation FR...
[M::mem_pestat] (25, 50, 75) percentile: (154, 204, 271)
[M::mem_pestat] low and high boundaries for computing mean and std.dev: (1, 505)
[M::mem_pestat] mean and std.dev: (218.37, 85.93)
[M::mem_pestat] low and high boundaries for proper pairs: (1, 622)
[M::mem_pestat] skip orientation RF as there are not enough pairs
[M::mem_pestat] skip orientation RR as there are not enough pairs
[PB Info 2022-Nov-30 06:51:27] [M::mem_process_seqs_cpp] Processed 68798 reads in 343.695 CPU sec, 22.466 real sec
[PB Info 2022-Nov-30 06:51:27] [M::runCPUThreads] read 68946 sequences (190002824 bp)...
[PB Info 2022-Nov-30 06:51:42] 120638832	17620000000
[M::mem_pestat] # candidate unique pairs for (FF, FR, RF, RR): (0, 29855, 3, 0)
[M::mem_pestat] skip orientation FF as there are not enough pairs
[M::mem_pestat] analyzing insert size distribution for orientation FR...
[M::mem_pestat] (25, 50, 75) percentile: (151, 200, 266)
[M::mem_pestat] low and high boundaries for computing mean and std.dev: (1, 496)
[M::mem_pestat] mean and std.dev: (214.61, 83.94)
[M::mem_pestat] low and high boundaries for proper pairs: (1, 611)
[M::mem_pestat] skip orientation RF as there are not enough pairs
[M::mem_pestat] skip orientation RR as there are not enough pairs
[PB Info 2022-Nov-30 06:51:49] [M::mem_process_seqs_cpp] Processed 68946 reads in 346.284 CPU sec, 22.627 real sec
[PB Info 2022-Nov-30 06:51:49] [M::runCPUThreads] read 68868 sequences (200003035 bp)...
[M::mem_pestat] # candidate unique pairs for (FF, FR, RF, RR): (0, 30016, 1, 0)
[M::mem_pestat] skip orientation FF as there are not enough pairs
[M::mem_pestat] analyzing insert size distribution for orientation FR...
[M::mem_pestat] (25, 50, 75) percentile: (153, 201, 268)
[M::mem_pestat] low and high boundaries for computing mean and std.dev: (1, 498)
[M::mem_pestat] mean and std.dev: (215.91, 84.10)
[M::mem_pestat] low and high boundaries for proper pairs: (1, 613)
[M::mem_pestat] skip orientation RF as there are not enough pairs
[M::mem_pestat] skip orientation RR as there are not enough pairs
[PB Info 2022-Nov-30 06:52:11] [M::mem_process_seqs_cpp] Processed 68868 reads in 287.706 CPU sec, 21.691 real sec
[PB Info 2022-Nov-30 06:52:11] [M::runCPUThreads] read 68844 sequences (210003158 bp)...
[M::mem_pestat] # candidate unique pairs for (FF, FR, RF, RR): (0, 29822, 2, 0)
[M::mem_pestat] skip orientation FF as there are not enough pairs
[M::mem_pestat] analyzing insert size distribution for orientation FR...
[M::mem_pestat] (25, 50, 75) percentile: (154, 204, 272)
[M::mem_pestat] low and high boundaries for computing mean and std.dev: (1, 508)
[M::mem_pestat] mean and std.dev: (218.39, 86.35)
[M::mem_pestat] low and high boundaries for proper pairs: (1, 626)
[M::mem_pestat] skip orientation RF as there are not enough pairs
[M::mem_pestat] skip orientation RR as there are not enough pairs
[PB Info 2022-Nov-30 06:52:35] [M::mem_process_seqs_cpp] Processed 68844 reads in 306.859 CPU sec, 23.665 real sec
[PB Info 2022-Nov-30 06:52:35] [M::runCPUThreads] read 68874 sequences (220003185 bp)...
[M::mem_pestat] # candidate unique pairs for (FF, FR, RF, RR): (0, 29686, 1, 0)
[M::mem_pestat] skip orientation FF as there are not enough pairs
[M::mem_pestat] analyzing insert size distribution for orientation FR...
[M::mem_pestat] (25, 50, 75) percentile: (153, 202, 268)
[M::mem_pestat] low and high boundaries for computing mean and std.dev: (1, 498)
[M::mem_pestat] mean and std.dev: (216.60, 84.55)
[M::mem_pestat] low and high boundaries for proper pairs: (1, 613)
[M::mem_pestat] skip orientation RF as there are not enough pairs
[M::mem_pestat] skip orientation RR as there are not enough pairs
[PB Info 2022-Nov-30 06:52:59] [M::mem_process_seqs_cpp] Processed 68874 reads in 313.882 CPU sec, 24.210 real sec
[PB Info 2022-Nov-30 06:52:59] [M::runCPUThreads] read 68856 sequences (230003411 bp)...
[M::mem_pestat] # candidate unique pairs for (FF, FR, RF, RR): (0, 29859, 2, 0)
[M::mem_pestat] skip orientation FF as there are not enough pairs
[M::mem_pestat] analyzing insert size distribution for orientation FR...
[M::mem_pestat] (25, 50, 75) percentile: (153, 202, 269)
[M::mem_pestat] low and high boundaries for computing mean and std.dev: (1, 501)
[M::mem_pestat] mean and std.dev: (217.15, 85.36)
[M::mem_pestat] low and high boundaries for proper pairs: (1, 617)
[M::mem_pestat] skip orientation RF as there are not enough pairs
[M::mem_pestat] skip orientation RR as there are not enough pairs
[PB Info 2022-Nov-30 06:53:20] [M::mem_process_seqs_cpp] Processed 68856 reads in 277.014 CPU sec, 21.365 real sec
[PB Info 2022-Nov-30 06:53:20] [M::runCPUThreads] read 68868 sequences (240003440 bp)...
[M::mem_pestat] # candidate unique pairs for (FF, FR, RF, RR): (0, 29930, 3, 0)
[M::mem_pestat] skip orientation FF as there are not enough pairs
[M::mem_pestat] analyzing insert size distribution for orientation FR...
[M::mem_pestat] (25, 50, 75) percentile: (154, 202, 271)
[M::mem_pestat] low and high boundaries for computing mean and std.dev: (1, 505)
[M::mem_pestat] mean and std.dev: (217.69, 85.59)
[M::mem_pestat] low and high boundaries for proper pairs: (1, 622)
[M::mem_pestat] skip orientation RF as there are not enough pairs
[M::mem_pestat] skip orientation RR as there are not enough pairs
[PB Info 2022-Nov-30 06:53:41] [M::mem_process_seqs_cpp] Processed 68868 reads in 271.510 CPU sec, 20.942 real sec
[PB Info 2022-Nov-30 06:53:41] [M::runCPUThreads] read 68948 sequences (250003643 bp)...
[M::mem_pestat] # candidate unique pairs for (FF, FR, RF, RR): (0, 29766, 3, 0)
[M::mem_pestat] skip orientation FF as there are not enough pairs
[M::mem_pestat] analyzing insert size distribution for orientation FR...
[M::mem_pestat] (25, 50, 75) percentile: (152, 200, 266)
[M::mem_pestat] low and high boundaries for computing mean and std.dev: (1, 494)
[M::mem_pestat] mean and std.dev: (214.84, 83.51)
[M::mem_pestat] low and high boundaries for proper pairs: (1, 608)
[M::mem_pestat] skip orientation RF as there are not enough pairs
[M::mem_pestat] skip orientation RR as there are not enough pairs
[PB Info 2022-Nov-30 06:54:02] [M::mem_process_seqs_cpp] Processed 68948 reads in 273.295 CPU sec, 21.077 real sec
[PB Info 2022-Nov-30 06:54:02] [M::runCPUThreads] read 68866 sequences (260003754 bp)...
[M::mem_pestat] # candidate unique pairs for (FF, FR, RF, RR): (0, 29921, 2, 0)
[M::mem_pestat] skip orientation FF as there are not enough pairs
[M::mem_pestat] analyzing insert size distribution for orientation FR...
[M::mem_pestat] (25, 50, 75) percentile: (153, 202, 270)
[M::mem_pestat] low and high boundaries for computing mean and std.dev: (1, 504)
[M::mem_pestat] mean and std.dev: (217.28, 85.66)
[M::mem_pestat] low and high boundaries for proper pairs: (1, 621)
[M::mem_pestat] skip orientation RF as there are not enough pairs
[M::mem_pestat] skip orientation RR as there are not enough pairs
[PB Info 2022-Nov-30 06:54:25] [M::mem_process_seqs_cpp] Processed 68866 reads in 293.147 CPU sec, 22.608 real sec
[PB Info 2022-Nov-30 06:54:25] [M::runCPUThreads] read 68894 sequences (270003947 bp)...
[M::mem_pestat] # candidate unique pairs for (FF, FR, RF, RR): (0, 29785, 2, 0)
[M::mem_pestat] skip orientation FF as there are not enough pairs
[M::mem_pestat] analyzing insert size distribution for orientation FR...
[M::mem_pestat] (25, 50, 75) percentile: (151, 200, 268)
[M::mem_pestat] low and high boundaries for computing mean and std.dev: (1, 502)
[M::mem_pestat] mean and std.dev: (215.61, 85.37)
[M::mem_pestat] low and high boundaries for proper pairs: (1, 619)
[M::mem_pestat] skip orientation RF as there are not enough pairs
[M::mem_pestat] skip orientation RR as there are not enough pairs
[PB Info 2022-Nov-30 06:54:46] [M::mem_process_seqs_cpp] Processed 68894 reads in 276.326 CPU sec, 21.310 real sec
[PB Info 2022-Nov-30 06:54:46] [M::runCPUThreads] read 68800 sequences (280004222 bp)...
[M::mem_pestat] # candidate unique pairs for (FF, FR, RF, RR): (0, 29866, 5, 0)
[M::mem_pestat] skip orientation FF as there are not enough pairs
[M::mem_pestat] analyzing insert size distribution for orientation FR...
[M::mem_pestat] (25, 50, 75) percentile: (153, 202, 270)
[M::mem_pestat] low and high boundaries for computing mean and std.dev: (1, 504)
[M::mem_pestat] mean and std.dev: (217.40, 85.17)
[M::mem_pestat] low and high boundaries for proper pairs: (1, 621)
[M::mem_pestat] skip orientation RF as there are not enough pairs
[M::mem_pestat] skip orientation RR as there are not enough pairs
[PB Info 2022-Nov-30 06:55:07] [M::mem_process_seqs_cpp] Processed 68800 reads in 273.284 CPU sec, 21.076 real sec
[PB Info 2022-Nov-30 06:55:07] [M::runCPUThreads] read 68954 sequences (290004314 bp)...
[M::mem_pestat] # candidate unique pairs for (FF, FR, RF, RR): (0, 29869, 2, 0)
[M::mem_pestat] skip orientation FF as there are not enough pairs
[M::mem_pestat] analyzing insert size distribution for orientation FR...
[M::mem_pestat] (25, 50, 75) percentile: (153, 202, 268)
[M::mem_pestat] low and high boundaries for computing mean and std.dev: (1, 498)
[M::mem_pestat] mean and std.dev: (215.94, 84.01)
[M::mem_pestat] low and high boundaries for proper pairs: (1, 613)
[M::mem_pestat] skip orientation RF as there are not enough pairs
[M::mem_pestat] skip orientation RR as there are not enough pairs
[PB Info 2022-Nov-30 06:55:31] [M::mem_process_seqs_cpp] Processed 68954 reads in 150.252 CPU sec, 23.808 real sec
[PB Info 2022-Nov-30 06:55:43] 
GPU-BWA Mem time: 697.269621 seconds
[PB Info 2022-Nov-30 06:55:43] GPU-BWA Mem is finished.


[main] CMD: PARABRICKS mem -Z ./pbOpts.txt /NGS/clinicalgenomics/public_data/gatk_resource_bundle/b37/human_g1k_v37_decoy.fasta /NGS/humangenomics/active/2022/run/hyperparathyroid_analysis_20221102/results/03_pipeline_runs/cohort/human_genomics_pipeline/results/trimmed/21CG0019_1_val_1.fq.gz /NGS/humangenomics/active/2022/run/hyperparathyroid_analysis_20221102/results/03_pipeline_runs/cohort/human_genomics_pipeline/results/trimmed/21CG0019_2_val_2.fq.gz @RG\tID:HF22WBGXG.1\tLB:lib1\tPL:bar\tSM:21CG0019\tPU:HF22WBGXG.1
[main] Real time: 703.667 sec; CPU: 9766.363 sec
[PB Info 2022-Nov-30 06:55:43] ------------------------------------------------------------------------------
[PB Info 2022-Nov-30 06:55:43] ||        Program:                      GPU-BWA mem, Sorting Phase-I        ||
[PB Info 2022-Nov-30 06:55:43] ||        Version:                                           3.8.0-1        ||
[PB Info 2022-Nov-30 06:55:43] ||        Start Time:                       Wed Nov 30 06:43:57 2022        ||
[PB Info 2022-Nov-30 06:55:43] ||        End Time:                         Wed Nov 30 06:55:43 2022        ||
[PB Info 2022-Nov-30 06:55:43] ||        Total Time:                          11 minutes 46 seconds        ||
[PB Info 2022-Nov-30 06:55:43] ------------------------------------------------------------------------------
[PB Info 2022-Nov-30 06:55:47] ------------------------------------------------------------------------------
[PB Info 2022-Nov-30 06:55:47] ||                 Parabricks accelerated Genomics Pipeline                 ||
[PB Info 2022-Nov-30 06:55:47] ||                              Version 3.8.0-1                             ||
[PB Info 2022-Nov-30 06:55:47] ||                             Sorting Phase-II                             ||
[PB Info 2022-Nov-30 06:55:47] ||                  Contact: Parabricks-Support@nvidia.com                  ||
[PB Info 2022-Nov-30 06:55:47] ------------------------------------------------------------------------------
[PB Info 2022-Nov-30 06:55:47] progressMeter - Percentage
[PB Info 2022-Nov-30 06:55:47] 0.0	 0.00 GB
[PB Info 2022-Nov-30 06:55:57] 72.4	 0.00 GB
[PB Info 2022-Nov-30 06:56:07] Sorting and Marking: 20.002 seconds
[PB Info 2022-Nov-30 06:56:07] ------------------------------------------------------------------------------
[PB Info 2022-Nov-30 06:56:07] ||        Program:                                  Sorting Phase-II        ||
[PB Info 2022-Nov-30 06:56:07] ||        Version:                                           3.8.0-1        ||
[PB Info 2022-Nov-30 06:56:07] ||        Start Time:                       Wed Nov 30 06:55:47 2022        ||
[PB Info 2022-Nov-30 06:56:07] ||        End Time:                         Wed Nov 30 06:56:07 2022        ||
[PB Info 2022-Nov-30 06:56:07] ||        Total Time:                                     20 seconds        ||
[PB Info 2022-Nov-30 06:56:07] ------------------------------------------------------------------------------
[PB Info 2022-Nov-30 06:56:08] ------------------------------------------------------------------------------
[PB Info 2022-Nov-30 06:56:08] ||                 Parabricks accelerated Genomics Pipeline                 ||
[PB Info 2022-Nov-30 06:56:08] ||                              Version 3.8.0-1                             ||
[PB Info 2022-Nov-30 06:56:08] ||                         Marking Duplicates, BQSR                         ||
[PB Info 2022-Nov-30 06:56:08] ||                  Contact: Parabricks-Support@nvidia.com                  ||
[PB Info 2022-Nov-30 06:56:08] ------------------------------------------------------------------------------
[PB Info 2022-Nov-30 06:56:10] progressMeter -	Percentage
[PB Info 2022-Nov-30 06:56:20] 0.0	 18.05 GB
[PB Info 2022-Nov-30 06:56:30] 0.0	 36.30 GB
[PB Info 2022-Nov-30 06:56:40] 0.0	 49.33 GB
[PB Info 2022-Nov-30 06:56:50] 0.0	 50.86 GB
[PB Info 2022-Nov-30 06:57:00] 0.0	 50.86 GB
[PB Info 2022-Nov-30 06:57:10] 0.0	 50.86 GB
[PB Info 2022-Nov-30 06:57:20] 0.0	 50.86 GB
[PB Info 2022-Nov-30 06:57:30] 0.0	 50.86 GB
[PB Info 2022-Nov-30 06:57:40] 0.0	 50.86 GB
[PB Info 2022-Nov-30 06:57:50] 0.0	 50.86 GB
[PB Info 2022-Nov-30 06:58:00] 0.0	 50.86 GB
[PB Info 2022-Nov-30 06:58:10] 0.0	 50.86 GB
[PB Info 2022-Nov-30 06:58:20] 0.0	 50.86 GB
[PB Info 2022-Nov-30 06:58:30] 0.0	 50.86 GB
[PB Info 2022-Nov-30 06:58:40] 0.0	 50.86 GB
[PB Info 2022-Nov-30 06:58:50] 11.9	 43.58 GB
[PB Info 2022-Nov-30 06:59:00] 29.3	 35.49 GB
[PB Info 2022-Nov-30 06:59:10] 46.3	 27.29 GB
[PB Info 2022-Nov-30 06:59:20] 62.7	 18.66 GB
[PB Info 2022-Nov-30 06:59:30] 78.7	 9.92 GB
[PB Info 2022-Nov-30 06:59:40] 92.4	 1.23 GB
[PB Info 2022-Nov-30 06:59:50] 100.0	 0.00 GB
[PB Info 2022-Nov-30 06:59:50] BQSR and writing final BAM:  220.159 seconds
[PB Info 2022-Nov-30 06:59:50] ------------------------------------------------------------------------------
[PB Info 2022-Nov-30 06:59:50] ||        Program:                          Marking Duplicates, BQSR        ||
[PB Info 2022-Nov-30 06:59:50] ||        Version:                                           3.8.0-1        ||
[PB Info 2022-Nov-30 06:59:50] ||        Start Time:                       Wed Nov 30 06:56:08 2022        ||
[PB Info 2022-Nov-30 06:59:50] ||        End Time:                         Wed Nov 30 06:59:50 2022        ||
[PB Info 2022-Nov-30 06:59:50] ||        Total Time:                           3 minutes 42 seconds        ||
[PB Info 2022-Nov-30 06:59:50] ------------------------------------------------------------------------------
Namespace(append=None, bwa_options=None, fix_mate=None, fq_list=None, gpu_devices='all', in_fq=[['/NGS/humangenomics/active/2022/run/hyperparathyroid_analysis_20221102/results/03_pipeline_runs/cohort/human_genomics_pipeline/results/trimmed/21CG0019_1_val_1.fq.gz', '/NGS/humangenomics/active/2022/run/hyperparathyroid_analysis_20221102/results/03_pipeline_runs/cohort/human_genomics_pipeline/results/trimmed/21CG0019_2_val_2.fq.gz', '@RG\\tID:HF22WBGXG.1\\tLB:lib1\\tPL:bar\\tSM:21CG0019\\tPU:HF22WBGXG.1']], in_fq_list=None, in_se_fq=None, interval=None, interval_file=None, interval_padding=None, keep_tmp=None, knownSites=['/NGS/clinicalgenomics/public_data/gatk_resource_bundle/b37/dbsnp_138.b37.vcf', '/NGS/clinicalgenomics/public_data/gatk_resource_bundle/b37/Mills_and_1000G_gold_standard.indels.b37.vcf', '/NGS/clinicalgenomics/public_data/gatk_resource_bundle/b37/1000G_phase1.indels.b37.vcf'], license_file=None, logfile=None, markdups_assume_sortorder_queryname=None, markdups_picard_version_2182=None, memory_limit=251, no_markdups=None, no_seccomp_override=None, no_warnings=None, num_cpu_threads=1, num_gpus=2, optical_duplicate_pixel_distance=None, out_bam='/NGS/humangenomics/active/2022/run/hyperparathyroid_analysis_20221102/results/03_pipeline_runs/cohort/human_genomics_pipeline/results/mapped/21CG0019_recalibrated.bam', out_duplicate_metrics=None, out_qc_metrics_dir=None, out_recal_file='/NGS/humangenomics/active/2022/run/hyperparathyroid_analysis_20221102/results/03_pipeline_runs/cohort/human_genomics_pipeline/results/mapped/21CG0019_recal.txt', read_group_id_prefix=None, read_group_lb=None, read_group_pl=None, read_group_sm=None, ref='/NGS/clinicalgenomics/public_data/gatk_resource_bundle/b37/human_g1k_v37_decoy.fasta', standalone_bqsr=None, tmp_dir='/NGS/humangenomics/active/tmp/9NSWMPNX', verbose=None, version=None, with_petagene_dir=None, x1=None, x2=None, x3=None, x4=None, x5=None)
[PB Info 2022-Nov-30 07:00:48] ------------------------------------------------------------------------------
[PB Info 2022-Nov-30 07:00:48] ||                 Parabricks accelerated Genomics Pipeline                 ||
[PB Info 2022-Nov-30 07:00:48] ||                              Version 3.8.0-1                             ||
[PB Info 2022-Nov-30 07:00:48] ||                         GPU-GATK4 HaplotypeCaller                        ||
[PB Info 2022-Nov-30 07:00:48] ||                  Contact: Parabricks-Support@nvidia.com                  ||
[PB Info 2022-Nov-30 07:00:48] ------------------------------------------------------------------------------
[PB Info 2022-Nov-30 07:01:11] 0 /NGS/humangenomics/active/2022/run/hyperparathyroid_analysis_20221102/results/03_pipeline_runs/cohort/human_genomics_pipeline/results/mapped/21CG0019_recalibrated.bam/NGS/humangenomics/active/2022/run/hyperparathyroid_analysis_20221102/results/03_pipeline_runs/cohort/human_genomics_pipeline/results/called/21CG0019_raw_snps_indels_tmp.g.vcf
[PB Info 2022-Nov-30 07:01:11] ProgressMeter -	Current-Locus	Elapsed-Minutes	Regions-Processed	Regions/Minute
[PB Info 2022-Nov-30 07:01:21] 1:16891201	0.2	140287	841722
[PB Info 2022-Nov-30 07:01:31] 1:52699201	0.3	370091	1110273
[PB Info 2022-Nov-30 07:01:41] 1:114936001	0.5	719463	1438926
[PB Info 2022-Nov-30 07:01:51] 1:161592001	0.7	867575	1301362
[PB Info 2022-Nov-30 07:02:01] 1:216220801	0.8	1169668	1403599
[PB Info 2022-Nov-30 07:02:11] 2:20308801	1.0	1473663	1473663
[PB Info 2022-Nov-30 07:02:21] 2:71260801	1.2	1765076	1512918
[PB Info 2022-Nov-30 07:02:31] 2:130934401	1.3	2074879	1556157
[PB Info 2022-Nov-30 07:02:41] 2:183993601	1.5	2384901	1589934
[PB Info 2022-Nov-30 07:02:51] 2:239251201	1.7	2673733	1604239
[PB Info 2022-Nov-30 07:03:01] 3:49027201	1.8	2971716	1620936
[PB Info 2022-Nov-30 07:03:11] 3:115324801	2.0	3328798	1664394
[PB Info 2022-Nov-30 07:03:21] 3:172329601	2.2	3644374	1682016
[PB Info 2022-Nov-30 07:03:31] 4:18230401	2.3	3904929	1673538
[PB Info 2022-Nov-30 07:03:41] 4:88896001	2.5	4263950	1705578
[PB Info 2022-Nov-30 07:03:51] 4:162307201	2.7	4642651	1740994
[PB Info 2022-Nov-30 07:04:01] 5:44265601	2.8	5045919	1780912
[PB Info 2022-Nov-30 07:04:11] 5:116131201	3.0	5399815	1799938
[PB Info 2022-Nov-30 07:04:21] 5:171081601	3.2	5702660	1800840
[PB Info 2022-Nov-30 07:04:31] 6:31243201	3.3	5946544	1783963
[PB Info 2022-Nov-30 07:04:41] 6:82459201	3.5	6227780	1779365
[PB Info 2022-Nov-30 07:04:51] 6:151219201	3.7	6588881	1796965
[PB Info 2022-Nov-30 07:05:01] 7:38366401	3.8	6926266	1806852
[PB Info 2022-Nov-30 07:05:11] 7:99312001	4.0	7247577	1811893
[PB Info 2022-Nov-30 07:05:21] 7:144057601	4.2	7522614	1805427
[PB Info 2022-Nov-30 07:05:31] 8:38692801	4.3	7820033	1804621
[PB Info 2022-Nov-30 07:05:41] 8:110654401	4.5	8211485	1824774
[PB Info 2022-Nov-30 07:05:51] 9:32707201	4.7	8558136	1833886
[PB Info 2022-Nov-30 07:06:01] 9:112963201	4.8	8874647	1836133
[PB Info 2022-Nov-30 07:06:11] 10:13372801	5.0	9136736	1827347
[PB Info 2022-Nov-30 07:06:21] 10:73987201	5.2	9451818	1829384
[PB Info 2022-Nov-30 07:06:31] 10:124694401	5.3	9759540	1829913
[PB Info 2022-Nov-30 07:06:41] 11:31348801	5.5	9992767	1816866
[PB Info 2022-Nov-30 07:06:51] 11:71846401	5.7	10218329	1803234
[PB Info 2022-Nov-30 07:07:01] 11:124252801	5.8	10523447	1804019
[PB Info 2022-Nov-30 07:07:11] 12:32904001	6.0	10778836	1796472
[PB Info 2022-Nov-30 07:07:21] 12:65812801	6.2	10945817	1774996
[PB Info 2022-Nov-30 07:07:31] 12:121161601	6.3	11260178	1777921
[PB Info 2022-Nov-30 07:07:41] 13:46704001	6.5	11512332	1771128
[PB Info 2022-Nov-30 07:07:51] 14:23817601	6.7	11892809	1783921
[PB Info 2022-Nov-30 07:08:01] 14:78172801	6.8	12211586	1787060
[PB Info 2022-Nov-30 07:08:11] 15:35217601	7.0	12460612	1780087
[PB Info 2022-Nov-30 07:08:21] 15:74496001	7.2	12693187	1771142
[PB Info 2022-Nov-30 07:08:31] 16:14971201	7.3	12962893	1767667
[PB Info 2022-Nov-30 07:08:41] 16:67286401	7.5	13208728	1761162
[PB Info 2022-Nov-30 07:08:51] 17:8966401	7.7	13427370	1751396
[PB Info 2022-Nov-30 07:09:01] 17:41323201	7.8	13616738	1738306
[PB Info 2022-Nov-30 07:09:11] 17:76756801	8.0	13853602	1731700
[PB Info 2022-Nov-30 07:09:21] 18:53251201	8.2	14161957	1734117
[PB Info 2022-Nov-30 07:09:31] 19:12931201	8.3	14396349	1727561
[PB Info 2022-Nov-30 07:09:41] 19:42844801	8.5	14585657	1715959
[PB Info 2022-Nov-30 07:09:51] 19:58195201	8.7	14703695	1696580
[PB Info 2022-Nov-30 07:10:01] 20:49507201	8.8	14995259	1697575
[PB Info 2022-Nov-30 07:10:11] 22:18081601	9.0	15284387	1698265
[PB Info 2022-Nov-30 07:10:21] 22:50712001	9.2	15499328	1690835
[PB Info 2022-Nov-30 07:10:31] X:104908801	9.3	15997145	1713979
[PB Info 2022-Nov-30 07:10:41] hs37d5:16041601	9.5	16384714	1724706
[PB Info 2022-Nov-30 07:10:52] Total time taken: 580.789678
[PB Info 2022-Nov-30 07:10:52] ------------------------------------------------------------------------------
[PB Info 2022-Nov-30 07:10:52] ||        Program:                         GPU-GATK4 HaplotypeCaller        ||
[PB Info 2022-Nov-30 07:10:52] ||        Version:                                           3.8.0-1        ||
[PB Info 2022-Nov-30 07:10:52] ||        Start Time:                       Wed Nov 30 07:00:48 2022        ||
[PB Info 2022-Nov-30 07:10:52] ||        End Time:                         Wed Nov 30 07:10:52 2022        ||
[PB Info 2022-Nov-30 07:10:52] ||        Total Time:                           10 minutes 4 seconds        ||
[PB Info 2022-Nov-30 07:10:52] ------------------------------------------------------------------------------
/usr/local/cuda/.pb/binaries//bin/htvc /NGS/clinicalgenomics/public_data/gatk_resource_bundle/b37/human_g1k_v37_decoy.fasta /NGS/humangenomics/active/2022/run/hyperparathyroid_analysis_20221102/results/03_pipeline_runs/cohort/human_genomics_pipeline/results/mapped/21CG0019_recalibrated.bam 2 -o /NGS/humangenomics/active/2022/run/hyperparathyroid_analysis_20221102/results/03_pipeline_runs/cohort/human_genomics_pipeline/results/called/21CG0019_raw_snps_indels_tmp.g.vcf -nt 5 -a /NGS/humangenomics/active/2022/run/hyperparathyroid_analysis_20221102/results/03_pipeline_runs/cohort/human_genomics_pipeline/results/mapped/21CG0019_recal.txt -g

