Please visit https://docs.nvidia.com/clara/#parabricks for detailed documentation


[Parabricks Options Mesg]: Automatically generating ID prefix
[Parabricks Options Mesg]: Read group created for /NGS/humangenomics/active/2022/run/hyperparathyroid_analysis_20221102/
results/03_pipeline_runs/cohort/human_genomics_pipeline/results/trimmed/21CG0038_1_val_1.fq.gz and /NGS/humangenomics/ac
tive/2022/run/hyperparathyroid_analysis_20221102/results/03_pipeline_runs/cohort/human_genomics_pipeline/results/trimmed
/21CG0038_2_val_2.fq.gz
[Parabricks Options Mesg]: @RG\tID:HJTGHBGXJ.1\tLB:lib1\tPL:bar\tSM:21CG0038\tPU:HJTGHBGXJ.1

[Parabricks Options Mesg]: Checking argument compatibility
[Parabricks Options Mesg]: Read group created for /NGS/humangenomics/active/2022/run/hyperparathyroid_analysis_20221102/
results/03_pipeline_runs/cohort/human_genomics_pipeline/results/trimmed/21CG0038_1_val_1.fq.gz and /NGS/humangenomics/ac
tive/2022/run/hyperparathyroid_analysis_20221102/results/03_pipeline_runs/cohort/human_genomics_pipeline/results/trimmed
/21CG0038_2_val_2.fq.gz
[Parabricks Options Mesg]: @RG\tID:HJTGHBGXJ.1\tLB:lib1\tPL:bar\tSM:21CG0038\tPU:HJTGHBGXJ.1
[PB Info 2022-Nov-30 13:46:02] ------------------------------------------------------------------------------
[PB Info 2022-Nov-30 13:46:02] ||                 Parabricks accelerated Genomics Pipeline                 ||
[PB Info 2022-Nov-30 13:46:02] ||                              Version 3.8.0-1                             ||
[PB Info 2022-Nov-30 13:46:02] ||                       GPU-BWA mem, Sorting Phase-I                       ||
[PB Info 2022-Nov-30 13:46:02] ||                  Contact: Parabricks-Support@nvidia.com                  ||
[PB Info 2022-Nov-30 13:46:02] ------------------------------------------------------------------------------
[M::bwa_idx_load_from_disk] read 0 ALT contigs
[PB Info 2022-Nov-30 13:46:12] GPU-BWA mem
[PB Info 2022-Nov-30 13:46:12] ProgressMeter	Reads		Base Pairs Aligned
[PB Info 2022-Nov-30 13:46:22] [M::runCPUThreads] read 67962 sequences (10000011 bp)...
[PB Info 2022-Nov-30 13:46:43] 5032494		840000000
[M::mem_pestat] # candidate unique pairs for (FF, FR, RF, RR): (0, 29574, 1, 0)
[M::mem_pestat] skip orientation FF as there are not enough pairs
[M::mem_pestat] analyzing insert size distribution for orientation FR...
[M::mem_pestat] (25, 50, 75) percentile: (165, 209, 269)
[M::mem_pestat] low and high boundaries for computing mean and std.dev: (1, 477)
[M::mem_pestat] mean and std.dev: (221.04, 76.78)
[M::mem_pestat] low and high boundaries for proper pairs: (1, 581)
[M::mem_pestat] skip orientation RF as there are not enough pairs
[M::mem_pestat] skip orientation RR as there are not enough pairs
[PB Info 2022-Nov-30 13:46:50] [M::mem_process_seqs_cpp] Processed 67962 reads in 432.360 CPU sec, 28.247 real sec
[PB Info 2022-Nov-30 13:46:50] [M::runCPUThreads] read 67996 sequences (20000255 bp)...
[PB Info 2022-Nov-30 13:47:02] 10065936	1580000000
[M::mem_pestat] # candidate unique pairs for (FF, FR, RF, RR): (0, 29418, 1, 0)
[M::mem_pestat] skip orientation FF as there are not enough pairs
[M::mem_pestat] analyzing insert size distribution for orientation FR...
[M::mem_pestat] (25, 50, 75) percentile: (164, 209, 269)
[M::mem_pestat] low and high boundaries for computing mean and std.dev: (1, 479)
[M::mem_pestat] mean and std.dev: (220.98, 77.17)
[M::mem_pestat] low and high boundaries for proper pairs: (1, 584)
[M::mem_pestat] skip orientation RF as there are not enough pairs
[M::mem_pestat] skip orientation RR as there are not enough pairs
[PB Info 2022-Nov-30 13:47:17] [M::mem_process_seqs_cpp] Processed 67996 reads in 405.492 CPU sec, 26.271 real sec
[PB Info 2022-Nov-30 13:47:17] [M::runCPUThreads] read 67946 sequences (30000440 bp)...
[PB Info 2022-Nov-30 13:47:22] 15101058	2310000000
[PB Info 2022-Nov-30 13:47:41] 20135900	3050000000
[M::mem_pestat] # candidate unique pairs for (FF, FR, RF, RR): (0, 29428, 4, 0)
[M::mem_pestat] skip orientation FF as there are not enough pairs
[M::mem_pestat] analyzing insert size distribution for orientation FR...
[M::mem_pestat] (25, 50, 75) percentile: (164, 209, 269)
[M::mem_pestat] low and high boundaries for computing mean and std.dev: (1, 479)
[M::mem_pestat] mean and std.dev: (221.14, 77.20)
[M::mem_pestat] low and high boundaries for proper pairs: (1, 584)
[M::mem_pestat] skip orientation RF as there are not enough pairs
[M::mem_pestat] skip orientation RR as there are not enough pairs
[PB Info 2022-Nov-30 13:47:44] [M::mem_process_seqs_cpp] Processed 67946 reads in 424.468 CPU sec, 27.582 real sec
[PB Info 2022-Nov-30 13:47:44] [M::runCPUThreads] read 67962 sequences (40000698 bp)...
[PB Info 2022-Nov-30 13:48:01] 25170598	3790000000
[M::mem_pestat] # candidate unique pairs for (FF, FR, RF, RR): (0, 29297, 2, 0)
[M::mem_pestat] skip orientation FF as there are not enough pairs
[M::mem_pestat] analyzing insert size distribution for orientation FR...
[M::mem_pestat] (25, 50, 75) percentile: (164, 210, 271)
[M::mem_pestat] low and high boundaries for computing mean and std.dev: (1, 485)
[M::mem_pestat] mean and std.dev: (222.45, 78.41)
[M::mem_pestat] low and high boundaries for proper pairs: (1, 592)
[M::mem_pestat] skip orientation RF as there are not enough pairs
[M::mem_pestat] skip orientation RR as there are not enough pairs
[PB Info 2022-Nov-30 13:48:12] [M::mem_process_seqs_cpp] Processed 67962 reads in 417.139 CPU sec, 27.208 real sec
[PB Info 2022-Nov-30 13:48:12] [M::runCPUThreads] read 67970 sequences (50000729 bp)...
[PB Info 2022-Nov-30 13:48:20] 30205168	4510000000
[M::mem_pestat] # candidate unique pairs for (FF, FR, RF, RR): (0, 29506, 1, 0)
[M::mem_pestat] skip orientation FF as there are not enough pairs
[M::mem_pestat] analyzing insert size distribution for orientation FR...
[M::mem_pestat] (25, 50, 75) percentile: (164, 209, 268)
[M::mem_pestat] low and high boundaries for computing mean and std.dev: (1, 476)
[M::mem_pestat] mean and std.dev: (220.42, 77.05)
[M::mem_pestat] low and high boundaries for proper pairs: (1, 580)
[M::mem_pestat] skip orientation RF as there are not enough pairs
[M::mem_pestat] skip orientation RR as there are not enough pairs
[PB Info 2022-Nov-30 13:48:39] [M::mem_process_seqs_cpp] Processed 67970 reads in 412.138 CPU sec, 26.960 real sec
[PB Info 2022-Nov-30 13:48:39] [M::runCPUThreads] read 67958 sequences (60000740 bp)...
[PB Info 2022-Nov-30 13:48:40] 35236692	5280000000
[PB Info 2022-Nov-30 13:48:59] 40267736	6030000000
[M::mem_pestat] # candidate unique pairs for (FF, FR, RF, RR): (0, 29291, 1, 1)
[M::mem_pestat] skip orientation FF as there are not enough pairs
[M::mem_pestat] analyzing insert size distribution for orientation FR...
[M::mem_pestat] (25, 50, 75) percentile: (164, 209, 269)
[M::mem_pestat] low and high boundaries for computing mean and std.dev: (1, 479)
[M::mem_pestat] mean and std.dev: (221.07, 77.69)
[M::mem_pestat] low and high boundaries for proper pairs: (1, 584)
[M::mem_pestat] skip orientation RF as there are not enough pairs
[M::mem_pestat] skip orientation RR as there are not enough pairs
[PB Info 2022-Nov-30 13:49:05] [M::mem_process_seqs_cpp] Processed 67958 reads in 406.140 CPU sec, 26.564 real sec
[PB Info 2022-Nov-30 13:49:05] [M::runCPUThreads] read 67934 sequences (70000766 bp)...
[PB Info 2022-Nov-30 13:49:17] 45299888	6760000000
[M::mem_pestat] # candidate unique pairs for (FF, FR, RF, RR): (0, 29376, 5, 0)
[M::mem_pestat] skip orientation FF as there are not enough pairs
[M::mem_pestat] analyzing insert size distribution for orientation FR...
[M::mem_pestat] (25, 50, 75) percentile: (165, 209, 268)
[M::mem_pestat] low and high boundaries for computing mean and std.dev: (1, 474)
[M::mem_pestat] mean and std.dev: (220.90, 76.31)
[M::mem_pestat] low and high boundaries for proper pairs: (1, 577)
[M::mem_pestat] skip orientation RF as there are not enough pairs
[M::mem_pestat] skip orientation RR as there are not enough pairs
[PB Info 2022-Nov-30 13:49:31] [M::mem_process_seqs_cpp] Processed 67934 reads in 389.473 CPU sec, 25.494 real sec
[PB Info 2022-Nov-30 13:49:31] [M::runCPUThreads] read 68000 sequences (80000955 bp)...
[PB Info 2022-Nov-30 13:49:36] 50332030	7490000000
[PB Info 2022-Nov-30 13:49:55] 55364602	8240000000
[M::mem_pestat] # candidate unique pairs for (FF, FR, RF, RR): (1, 29449, 3, 0)
[M::mem_pestat] skip orientation FF as there are not enough pairs
[M::mem_pestat] analyzing insert size distribution for orientation FR...
[M::mem_pestat] (25, 50, 75) percentile: (164, 208, 268)
[M::mem_pestat] low and high boundaries for computing mean and std.dev: (1, 476)
[M::mem_pestat] mean and std.dev: (220.50, 77.30)
[M::mem_pestat] low and high boundaries for proper pairs: (1, 580)
[M::mem_pestat] skip orientation RF as there are not enough pairs
[M::mem_pestat] skip orientation RR as there are not enough pairs
[PB Info 2022-Nov-30 13:50:01] [M::mem_process_seqs_cpp] Processed 68000 reads in 470.133 CPU sec, 30.765 real sec
[PB Info 2022-Nov-30 13:50:01] [M::runCPUThreads] read 67962 sequences (90001191 bp)...
[PB Info 2022-Nov-30 13:50:14] 60395904	8980000000
[M::mem_pestat] # candidate unique pairs for (FF, FR, RF, RR): (0, 29469, 3, 0)
[M::mem_pestat] skip orientation FF as there are not enough pairs
[M::mem_pestat] analyzing insert size distribution for orientation FR...
[M::mem_pestat] (25, 50, 75) percentile: (165, 209, 268)
[M::mem_pestat] low and high boundaries for computing mean and std.dev: (1, 474)
[M::mem_pestat] mean and std.dev: (220.88, 76.33)
[M::mem_pestat] low and high boundaries for proper pairs: (1, 577)
[M::mem_pestat] skip orientation RF as there are not enough pairs
[M::mem_pestat] skip orientation RR as there are not enough pairs
[PB Info 2022-Nov-30 13:50:27] [M::mem_process_seqs_cpp] Processed 67962 reads in 396.629 CPU sec, 25.921 real sec
[PB Info 2022-Nov-30 13:50:27] [M::runCPUThreads] read 68008 sequences (100001346 bp)...
[PB Info 2022-Nov-30 13:50:33] 65427128	9700000000
[PB Info 2022-Nov-30 13:50:52] 70459046	10450000000
[M::mem_pestat] # candidate unique pairs for (FF, FR, RF, RR): (0, 29398, 5, 0)
[M::mem_pestat] skip orientation FF as there are not enough pairs
[M::mem_pestat] analyzing insert size distribution for orientation FR...
[M::mem_pestat] (25, 50, 75) percentile: (164, 209, 267)
[M::mem_pestat] low and high boundaries for computing mean and std.dev: (1, 473)
[M::mem_pestat] mean and std.dev: (220.14, 76.48)
[M::mem_pestat] low and high boundaries for proper pairs: (1, 576)
[M::mem_pestat] skip orientation RF as there are not enough pairs
[M::mem_pestat] skip orientation RR as there are not enough pairs
[PB Info 2022-Nov-30 13:50:55] [M::mem_process_seqs_cpp] Processed 68008 reads in 423.026 CPU sec, 27.616 real sec
[PB Info 2022-Nov-30 13:50:55] [M::runCPUThreads] read 68032 sequences (110001426 bp)...
[PB Info 2022-Nov-30 13:51:12] 75492464	11200000000
[M::mem_pestat] # candidate unique pairs for (FF, FR, RF, RR): (0, 29347, 4, 0)
[M::mem_pestat] skip orientation FF as there are not enough pairs
[M::mem_pestat] analyzing insert size distribution for orientation FR...
[M::mem_pestat] (25, 50, 75) percentile: (164, 210, 268)
[M::mem_pestat] low and high boundaries for computing mean and std.dev: (1, 476)
[M::mem_pestat] mean and std.dev: (220.82, 76.27)
[M::mem_pestat] low and high boundaries for proper pairs: (1, 580)
[M::mem_pestat] skip orientation RF as there are not enough pairs
[M::mem_pestat] skip orientation RR as there are not enough pairs
[PB Info 2022-Nov-30 13:51:29] [M::mem_process_seqs_cpp] Processed 68032 reads in 522.903 CPU sec, 34.133 real sec
[PB Info 2022-Nov-30 13:51:29] [M::runCPUThreads] read 68070 sequences (120001510 bp)...
[PB Info 2022-Nov-30 13:51:31] 80524516	11920000000
[PB Info 2022-Nov-30 13:51:51] 85555202	12700000000
[M::mem_pestat] # candidate unique pairs for (FF, FR, RF, RR): (0, 29453, 1, 1)
[M::mem_pestat] skip orientation FF as there are not enough pairs
[M::mem_pestat] analyzing insert size distribution for orientation FR...
[M::mem_pestat] (25, 50, 75) percentile: (165, 208, 268)
[M::mem_pestat] low and high boundaries for computing mean and std.dev: (1, 474)
[M::mem_pestat] mean and std.dev: (220.52, 76.71)
[M::mem_pestat] low and high boundaries for proper pairs: (1, 577)
[M::mem_pestat] skip orientation RF as there are not enough pairs
[M::mem_pestat] skip orientation RR as there are not enough pairs
[PB Info 2022-Nov-30 13:51:55] [M::mem_process_seqs_cpp] Processed 68070 reads in 398.617 CPU sec, 26.006 real sec
[PB Info 2022-Nov-30 13:51:55] [M::runCPUThreads] read 68092 sequences (130001662 bp)...
[PB Info 2022-Nov-30 13:52:09] 90585522	13410000000
[M::mem_pestat] # candidate unique pairs for (FF, FR, RF, RR): (0, 29511, 2, 0)
[M::mem_pestat] skip orientation FF as there are not enough pairs
[M::mem_pestat] analyzing insert size distribution for orientation FR...
[M::mem_pestat] (25, 50, 75) percentile: (164, 208, 267)
[M::mem_pestat] low and high boundaries for computing mean and std.dev: (1, 473)
[M::mem_pestat] mean and std.dev: (220.04, 76.56)
[M::mem_pestat] low and high boundaries for proper pairs: (1, 576)
[M::mem_pestat] skip orientation RF as there are not enough pairs
[M::mem_pestat] skip orientation RR as there are not enough pairs
[PB Info 2022-Nov-30 13:52:20] [M::mem_process_seqs_cpp] Processed 68092 reads in 381.865 CPU sec, 24.840 real sec
[PB Info 2022-Nov-30 13:52:20] [M::runCPUThreads] read 68034 sequences (140001738 bp)...
[PB Info 2022-Nov-30 13:52:28] 95615988	14160000000
[M::mem_pestat] # candidate unique pairs for (FF, FR, RF, RR): (0, 29450, 0, 0)
[M::mem_pestat] skip orientation FF as there are not enough pairs
[M::mem_pestat] analyzing insert size distribution for orientation FR...
[M::mem_pestat] (25, 50, 75) percentile: (163, 208, 267)
[M::mem_pestat] low and high boundaries for computing mean and std.dev: (1, 475)
[M::mem_pestat] mean and std.dev: (219.88, 76.70)
[M::mem_pestat] low and high boundaries for proper pairs: (1, 579)
[M::mem_pestat] skip orientation RF as there are not enough pairs
[M::mem_pestat] skip orientation RR as there are not enough pairs
[PB Info 2022-Nov-30 13:52:45] [M::mem_process_seqs_cpp] Processed 68034 reads in 391.991 CPU sec, 25.478 real sec
[PB Info 2022-Nov-30 13:52:45] [M::runCPUThreads] read 67996 sequences (150001902 bp)...
[PB Info 2022-Nov-30 13:52:47] 100647100	14890000000
[PB Info 2022-Nov-30 13:53:06] 105678780	15640000000
[M::mem_pestat] # candidate unique pairs for (FF, FR, RF, RR): (0, 29516, 1, 0)
[M::mem_pestat] skip orientation FF as there are not enough pairs
[M::mem_pestat] analyzing insert size distribution for orientation FR...
[M::mem_pestat] (25, 50, 75) percentile: (164, 208, 267)
[M::mem_pestat] low and high boundaries for computing mean and std.dev: (1, 473)
[M::mem_pestat] mean and std.dev: (220.02, 76.70)
[M::mem_pestat] low and high boundaries for proper pairs: (1, 576)
[M::mem_pestat] skip orientation RF as there are not enough pairs
[M::mem_pestat] skip orientation RR as there are not enough pairs
[PB Info 2022-Nov-30 13:53:08] [M::mem_process_seqs_cpp] Processed 67996 reads in 352.360 CPU sec, 22.896 real sec
[PB Info 2022-Nov-30 13:53:08] [M::runCPUThreads] read 67970 sequences (160002129 bp)...
[PB Info 2022-Nov-30 13:53:25] 110711926	16370000000
[M::mem_pestat] # candidate unique pairs for (FF, FR, RF, RR): (0, 29397, 4, 0)
[M::mem_pestat] skip orientation FF as there are not enough pairs
[M::mem_pestat] analyzing insert size distribution for orientation FR...
[M::mem_pestat] (25, 50, 75) percentile: (165, 210, 270)
[M::mem_pestat] low and high boundaries for computing mean and std.dev: (1, 480)
[M::mem_pestat] mean and std.dev: (222.15, 77.84)
[M::mem_pestat] low and high boundaries for proper pairs: (1, 585)
[M::mem_pestat] skip orientation RF as there are not enough pairs
[M::mem_pestat] skip orientation RR as there are not enough pairs
[PB Info 2022-Nov-30 13:53:31] [M::mem_process_seqs_cpp] Processed 67970 reads in 345.844 CPU sec, 23.098 real sec
[PB Info 2022-Nov-30 13:53:31] [M::runCPUThreads] read 68050 sequences (170002381 bp)...
[M::mem_pestat] # candidate unique pairs for (FF, FR, RF, RR): (0, 29414, 3, 0)
[M::mem_pestat] skip orientation FF as there are not enough pairs
[M::mem_pestat] analyzing insert size distribution for orientation FR...
[M::mem_pestat] (25, 50, 75) percentile: (164, 208, 267)
[M::mem_pestat] low and high boundaries for computing mean and std.dev: (1, 473)
[M::mem_pestat] mean and std.dev: (220.16, 76.38)
[M::mem_pestat] low and high boundaries for proper pairs: (1, 576)
[M::mem_pestat] skip orientation RF as there are not enough pairs
[M::mem_pestat] skip orientation RR as there are not enough pairs
[PB Info 2022-Nov-30 13:53:54] [M::mem_process_seqs_cpp] Processed 68050 reads in 288.284 CPU sec, 22.233 real sec
[PB Info 2022-Nov-30 13:53:54] [M::runCPUThreads] read 68034 sequences (180002414 bp)...
[M::mem_pestat] # candidate unique pairs for (FF, FR, RF, RR): (1, 29414, 5, 0)
[M::mem_pestat] skip orientation FF as there are not enough pairs
[M::mem_pestat] analyzing insert size distribution for orientation FR...
[M::mem_pestat] (25, 50, 75) percentile: (164, 208, 268)
[M::mem_pestat] low and high boundaries for computing mean and std.dev: (1, 476)
[M::mem_pestat] mean and std.dev: (220.59, 77.20)
[M::mem_pestat] low and high boundaries for proper pairs: (1, 580)
[M::mem_pestat] skip orientation RF as there are not enough pairs
[M::mem_pestat] skip orientation RR as there are not enough pairs
[PB Info 2022-Nov-30 13:54:14] [M::mem_process_seqs_cpp] Processed 68034 reads in 267.860 CPU sec, 20.659 real sec
[PB Info 2022-Nov-30 13:54:14] [M::runCPUThreads] read 67970 sequences (190002665 bp)...
[M::mem_pestat] # candidate unique pairs for (FF, FR, RF, RR): (0, 29480, 1, 0)
[M::mem_pestat] skip orientation FF as there are not enough pairs
[M::mem_pestat] analyzing insert size distribution for orientation FR...
[M::mem_pestat] (25, 50, 75) percentile: (164, 209, 270)
[M::mem_pestat] low and high boundaries for computing mean and std.dev: (1, 482)
[M::mem_pestat] mean and std.dev: (221.29, 78.15)
[M::mem_pestat] low and high boundaries for proper pairs: (1, 588)
[M::mem_pestat] skip orientation RF as there are not enough pairs
[M::mem_pestat] skip orientation RR as there are not enough pairs
[PB Info 2022-Nov-30 13:54:34] [M::mem_process_seqs_cpp] Processed 67970 reads in 254.724 CPU sec, 19.648 real sec
[PB Info 2022-Nov-30 13:54:34] [M::runCPUThreads] read 67996 sequences (200002755 bp)...
[M::mem_pestat] # candidate unique pairs for (FF, FR, RF, RR): (0, 29406, 0, 0)
[M::mem_pestat] skip orientation FF as there are not enough pairs
[M::mem_pestat] analyzing insert size distribution for orientation FR...
[M::mem_pestat] (25, 50, 75) percentile: (164, 209, 268)
[M::mem_pestat] low and high boundaries for computing mean and std.dev: (1, 476)
[M::mem_pestat] mean and std.dev: (220.85, 76.65)
[M::mem_pestat] low and high boundaries for proper pairs: (1, 580)
[M::mem_pestat] skip orientation RF as there are not enough pairs
[M::mem_pestat] skip orientation RR as there are not enough pairs
[PB Info 2022-Nov-30 13:54:54] [M::mem_process_seqs_cpp] Processed 67996 reads in 259.023 CPU sec, 19.978 real sec
[PB Info 2022-Nov-30 13:54:54] [M::runCPUThreads] read 67910 sequences (210002952 bp)...
[M::mem_pestat] # candidate unique pairs for (FF, FR, RF, RR): (0, 29392, 2, 0)
[M::mem_pestat] skip orientation FF as there are not enough pairs
[M::mem_pestat] analyzing insert size distribution for orientation FR...
[M::mem_pestat] (25, 50, 75) percentile: (165, 209, 270)
[M::mem_pestat] low and high boundaries for computing mean and std.dev: (1, 480)
[M::mem_pestat] mean and std.dev: (221.32, 77.15)
[M::mem_pestat] low and high boundaries for proper pairs: (1, 585)
[M::mem_pestat] skip orientation RF as there are not enough pairs
[M::mem_pestat] skip orientation RR as there are not enough pairs
[PB Info 2022-Nov-30 13:55:14] [M::mem_process_seqs_cpp] Processed 67910 reads in 253.570 CPU sec, 19.559 real sec
[PB Info 2022-Nov-30 13:55:14] [M::runCPUThreads] read 67924 sequences (220003138 bp)...
[M::mem_pestat] # candidate unique pairs for (FF, FR, RF, RR): (0, 29393, 5, 0)
[M::mem_pestat] skip orientation FF as there are not enough pairs
[M::mem_pestat] analyzing insert size distribution for orientation FR...
[M::mem_pestat] (25, 50, 75) percentile: (165, 208, 269)
[M::mem_pestat] low and high boundaries for computing mean and std.dev: (1, 477)
[M::mem_pestat] mean and std.dev: (221.20, 77.37)
[M::mem_pestat] low and high boundaries for proper pairs: (1, 581)
[M::mem_pestat] skip orientation RF as there are not enough pairs
[M::mem_pestat] skip orientation RR as there are not enough pairs
[PB Info 2022-Nov-30 13:55:34] [M::mem_process_seqs_cpp] Processed 67924 reads in 263.026 CPU sec, 20.286 real sec
[PB Info 2022-Nov-30 13:55:34] [M::runCPUThreads] read 67942 sequences (230003405 bp)...
[M::mem_pestat] # candidate unique pairs for (FF, FR, RF, RR): (0, 29477, 4, 0)
[M::mem_pestat] skip orientation FF as there are not enough pairs
[M::mem_pestat] analyzing insert size distribution for orientation FR...
[M::mem_pestat] (25, 50, 75) percentile: (164, 209, 267)
[M::mem_pestat] low and high boundaries for computing mean and std.dev: (1, 473)
[M::mem_pestat] mean and std.dev: (220.06, 76.44)
[M::mem_pestat] low and high boundaries for proper pairs: (1, 576)
[M::mem_pestat] skip orientation RF as there are not enough pairs
[M::mem_pestat] skip orientation RR as there are not enough pairs
[PB Info 2022-Nov-30 13:55:55] [M::mem_process_seqs_cpp] Processed 67942 reads in 277.151 CPU sec, 21.375 real sec
[PB Info 2022-Nov-30 13:55:55] [M::runCPUThreads] read 67996 sequences (240003675 bp)...
[M::mem_pestat] # candidate unique pairs for (FF, FR, RF, RR): (0, 29426, 1, 0)
[M::mem_pestat] skip orientation FF as there are not enough pairs
[M::mem_pestat] analyzing insert size distribution for orientation FR...
[M::mem_pestat] (25, 50, 75) percentile: (164, 209, 269)
[M::mem_pestat] low and high boundaries for computing mean and std.dev: (1, 479)
[M::mem_pestat] mean and std.dev: (220.91, 77.26)
[M::mem_pestat] low and high boundaries for proper pairs: (1, 584)
[M::mem_pestat] skip orientation RF as there are not enough pairs
[M::mem_pestat] skip orientation RR as there are not enough pairs
[PB Info 2022-Nov-30 13:56:16] [M::mem_process_seqs_cpp] Processed 67996 reads in 273.216 CPU sec, 21.071 real sec
[PB Info 2022-Nov-30 13:56:16] [M::runCPUThreads] read 67960 sequences (250003775 bp)...
[M::mem_pestat] # candidate unique pairs for (FF, FR, RF, RR): (0, 29537, 4, 0)
[M::mem_pestat] skip orientation FF as there are not enough pairs
[M::mem_pestat] analyzing insert size distribution for orientation FR...
[M::mem_pestat] (25, 50, 75) percentile: (163, 208, 266)
[M::mem_pestat] low and high boundaries for computing mean and std.dev: (1, 472)
[M::mem_pestat] mean and std.dev: (219.13, 75.42)
[M::mem_pestat] low and high boundaries for proper pairs: (1, 575)
[M::mem_pestat] skip orientation RF as there are not enough pairs
[M::mem_pestat] skip orientation RR as there are not enough pairs
[PB Info 2022-Nov-30 13:56:36] [M::mem_process_seqs_cpp] Processed 67960 reads in 255.607 CPU sec, 19.713 real sec
[PB Info 2022-Nov-30 13:56:36] [M::runCPUThreads] read 67982 sequences (260004010 bp)...
[M::mem_pestat] # candidate unique pairs for (FF, FR, RF, RR): (0, 29518, 4, 0)
[M::mem_pestat] skip orientation FF as there are not enough pairs
[M::mem_pestat] analyzing insert size distribution for orientation FR...
[M::mem_pestat] (25, 50, 75) percentile: (163, 207, 266)
[M::mem_pestat] low and high boundaries for computing mean and std.dev: (1, 472)
[M::mem_pestat] mean and std.dev: (219.40, 76.60)
[M::mem_pestat] low and high boundaries for proper pairs: (1, 575)
[M::mem_pestat] skip orientation RF as there are not enough pairs
[M::mem_pestat] skip orientation RR as there are not enough pairs
[PB Info 2022-Nov-30 13:56:59] [M::mem_process_seqs_cpp] Processed 67982 reads in 144.570 CPU sec, 22.797 real sec
[PB Info 2022-Nov-30 13:57:10] 
GPU-BWA Mem time: 658.351602 seconds
[PB Info 2022-Nov-30 13:57:10] GPU-BWA Mem is finished.


[main] CMD: PARABRICKS mem -Z ./pbOpts.txt /NGS/clinicalgenomics/public_data/gatk_resource_bundle/b37/human_g1k_v37_decoy.fasta /NGS/humangenomics/active/2022/run/hyperparathyroid_analysis_20221102/results/03_pipeline_runs/cohort/human_genomics_pipeline/results/trimmed/21CG0038_1_val_1.fq.gz /NGS/humangenomics/active/2022/run/hyperparathyroid_analysis_20221102/results/03_pipeline_runs/cohort/human_genomics_pipeline/results/trimmed/21CG0038_2_val_2.fq.gz @RG\tID:HJTGHBGXJ.1\tLB:lib1\tPL:bar\tSM:21CG0038\tPU:HJTGHBGXJ.1
[main] Real time: 665.664 sec; CPU: 9223.394 sec
[PB Info 2022-Nov-30 13:57:10] ------------------------------------------------------------------------------
[PB Info 2022-Nov-30 13:57:10] ||        Program:                      GPU-BWA mem, Sorting Phase-I        ||
[PB Info 2022-Nov-30 13:57:10] ||        Version:                                           3.8.0-1        ||
[PB Info 2022-Nov-30 13:57:10] ||        Start Time:                       Wed Nov 30 13:46:02 2022        ||
[PB Info 2022-Nov-30 13:57:10] ||        End Time:                         Wed Nov 30 13:57:10 2022        ||
[PB Info 2022-Nov-30 13:57:10] ||        Total Time:                           11 minutes 8 seconds        ||
[PB Info 2022-Nov-30 13:57:10] ------------------------------------------------------------------------------
[PB Info 2022-Nov-30 13:57:14] ------------------------------------------------------------------------------
[PB Info 2022-Nov-30 13:57:14] ||                 Parabricks accelerated Genomics Pipeline                 ||
[PB Info 2022-Nov-30 13:57:14] ||                              Version 3.8.0-1                             ||
[PB Info 2022-Nov-30 13:57:14] ||                             Sorting Phase-II                             ||
[PB Info 2022-Nov-30 13:57:14] ||                  Contact: Parabricks-Support@nvidia.com                  ||
[PB Info 2022-Nov-30 13:57:14] ------------------------------------------------------------------------------
[PB Info 2022-Nov-30 13:57:15] progressMeter - Percentage
[PB Info 2022-Nov-30 13:57:15] 0.0	 0.00 GB
[PB Info 2022-Nov-30 13:57:25] 72.2	 1.00 GB
[PB Info 2022-Nov-30 13:57:35] Sorting and Marking: 20.003 seconds
[PB Info 2022-Nov-30 13:57:35] ------------------------------------------------------------------------------
[PB Info 2022-Nov-30 13:57:35] ||        Program:                                  Sorting Phase-II        ||
[PB Info 2022-Nov-30 13:57:35] ||        Version:                                           3.8.0-1        ||
[PB Info 2022-Nov-30 13:57:35] ||        Start Time:                       Wed Nov 30 13:57:14 2022        ||
[PB Info 2022-Nov-30 13:57:35] ||        End Time:                         Wed Nov 30 13:57:35 2022        ||
[PB Info 2022-Nov-30 13:57:35] ||        Total Time:                                     21 seconds        ||
[PB Info 2022-Nov-30 13:57:35] ------------------------------------------------------------------------------
[PB Info 2022-Nov-30 13:57:35] ------------------------------------------------------------------------------
[PB Info 2022-Nov-30 13:57:35] ||                 Parabricks accelerated Genomics Pipeline                 ||
[PB Info 2022-Nov-30 13:57:35] ||                              Version 3.8.0-1                             ||
[PB Info 2022-Nov-30 13:57:35] ||                         Marking Duplicates, BQSR                         ||
[PB Info 2022-Nov-30 13:57:35] ||                  Contact: Parabricks-Support@nvidia.com                  ||
[PB Info 2022-Nov-30 13:57:35] ------------------------------------------------------------------------------
[PB Info 2022-Nov-30 13:57:38] progressMeter -	Percentage
[PB Info 2022-Nov-30 13:57:48] 0.0	 17.22 GB
[PB Info 2022-Nov-30 13:57:58] 0.0	 34.16 GB
[PB Info 2022-Nov-30 13:58:08] 0.0	 46.37 GB
[PB Info 2022-Nov-30 13:58:18] 0.0	 46.37 GB
[PB Info 2022-Nov-30 13:58:28] 0.0	 46.37 GB
[PB Info 2022-Nov-30 13:58:38] 0.0	 46.37 GB
[PB Info 2022-Nov-30 13:58:48] 0.0	 46.37 GB
[PB Info 2022-Nov-30 13:58:58] 0.0	 46.37 GB
[PB Info 2022-Nov-30 13:59:08] 0.0	 46.37 GB
[PB Info 2022-Nov-30 13:59:18] 0.0	 46.37 GB
[PB Info 2022-Nov-30 13:59:28] 0.0	 46.37 GB
[PB Info 2022-Nov-30 13:59:38] 0.0	 46.37 GB
[PB Info 2022-Nov-30 13:59:48] 0.0	 46.37 GB
[PB Info 2022-Nov-30 13:59:58] 0.0	 46.37 GB
[PB Info 2022-Nov-30 14:00:08] 0.0	 46.37 GB
[PB Info 2022-Nov-30 14:00:18] 10.8	 40.34 GB
[PB Info 2022-Nov-30 14:00:28] 32.0	 31.42 GB
[PB Info 2022-Nov-30 14:00:38] 53.0	 22.44 GB
[PB Info 2022-Nov-30 14:00:48] 72.2	 13.48 GB
[PB Info 2022-Nov-30 14:00:58] 86.2	 4.12 GB
[PB Info 2022-Nov-30 14:01:08] 100.0	 0.00 GB
[PB Info 2022-Nov-30 14:01:08] BQSR and writing final BAM:  210.472 seconds
[PB Info 2022-Nov-30 14:01:08] ------------------------------------------------------------------------------
[PB Info 2022-Nov-30 14:01:08] ||        Program:                          Marking Duplicates, BQSR        ||
[PB Info 2022-Nov-30 14:01:08] ||        Version:                                           3.8.0-1        ||
[PB Info 2022-Nov-30 14:01:08] ||        Start Time:                       Wed Nov 30 13:57:35 2022        ||
[PB Info 2022-Nov-30 14:01:08] ||        End Time:                         Wed Nov 30 14:01:08 2022        ||
[PB Info 2022-Nov-30 14:01:08] ||        Total Time:                           3 minutes 33 seconds        ||
[PB Info 2022-Nov-30 14:01:08] ------------------------------------------------------------------------------
Namespace(append=None, bwa_options=None, fix_mate=None, fq_list=None, gpu_devices='all', in_fq=[['/NGS/humangenomics/active/2022/run/hyperparathyroid_analysis_20221102/results/03_pipeline_runs/cohort/human_genomics_pipeline/results/trimmed/21CG0038_1_val_1.fq.gz', '/NGS/humangenomics/active/2022/run/hyperparathyroid_analysis_20221102/results/03_pipeline_runs/cohort/human_genomics_pipeline/results/trimmed/21CG0038_2_val_2.fq.gz', '@RG\\tID:HJTGHBGXJ.1\\tLB:lib1\\tPL:bar\\tSM:21CG0038\\tPU:HJTGHBGXJ.1']], in_fq_list=None, in_se_fq=None, interval=None, interval_file=None, interval_padding=None, keep_tmp=None, knownSites=['/NGS/clinicalgenomics/public_data/gatk_resource_bundle/b37/dbsnp_138.b37.vcf', '/NGS/clinicalgenomics/public_data/gatk_resource_bundle/b37/Mills_and_1000G_gold_standard.indels.b37.vcf', '/NGS/clinicalgenomics/public_data/gatk_resource_bundle/b37/1000G_phase1.indels.b37.vcf'], license_file=None, logfile=None, markdups_assume_sortorder_queryname=None, markdups_picard_version_2182=None, memory_limit=251, no_markdups=None, no_seccomp_override=None, no_warnings=None, num_cpu_threads=1, num_gpus=2, optical_duplicate_pixel_distance=None, out_bam='/NGS/humangenomics/active/2022/run/hyperparathyroid_analysis_20221102/results/03_pipeline_runs/cohort/human_genomics_pipeline/results/mapped/21CG0038_recalibrated.bam', out_duplicate_metrics=None, out_qc_metrics_dir=None, out_recal_file='/NGS/humangenomics/active/2022/run/hyperparathyroid_analysis_20221102/results/03_pipeline_runs/cohort/human_genomics_pipeline/results/mapped/21CG0038_recal.txt', read_group_id_prefix=None, read_group_lb=None, read_group_pl=None, read_group_sm=None, ref='/NGS/clinicalgenomics/public_data/gatk_resource_bundle/b37/human_g1k_v37_decoy.fasta', standalone_bqsr=None, tmp_dir='/NGS/humangenomics/active/tmp/URY9RS3G', verbose=None, version=None, with_petagene_dir=None, x1=None, x2=None, x3=None, x4=None, x5=None)
[PB Info 2022-Nov-30 14:02:03] ------------------------------------------------------------------------------
[PB Info 2022-Nov-30 14:02:03] ||                 Parabricks accelerated Genomics Pipeline                 ||
[PB Info 2022-Nov-30 14:02:03] ||                              Version 3.8.0-1                             ||
[PB Info 2022-Nov-30 14:02:03] ||                         GPU-GATK4 HaplotypeCaller                        ||
[PB Info 2022-Nov-30 14:02:03] ||                  Contact: Parabricks-Support@nvidia.com                  ||
[PB Info 2022-Nov-30 14:02:03] ------------------------------------------------------------------------------
[PB Info 2022-Nov-30 14:02:26] 0 /NGS/humangenomics/active/2022/run/hyperparathyroid_analysis_20221102/results/03_pipeline_runs/cohort/human_genomics_pipeline/results/mapped/21CG0038_recalibrated.bam/NGS/humangenomics/active/2022/run/hyperparathyroid_analysis_20221102/results/03_pipeline_runs/cohort/human_genomics_pipeline/results/called/21CG0038_raw_snps_indels_tmp.g.vcf
[PB Info 2022-Nov-30 14:02:26] ProgressMeter -	Current-Locus	Elapsed-Minutes	Regions-Processed	Regions/Minute
[PB Info 2022-Nov-30 14:02:36] 1:18700801	0.2	151829	910974
[PB Info 2022-Nov-30 14:02:46] 1:65524801	0.3	435754	1307262
[PB Info 2022-Nov-30 14:02:56] 1:146395201	0.5	721228	1442456
[PB Info 2022-Nov-30 14:03:06] 1:184660801	0.7	942191	1413286
[PB Info 2022-Nov-30 14:03:16] 1:240067201	0.8	1231831	1478197
[PB Info 2022-Nov-30 14:03:26] 2:46929601	1.0	1532860	1532857
[PB Info 2022-Nov-30 14:03:36] 2:111556801	1.2	1845434	1581800
[PB Info 2022-Nov-30 14:03:46] 2:178536001	1.3	2194463	1645846
[PB Info 2022-Nov-30 14:03:56] 2:234892801	1.5	2496738	1664492
[PB Info 2022-Nov-30 14:04:06] 3:49881601	1.7	2799201	1679520
[PB Info 2022-Nov-30 14:04:16] 3:124948801	1.8	3171117	1729700
[PB Info 2022-Nov-30 14:04:26] 3:194347201	2.0	3528305	1764152
[PB Info 2022-Nov-30 14:04:36] 4:57676801	2.2	3854852	1779160
[PB Info 2022-Nov-30 14:04:46] 4:130003201	2.3	4224717	1810593
[PB Info 2022-Nov-30 14:04:56] 5:24888001	2.5	4634819	1853927
[PB Info 2022-Nov-30 14:05:06] 5:98856001	2.7	5004523	1876696
[PB Info 2022-Nov-30 14:05:16] 5:163732801	2.8	5332072	1881907
[PB Info 2022-Nov-30 14:05:26] 6:32548801	3.0	5592206	1864068
[PB Info 2022-Nov-30 14:05:36] 6:97060801	3.2	5927451	1871826
[PB Info 2022-Nov-30 14:05:46] 6:169286401	3.3	6282236	1884670
[PB Info 2022-Nov-30 14:05:56] 7:72729601	3.5	6656383	1901823
[PB Info 2022-Nov-30 14:06:06] 7:128467201	3.7	6965068	1899562
[PB Info 2022-Nov-30 14:06:16] 8:25315201	3.8	7271503	1896913
[PB Info 2022-Nov-30 14:06:26] 8:103286401	4.0	7667493	1916873
[PB Info 2022-Nov-30 14:06:36] 9:33960001	4.2	8046358	1931125
[PB Info 2022-Nov-30 14:06:46] 9:125678401	4.3	8402507	1939040
[PB Info 2022-Nov-30 14:06:56] 10:33580801	4.5	8691448	1931432
[PB Info 2022-Nov-30 14:07:06] 10:101308801	4.7	9021258	1933126
[PB Info 2022-Nov-30 14:07:16] 11:12547201	4.8	9288874	1921836
[PB Info 2022-Nov-30 14:07:26] 11:67814401	5.0	9568351	1913670
[PB Info 2022-Nov-30 14:07:36] 11:130776001	5.2	9907179	1917518
[PB Info 2022-Nov-30 14:07:46] 12:40881601	5.3	10144532	1902097
[PB Info 2022-Nov-30 14:07:56] 12:96288001	5.5	10428262	1896047
[PB Info 2022-Nov-30 14:08:06] 13:28963201	5.7	10714569	1890805
[PB Info 2022-Nov-30 14:08:16] 13:114432001	5.8	11125407	1907212
[PB Info 2022-Nov-30 14:08:26] 14:70584001	6.0	11403228	1900537
[PB Info 2022-Nov-30 14:08:36] 15:34214401	6.2	11691261	1895880
[PB Info 2022-Nov-30 14:08:46] 15:78782401	6.3	11941742	1885537
[PB Info 2022-Nov-30 14:08:56] 16:25027201	6.5	12225072	1880780
[PB Info 2022-Nov-30 14:09:06] 16:88684801	6.7	12516562	1877484
[PB Info 2022-Nov-30 14:09:16] 17:36100801	6.8	12742442	1864747
[PB Info 2022-Nov-30 14:09:26] 17:73747201	7.0	12979333	1854190
[PB Info 2022-Nov-30 14:09:36] 18:56400001	7.2	13312184	1857514
[PB Info 2022-Nov-30 14:09:46] 19:19257601	7.3	13557336	1848727
[PB Info 2022-Nov-30 14:09:56] 19:52656001	7.5	13756536	1834204
[PB Info 2022-Nov-30 14:10:06] 20:36374401	7.7	13999569	1826030
[PB Info 2022-Nov-30 14:10:16] 21:45537601	7.8	14316763	1827671
[PB Info 2022-Nov-30 14:10:26] X:3225601	8.0	14590855	1823856
[PB Info 2022-Nov-30 14:10:36] X:74510401	8.2	14938191	1829166
[PB Info 2022-Nov-30 14:10:46] GL000220.1:115201	8.3	15327646	1839317
[PB Info 2022-Nov-30 14:10:57] Total time taken: 510.612623
[PB Info 2022-Nov-30 14:10:57] ------------------------------------------------------------------------------
[PB Info 2022-Nov-30 14:10:57] ||        Program:                         GPU-GATK4 HaplotypeCaller        ||
[PB Info 2022-Nov-30 14:10:57] ||        Version:                                           3.8.0-1        ||
[PB Info 2022-Nov-30 14:10:57] ||        Start Time:                       Wed Nov 30 14:02:03 2022        ||
[PB Info 2022-Nov-30 14:10:57] ||        End Time:                         Wed Nov 30 14:10:57 2022        ||
[PB Info 2022-Nov-30 14:10:57] ||        Total Time:                           8 minutes 54 seconds        ||
[PB Info 2022-Nov-30 14:10:57] ------------------------------------------------------------------------------
/usr/local/cuda/.pb/binaries//bin/htvc /NGS/clinicalgenomics/public_data/gatk_resource_bundle/b37/human_g1k_v37_decoy.fasta /NGS/humangenomics/active/2022/run/hyperparathyroid_analysis_20221102/results/03_pipeline_runs/cohort/human_genomics_pipeline/results/mapped/21CG0038_recalibrated.bam 2 -o /NGS/humangenomics/active/2022/run/hyperparathyroid_analysis_20221102/results/03_pipeline_runs/cohort/human_genomics_pipeline/results/called/21CG0038_raw_snps_indels_tmp.g.vcf -nt 5 -a /NGS/humangenomics/active/2022/run/hyperparathyroid_analysis_20221102/results/03_pipeline_runs/cohort/human_genomics_pipeline/results/mapped/21CG0038_recal.txt -g

