Please visit https://docs.nvidia.com/clara/#parabricks for detailed documentation


[Parabricks Options Mesg]: Automatically generating ID prefix
[Parabricks Options Mesg]: Read group created for /NGS/humangenomics/active/2022/run/hyperparathyroid_analysis_20221102/
results/03_pipeline_runs/cohort/human_genomics_pipeline/results/trimmed/21CG0020_1_val_1.fq.gz and /NGS/humangenomics/ac
tive/2022/run/hyperparathyroid_analysis_20221102/results/03_pipeline_runs/cohort/human_genomics_pipeline/results/trimmed
/21CG0020_2_val_2.fq.gz
[Parabricks Options Mesg]: @RG\tID:HF22WBGXG.1\tLB:lib1\tPL:bar\tSM:21CG0020\tPU:HF22WBGXG.1

[Parabricks Options Mesg]: Checking argument compatibility
[Parabricks Options Mesg]: Read group created for /NGS/humangenomics/active/2022/run/hyperparathyroid_analysis_20221102/
results/03_pipeline_runs/cohort/human_genomics_pipeline/results/trimmed/21CG0020_1_val_1.fq.gz and /NGS/humangenomics/ac
tive/2022/run/hyperparathyroid_analysis_20221102/results/03_pipeline_runs/cohort/human_genomics_pipeline/results/trimmed
/21CG0020_2_val_2.fq.gz
[Parabricks Options Mesg]: @RG\tID:HF22WBGXG.1\tLB:lib1\tPL:bar\tSM:21CG0020\tPU:HF22WBGXG.1
[PB Info 2022-Nov-30 02:27:06] ------------------------------------------------------------------------------
[PB Info 2022-Nov-30 02:27:06] ||                 Parabricks accelerated Genomics Pipeline                 ||
[PB Info 2022-Nov-30 02:27:06] ||                              Version 3.8.0-1                             ||
[PB Info 2022-Nov-30 02:27:06] ||                       GPU-BWA mem, Sorting Phase-I                       ||
[PB Info 2022-Nov-30 02:27:06] ||                  Contact: Parabricks-Support@nvidia.com                  ||
[PB Info 2022-Nov-30 02:27:06] ------------------------------------------------------------------------------
[M::bwa_idx_load_from_disk] read 0 ALT contigs
[PB Info 2022-Nov-30 02:27:16] GPU-BWA mem
[PB Info 2022-Nov-30 02:27:16] ProgressMeter	Reads		Base Pairs Aligned
[PB Info 2022-Nov-30 02:27:27] [M::runCPUThreads] read 68058 sequences (10000184 bp)...
[M::mem_pestat] # candidate unique pairs for (FF, FR, RF, RR): (0, 29517, 2, 0)
[M::mem_pestat] skip orientation FF as there are not enough pairs
[M::mem_pestat] analyzing insert size distribution for orientation FR...
[M::mem_pestat] (25, 50, 75) percentile: (170, 228, 309)
[M::mem_pestat] low and high boundaries for computing mean and std.dev: (1, 587)
[M::mem_pestat] mean and std.dev: (247.06, 102.29)
[M::mem_pestat] low and high boundaries for proper pairs: (1, 726)
[M::mem_pestat] skip orientation RF as there are not enough pairs
[M::mem_pestat] skip orientation RR as there are not enough pairs
[PB Info 2022-Nov-30 02:27:52] 5040374		910000000
[PB Info 2022-Nov-30 02:27:52] [M::mem_process_seqs_cpp] Processed 68058 reads in 376.632 CPU sec, 25.353 real sec
[PB Info 2022-Nov-30 02:27:52] [M::runCPUThreads] read 68006 sequences (20000267 bp)...
[M::mem_pestat] # candidate unique pairs for (FF, FR, RF, RR): (0, 29550, 4, 0)
[M::mem_pestat] skip orientation FF as there are not enough pairs
[M::mem_pestat] analyzing insert size distribution for orientation FR...
[M::mem_pestat] (25, 50, 75) percentile: (171, 231, 311)
[M::mem_pestat] low and high boundaries for computing mean and std.dev: (1, 591)
[M::mem_pestat] mean and std.dev: (248.73, 102.66)
[M::mem_pestat] low and high boundaries for proper pairs: (1, 731)
[M::mem_pestat] skip orientation RF as there are not enough pairs
[M::mem_pestat] skip orientation RR as there are not enough pairs
[PB Info 2022-Nov-30 02:28:14] [M::mem_process_seqs_cpp] Processed 68006 reads in 334.632 CPU sec, 22.165 real sec
[PB Info 2022-Nov-30 02:28:14] [M::runCPUThreads] read 68070 sequences (30000311 bp)...
[PB Info 2022-Nov-30 02:28:21] 10080736	1380000000
[M::mem_pestat] # candidate unique pairs for (FF, FR, RF, RR): (0, 29678, 2, 0)
[M::mem_pestat] skip orientation FF as there are not enough pairs
[M::mem_pestat] analyzing insert size distribution for orientation FR...
[M::mem_pestat] (25, 50, 75) percentile: (170, 230, 308)
[M::mem_pestat] low and high boundaries for computing mean and std.dev: (1, 584)
[M::mem_pestat] mean and std.dev: (246.53, 100.33)
[M::mem_pestat] low and high boundaries for proper pairs: (1, 722)
[M::mem_pestat] skip orientation RF as there are not enough pairs
[M::mem_pestat] skip orientation RR as there are not enough pairs
[PB Info 2022-Nov-30 02:28:36] [M::mem_process_seqs_cpp] Processed 68070 reads in 329.330 CPU sec, 21.941 real sec
[PB Info 2022-Nov-30 02:28:36] [M::runCPUThreads] read 68068 sequences (40000540 bp)...
[PB Info 2022-Nov-30 02:28:47] 15121840	2330000000
[M::mem_pestat] # candidate unique pairs for (FF, FR, RF, RR): (0, 29570, 1, 0)
[M::mem_pestat] skip orientation FF as there are not enough pairs
[M::mem_pestat] analyzing insert size distribution for orientation FR...
[M::mem_pestat] (25, 50, 75) percentile: (171, 230, 308)
[M::mem_pestat] low and high boundaries for computing mean and std.dev: (1, 582)
[M::mem_pestat] mean and std.dev: (246.84, 99.92)
[M::mem_pestat] low and high boundaries for proper pairs: (1, 719)
[M::mem_pestat] skip orientation RF as there are not enough pairs
[M::mem_pestat] skip orientation RR as there are not enough pairs
[PB Info 2022-Nov-30 02:29:01] [M::mem_process_seqs_cpp] Processed 68068 reads in 370.347 CPU sec, 24.430 real sec
[PB Info 2022-Nov-30 02:29:01] [M::runCPUThreads] read 68094 sequences (50000834 bp)...
[PB Info 2022-Nov-30 02:29:15] 20165134	2870000000
[M::mem_pestat] # candidate unique pairs for (FF, FR, RF, RR): (0, 29596, 1, 0)
[M::mem_pestat] skip orientation FF as there are not enough pairs
[M::mem_pestat] analyzing insert size distribution for orientation FR...
[M::mem_pestat] (25, 50, 75) percentile: (170, 229, 307)
[M::mem_pestat] low and high boundaries for computing mean and std.dev: (1, 581)
[M::mem_pestat] mean and std.dev: (246.07, 100.34)
[M::mem_pestat] low and high boundaries for proper pairs: (1, 718)
[M::mem_pestat] skip orientation RF as there are not enough pairs
[M::mem_pestat] skip orientation RR as there are not enough pairs
[PB Info 2022-Nov-30 02:29:25] [M::mem_process_seqs_cpp] Processed 68094 reads in 356.380 CPU sec, 23.833 real sec
[PB Info 2022-Nov-30 02:29:25] [M::runCPUThreads] read 68084 sequences (60000952 bp)...
[PB Info 2022-Nov-30 02:29:44] 25207856	3840000000
[M::mem_pestat] # candidate unique pairs for (FF, FR, RF, RR): (0, 29644, 1, 0)
[M::mem_pestat] skip orientation FF as there are not enough pairs
[M::mem_pestat] analyzing insert size distribution for orientation FR...
[M::mem_pestat] (25, 50, 75) percentile: (170, 229, 308)
[M::mem_pestat] low and high boundaries for computing mean and std.dev: (1, 584)
[M::mem_pestat] mean and std.dev: (246.26, 100.32)
[M::mem_pestat] low and high boundaries for proper pairs: (1, 722)
[M::mem_pestat] skip orientation RF as there are not enough pairs
[M::mem_pestat] skip orientation RR as there are not enough pairs
[PB Info 2022-Nov-30 02:29:48] [M::mem_process_seqs_cpp] Processed 68084 reads in 343.669 CPU sec, 22.921 real sec
[PB Info 2022-Nov-30 02:29:48] [M::runCPUThreads] read 68110 sequences (70001165 bp)...
[PB Info 2022-Nov-30 02:30:05] 30252486	4550000000
[M::mem_pestat] # candidate unique pairs for (FF, FR, RF, RR): (0, 29634, 2, 0)
[M::mem_pestat] skip orientation FF as there are not enough pairs
[M::mem_pestat] analyzing insert size distribution for orientation FR...
[M::mem_pestat] (25, 50, 75) percentile: (170, 228, 307)
[M::mem_pestat] low and high boundaries for computing mean and std.dev: (1, 581)
[M::mem_pestat] mean and std.dev: (245.66, 99.72)
[M::mem_pestat] low and high boundaries for proper pairs: (1, 718)
[M::mem_pestat] skip orientation RF as there are not enough pairs
[M::mem_pestat] skip orientation RR as there are not enough pairs
[PB Info 2022-Nov-30 02:30:12] [M::mem_process_seqs_cpp] Processed 68110 reads in 376.096 CPU sec, 24.742 real sec
[PB Info 2022-Nov-30 02:30:12] [M::runCPUThreads] read 68072 sequences (80001307 bp)...
[M::mem_pestat] # candidate unique pairs for (FF, FR, RF, RR): (0, 29504, 4, 0)
[M::mem_pestat] skip orientation FF as there are not enough pairs
[M::mem_pestat] analyzing insert size distribution for orientation FR...
[M::mem_pestat] (25, 50, 75) percentile: (170, 228, 306)
[M::mem_pestat] low and high boundaries for computing mean and std.dev: (1, 578)
[M::mem_pestat] mean and std.dev: (245.49, 99.65)
[M::mem_pestat] low and high boundaries for proper pairs: (1, 714)
[M::mem_pestat] skip orientation RF as there are not enough pairs
[M::mem_pestat] skip orientation RR as there are not enough pairs
[PB Info 2022-Nov-30 02:30:35] [M::mem_process_seqs_cpp] Processed 68072 reads in 340.794 CPU sec, 22.977 real sec
[PB Info 2022-Nov-30 02:30:35] [M::runCPUThreads] read 68086 sequences (90001336 bp)...
[PB Info 2022-Nov-30 02:30:37] 35296590	5340000000
[M::mem_pestat] # candidate unique pairs for (FF, FR, RF, RR): (1, 29641, 1, 0)
[M::mem_pestat] skip orientation FF as there are not enough pairs
[M::mem_pestat] analyzing insert size distribution for orientation FR...
[M::mem_pestat] (25, 50, 75) percentile: (171, 229, 307)
[M::mem_pestat] low and high boundaries for computing mean and std.dev: (1, 579)
[M::mem_pestat] mean and std.dev: (246.23, 99.75)
[M::mem_pestat] low and high boundaries for proper pairs: (1, 715)
[M::mem_pestat] skip orientation RF as there are not enough pairs
[M::mem_pestat] skip orientation RR as there are not enough pairs
[PB Info 2022-Nov-30 02:30:59] [M::mem_process_seqs_cpp] Processed 68086 reads in 350.190 CPU sec, 23.711 real sec
[PB Info 2022-Nov-30 02:30:59] [M::runCPUThreads] read 68174 sequences (100001561 bp)...
[PB Info 2022-Nov-30 02:31:10] 40336130	5850000000
[M::mem_pestat] # candidate unique pairs for (FF, FR, RF, RR): (0, 29594, 5, 1)
[M::mem_pestat] skip orientation FF as there are not enough pairs
[M::mem_pestat] analyzing insert size distribution for orientation FR...
[M::mem_pestat] (25, 50, 75) percentile: (169, 226, 305)
[M::mem_pestat] low and high boundaries for computing mean and std.dev: (1, 577)
[M::mem_pestat] mean and std.dev: (243.85, 99.25)
[M::mem_pestat] low and high boundaries for proper pairs: (1, 713)
[M::mem_pestat] skip orientation RF as there are not enough pairs
[M::mem_pestat] skip orientation RR as there are not enough pairs
[PB Info 2022-Nov-30 02:31:23] [M::mem_process_seqs_cpp] Processed 68174 reads in 361.241 CPU sec, 24.000 real sec
[PB Info 2022-Nov-30 02:31:23] [M::runCPUThreads] read 68174 sequences (110001822 bp)...
[PB Info 2022-Nov-30 02:31:36] 45375110	6830000000
[M::mem_pestat] # candidate unique pairs for (FF, FR, RF, RR): (0, 29559, 0, 0)
[M::mem_pestat] skip orientation FF as there are not enough pairs
[M::mem_pestat] analyzing insert size distribution for orientation FR...
[M::mem_pestat] (25, 50, 75) percentile: (170, 228, 306)
[M::mem_pestat] low and high boundaries for computing mean and std.dev: (1, 578)
[M::mem_pestat] mean and std.dev: (244.51, 99.27)
[M::mem_pestat] low and high boundaries for proper pairs: (1, 714)
[M::mem_pestat] skip orientation RF as there are not enough pairs
[M::mem_pestat] skip orientation RR as there are not enough pairs
[PB Info 2022-Nov-30 02:31:47] [M::mem_process_seqs_cpp] Processed 68174 reads in 358.847 CPU sec, 24.270 real sec
[PB Info 2022-Nov-30 02:31:47] [M::runCPUThreads] read 68072 sequences (120001853 bp)...
[PB Info 2022-Nov-30 02:32:09] 50414582	7580000000
[M::mem_pestat] # candidate unique pairs for (FF, FR, RF, RR): (0, 29560, 3, 0)
[M::mem_pestat] skip orientation FF as there are not enough pairs
[M::mem_pestat] analyzing insert size distribution for orientation FR...
[M::mem_pestat] (25, 50, 75) percentile: (170, 227, 307)
[M::mem_pestat] low and high boundaries for computing mean and std.dev: (1, 581)
[M::mem_pestat] mean and std.dev: (245.64, 100.34)
[M::mem_pestat] low and high boundaries for proper pairs: (1, 718)
[M::mem_pestat] skip orientation RF as there are not enough pairs
[M::mem_pestat] skip orientation RR as there are not enough pairs
[PB Info 2022-Nov-30 02:32:11] [M::mem_process_seqs_cpp] Processed 68072 reads in 344.992 CPU sec, 23.231 real sec
[PB Info 2022-Nov-30 02:32:11] [M::runCPUThreads] read 68178 sequences (130001854 bp)...
[M::mem_pestat] # candidate unique pairs for (FF, FR, RF, RR): (0, 29506, 1, 0)
[M::mem_pestat] skip orientation FF as there are not enough pairs
[M::mem_pestat] analyzing insert size distribution for orientation FR...
[M::mem_pestat] (25, 50, 75) percentile: (170, 228, 306)
[M::mem_pestat] low and high boundaries for computing mean and std.dev: (1, 578)
[M::mem_pestat] mean and std.dev: (244.94, 98.85)
[M::mem_pestat] low and high boundaries for proper pairs: (1, 714)
[M::mem_pestat] skip orientation RF as there are not enough pairs
[M::mem_pestat] skip orientation RR as there are not enough pairs
[PB Info 2022-Nov-30 02:32:36] [M::mem_process_seqs_cpp] Processed 68178 reads in 374.517 CPU sec, 25.151 real sec
[PB Info 2022-Nov-30 02:32:36] [M::runCPUThreads] read 68154 sequences (140002144 bp)...
[PB Info 2022-Nov-30 02:32:41] 55457772	8300000000
[M::mem_pestat] # candidate unique pairs for (FF, FR, RF, RR): (0, 29405, 4, 0)
[M::mem_pestat] skip orientation FF as there are not enough pairs
[M::mem_pestat] analyzing insert size distribution for orientation FR...
[M::mem_pestat] (25, 50, 75) percentile: (170, 227, 305)
[M::mem_pestat] low and high boundaries for computing mean and std.dev: (1, 575)
[M::mem_pestat] mean and std.dev: (244.50, 98.75)
[M::mem_pestat] low and high boundaries for proper pairs: (1, 710)
[M::mem_pestat] skip orientation RF as there are not enough pairs
[M::mem_pestat] skip orientation RR as there are not enough pairs
[PB Info 2022-Nov-30 02:33:01] [M::mem_process_seqs_cpp] Processed 68154 reads in 372.026 CPU sec, 25.012 real sec
[PB Info 2022-Nov-30 02:33:01] [M::runCPUThreads] read 68178 sequences (150002153 bp)...
[PB Info 2022-Nov-30 02:33:13] 60500104	8600000000
[M::mem_pestat] # candidate unique pairs for (FF, FR, RF, RR): (0, 29755, 0, 0)
[M::mem_pestat] skip orientation FF as there are not enough pairs
[M::mem_pestat] analyzing insert size distribution for orientation FR...
[M::mem_pestat] (25, 50, 75) percentile: (169, 227, 304)
[M::mem_pestat] low and high boundaries for computing mean and std.dev: (1, 574)
[M::mem_pestat] mean and std.dev: (243.32, 98.82)
[M::mem_pestat] low and high boundaries for proper pairs: (1, 709)
[M::mem_pestat] skip orientation RF as there are not enough pairs
[M::mem_pestat] skip orientation RR as there are not enough pairs
[PB Info 2022-Nov-30 02:33:25] [M::mem_process_seqs_cpp] Processed 68178 reads in 363.618 CPU sec, 24.089 real sec
[PB Info 2022-Nov-30 02:33:25] [M::runCPUThreads] read 68174 sequences (160002272 bp)...
[PB Info 2022-Nov-30 02:33:34] 65542650	9740000000
[M::mem_pestat] # candidate unique pairs for (FF, FR, RF, RR): (0, 29749, 0, 0)
[M::mem_pestat] skip orientation FF as there are not enough pairs
[M::mem_pestat] analyzing insert size distribution for orientation FR...
[M::mem_pestat] (25, 50, 75) percentile: (168, 227, 304)
[M::mem_pestat] low and high boundaries for computing mean and std.dev: (1, 576)
[M::mem_pestat] mean and std.dev: (243.64, 99.18)
[M::mem_pestat] low and high boundaries for proper pairs: (1, 712)
[M::mem_pestat] skip orientation RF as there are not enough pairs
[M::mem_pestat] skip orientation RR as there are not enough pairs
[PB Info 2022-Nov-30 02:33:48] [M::mem_process_seqs_cpp] Processed 68174 reads in 338.870 CPU sec, 22.739 real sec
[PB Info 2022-Nov-30 02:33:48] [M::runCPUThreads] read 68172 sequences (170002537 bp)...
[PB Info 2022-Nov-30 02:34:07] 70585356	10540000000
[M::mem_pestat] # candidate unique pairs for (FF, FR, RF, RR): (0, 29553, 2, 1)
[M::mem_pestat] skip orientation FF as there are not enough pairs
[M::mem_pestat] analyzing insert size distribution for orientation FR...
[M::mem_pestat] (25, 50, 75) percentile: (170, 229, 307)
[M::mem_pestat] low and high boundaries for computing mean and std.dev: (1, 581)
[M::mem_pestat] mean and std.dev: (245.92, 100.49)
[M::mem_pestat] low and high boundaries for proper pairs: (1, 718)
[M::mem_pestat] skip orientation RF as there are not enough pairs
[M::mem_pestat] skip orientation RR as there are not enough pairs
[PB Info 2022-Nov-30 02:34:11] [M::mem_process_seqs_cpp] Processed 68172 reads in 339.663 CPU sec, 22.970 real sec
[PB Info 2022-Nov-30 02:34:11] [M::runCPUThreads] read 68132 sequences (180002600 bp)...
[M::mem_pestat] # candidate unique pairs for (FF, FR, RF, RR): (0, 29579, 1, 0)
[M::mem_pestat] skip orientation FF as there are not enough pairs
[M::mem_pestat] analyzing insert size distribution for orientation FR...
[M::mem_pestat] (25, 50, 75) percentile: (169, 228, 308)
[M::mem_pestat] low and high boundaries for computing mean and std.dev: (1, 586)
[M::mem_pestat] mean and std.dev: (246.26, 101.26)
[M::mem_pestat] low and high boundaries for proper pairs: (1, 725)
[M::mem_pestat] skip orientation RF as there are not enough pairs
[M::mem_pestat] skip orientation RR as there are not enough pairs
[PB Info 2022-Nov-30 02:34:34] [M::mem_process_seqs_cpp] Processed 68132 reads in 350.083 CPU sec, 23.613 real sec
[PB Info 2022-Nov-30 02:34:34] [M::runCPUThreads] read 68056 sequences (190002816 bp)...
[PB Info 2022-Nov-30 02:34:40] 75627018	11260000000
[M::mem_pestat] # candidate unique pairs for (FF, FR, RF, RR): (0, 29649, 1, 0)
[M::mem_pestat] skip orientation FF as there are not enough pairs
[M::mem_pestat] analyzing insert size distribution for orientation FR...
[M::mem_pestat] (25, 50, 75) percentile: (170, 227, 308)
[M::mem_pestat] low and high boundaries for computing mean and std.dev: (1, 584)
[M::mem_pestat] mean and std.dev: (246.03, 100.07)
[M::mem_pestat] low and high boundaries for proper pairs: (1, 722)
[M::mem_pestat] skip orientation RF as there are not enough pairs
[M::mem_pestat] skip orientation RR as there are not enough pairs
[PB Info 2022-Nov-30 02:34:58] [M::mem_process_seqs_cpp] Processed 68056 reads in 356.910 CPU sec, 24.096 real sec
[PB Info 2022-Nov-30 02:34:58] [M::runCPUThreads] read 68124 sequences (200002965 bp)...
[PB Info 2022-Nov-30 02:35:13] 80669082	12020000000
[M::mem_pestat] # candidate unique pairs for (FF, FR, RF, RR): (0, 29601, 1, 0)
[M::mem_pestat] skip orientation FF as there are not enough pairs
[M::mem_pestat] analyzing insert size distribution for orientation FR...
[M::mem_pestat] (25, 50, 75) percentile: (170, 227, 306)
[M::mem_pestat] low and high boundaries for computing mean and std.dev: (1, 578)
[M::mem_pestat] mean and std.dev: (245.09, 99.78)
[M::mem_pestat] low and high boundaries for proper pairs: (1, 714)
[M::mem_pestat] skip orientation RF as there are not enough pairs
[M::mem_pestat] skip orientation RR as there are not enough pairs
[PB Info 2022-Nov-30 02:35:23] [M::mem_process_seqs_cpp] Processed 68124 reads in 363.889 CPU sec, 24.480 real sec
[PB Info 2022-Nov-30 02:35:23] [M::runCPUThreads] read 68100 sequences (210003160 bp)...
[PB Info 2022-Nov-30 02:35:37] 85713476	12660000000
[M::mem_pestat] # candidate unique pairs for (FF, FR, RF, RR): (0, 29574, 7, 0)
[M::mem_pestat] skip orientation FF as there are not enough pairs
[M::mem_pestat] analyzing insert size distribution for orientation FR...
[M::mem_pestat] (25, 50, 75) percentile: (170, 228, 307)
[M::mem_pestat] low and high boundaries for computing mean and std.dev: (1, 581)
[M::mem_pestat] mean and std.dev: (245.54, 99.95)
[M::mem_pestat] low and high boundaries for proper pairs: (1, 718)
[M::mem_pestat] skip orientation RF as there are not enough pairs
[M::mem_pestat] skip orientation RR as there are not enough pairs
[PB Info 2022-Nov-30 02:35:46] [M::mem_process_seqs_cpp] Processed 68100 reads in 349.075 CPU sec, 23.016 real sec
[PB Info 2022-Nov-30 02:35:46] [M::runCPUThreads] read 67996 sequences (220003332 bp)...
[PB Info 2022-Nov-30 02:36:05] 90757274	13310000000
[M::mem_pestat] # candidate unique pairs for (FF, FR, RF, RR): (0, 29401, 5, 0)
[M::mem_pestat] skip orientation FF as there are not enough pairs
[M::mem_pestat] analyzing insert size distribution for orientation FR...
[M::mem_pestat] (25, 50, 75) percentile: (173, 234, 314)
[M::mem_pestat] low and high boundaries for computing mean and std.dev: (1, 596)
[M::mem_pestat] mean and std.dev: (251.09, 103.62)
[M::mem_pestat] low and high boundaries for proper pairs: (1, 737)
[M::mem_pestat] skip orientation RF as there are not enough pairs
[M::mem_pestat] skip orientation RR as there are not enough pairs
[PB Info 2022-Nov-30 02:36:09] [M::mem_process_seqs_cpp] Processed 67996 reads in 347.132 CPU sec, 23.201 real sec
[PB Info 2022-Nov-30 02:36:09] [M::runCPUThreads] read 68128 sequences (230003441 bp)...
[M::mem_pestat] # candidate unique pairs for (FF, FR, RF, RR): (0, 29512, 2, 0)
[M::mem_pestat] skip orientation FF as there are not enough pairs
[M::mem_pestat] analyzing insert size distribution for orientation FR...
[M::mem_pestat] (25, 50, 75) percentile: (169, 228, 307)
[M::mem_pestat] low and high boundaries for computing mean and std.dev: (1, 583)
[M::mem_pestat] mean and std.dev: (245.36, 99.95)
[M::mem_pestat] low and high boundaries for proper pairs: (1, 721)
[M::mem_pestat] skip orientation RF as there are not enough pairs
[M::mem_pestat] skip orientation RR as there are not enough pairs
[PB Info 2022-Nov-30 02:36:32] [M::mem_process_seqs_cpp] Processed 68128 reads in 348.104 CPU sec, 23.230 real sec
[PB Info 2022-Nov-30 02:36:32] 95802376	8340000000
[PB Info 2022-Nov-30 02:36:32] [M::runCPUThreads] read 68184 sequences (240003729 bp)...
[PB Info 2022-Nov-30 02:36:53] 100841624	14890000000
[M::mem_pestat] # candidate unique pairs for (FF, FR, RF, RR): (0, 29545, 1, 0)
[M::mem_pestat] skip orientation FF as there are not enough pairs
[M::mem_pestat] analyzing insert size distribution for orientation FR...
[M::mem_pestat] (25, 50, 75) percentile: (169, 226, 303)
[M::mem_pestat] low and high boundaries for computing mean and std.dev: (1, 571)
[M::mem_pestat] mean and std.dev: (243.01, 97.94)
[M::mem_pestat] low and high boundaries for proper pairs: (1, 705)
[M::mem_pestat] skip orientation RF as there are not enough pairs
[M::mem_pestat] skip orientation RR as there are not enough pairs
[PB Info 2022-Nov-30 02:36:58] [M::mem_process_seqs_cpp] Processed 68184 reads in 387.007 CPU sec, 25.529 real sec
[PB Info 2022-Nov-30 02:36:58] [M::runCPUThreads] read 68160 sequences (250003823 bp)...
[M::mem_pestat] # candidate unique pairs for (FF, FR, RF, RR): (0, 29516, 1, 0)
[M::mem_pestat] skip orientation FF as there are not enough pairs
[M::mem_pestat] analyzing insert size distribution for orientation FR...
[M::mem_pestat] (25, 50, 75) percentile: (171, 229, 306)
[M::mem_pestat] low and high boundaries for computing mean and std.dev: (1, 576)
[M::mem_pestat] mean and std.dev: (245.29, 98.87)
[M::mem_pestat] low and high boundaries for proper pairs: (1, 711)
[M::mem_pestat] skip orientation RF as there are not enough pairs
[M::mem_pestat] skip orientation RR as there are not enough pairs
[PB Info 2022-Nov-30 02:37:22] [M::mem_process_seqs_cpp] Processed 68160 reads in 363.036 CPU sec, 24.492 real sec
[PB Info 2022-Nov-30 02:37:22] [M::runCPUThreads] read 68202 sequences (260004122 bp)...
[PB Info 2022-Nov-30 02:37:25] 105880786	15710000000
[M::mem_pestat] # candidate unique pairs for (FF, FR, RF, RR): (0, 29537, 1, 0)
[M::mem_pestat] skip orientation FF as there are not enough pairs
[M::mem_pestat] analyzing insert size distribution for orientation FR...
[M::mem_pestat] (25, 50, 75) percentile: (169, 227, 306)
[M::mem_pestat] low and high boundaries for computing mean and std.dev: (1, 580)
[M::mem_pestat] mean and std.dev: (244.43, 99.88)
[M::mem_pestat] low and high boundaries for proper pairs: (1, 717)
[M::mem_pestat] skip orientation RF as there are not enough pairs
[M::mem_pestat] skip orientation RR as there are not enough pairs
[PB Info 2022-Nov-30 02:37:44] [M::mem_process_seqs_cpp] Processed 68202 reads in 326.510 CPU sec, 22.042 real sec
[PB Info 2022-Nov-30 02:37:44] [M::runCPUThreads] read 68106 sequences (270004224 bp)...
[PB Info 2022-Nov-30 02:37:55] 110920010	16420000000
[M::mem_pestat] # candidate unique pairs for (FF, FR, RF, RR): (0, 29492, 2, 0)
[M::mem_pestat] skip orientation FF as there are not enough pairs
[M::mem_pestat] analyzing insert size distribution for orientation FR...
[M::mem_pestat] (25, 50, 75) percentile: (172, 230, 309)
[M::mem_pestat] low and high boundaries for computing mean and std.dev: (1, 583)
[M::mem_pestat] mean and std.dev: (247.34, 100.48)
[M::mem_pestat] low and high boundaries for proper pairs: (1, 720)
[M::mem_pestat] skip orientation RF as there are not enough pairs
[M::mem_pestat] skip orientation RR as there are not enough pairs
[PB Info 2022-Nov-30 02:38:09] [M::mem_process_seqs_cpp] Processed 68106 reads in 365.591 CPU sec, 24.292 real sec
[PB Info 2022-Nov-30 02:38:09] [M::runCPUThreads] read 68194 sequences (280004265 bp)...
[PB Info 2022-Nov-30 02:38:21] 115960890	17190000000
[M::mem_pestat] # candidate unique pairs for (FF, FR, RF, RR): (0, 29573, 4, 0)
[M::mem_pestat] skip orientation FF as there are not enough pairs
[M::mem_pestat] analyzing insert size distribution for orientation FR...
[M::mem_pestat] (25, 50, 75) percentile: (169, 227, 306)
[M::mem_pestat] low and high boundaries for computing mean and std.dev: (1, 580)
[M::mem_pestat] mean and std.dev: (244.52, 100.07)
[M::mem_pestat] low and high boundaries for proper pairs: (1, 717)
[M::mem_pestat] skip orientation RF as there are not enough pairs
[M::mem_pestat] skip orientation RR as there are not enough pairs
[PB Info 2022-Nov-30 02:38:33] [M::mem_process_seqs_cpp] Processed 68194 reads in 362.062 CPU sec, 24.218 real sec
[PB Info 2022-Nov-30 02:38:33] [M::runCPUThreads] read 68202 sequences (290004460 bp)...
[PB Info 2022-Nov-30 02:38:50] 121002500	17920000000
[M::mem_pestat] # candidate unique pairs for (FF, FR, RF, RR): (0, 29627, 0, 0)
[M::mem_pestat] skip orientation FF as there are not enough pairs
[M::mem_pestat] analyzing insert size distribution for orientation FR...
[M::mem_pestat] (25, 50, 75) percentile: (170, 228, 306)
[M::mem_pestat] low and high boundaries for computing mean and std.dev: (1, 578)
[M::mem_pestat] mean and std.dev: (245.20, 99.39)
[M::mem_pestat] low and high boundaries for proper pairs: (1, 714)
[M::mem_pestat] skip orientation RF as there are not enough pairs
[M::mem_pestat] skip orientation RR as there are not enough pairs
[PB Info 2022-Nov-30 02:38:58] [M::mem_process_seqs_cpp] Processed 68202 reads in 373.905 CPU sec, 24.993 real sec
[PB Info 2022-Nov-30 02:38:58] [M::runCPUThreads] read 68074 sequences (300004680 bp)...
[PB Info 2022-Nov-30 02:39:17] 126044932	18660000000
[M::mem_pestat] # candidate unique pairs for (FF, FR, RF, RR): (0, 29519, 5, 0)
[M::mem_pestat] skip orientation FF as there are not enough pairs
[M::mem_pestat] analyzing insert size distribution for orientation FR...
[M::mem_pestat] (25, 50, 75) percentile: (170, 228, 307)
[M::mem_pestat] low and high boundaries for computing mean and std.dev: (1, 581)
[M::mem_pestat] mean and std.dev: (245.41, 99.55)
[M::mem_pestat] low and high boundaries for proper pairs: (1, 718)
[M::mem_pestat] skip orientation RF as there are not enough pairs
[M::mem_pestat] skip orientation RR as there are not enough pairs
[PB Info 2022-Nov-30 02:39:24] [M::mem_process_seqs_cpp] Processed 68074 reads in 385.289 CPU sec, 25.735 real sec
[PB Info 2022-Nov-30 02:39:24] [M::runCPUThreads] read 68154 sequences (310004842 bp)...
[M::mem_pestat] # candidate unique pairs for (FF, FR, RF, RR): (0, 29576, 1, 0)
[M::mem_pestat] skip orientation FF as there are not enough pairs
[M::mem_pestat] analyzing insert size distribution for orientation FR...
[M::mem_pestat] (25, 50, 75) percentile: (169, 229, 306)
[M::mem_pestat] low and high boundaries for computing mean and std.dev: (1, 580)
[M::mem_pestat] mean and std.dev: (245.29, 99.90)
[M::mem_pestat] low and high boundaries for proper pairs: (1, 717)
[M::mem_pestat] skip orientation RF as there are not enough pairs
[M::mem_pestat] skip orientation RR as there are not enough pairs
[PB Info 2022-Nov-30 02:39:48] [M::mem_process_seqs_cpp] Processed 68154 reads in 349.707 CPU sec, 24.800 real sec
[PB Info 2022-Nov-30 02:39:48] [M::runCPUThreads] read 68138 sequences (320005000 bp)...
[M::mem_pestat] # candidate unique pairs for (FF, FR, RF, RR): (0, 29602, 4, 0)
[M::mem_pestat] skip orientation FF as there are not enough pairs
[M::mem_pestat] analyzing insert size distribution for orientation FR...
[M::mem_pestat] (25, 50, 75) percentile: (171, 228, 305)
[M::mem_pestat] low and high boundaries for computing mean and std.dev: (1, 573)
[M::mem_pestat] mean and std.dev: (244.86, 98.44)
[M::mem_pestat] low and high boundaries for proper pairs: (1, 707)
[M::mem_pestat] skip orientation RF as there are not enough pairs
[M::mem_pestat] skip orientation RR as there are not enough pairs
[PB Info 2022-Nov-30 02:40:11] [M::mem_process_seqs_cpp] Processed 68138 reads in 289.008 CPU sec, 22.256 real sec
[PB Info 2022-Nov-30 02:40:11] [M::runCPUThreads] read 68234 sequences (330005164 bp)...
[M::mem_pestat] # candidate unique pairs for (FF, FR, RF, RR): (0, 29506, 3, 0)
[M::mem_pestat] skip orientation FF as there are not enough pairs
[M::mem_pestat] analyzing insert size distribution for orientation FR...
[M::mem_pestat] (25, 50, 75) percentile: (169, 226, 302)
[M::mem_pestat] low and high boundaries for computing mean and std.dev: (1, 568)
[M::mem_pestat] mean and std.dev: (242.88, 97.49)
[M::mem_pestat] low and high boundaries for proper pairs: (1, 701)
[M::mem_pestat] skip orientation RF as there are not enough pairs
[M::mem_pestat] skip orientation RR as there are not enough pairs
[PB Info 2022-Nov-30 02:40:31] [M::mem_process_seqs_cpp] Processed 68234 reads in 263.868 CPU sec, 20.350 real sec
[PB Info 2022-Nov-30 02:40:31] [M::runCPUThreads] read 68126 sequences (340005235 bp)...
[M::mem_pestat] # candidate unique pairs for (FF, FR, RF, RR): (0, 29529, 2, 0)
[M::mem_pestat] skip orientation FF as there are not enough pairs
[M::mem_pestat] analyzing insert size distribution for orientation FR...
[M::mem_pestat] (25, 50, 75) percentile: (171, 229, 306)
[M::mem_pestat] low and high boundaries for computing mean and std.dev: (1, 576)
[M::mem_pestat] mean and std.dev: (245.30, 99.16)
[M::mem_pestat] low and high boundaries for proper pairs: (1, 711)
[M::mem_pestat] skip orientation RF as there are not enough pairs
[M::mem_pestat] skip orientation RR as there are not enough pairs
[PB Info 2022-Nov-30 02:40:52] [M::mem_process_seqs_cpp] Processed 68126 reads in 274.448 CPU sec, 21.167 real sec
[PB Info 2022-Nov-30 02:40:52] [M::runCPUThreads] read 68050 sequences (350005516 bp)...
[M::mem_pestat] # candidate unique pairs for (FF, FR, RF, RR): (0, 29514, 3, 0)
[M::mem_pestat] skip orientation FF as there are not enough pairs
[M::mem_pestat] analyzing insert size distribution for orientation FR...
[M::mem_pestat] (25, 50, 75) percentile: (171, 230, 309)
[M::mem_pestat] low and high boundaries for computing mean and std.dev: (1, 585)
[M::mem_pestat] mean and std.dev: (247.18, 100.60)
[M::mem_pestat] low and high boundaries for proper pairs: (1, 723)
[M::mem_pestat] skip orientation RF as there are not enough pairs
[M::mem_pestat] skip orientation RR as there are not enough pairs
[PB Info 2022-Nov-30 02:41:12] [M::mem_process_seqs_cpp] Processed 68050 reads in 260.583 CPU sec, 20.099 real sec
[PB Info 2022-Nov-30 02:41:12] [M::runCPUThreads] read 68086 sequences (360005793 bp)...
[M::mem_pestat] # candidate unique pairs for (FF, FR, RF, RR): (0, 29569, 5, 0)
[M::mem_pestat] skip orientation FF as there are not enough pairs
[M::mem_pestat] analyzing insert size distribution for orientation FR...
[M::mem_pestat] (25, 50, 75) percentile: (169, 227, 307)
[M::mem_pestat] low and high boundaries for computing mean and std.dev: (1, 583)
[M::mem_pestat] mean and std.dev: (245.52, 100.79)
[M::mem_pestat] low and high boundaries for proper pairs: (1, 721)
[M::mem_pestat] skip orientation RF as there are not enough pairs
[M::mem_pestat] skip orientation RR as there are not enough pairs
[PB Info 2022-Nov-30 02:41:34] [M::mem_process_seqs_cpp] Processed 68086 reads in 273.929 CPU sec, 21.124 real sec
[PB Info 2022-Nov-30 02:41:34] [M::runCPUThreads] read 68040 sequences (370005956 bp)...
[M::mem_pestat] # candidate unique pairs for (FF, FR, RF, RR): (0, 29561, 4, 0)
[M::mem_pestat] skip orientation FF as there are not enough pairs
[M::mem_pestat] analyzing insert size distribution for orientation FR...
[M::mem_pestat] (25, 50, 75) percentile: (171, 230, 308)
[M::mem_pestat] low and high boundaries for computing mean and std.dev: (1, 582)
[M::mem_pestat] mean and std.dev: (247.18, 100.68)
[M::mem_pestat] low and high boundaries for proper pairs: (1, 719)
[M::mem_pestat] skip orientation RF as there are not enough pairs
[M::mem_pestat] skip orientation RR as there are not enough pairs
[PB Info 2022-Nov-30 02:41:53] [M::mem_process_seqs_cpp] Processed 68040 reads in 248.357 CPU sec, 19.154 real sec
[PB Info 2022-Nov-30 02:41:53] [M::runCPUThreads] read 68154 sequences (380006059 bp)...
[M::mem_pestat] # candidate unique pairs for (FF, FR, RF, RR): (0, 29680, 4, 0)
[M::mem_pestat] skip orientation FF as there are not enough pairs
[M::mem_pestat] analyzing insert size distribution for orientation FR...
[M::mem_pestat] (25, 50, 75) percentile: (169, 227, 304)
[M::mem_pestat] low and high boundaries for computing mean and std.dev: (1, 574)
[M::mem_pestat] mean and std.dev: (243.76, 98.74)
[M::mem_pestat] low and high boundaries for proper pairs: (1, 709)
[M::mem_pestat] skip orientation RF as there are not enough pairs
[M::mem_pestat] skip orientation RR as there are not enough pairs
[PB Info 2022-Nov-30 02:42:13] [M::mem_process_seqs_cpp] Processed 68154 reads in 266.812 CPU sec, 20.580 real sec
[PB Info 2022-Nov-30 02:42:13] [M::runCPUThreads] read 68118 sequences (390006168 bp)...
[M::mem_pestat] # candidate unique pairs for (FF, FR, RF, RR): (0, 29579, 3, 0)
[M::mem_pestat] skip orientation FF as there are not enough pairs
[M::mem_pestat] analyzing insert size distribution for orientation FR...
[M::mem_pestat] (25, 50, 75) percentile: (169, 227, 303)
[M::mem_pestat] low and high boundaries for computing mean and std.dev: (1, 571)
[M::mem_pestat] mean and std.dev: (243.06, 97.50)
[M::mem_pestat] low and high boundaries for proper pairs: (1, 705)
[M::mem_pestat] skip orientation RF as there are not enough pairs
[M::mem_pestat] skip orientation RR as there are not enough pairs
[PB Info 2022-Nov-30 02:42:43] [M::mem_process_seqs_cpp] Processed 68118 reads in 382.519 CPU sec, 29.499 real sec
[PB Info 2022-Nov-30 02:42:43] [M::runCPUThreads] read 68160 sequences (400006386 bp)...
[M::mem_pestat] # candidate unique pairs for (FF, FR, RF, RR): (0, 29589, 2, 0)
[M::mem_pestat] skip orientation FF as there are not enough pairs
[M::mem_pestat] analyzing insert size distribution for orientation FR...
[M::mem_pestat] (25, 50, 75) percentile: (170, 227, 305)
[M::mem_pestat] low and high boundaries for computing mean and std.dev: (1, 575)
[M::mem_pestat] mean and std.dev: (244.14, 98.75)
[M::mem_pestat] low and high boundaries for proper pairs: (1, 710)
[M::mem_pestat] skip orientation RF as there are not enough pairs
[M::mem_pestat] skip orientation RR as there are not enough pairs
[PB Info 2022-Nov-30 02:43:16] [M::mem_process_seqs_cpp] Processed 68160 reads in 430.123 CPU sec, 33.170 real sec
[PB Info 2022-Nov-30 02:43:16] [M::runCPUThreads] read 68198 sequences (410006626 bp)...
[M::mem_pestat] # candidate unique pairs for (FF, FR, RF, RR): (0, 29585, 3, 0)
[M::mem_pestat] skip orientation FF as there are not enough pairs
[M::mem_pestat] analyzing insert size distribution for orientation FR...
[M::mem_pestat] (25, 50, 75) percentile: (169, 227, 305)
[M::mem_pestat] low and high boundaries for computing mean and std.dev: (1, 577)
[M::mem_pestat] mean and std.dev: (244.31, 99.07)
[M::mem_pestat] low and high boundaries for proper pairs: (1, 713)
[M::mem_pestat] skip orientation RF as there are not enough pairs
[M::mem_pestat] skip orientation RR as there are not enough pairs
[PB Info 2022-Nov-30 02:43:41] [M::mem_process_seqs_cpp] Processed 68198 reads in 150.457 CPU sec, 24.538 real sec
[PB Info 2022-Nov-30 02:43:52] 
GPU-BWA Mem time: 995.640811 seconds
[PB Info 2022-Nov-30 02:43:52] GPU-BWA Mem is finished.


[main] CMD: PARABRICKS mem -Z ./pbOpts.txt /NGS/clinicalgenomics/public_data/gatk_resource_bundle/b37/human_g1k_v37_decoy.fasta /NGS/humangenomics/active/2022/run/hyperparathyroid_analysis_20221102/results/03_pipeline_runs/cohort/human_genomics_pipeline/results/trimmed/21CG0020_1_val_1.fq.gz /NGS/humangenomics/active/2022/run/hyperparathyroid_analysis_20221102/results/03_pipeline_runs/cohort/human_genomics_pipeline/results/trimmed/21CG0020_2_val_2.fq.gz @RG\tID:HF22WBGXG.1\tLB:lib1\tPL:bar\tSM:21CG0020\tPU:HF22WBGXG.1
[main] Real time: 1005.004 sec; CPU: 14010.536 sec
[PB Info 2022-Nov-30 02:43:52] ------------------------------------------------------------------------------
[PB Info 2022-Nov-30 02:43:52] ||        Program:                      GPU-BWA mem, Sorting Phase-I        ||
[PB Info 2022-Nov-30 02:43:52] ||        Version:                                           3.8.0-1        ||
[PB Info 2022-Nov-30 02:43:52] ||        Start Time:                       Wed Nov 30 02:27:06 2022        ||
[PB Info 2022-Nov-30 02:43:52] ||        End Time:                         Wed Nov 30 02:43:52 2022        ||
[PB Info 2022-Nov-30 02:43:52] ||        Total Time:                          16 minutes 46 seconds        ||
[PB Info 2022-Nov-30 02:43:52] ------------------------------------------------------------------------------
[PB Info 2022-Nov-30 02:43:56] ------------------------------------------------------------------------------
[PB Info 2022-Nov-30 02:43:56] ||                 Parabricks accelerated Genomics Pipeline                 ||
[PB Info 2022-Nov-30 02:43:56] ||                              Version 3.8.0-1                             ||
[PB Info 2022-Nov-30 02:43:56] ||                             Sorting Phase-II                             ||
[PB Info 2022-Nov-30 02:43:56] ||                  Contact: Parabricks-Support@nvidia.com                  ||
[PB Info 2022-Nov-30 02:43:56] ------------------------------------------------------------------------------
[PB Info 2022-Nov-30 02:43:56] progressMeter - Percentage
[PB Info 2022-Nov-30 02:43:56] 0.0	 0.00 GB
[PB Info 2022-Nov-30 02:44:06] 65.7	 0.00 GB
[PB Info 2022-Nov-30 02:44:16] Sorting and Marking: 20.001 seconds
[PB Info 2022-Nov-30 02:44:16] ------------------------------------------------------------------------------
[PB Info 2022-Nov-30 02:44:16] ||        Program:                                  Sorting Phase-II        ||
[PB Info 2022-Nov-30 02:44:16] ||        Version:                                           3.8.0-1        ||
[PB Info 2022-Nov-30 02:44:16] ||        Start Time:                       Wed Nov 30 02:43:56 2022        ||
[PB Info 2022-Nov-30 02:44:16] ||        End Time:                         Wed Nov 30 02:44:16 2022        ||
[PB Info 2022-Nov-30 02:44:16] ||        Total Time:                                     20 seconds        ||
[PB Info 2022-Nov-30 02:44:16] ------------------------------------------------------------------------------
[PB Info 2022-Nov-30 02:44:17] ------------------------------------------------------------------------------
[PB Info 2022-Nov-30 02:44:17] ||                 Parabricks accelerated Genomics Pipeline                 ||
[PB Info 2022-Nov-30 02:44:17] ||                              Version 3.8.0-1                             ||
[PB Info 2022-Nov-30 02:44:17] ||                         Marking Duplicates, BQSR                         ||
[PB Info 2022-Nov-30 02:44:17] ||                  Contact: Parabricks-Support@nvidia.com                  ||
[PB Info 2022-Nov-30 02:44:17] ------------------------------------------------------------------------------
[PB Info 2022-Nov-30 02:44:19] progressMeter -	Percentage
[PB Info 2022-Nov-30 02:44:29] 0.0	 18.61 GB
[PB Info 2022-Nov-30 02:44:39] 0.0	 37.05 GB
[PB Info 2022-Nov-30 02:44:49] 0.0	 49.48 GB
[PB Info 2022-Nov-30 02:44:59] 0.0	 53.75 GB
[PB Info 2022-Nov-30 02:45:09] 0.0	 53.75 GB
[PB Info 2022-Nov-30 02:45:19] 0.0	 53.75 GB
[PB Info 2022-Nov-30 02:45:29] 0.0	 53.75 GB
[PB Info 2022-Nov-30 02:45:39] 0.0	 53.75 GB
[PB Info 2022-Nov-30 02:45:49] 0.0	 53.75 GB
[PB Info 2022-Nov-30 02:45:59] 0.0	 53.75 GB
[PB Info 2022-Nov-30 02:46:09] 0.0	 53.75 GB
[PB Info 2022-Nov-30 02:46:19] 0.0	 53.75 GB
[PB Info 2022-Nov-30 02:46:29] 0.0	 53.75 GB
[PB Info 2022-Nov-30 02:46:39] 0.0	 53.75 GB
[PB Info 2022-Nov-30 02:46:49] 0.0	 53.75 GB
[PB Info 2022-Nov-30 02:46:59] 9.2	 47.47 GB
[PB Info 2022-Nov-30 02:47:09] 25.4	 39.26 GB
[PB Info 2022-Nov-30 02:47:19] 43.1	 30.99 GB
[PB Info 2022-Nov-30 02:47:29] 59.7	 22.43 GB
[PB Info 2022-Nov-30 02:47:39] 74.9	 14.31 GB
[PB Info 2022-Nov-30 02:47:49] 85.0	 5.98 GB
[PB Info 2022-Nov-30 02:47:59] 100.0	 0.00 GB
[PB Info 2022-Nov-30 02:48:00] BQSR and writing final BAM:  220.187 seconds
[PB Info 2022-Nov-30 02:48:00] ------------------------------------------------------------------------------
[PB Info 2022-Nov-30 02:48:00] ||        Program:                          Marking Duplicates, BQSR        ||
[PB Info 2022-Nov-30 02:48:00] ||        Version:                                           3.8.0-1        ||
[PB Info 2022-Nov-30 02:48:00] ||        Start Time:                       Wed Nov 30 02:44:17 2022        ||
[PB Info 2022-Nov-30 02:48:00] ||        End Time:                         Wed Nov 30 02:48:00 2022        ||
[PB Info 2022-Nov-30 02:48:00] ||        Total Time:                           3 minutes 43 seconds        ||
[PB Info 2022-Nov-30 02:48:00] ------------------------------------------------------------------------------
Namespace(append=None, bwa_options=None, fix_mate=None, fq_list=None, gpu_devices='all', in_fq=[['/NGS/humangenomics/active/2022/run/hyperparathyroid_analysis_20221102/results/03_pipeline_runs/cohort/human_genomics_pipeline/results/trimmed/21CG0020_1_val_1.fq.gz', '/NGS/humangenomics/active/2022/run/hyperparathyroid_analysis_20221102/results/03_pipeline_runs/cohort/human_genomics_pipeline/results/trimmed/21CG0020_2_val_2.fq.gz', '@RG\\tID:HF22WBGXG.1\\tLB:lib1\\tPL:bar\\tSM:21CG0020\\tPU:HF22WBGXG.1']], in_fq_list=None, in_se_fq=None, interval=None, interval_file=None, interval_padding=None, keep_tmp=None, knownSites=['/NGS/clinicalgenomics/public_data/gatk_resource_bundle/b37/dbsnp_138.b37.vcf', '/NGS/clinicalgenomics/public_data/gatk_resource_bundle/b37/Mills_and_1000G_gold_standard.indels.b37.vcf', '/NGS/clinicalgenomics/public_data/gatk_resource_bundle/b37/1000G_phase1.indels.b37.vcf'], license_file=None, logfile=None, markdups_assume_sortorder_queryname=None, markdups_picard_version_2182=None, memory_limit=251, no_markdups=None, no_seccomp_override=None, no_warnings=None, num_cpu_threads=1, num_gpus=2, optical_duplicate_pixel_distance=None, out_bam='/NGS/humangenomics/active/2022/run/hyperparathyroid_analysis_20221102/results/03_pipeline_runs/cohort/human_genomics_pipeline/results/mapped/21CG0020_recalibrated.bam', out_duplicate_metrics=None, out_qc_metrics_dir=None, out_recal_file='/NGS/humangenomics/active/2022/run/hyperparathyroid_analysis_20221102/results/03_pipeline_runs/cohort/human_genomics_pipeline/results/mapped/21CG0020_recal.txt', read_group_id_prefix=None, read_group_lb=None, read_group_pl=None, read_group_sm=None, ref='/NGS/clinicalgenomics/public_data/gatk_resource_bundle/b37/human_g1k_v37_decoy.fasta', standalone_bqsr=None, tmp_dir='/NGS/humangenomics/active/tmp/1EQU0L3C', verbose=None, version=None, with_petagene_dir=None, x1=None, x2=None, x3=None, x4=None, x5=None)
[PB Info 2022-Nov-30 02:48:54] ------------------------------------------------------------------------------
[PB Info 2022-Nov-30 02:48:54] ||                 Parabricks accelerated Genomics Pipeline                 ||
[PB Info 2022-Nov-30 02:48:54] ||                              Version 3.8.0-1                             ||
[PB Info 2022-Nov-30 02:48:54] ||                         GPU-GATK4 HaplotypeCaller                        ||
[PB Info 2022-Nov-30 02:48:54] ||                  Contact: Parabricks-Support@nvidia.com                  ||
[PB Info 2022-Nov-30 02:48:54] ------------------------------------------------------------------------------
[PB Info 2022-Nov-30 02:49:18] 0 /NGS/humangenomics/active/2022/run/hyperparathyroid_analysis_20221102/results/03_pipeline_runs/cohort/human_genomics_pipeline/results/mapped/21CG0020_recalibrated.bam/NGS/humangenomics/active/2022/run/hyperparathyroid_analysis_20221102/results/03_pipeline_runs/cohort/human_genomics_pipeline/results/called/21CG0020_raw_snps_indels_tmp.g.vcf
[PB Info 2022-Nov-30 02:49:18] ProgressMeter -	Current-Locus	Elapsed-Minutes	Regions-Processed	Regions/Minute
[PB Info 2022-Nov-30 02:49:28] 1:16891201	0.2	134415	806490
[PB Info 2022-Nov-30 02:49:38] 1:47150401	0.3	358375	1075125
[PB Info 2022-Nov-30 02:49:48] 1:113452801	0.5	698603	1397206
[PB Info 2022-Nov-30 02:49:58] 1:151747201	0.7	797999	1196998
[PB Info 2022-Nov-30 02:50:08] 1:200716801	0.8	1054062	1264874
[PB Info 2022-Nov-30 02:50:18] 1:244579201	1.0	1315405	1315405
[PB Info 2022-Nov-30 02:50:28] 2:44011201	1.2	1592054	1364615
[PB Info 2022-Nov-30 02:50:38] 2:99936001	1.3	1879695	1409771
[PB Info 2022-Nov-30 02:50:48] 2:163075201	1.5	2222009	1481339
[PB Info 2022-Nov-30 02:50:58] 2:214008001	1.7	2494354	1496612
[PB Info 2022-Nov-30 02:51:08] 3:25656001	1.8	2803883	1529389
[PB Info 2022-Nov-30 02:51:18] 3:66499201	2.0	3049263	1524631
[PB Info 2022-Nov-30 02:51:28] 3:136272001	2.2	3393690	1566318
[PB Info 2022-Nov-30 02:51:38] 3:195504001	2.3	3703626	1587268
[PB Info 2022-Nov-30 02:51:48] 4:47942401	2.5	3998825	1599530
[PB Info 2022-Nov-30 02:51:58] 4:118003201	2.7	4347170	1630188
[PB Info 2022-Nov-30 02:52:08] 5:254401	2.8	4722795	1666865
[PB Info 2022-Nov-30 02:52:18] 5:74323201	3.0	5092959	1697653
[PB Info 2022-Nov-30 02:52:28] 5:139905601	3.2	5438430	1717398
[PB Info 2022-Nov-30 02:52:38] 6:11481601	3.3	5737423	1721226
[PB Info 2022-Nov-30 02:52:48] 6:42638401	3.5	5932523	1695006
[PB Info 2022-Nov-30 02:52:58] 6:111691201	3.7	6291696	1715917
[PB Info 2022-Nov-30 02:53:08] 7:2472001	3.8	6612931	1725112
[PB Info 2022-Nov-30 02:53:18] 7:71131201	4.0	6970341	1742583
[PB Info 2022-Nov-30 02:53:28] 7:100608001	4.2	7155201	1717248
[PB Info 2022-Nov-30 02:53:38] 7:151944001	4.3	7440793	1717105
[PB Info 2022-Nov-30 02:53:48] 8:46843201	4.5	7744096	1720908
[PB Info 2022-Nov-30 02:53:58] 8:127593601	4.7	8155456	1747597
[PB Info 2022-Nov-30 02:54:08] 9:34987201	4.8	8442805	1746787
[PB Info 2022-Nov-30 02:54:18] 9:118161601	5.0	8779445	1755889
[PB Info 2022-Nov-30 02:54:28] 10:19900801	5.2	9038397	1749367
[PB Info 2022-Nov-30 02:54:38] 10:82094401	5.3	9362584	1755483
[PB Info 2022-Nov-30 02:54:48] 10:134558401	5.5	9654945	1755444
[PB Info 2022-Nov-30 02:54:58] 11:36273601	5.7	9888196	1744975
[PB Info 2022-Nov-30 02:55:08] 11:72979201	5.8	10075241	1727184
[PB Info 2022-Nov-30 02:55:18] 11:130065601	6.0	10387992	1731332
[PB Info 2022-Nov-30 02:55:28] 12:34176001	6.2	10630698	1723896
[PB Info 2022-Nov-30 02:55:38] 12:56971201	6.3	10738504	1695553
[PB Info 2022-Nov-30 02:55:48] 12:115248001	6.5	11057170	1701103
[PB Info 2022-Nov-30 02:55:58] 13:41832001	6.7	11310970	1696645
[PB Info 2022-Nov-30 02:56:08] 14:19804801	6.8	11687136	1710311
[PB Info 2022-Nov-30 02:56:18] 14:69408001	7.0	11962679	1708954
[PB Info 2022-Nov-30 02:56:28] 15:20452801	7.2	12191346	1701118
[PB Info 2022-Nov-30 02:56:38] 15:63513601	7.3	12429229	1694894
[PB Info 2022-Nov-30 02:56:48] 16:1459201	7.5	12671601	1689546
[PB Info 2022-Nov-30 02:56:58] 16:53635201	7.7	12927834	1686239
[PB Info 2022-Nov-30 02:57:08] 17:1958401	7.8	13173074	1681669
[PB Info 2022-Nov-30 02:57:18] 17:34958401	8.0	13367132	1670891
[PB Info 2022-Nov-30 02:57:28] 17:64046401	8.2	13558736	1660253
[PB Info 2022-Nov-30 02:57:38] 18:20952001	8.3	13791384	1654965
[PB Info 2022-Nov-30 02:57:48] 19:5044801	8.5	14117826	1660920
[PB Info 2022-Nov-30 02:57:58] 19:29352001	8.7	14277684	1647425
[PB Info 2022-Nov-30 02:58:08] 19:50462401	8.8	14420431	1632501
[PB Info 2022-Nov-30 02:58:18] 20:18504001	9.0	14593948	1621549
[PB Info 2022-Nov-30 02:58:28] 20:62472001	9.2	14859626	1621050
[PB Info 2022-Nov-30 02:58:38] 22:25684801	9.3	15105072	1618400
[PB Info 2022-Nov-30 02:58:48] X:10152001	9.5	15342061	1614953
[PB Info 2022-Nov-30 02:58:58] X:70521601	9.7	15642284	1618166
[PB Info 2022-Nov-30 02:59:08] X:142795201	9.8	16029164	1630084
[PB Info 2022-Nov-30 02:59:18] hs37d5:35462401	10.0	16199608	1619960
[PB Info 2022-Nov-30 02:59:29] Total time taken: 610.808930
[PB Info 2022-Nov-30 02:59:29] ------------------------------------------------------------------------------
[PB Info 2022-Nov-30 02:59:29] ||        Program:                         GPU-GATK4 HaplotypeCaller        ||
[PB Info 2022-Nov-30 02:59:29] ||        Version:                                           3.8.0-1        ||
[PB Info 2022-Nov-30 02:59:29] ||        Start Time:                       Wed Nov 30 02:48:54 2022        ||
[PB Info 2022-Nov-30 02:59:29] ||        End Time:                         Wed Nov 30 02:59:29 2022        ||
[PB Info 2022-Nov-30 02:59:29] ||        Total Time:                          10 minutes 35 seconds        ||
[PB Info 2022-Nov-30 02:59:29] ------------------------------------------------------------------------------
/usr/local/cuda/.pb/binaries//bin/htvc /NGS/clinicalgenomics/public_data/gatk_resource_bundle/b37/human_g1k_v37_decoy.fasta /NGS/humangenomics/active/2022/run/hyperparathyroid_analysis_20221102/results/03_pipeline_runs/cohort/human_genomics_pipeline/results/mapped/21CG0020_recalibrated.bam 2 -o /NGS/humangenomics/active/2022/run/hyperparathyroid_analysis_20221102/results/03_pipeline_runs/cohort/human_genomics_pipeline/results/called/21CG0020_raw_snps_indels_tmp.g.vcf -nt 5 -a /NGS/humangenomics/active/2022/run/hyperparathyroid_analysis_20221102/results/03_pipeline_runs/cohort/human_genomics_pipeline/results/mapped/21CG0020_recal.txt -g

