Proceeding with single-core trimming (user-defined)
Path to Cutadapt set as: 'cutadapt' (default)
Cutadapt seems to be working fine (tested command 'cutadapt --version')
Cutadapt version: 4.1
single-core operation.
No quality encoding type selected. Assuming that the data provided uses Sanger encoded Phred scores (default)

Output will be written into the directory: /NGS/humangenomics/active/2022/run/hyperparathyroid_analysis_20221102/results/03_pipeline_runs/cohort/human_genomics_pipeline/results/trimmed/
Writing report to '/NGS/humangenomics/active/2022/run/hyperparathyroid_analysis_20221102/results/03_pipeline_runs/cohort/human_genomics_pipeline/results/trimmed/21CG0036_1.fastq.gz_trimming_report.txt'

SUMMARISING RUN PARAMETERS
==========================
Input filename: ../../fastq/21CG0036_1.fastq.gz
Trimming mode: paired-end
Trim Galore version: 0.6.4_dev
Cutadapt version: 4.1
Number of cores used for trimming: 1
Quality Phred score cutoff: 20
Quality encoding type selected: ASCII+33
Adapter sequence: 'AGATCGGAAGAGC' (Illumina TruSeq, Sanger iPCR; user defined)
Maximum trimming error rate: 0.1 (default)
Minimum required adapter overlap (stringency): 1 bp
Minimum required sequence length for both reads before a sequence pair gets removed: 20 bp
Output file(s) will be GZIP compressed

Cutadapt seems to be fairly up-to-date (version 4.1). Setting -j 1
Writing final adapter and quality trimmed output to 21CG0036_1_trimmed.fq.gz


  >>> Now performing quality (cutoff '-q 20') and adapter trimming in a single pass for the adapter sequence: 'AGATCGGAAGAGC' from file ../../fastq/21CG0036_1.fastq.gz <<< 
10000000 sequences processed
20000000 sequences processed
30000000 sequences processed
40000000 sequences processed
50000000 sequences processed
This is cutadapt 4.1 with Python 3.10.8
Command line parameters: -j 1 -e 0.1 -q 20 -O 1 -a AGATCGGAAGAGC ../../fastq/21CG0036_1.fastq.gz
Processing single-end reads on 1 core ...
Finished in 2362.99 s (40 µs/read; 1.50 M reads/minute).

=== Summary ===

Total reads processed:              59,007,589
Reads with adapters:                24,621,132 (41.7%)
Reads written (passing filters):    59,007,589 (100.0%)

Total basepairs processed: 8,910,145,939 bp
Quality-trimmed:              49,296,874 bp (0.6%)
Total written (filtered):  8,655,227,236 bp (97.1%)

=== Adapter 1 ===

Sequence: AGATCGGAAGAGC; Type: regular 3'; Length: 13; Trimmed: 24621132 times

Minimum overlap: 1
No. of allowed errors:
1-9 bp: 0; 10-13 bp: 1

Bases preceding removed adapters:
  A: 33.6%
  C: 28.0%
  G: 19.5%
  T: 18.9%
  none/other: 0.0%

Overview of removed sequences
length	count	expect	max.err	error counts
1	11721531	14751897.2	0	11721531
2	3625404	3687974.3	0	3625404
3	1299455	921993.6	0	1299455
4	507170	230498.4	0	507170
5	285389	57624.6	0	285389
6	222167	14406.1	0	222167
7	289203	3601.5	0	289203
8	208597	900.4	0	208597
9	315381	225.1	0	313688 1693
10	263525	56.3	1	253897 9628
11	185517	14.1	1	175893 9624
12	185388	3.5	1	176713 8675
13	333513	0.9	1	319637 13876
14	122930	0.9	1	114329 8601
15	340743	0.9	1	327624 13119
16	74395	0.9	1	67513 6882
17	287606	0.9	1	273059 14547
18	172463	0.9	1	164414 8049
19	169103	0.9	1	162129 6974
20	201242	0.9	1	192084 9158
21	149997	0.9	1	143613 6384
22	213795	0.9	1	205081 8714
23	142771	0.9	1	136040 6731
24	162965	0.9	1	154862 8103
25	233233	0.9	1	224343 8890
26	78156	0.9	1	73892 4264
27	148373	0.9	1	141873 6500
28	190614	0.9	1	182177 8437
29	133935	0.9	1	127246 6689
30	122325	0.9	1	117433 4892
31	116507	0.9	1	111975 4532
32	156832	0.9	1	151352 5480
33	80663	0.9	1	76600 4063
34	122858	0.9	1	117463 5395
35	141794	0.9	1	136099 5695
36	74146	0.9	1	70663 3483
37	124591	0.9	1	118344 6247
38	108372	0.9	1	103601 4771
39	104399	0.9	1	99989 4410
40	48546	0.9	1	45609 2937
41	115917	0.9	1	110954 4963
42	157629	0.9	1	153336 4293
43	67303	0.9	1	64724 2579
44	53383	0.9	1	51732 1651
45	8219	0.9	1	7470 749
46	32612	0.9	1	31285 1327
47	49961	0.9	1	47927 2034
48	59497	0.9	1	57352 2145
49	66337	0.9	1	64515 1822
50	24479	0.9	1	22928 1551
51	48155	0.9	1	46113 2042
52	52527	0.9	1	50824 1703
53	31237	0.9	1	29992 1245
54	38690	0.9	1	37088 1602
55	45833	0.9	1	44408 1425
56	31861	0.9	1	30788 1073
57	20281	0.9	1	19448 833
58	18077	0.9	1	17305 772
59	39226	0.9	1	38175 1051
60	12419	0.9	1	11898 521
61	11036	0.9	1	10503 533
62	29727	0.9	1	28982 745
63	10234	0.9	1	9760 474
64	8376	0.9	1	8001 375
65	15029	0.9	1	14490 539
66	15224	0.9	1	14815 409
67	5531	0.9	1	5238 293
68	9501	0.9	1	9132 369
69	9121	0.9	1	8742 379
70	8343	0.9	1	7938 405
71	8519	0.9	1	8170 349
72	11658	0.9	1	11255 403
73	8013	0.9	1	7719 294
74	5754	0.9	1	5495 259
75	2640	0.9	1	2464 176
76	405	0.9	1	308 97
77	288	0.9	1	206 82
78	1516	0.9	1	1410 106
79	2101	0.9	1	2005 96
80	2142	0.9	1	2021 121
81	2003	0.9	1	1898 105
82	1640	0.9	1	1534 106
83	1446	0.9	1	1359 87
84	1307	0.9	1	1198 109
85	1120	0.9	1	1019 101
86	939	0.9	1	859 80
87	804	0.9	1	733 71
88	748	0.9	1	644 104
89	603	0.9	1	528 75
90	510	0.9	1	433 77
91	426	0.9	1	377 49
92	356	0.9	1	283 73
93	325	0.9	1	255 70
94	307	0.9	1	222 85
95	250	0.9	1	193 57
96	239	0.9	1	150 89
97	203	0.9	1	125 78
98	180	0.9	1	112 68
99	152	0.9	1	90 62
100	145	0.9	1	58 87
101	129	0.9	1	54 75
102	93	0.9	1	48 45
103	84	0.9	1	30 54
104	95	0.9	1	35 60
105	79	0.9	1	26 53
106	79	0.9	1	18 61
107	67	0.9	1	14 53
108	80	0.9	1	15 65
109	67	0.9	1	8 59
110	69	0.9	1	3 66
111	58	0.9	1	7 51
112	51	0.9	1	2 49
113	66	0.9	1	1 65
114	52	0.9	1	5 47
115	63	0.9	1	6 57
116	63	0.9	1	2 61
117	66	0.9	1	5 61
118	71	0.9	1	1 70
119	48	0.9	1	3 45
120	42	0.9	1	2 40
121	43	0.9	1	3 40
122	55	0.9	1	4 51
123	54	0.9	1	2 52
124	67	0.9	1	1 66
125	60	0.9	1	3 57
126	43	0.9	1	2 41
127	50	0.9	1	2 48
128	52	0.9	1	0 52
129	61	0.9	1	1 60
130	61	0.9	1	1 60
131	51	0.9	1	0 51
132	84	0.9	1	0 84
133	51	0.9	1	2 49
134	64	0.9	1	1 63
135	73	0.9	1	2 71
136	75	0.9	1	2 73
137	57	0.9	1	1 56
138	61	0.9	1	0 61
139	68	0.9	1	1 67
140	47	0.9	1	2 45
141	84	0.9	1	0 84
142	89	0.9	1	17 72
143	92	0.9	1	20 72
144	59	0.9	1	8 51
145	52	0.9	1	0 52
146	27	0.9	1	5 22
147	12	0.9	1	0 12
148	3	0.9	1	0 3
149	10	0.9	1	0 10
150	2	0.9	1	0 2
151	5	0.9	1	0 5

RUN STATISTICS FOR INPUT FILE: ../../fastq/21CG0036_1.fastq.gz
=============================================
59007589 sequences processed in total
The length threshold of paired-end sequences gets evaluated later on (in the validation step)

Writing report to '/NGS/humangenomics/active/2022/run/hyperparathyroid_analysis_20221102/results/03_pipeline_runs/cohort/human_genomics_pipeline/results/trimmed/21CG0036_2.fastq.gz_trimming_report.txt'

SUMMARISING RUN PARAMETERS
==========================
Input filename: ../../fastq/21CG0036_2.fastq.gz
Trimming mode: paired-end
Trim Galore version: 0.6.4_dev
Cutadapt version: 4.1
Number of cores used for trimming: 1
Quality Phred score cutoff: 20
Quality encoding type selected: ASCII+33
Adapter sequence: 'AGATCGGAAGAGC' (Illumina TruSeq, Sanger iPCR; user defined)
Maximum trimming error rate: 0.1 (default)
Minimum required adapter overlap (stringency): 1 bp
Minimum required sequence length for both reads before a sequence pair gets removed: 20 bp
Output file(s) will be GZIP compressed

Cutadapt seems to be fairly up-to-date (version 4.1). Setting -j -j 1
Writing final adapter and quality trimmed output to 21CG0036_2_trimmed.fq.gz


  >>> Now performing quality (cutoff '-q 20') and adapter trimming in a single pass for the adapter sequence: 'AGATCGGAAGAGC' from file ../../fastq/21CG0036_2.fastq.gz <<< 
10000000 sequences processed
20000000 sequences processed
30000000 sequences processed
40000000 sequences processed
50000000 sequences processed
This is cutadapt 4.1 with Python 3.10.8
Command line parameters: -j 1 -e 0.1 -q 20 -O 1 -a AGATCGGAAGAGC ../../fastq/21CG0036_2.fastq.gz
Processing single-end reads on 1 core ...
Finished in 2384.61 s (40 µs/read; 1.48 M reads/minute).

=== Summary ===

Total reads processed:              59,007,589
Reads with adapters:                24,626,720 (41.7%)
Reads written (passing filters):    59,007,589 (100.0%)

Total basepairs processed: 8,910,145,939 bp
Quality-trimmed:              60,118,550 bp (0.7%)
Total written (filtered):  8,646,221,493 bp (97.0%)

=== Adapter 1 ===

Sequence: AGATCGGAAGAGC; Type: regular 3'; Length: 13; Trimmed: 24626720 times

Minimum overlap: 1
No. of allowed errors:
1-9 bp: 0; 10-13 bp: 1

Bases preceding removed adapters:
  A: 33.7%
  C: 27.1%
  G: 19.6%
  T: 19.6%
  none/other: 0.0%

Overview of removed sequences
length	count	expect	max.err	error counts
1	11777347	14751897.2	0	11777347
2	3587547	3687974.3	0	3587547
3	1295958	921993.6	0	1295958
4	486120	230498.4	0	486120
5	303496	57624.6	0	303496
6	224805	14406.1	0	224805
7	271987	3601.5	0	271987
8	226962	900.4	0	226962
9	319171	225.1	0	317977 1194
10	272951	56.3	1	264575 8376
11	176090	14.1	1	167685 8405
12	216991	3.5	1	209254 7737
13	224101	0.9	1	214535 9566
14	262302	0.9	1	252351 9951
15	184299	0.9	1	177170 7129
16	183009	0.9	1	175467 7542
17	255489	0.9	1	246413 9076
18	155686	0.9	1	148967 6719
19	288639	0.9	1	278456 10183
20	227106	0.9	1	220150 6956
21	110056	0.9	1	103876 6180
22	93542	0.9	1	90232 3310
23	174791	0.9	1	168093 6698
24	282718	0.9	1	273596 9122
25	50870	0.9	1	47732 3138
26	171584	0.9	1	164230 7354
27	301925	0.9	1	290371 11554
28	78829	0.9	1	75650 3179
29	142971	0.9	1	136972 5999
30	92561	0.9	1	89440 3121
31	142752	0.9	1	138475 4277
32	115620	0.9	1	111812 3808
33	162537	0.9	1	158347 4190
34	22870	0.9	1	21408 1462
35	107176	0.9	1	103476 3700
36	160484	0.9	1	154601 5883
37	62333	0.9	1	59450 2883
38	166326	0.9	1	161315 5011
39	40158	0.9	1	37740 2418
40	153493	0.9	1	149435 4058
41	20300	0.9	1	18889 1411
42	97020	0.9	1	94782 2238
43	70012	0.9	1	67954 2058
44	78321	0.9	1	76161 2160
45	110054	0.9	1	107471 2583
46	58208	0.9	1	56010 2198
47	48334	0.9	1	47226 1108
48	22708	0.9	1	21470 1238
49	79722	0.9	1	78176 1546
50	15781	0.9	1	15091 690
51	32857	0.9	1	32115 742
52	14093	0.9	1	13546 547
53	22638	0.9	1	21980 658
54	58030	0.9	1	56803 1227
55	15550	0.9	1	14876 674
56	26113	0.9	1	25279 834
57	56201	0.9	1	55021 1180
58	24112	0.9	1	23324 788
59	5621	0.9	1	5253 368
60	28864	0.9	1	28303 561
61	8713	0.9	1	8352 361
62	25113	0.9	1	24418 695
63	19266	0.9	1	18835 431
64	9593	0.9	1	9279 314
65	4993	0.9	1	4655 338
66	16193	0.9	1	15860 333
67	1983	0.9	1	1809 174
68	11232	0.9	1	10936 296
69	4763	0.9	1	4559 204
70	12517	0.9	1	12251 266
71	1919	0.9	1	1746 173
72	5502	0.9	1	5323 179
73	5542	0.9	1	5346 196
74	5147	0.9	1	4922 225
75	4407	0.9	1	4194 213
76	4375	0.9	1	4211 164
77	5718	0.9	1	5556 162
78	5810	0.9	1	5646 164
79	2156	0.9	1	2016 140
80	416	0.9	1	327 89
81	135	0.9	1	89 46
82	591	0.9	1	535 56
83	1075	0.9	1	999 76
84	1168	0.9	1	1092 76
85	1026	0.9	1	939 87
86	924	0.9	1	854 70
87	808	0.9	1	745 63
88	730	0.9	1	634 96
89	615	0.9	1	530 85
90	497	0.9	1	438 59
91	456	0.9	1	384 72
92	350	0.9	1	297 53
93	335	0.9	1	256 79
94	300	0.9	1	234 66
95	269	0.9	1	213 56
96	207	0.9	1	152 55
97	195	0.9	1	117 78
98	175	0.9	1	118 57
99	153	0.9	1	87 66
100	123	0.9	1	69 54
101	106	0.9	1	56 50
102	108	0.9	1	53 55
103	82	0.9	1	23 59
104	89	0.9	1	45 44
105	96	0.9	1	31 65
106	65	0.9	1	15 50
107	64	0.9	1	13 51
108	82	0.9	1	15 67
109	63	0.9	1	9 54
110	78	0.9	1	14 64
111	63	0.9	1	7 56
112	54	0.9	1	4 50
113	55	0.9	1	6 49
114	56	0.9	1	2 54
115	71	0.9	1	6 65
116	54	0.9	1	5 49
117	70	0.9	1	3 67
118	65	0.9	1	3 62
119	49	0.9	1	1 48
120	77	0.9	1	2 75
121	47	0.9	1	1 46
122	66	0.9	1	2 64
123	80	0.9	1	2 78
124	54	0.9	1	3 51
125	59	0.9	1	1 58
126	55	0.9	1	4 51
127	67	0.9	1	0 67
128	83	0.9	1	0 83
129	74	0.9	1	0 74
130	60	0.9	1	0 60
131	59	0.9	1	0 59
132	69	0.9	1	2 67
133	62	0.9	1	1 61
134	62	0.9	1	3 59
135	71	0.9	1	4 67
136	58	0.9	1	0 58
137	44	0.9	1	1 43
138	57	0.9	1	0 57
139	37	0.9	1	0 37
140	52	0.9	1	1 51
141	75	0.9	1	5 70
142	75	0.9	1	15 60
143	65	0.9	1	11 54
144	61	0.9	1	4 57
145	35	0.9	1	1 34
146	31	0.9	1	1 30
147	11	0.9	1	3 8
148	10	0.9	1	1 9
149	9	0.9	1	0 9
150	4	0.9	1	0 4

RUN STATISTICS FOR INPUT FILE: ../../fastq/21CG0036_2.fastq.gz
=============================================
59007589 sequences processed in total
The length threshold of paired-end sequences gets evaluated later on (in the validation step)

Validate paired-end files 21CG0036_1_trimmed.fq.gz and 21CG0036_2_trimmed.fq.gz
file_1: 21CG0036_1_trimmed.fq.gz, file_2: 21CG0036_2_trimmed.fq.gz


>>>>> Now validing the length of the 2 paired-end infiles: 21CG0036_1_trimmed.fq.gz and 21CG0036_2_trimmed.fq.gz <<<<<
Writing validated paired-end Read 1 reads to 21CG0036_1_val_1.fq.gz
Writing validated paired-end Read 2 reads to 21CG0036_2_val_2.fq.gz

Total number of sequences analysed: 59007589

Number of sequence pairs removed because at least one read was shorter than the length cutoff (20 bp): 28377 (0.05%)

Deleting both intermediate output files 21CG0036_1_trimmed.fq.gz and 21CG0036_2_trimmed.fq.gz

====================================================================================================

