Proceeding with single-core trimming (user-defined)
Path to Cutadapt set as: 'cutadapt' (default)
Cutadapt seems to be working fine (tested command 'cutadapt --version')
Cutadapt version: 4.1
single-core operation.
No quality encoding type selected. Assuming that the data provided uses Sanger encoded Phred scores (default)

Output will be written into the directory: /NGS/humangenomics/active/2022/run/hyperparathyroid_analysis_20221102/results/03_pipeline_runs/cohort/human_genomics_pipeline/results/trimmed/
Writing report to '/NGS/humangenomics/active/2022/run/hyperparathyroid_analysis_20221102/results/03_pipeline_runs/cohort/human_genomics_pipeline/results/trimmed/21CG0003_1.fastq.gz_trimming_report.txt'

SUMMARISING RUN PARAMETERS
==========================
Input filename: ../../fastq/21CG0003_1.fastq.gz
Trimming mode: paired-end
Trim Galore version: 0.6.4_dev
Cutadapt version: 4.1
Number of cores used for trimming: 1
Quality Phred score cutoff: 20
Quality encoding type selected: ASCII+33
Adapter sequence: 'AGATCGGAAGAGC' (Illumina TruSeq, Sanger iPCR; user defined)
Maximum trimming error rate: 0.1 (default)
Minimum required adapter overlap (stringency): 1 bp
Minimum required sequence length for both reads before a sequence pair gets removed: 20 bp
Output file(s) will be GZIP compressed

Cutadapt seems to be fairly up-to-date (version 4.1). Setting -j 1
Writing final adapter and quality trimmed output to 21CG0003_1_trimmed.fq.gz


  >>> Now performing quality (cutoff '-q 20') and adapter trimming in a single pass for the adapter sequence: 'AGATCGGAAGAGC' from file ../../fastq/21CG0003_1.fastq.gz <<< 
10000000 sequences processed
20000000 sequences processed
30000000 sequences processed
This is cutadapt 4.1 with Python 3.10.8
Command line parameters: -j 1 -e 0.1 -q 20 -O 1 -a AGATCGGAAGAGC ../../fastq/21CG0003_1.fastq.gz
Processing single-end reads on 1 core ...
Finished in 1374.23 s (37 µs/read; 1.63 M reads/minute).

=== Summary ===

Total reads processed:              37,259,592
Reads with adapters:                16,914,755 (45.4%)
Reads written (passing filters):    37,259,592 (100.0%)

Total basepairs processed: 5,588,938,800 bp
Quality-trimmed:              25,535,338 bp (0.5%)
Total written (filtered):  5,379,791,961 bp (96.3%)

=== Adapter 1 ===

Sequence: AGATCGGAAGAGC; Type: regular 3'; Length: 13; Trimmed: 16914755 times

Minimum overlap: 1
No. of allowed errors:
1-9 bp: 0; 10-13 bp: 1

Bases preceding removed adapters:
  A: 31.0%
  C: 29.0%
  G: 20.9%
  T: 19.1%
  none/other: 0.0%

Overview of removed sequences
length	count	expect	max.err	error counts
1	6838715	9314898.0	0	6838715
2	2365741	2328724.5	0	2365741
3	814997	582181.1	0	814997
4	341432	145545.3	0	341432
5	210058	36386.3	0	210058
6	185653	9096.6	0	185653
7	210648	2274.1	0	210648
8	175324	568.5	0	175324
9	227648	142.1	0	226295 1353
10	205917	35.5	1	202810 3107
11	153045	8.9	1	149849 3196
12	161504	2.2	1	158263 3241
13	230732	0.6	1	227132 3600
14	130699	0.6	1	127331 3368
15	255812	0.6	1	252313 3499
16	85532	0.6	1	82806 2726
17	200607	0.6	1	196797 3810
18	152830	0.6	1	149953 2877
19	160344	0.6	1	157776 2568
20	154141	0.6	1	151418 2723
21	145279	0.6	1	142739 2540
22	165457	0.6	1	162760 2697
23	135532	0.6	1	132886 2646
24	145874	0.6	1	142768 3106
25	185445	0.6	1	182798 2647
26	90760	0.6	1	88987 1773
27	131611	0.6	1	129223 2388
28	146036	0.6	1	143376 2660
29	128454	0.6	1	126064 2390
30	115060	0.6	1	113154 1906
31	115149	0.6	1	113161 1988
32	135652	0.6	1	133765 1887
33	87367	0.6	1	85657 1710
34	115302	0.6	1	113255 2047
35	109656	0.6	1	107668 1988
36	93246	0.6	1	91648 1598
37	96494	0.6	1	94717 1777
38	106203	0.6	1	104392 1811
39	90042	0.6	1	88584 1458
40	85922	0.6	1	83466 2456
41	194281	0.6	1	191674 2607
42	121668	0.6	1	119558 2110
43	129706	0.6	1	127372 2334
44	157228	0.6	1	155886 1342
45	19183	0.6	1	18676 507
46	19630	0.6	1	19254 376
47	10751	0.6	1	10165 586
48	66533	0.6	1	65784 749
49	35555	0.6	1	35101 454
50	8175	0.6	1	7519 656
51	69816	0.6	1	69004 812
52	33191	0.6	1	32797 394
53	6172	0.6	1	5709 463
54	49280	0.6	1	48540 740
55	46903	0.6	1	46412 491
56	17840	0.6	1	17550 290
57	5061	0.6	1	4896 165
58	4910	0.6	1	4501 409
59	49961	0.6	1	49560 401
60	3166	0.6	1	3054 112
61	4327	0.6	1	4077 250
62	25286	0.6	1	25047 239
63	3771	0.6	1	3666 105
64	2047	0.6	1	1802 245
65	22654	0.6	1	22415 239
66	9862	0.6	1	9731 131
67	776	0.6	1	660 116
68	9178	0.6	1	8988 190
69	10772	0.6	1	10557 215
70	10148	0.6	1	9939 209
71	9364	0.6	1	9169 195
72	9431	0.6	1	9231 200
73	10216	0.6	1	10014 202
74	10670	0.6	1	10463 207
75	8898	0.6	1	8747 151
76	1548	0.6	1	1485 63
77	129	0.6	1	80 49
78	1581	0.6	1	1514 67
79	3192	0.6	1	3104 88
80	3187	0.6	1	3069 118
81	2889	0.6	1	2810 79
82	2497	0.6	1	2427 70
83	2145	0.6	1	2077 68
84	1977	0.6	1	1892 85
85	1694	0.6	1	1650 44
86	1500	0.6	1	1449 51
87	1260	0.6	1	1208 52
88	1088	0.6	1	1034 54
89	918	0.6	1	881 37
90	821	0.6	1	774 47
91	679	0.6	1	623 56
92	626	0.6	1	581 45
93	516	0.6	1	461 55
94	443	0.6	1	393 50
95	351	0.6	1	317 34
96	305	0.6	1	256 49
97	298	0.6	1	236 62
98	235	0.6	1	189 46
99	210	0.6	1	160 50
100	155	0.6	1	114 41
101	109	0.6	1	72 37
102	129	0.6	1	88 41
103	106	0.6	1	70 36
104	76	0.6	1	50 26
105	64	0.6	1	39 25
106	81	0.6	1	37 44
107	70	0.6	1	25 45
108	57	0.6	1	24 33
109	53	0.6	1	18 35
110	46	0.6	1	9 37
111	49	0.6	1	6 43
112	47	0.6	1	7 40
113	40	0.6	1	5 35
114	36	0.6	1	2 34
115	41	0.6	1	0 41
116	47	0.6	1	3 44
117	57	0.6	1	4 53
118	50	0.6	1	2 48
119	24	0.6	1	1 23
120	33	0.6	1	0 33
121	39	0.6	1	2 37
122	37	0.6	1	1 36
123	35	0.6	1	0 35
124	33	0.6	1	0 33
125	38	0.6	1	0 38
126	40	0.6	1	1 39
127	32	0.6	1	0 32
128	44	0.6	1	0 44
129	43	0.6	1	0 43
130	34	0.6	1	0 34
131	37	0.6	1	0 37
132	38	0.6	1	0 38
133	35	0.6	1	0 35
134	37	0.6	1	2 35
135	59	0.6	1	1 58
136	35	0.6	1	4 31
137	34	0.6	1	0 34
138	33	0.6	1	0 33
139	35	0.6	1	0 35
140	48	0.6	1	2 46
141	55	0.6	1	5 50
142	48	0.6	1	11 37
143	40	0.6	1	2 38
144	13	0.6	1	0 13
145	22	0.6	1	2 20
146	6	0.6	1	0 6
148	6	0.6	1	0 6
149	3	0.6	1	0 3
150	7	0.6	1	0 7

RUN STATISTICS FOR INPUT FILE: ../../fastq/21CG0003_1.fastq.gz
=============================================
37259592 sequences processed in total
The length threshold of paired-end sequences gets evaluated later on (in the validation step)

Writing report to '/NGS/humangenomics/active/2022/run/hyperparathyroid_analysis_20221102/results/03_pipeline_runs/cohort/human_genomics_pipeline/results/trimmed/21CG0003_2.fastq.gz_trimming_report.txt'

SUMMARISING RUN PARAMETERS
==========================
Input filename: ../../fastq/21CG0003_2.fastq.gz
Trimming mode: paired-end
Trim Galore version: 0.6.4_dev
Cutadapt version: 4.1
Number of cores used for trimming: 1
Quality Phred score cutoff: 20
Quality encoding type selected: ASCII+33
Adapter sequence: 'AGATCGGAAGAGC' (Illumina TruSeq, Sanger iPCR; user defined)
Maximum trimming error rate: 0.1 (default)
Minimum required adapter overlap (stringency): 1 bp
Minimum required sequence length for both reads before a sequence pair gets removed: 20 bp
Output file(s) will be GZIP compressed

Cutadapt seems to be fairly up-to-date (version 4.1). Setting -j -j 1
Writing final adapter and quality trimmed output to 21CG0003_2_trimmed.fq.gz


  >>> Now performing quality (cutoff '-q 20') and adapter trimming in a single pass for the adapter sequence: 'AGATCGGAAGAGC' from file ../../fastq/21CG0003_2.fastq.gz <<< 
10000000 sequences processed
20000000 sequences processed
30000000 sequences processed
This is cutadapt 4.1 with Python 3.10.8
Command line parameters: -j 1 -e 0.1 -q 20 -O 1 -a AGATCGGAAGAGC ../../fastq/21CG0003_2.fastq.gz
Processing single-end reads on 1 core ...
Finished in 1453.66 s (39 µs/read; 1.54 M reads/minute).

=== Summary ===

Total reads processed:              37,259,592
Reads with adapters:                16,910,567 (45.4%)
Reads written (passing filters):    37,259,592 (100.0%)

Total basepairs processed: 5,588,938,800 bp
Quality-trimmed:              39,518,412 bp (0.7%)
Total written (filtered):  5,364,829,659 bp (96.0%)

=== Adapter 1 ===

Sequence: AGATCGGAAGAGC; Type: regular 3'; Length: 13; Trimmed: 16910567 times

Minimum overlap: 1
No. of allowed errors:
1-9 bp: 0; 10-13 bp: 1

Bases preceding removed adapters:
  A: 31.0%
  C: 28.0%
  G: 21.0%
  T: 19.9%
  none/other: 0.0%

Overview of removed sequences
length	count	expect	max.err	error counts
1	6974321	9314898.0	0	6974321
2	2272893	2328724.5	0	2272893
3	841358	582181.1	0	841358
4	314412	145545.3	0	314412
5	221609	36386.3	0	221609
6	185075	9096.6	0	185075
7	193721	2274.1	0	193721
8	186731	568.5	0	186731
9	232907	142.1	0	232083 824
10	203503	35.5	1	200932 2571
11	149646	8.9	1	147021 2625
12	174986	2.2	1	172827 2159
13	168489	0.6	1	166108 2381
14	198631	0.6	1	195949 2682
15	158742	0.6	1	156688 2054
16	153113	0.6	1	151080 2033
17	188352	0.6	1	185818 2534
18	145981	0.6	1	144038 1943
19	174481	0.6	1	171981 2500
20	238679	0.6	1	236315 2364
21	83995	0.6	1	82173 1822
22	111697	0.6	1	110316 1381
23	148482	0.6	1	146273 2209
24	192677	0.6	1	190309 2368
25	92035	0.6	1	90624 1411
26	142645	0.6	1	140108 2537
27	241882	0.6	1	238948 2934
28	64477	0.6	1	63234 1243
29	121529	0.6	1	119860 1669
30	94961	0.6	1	93752 1209
31	133365	0.6	1	131953 1412
32	91237	0.6	1	90029 1208
33	101032	0.6	1	99725 1307
34	108603	0.6	1	106974 1629
35	146107	0.6	1	144183 1924
36	66958	0.6	1	65601 1357
37	119013	0.6	1	117138 1875
38	151677	0.6	1	150442 1235
39	22697	0.6	1	22005 692
40	104190	0.6	1	103377 813
41	86431	0.6	1	85399 1032
42	28489	0.6	1	27818 671
43	100971	0.6	1	100068 903
44	39362	0.6	1	38603 759
45	113289	0.6	1	112169 1120
46	62234	0.6	1	61335 899
47	51128	0.6	1	50610 518
48	34113	0.6	1	33486 627
49	89720	0.6	1	89062 658
50	21216	0.6	1	20783 433
51	43353	0.6	1	42945 408
52	27278	0.6	1	26929 349
53	35357	0.6	1	34963 394
54	51747	0.6	1	51231 516
55	26598	0.6	1	26245 353
56	31177	0.6	1	30776 401
57	44870	0.6	1	44364 506
58	37735	0.6	1	37378 357
59	10912	0.6	1	10676 236
60	29290	0.6	1	28995 295
61	14866	0.6	1	14609 257
62	23454	0.6	1	23175 279
63	21106	0.6	1	20847 259
64	23125	0.6	1	22940 185
65	6751	0.6	1	6547 204
66	21684	0.6	1	21522 162
67	3620	0.6	1	3491 129
68	13898	0.6	1	13740 158
69	9108	0.6	1	8955 153
70	16352	0.6	1	16219 133
71	2732	0.6	1	2638 94
72	8099	0.6	1	7983 116
73	7444	0.6	1	7333 111
74	6654	0.6	1	6531 123
75	5794	0.6	1	5696 98
76	5306	0.6	1	5192 114
77	5690	0.6	1	5602 88
78	8545	0.6	1	8447 98
79	4554	0.6	1	4462 92
80	804	0.6	1	738 66
81	119	0.6	1	72 47
82	1657	0.6	1	1609 48
83	1972	0.6	1	1929 43
84	1909	0.6	1	1847 62
85	1681	0.6	1	1619 62
86	1487	0.6	1	1433 54
87	1264	0.6	1	1206 58
88	1059	0.6	1	1026 33
89	936	0.6	1	887 49
90	830	0.6	1	765 65
91	676	0.6	1	632 44
92	618	0.6	1	574 44
93	518	0.6	1	458 60
94	438	0.6	1	394 44
95	328	0.6	1	302 26
96	309	0.6	1	270 39
97	294	0.6	1	245 49
98	248	0.6	1	196 52
99	186	0.6	1	155 31
100	164	0.6	1	116 48
101	130	0.6	1	78 52
102	124	0.6	1	91 33
103	106	0.6	1	73 33
104	74	0.6	1	45 29
105	81	0.6	1	44 37
106	68	0.6	1	36 32
107	57	0.6	1	24 33
108	50	0.6	1	22 28
109	58	0.6	1	20 38
110	46	0.6	1	12 34
111	48	0.6	1	8 40
112	38	0.6	1	4 34
113	47	0.6	1	7 40
114	28	0.6	1	3 25
115	29	0.6	1	2 27
116	55	0.6	1	2 53
117	45	0.6	1	3 42
118	30	0.6	1	3 27
119	23	0.6	1	0 23
120	41	0.6	1	1 40
121	28	0.6	1	3 25
122	35	0.6	1	2 33
123	25	0.6	1	1 24
124	32	0.6	1	1 31
125	49	0.6	1	0 49
126	24	0.6	1	0 24
127	31	0.6	1	0 31
128	44	0.6	1	0 44
129	61	0.6	1	0 61
130	27	0.6	1	0 27
131	43	0.6	1	1 42
132	52	0.6	1	1 51
133	25	0.6	1	0 25
134	44	0.6	1	0 44
135	40	0.6	1	0 40
136	38	0.6	1	0 38
137	38	0.6	1	0 38
138	31	0.6	1	1 30
139	34	0.6	1	0 34
140	57	0.6	1	0 57
141	38	0.6	1	4 34
142	53	0.6	1	5 48
143	45	0.6	1	1 44
144	18	0.6	1	0 18
145	22	0.6	1	1 21
146	8	0.6	1	0 8
148	4	0.6	1	0 4
149	3	0.6	1	0 3
150	2	0.6	1	0 2

RUN STATISTICS FOR INPUT FILE: ../../fastq/21CG0003_2.fastq.gz
=============================================
37259592 sequences processed in total
The length threshold of paired-end sequences gets evaluated later on (in the validation step)

Validate paired-end files 21CG0003_1_trimmed.fq.gz and 21CG0003_2_trimmed.fq.gz
file_1: 21CG0003_1_trimmed.fq.gz, file_2: 21CG0003_2_trimmed.fq.gz


>>>>> Now validing the length of the 2 paired-end infiles: 21CG0003_1_trimmed.fq.gz and 21CG0003_2_trimmed.fq.gz <<<<<
Writing validated paired-end Read 1 reads to 21CG0003_1_val_1.fq.gz
Writing validated paired-end Read 2 reads to 21CG0003_2_val_2.fq.gz

Total number of sequences analysed: 37259592

Number of sequence pairs removed because at least one read was shorter than the length cutoff (20 bp): 19604 (0.05%)

Deleting both intermediate output files 21CG0003_1_trimmed.fq.gz and 21CG0003_2_trimmed.fq.gz

====================================================================================================

