Proceeding with single-core trimming (user-defined)
Path to Cutadapt set as: 'cutadapt' (default)
Cutadapt seems to be working fine (tested command 'cutadapt --version')
Cutadapt version: 4.1
single-core operation.
No quality encoding type selected. Assuming that the data provided uses Sanger encoded Phred scores (default)

Output will be written into the directory: /NGS/humangenomics/active/2022/run/hyperparathyroid_analysis_20221102/results/03_pipeline_runs/cohort/human_genomics_pipeline/results/trimmed/
Writing report to '/NGS/humangenomics/active/2022/run/hyperparathyroid_analysis_20221102/results/03_pipeline_runs/cohort/human_genomics_pipeline/results/trimmed/21CG0001_1.fastq.gz_trimming_report.txt'

SUMMARISING RUN PARAMETERS
==========================
Input filename: ../../fastq/21CG0001_1.fastq.gz
Trimming mode: paired-end
Trim Galore version: 0.6.4_dev
Cutadapt version: 4.1
Number of cores used for trimming: 1
Quality Phred score cutoff: 20
Quality encoding type selected: ASCII+33
Adapter sequence: 'AGATCGGAAGAGC' (Illumina TruSeq, Sanger iPCR; user defined)
Maximum trimming error rate: 0.1 (default)
Minimum required adapter overlap (stringency): 1 bp
Minimum required sequence length for both reads before a sequence pair gets removed: 20 bp
Output file(s) will be GZIP compressed

Cutadapt seems to be fairly up-to-date (version 4.1). Setting -j 1
Writing final adapter and quality trimmed output to 21CG0001_1_trimmed.fq.gz


  >>> Now performing quality (cutoff '-q 20') and adapter trimming in a single pass for the adapter sequence: 'AGATCGGAAGAGC' from file ../../fastq/21CG0001_1.fastq.gz <<< 
10000000 sequences processed
20000000 sequences processed
30000000 sequences processed
40000000 sequences processed
This is cutadapt 4.1 with Python 3.10.8
Command line parameters: -j 1 -e 0.1 -q 20 -O 1 -a AGATCGGAAGAGC ../../fastq/21CG0001_1.fastq.gz
Processing single-end reads on 1 core ...
Finished in 1454.96 s (35 µs/read; 1.70 M reads/minute).

=== Summary ===

Total reads processed:              41,240,499
Reads with adapters:                19,097,766 (46.3%)
Reads written (passing filters):    41,240,499 (100.0%)

Total basepairs processed: 6,186,074,850 bp
Quality-trimmed:              25,686,035 bp (0.4%)
Total written (filtered):  5,943,721,877 bp (96.1%)

=== Adapter 1 ===

Sequence: AGATCGGAAGAGC; Type: regular 3'; Length: 13; Trimmed: 19097766 times

Minimum overlap: 1
No. of allowed errors:
1-9 bp: 0; 10-13 bp: 1

Bases preceding removed adapters:
  A: 30.6%
  C: 28.9%
  G: 21.1%
  T: 19.3%
  none/other: 0.0%

Overview of removed sequences
length	count	expect	max.err	error counts
1	7567345	10310124.8	0	7567345
2	2546373	2577531.2	0	2546373
3	927868	644382.8	0	927868
4	385133	161095.7	0	385133
5	241383	40273.9	0	241383
6	215519	10068.5	0	215519
7	243060	2517.1	0	243060
8	206106	629.3	0	206106
9	267378	157.3	0	266003 1375
10	227426	39.3	1	223755 3671
11	186556	9.8	1	182921 3635
12	187166	2.5	1	183744 3422
13	262046	0.6	1	257986 4060
14	156829	0.6	1	153057 3772
15	291850	0.6	1	287838 4012
16	106762	0.6	1	103620 3142
17	233292	0.6	1	228878 4414
18	181881	0.6	1	178607 3274
19	188103	0.6	1	185074 3029
20	178995	0.6	1	175937 3058
21	168733	0.6	1	165708 3025
22	190662	0.6	1	187589 3073
23	161121	0.6	1	158061 3060
24	173594	0.6	1	169906 3688
25	218095	0.6	1	214963 3132
26	104156	0.6	1	101975 2181
27	157605	0.6	1	154722 2883
28	168034	0.6	1	164767 3267
29	158231	0.6	1	155438 2793
30	122768	0.6	1	120689 2079
31	141327	0.6	1	138773 2554
32	177104	0.6	1	174799 2305
33	83607	0.6	1	81863 1744
34	127773	0.6	1	125417 2356
35	135509	0.6	1	133424 2085
36	104115	0.6	1	101888 2227
37	130826	0.6	1	128290 2536
38	95955	0.6	1	94025 1930
39	119874	0.6	1	117658 2216
40	90384	0.6	1	88373 2011
41	147733	0.6	1	145205 2528
42	140708	0.6	1	138367 2341
43	119667	0.6	1	117281 2386
44	143322	0.6	1	141982 1340
45	17149	0.6	1	16561 588
46	39765	0.6	1	39169 596
47	26626	0.6	1	25759 867
48	78035	0.6	1	76802 1233
49	80051	0.6	1	79328 723
50	13619	0.6	1	12792 827
51	74918	0.6	1	73785 1133
52	64565	0.6	1	63876 689
53	18737	0.6	1	18074 663
54	56450	0.6	1	55444 1006
55	67827	0.6	1	67043 784
56	35270	0.6	1	34822 448
57	12491	0.6	1	12174 317
58	14811	0.6	1	14192 619
59	63557	0.6	1	63056 501
60	9155	0.6	1	8890 265
61	11082	0.6	1	10742 340
62	41211	0.6	1	40822 389
63	8394	0.6	1	8185 209
64	6314	0.6	1	6047 267
65	27427	0.6	1	27079 348
66	17794	0.6	1	17592 202
67	2942	0.6	1	2772 170
68	12947	0.6	1	12715 232
69	13181	0.6	1	12901 280
70	11940	0.6	1	11734 206
71	10820	0.6	1	10600 220
72	11196	0.6	1	10962 234
73	11819	0.6	1	11592 227
74	11876	0.6	1	11630 246
75	8845	0.6	1	8682 163
76	1014	0.6	1	931 83
77	213	0.6	1	145 68
78	2616	0.6	1	2548 68
79	3790	0.6	1	3698 92
80	3481	0.6	1	3373 108
81	3059	0.6	1	2991 68
82	2675	0.6	1	2583 92
83	2310	0.6	1	2231 79
84	1990	0.6	1	1926 64
85	1798	0.6	1	1747 51
86	1558	0.6	1	1486 72
87	1390	0.6	1	1318 72
88	1066	0.6	1	1019 47
89	984	0.6	1	929 55
90	838	0.6	1	783 55
91	638	0.6	1	587 51
92	642	0.6	1	578 64
93	502	0.6	1	453 49
94	459	0.6	1	406 53
95	378	0.6	1	328 50
96	326	0.6	1	282 44
97	285	0.6	1	224 61
98	236	0.6	1	177 59
99	181	0.6	1	128 53
100	170	0.6	1	125 45
101	147	0.6	1	104 43
102	120	0.6	1	70 50
103	109	0.6	1	69 40
104	95	0.6	1	56 39
105	82	0.6	1	43 39
106	61	0.6	1	28 33
107	63	0.6	1	18 45
108	73	0.6	1	24 49
109	66	0.6	1	12 54
110	45	0.6	1	18 27
111	54	0.6	1	9 45
112	49	0.6	1	11 38
113	38	0.6	1	2 36
114	34	0.6	1	3 31
115	45	0.6	1	4 41
116	34	0.6	1	4 30
117	51	0.6	1	2 49
118	48	0.6	1	3 45
119	30	0.6	1	1 29
120	42	0.6	1	2 40
121	38	0.6	1	1 37
122	35	0.6	1	3 32
123	38	0.6	1	0 38
124	42	0.6	1	2 40
125	46	0.6	1	0 46
126	54	0.6	1	1 53
127	42	0.6	1	0 42
128	51	0.6	1	0 51
129	37	0.6	1	0 37
130	48	0.6	1	0 48
131	36	0.6	1	0 36
132	44	0.6	1	0 44
133	44	0.6	1	0 44
134	44	0.6	1	2 42
135	42	0.6	1	0 42
136	46	0.6	1	0 46
137	33	0.6	1	0 33
138	35	0.6	1	1 34
139	48	0.6	1	0 48
140	59	0.6	1	0 59
141	47	0.6	1	1 46
142	49	0.6	1	7 42
143	50	0.6	1	3 47
144	40	0.6	1	0 40
145	20	0.6	1	0 20
146	10	0.6	1	0 10
147	1	0.6	1	0 1
148	8	0.6	1	0 8
149	2	0.6	1	0 2
150	4	0.6	1	0 4

RUN STATISTICS FOR INPUT FILE: ../../fastq/21CG0001_1.fastq.gz
=============================================
41240499 sequences processed in total
The length threshold of paired-end sequences gets evaluated later on (in the validation step)

Writing report to '/NGS/humangenomics/active/2022/run/hyperparathyroid_analysis_20221102/results/03_pipeline_runs/cohort/human_genomics_pipeline/results/trimmed/21CG0001_2.fastq.gz_trimming_report.txt'

SUMMARISING RUN PARAMETERS
==========================
Input filename: ../../fastq/21CG0001_2.fastq.gz
Trimming mode: paired-end
Trim Galore version: 0.6.4_dev
Cutadapt version: 4.1
Number of cores used for trimming: 1
Quality Phred score cutoff: 20
Quality encoding type selected: ASCII+33
Adapter sequence: 'AGATCGGAAGAGC' (Illumina TruSeq, Sanger iPCR; user defined)
Maximum trimming error rate: 0.1 (default)
Minimum required adapter overlap (stringency): 1 bp
Minimum required sequence length for both reads before a sequence pair gets removed: 20 bp
Output file(s) will be GZIP compressed

Cutadapt seems to be fairly up-to-date (version 4.1). Setting -j -j 1
Writing final adapter and quality trimmed output to 21CG0001_2_trimmed.fq.gz


  >>> Now performing quality (cutoff '-q 20') and adapter trimming in a single pass for the adapter sequence: 'AGATCGGAAGAGC' from file ../../fastq/21CG0001_2.fastq.gz <<< 
10000000 sequences processed
20000000 sequences processed
30000000 sequences processed
40000000 sequences processed
This is cutadapt 4.1 with Python 3.10.8
Command line parameters: -j 1 -e 0.1 -q 20 -O 1 -a AGATCGGAAGAGC ../../fastq/21CG0001_2.fastq.gz
Processing single-end reads on 1 core ...
Finished in 1578.51 s (38 µs/read; 1.57 M reads/minute).

=== Summary ===

Total reads processed:              41,240,499
Reads with adapters:                18,883,140 (45.8%)
Reads written (passing filters):    41,240,499 (100.0%)

Total basepairs processed: 6,186,074,850 bp
Quality-trimmed:              45,755,722 bp (0.7%)
Total written (filtered):  5,925,235,358 bp (95.8%)

=== Adapter 1 ===

Sequence: AGATCGGAAGAGC; Type: regular 3'; Length: 13; Trimmed: 18883140 times

Minimum overlap: 1
No. of allowed errors:
1-9 bp: 0; 10-13 bp: 1

Bases preceding removed adapters:
  A: 31.1%
  C: 28.0%
  G: 21.0%
  T: 20.0%
  none/other: 0.0%

Overview of removed sequences
length	count	expect	max.err	error counts
1	7373978	10310124.8	0	7373978
2	2669572	2577531.2	0	2669572
3	869957	644382.8	0	869957
4	360695	161095.7	0	360695
5	255210	40273.9	0	255210
6	213936	10068.5	0	213936
7	232984	2517.1	0	232984
8	211412	629.3	0	211412
9	257681	157.3	0	256685 996
10	267233	39.3	1	263469 3764
11	151290	9.8	1	147425 3865
12	217007	2.5	1	213824 3183
13	184656	0.6	1	181186 3470
14	238310	0.6	1	234380 3930
15	184464	0.6	1	181352 3112
16	171502	0.6	1	168379 3123
17	230845	0.6	1	227057 3788
18	162740	0.6	1	159744 2996
19	209090	0.6	1	205290 3800
20	271910	0.6	1	268491 3419
21	86234	0.6	1	83378 2856
22	144008	0.6	1	142035 1973
23	173138	0.6	1	169847 3291
24	235918	0.6	1	232290 3628
25	97162	0.6	1	95111 2051
26	167782	0.6	1	163846 3936
27	273708	0.6	1	268745 4963
28	101226	0.6	1	99409 1817
29	121713	0.6	1	119133 2580
30	120514	0.6	1	118654 1860
31	158982	0.6	1	156665 2317
32	117253	0.6	1	115038 2215
33	213973	0.6	1	211610 2363
34	57224	0.6	1	55907 1317
35	91193	0.6	1	89981 1212
36	110466	0.6	1	108525 1941
37	119041	0.6	1	116856 2185
38	101453	0.6	1	99855 1598
39	109454	0.6	1	107664 1790
40	130155	0.6	1	127948 2207
41	87609	0.6	1	86304 1305
42	68432	0.6	1	67337 1095
43	104832	0.6	1	103472 1360
44	59434	0.6	1	58319 1115
45	122876	0.6	1	121320 1556
46	73426	0.6	1	71931 1495
47	66138	0.6	1	65356 782
48	43887	0.6	1	42802 1085
49	99720	0.6	1	98718 1002
50	30740	0.6	1	30100 640
51	45173	0.6	1	44547 626
52	38755	0.6	1	38160 595
53	42192	0.6	1	41528 664
54	63569	0.6	1	62789 780
55	27204	0.6	1	26689 515
56	38605	0.6	1	37977 628
57	53927	0.6	1	53153 774
58	40268	0.6	1	39758 510
59	15962	0.6	1	15580 382
60	34056	0.6	1	33696 360
61	17961	0.6	1	17619 342
62	26069	0.6	1	25628 441
63	25900	0.6	1	25548 352
64	26286	0.6	1	25983 303
65	8513	0.6	1	8220 293
66	23506	0.6	1	23296 210
67	6096	0.6	1	5928 168
68	14949	0.6	1	14731 218
69	11355	0.6	1	11187 168
70	18259	0.6	1	18042 217
71	3713	0.6	1	3588 125
72	9066	0.6	1	8890 176
73	8346	0.6	1	8190 156
74	7437	0.6	1	7299 138
75	6568	0.6	1	6440 128
76	5996	0.6	1	5874 122
77	6697	0.6	1	6563 134
78	9438	0.6	1	9285 153
79	4576	0.6	1	4466 110
80	686	0.6	1	612 74
81	205	0.6	1	149 56
82	1914	0.6	1	1860 54
83	2139	0.6	1	2085 54
84	1926	0.6	1	1871 55
85	1758	0.6	1	1710 48
86	1505	0.6	1	1455 50
87	1354	0.6	1	1304 50
88	1066	0.6	1	1002 64
89	989	0.6	1	933 56
90	829	0.6	1	781 48
91	639	0.6	1	573 66
92	633	0.6	1	582 51
93	514	0.6	1	448 66
94	448	0.6	1	400 48
95	369	0.6	1	330 39
96	325	0.6	1	281 44
97	287	0.6	1	221 66
98	258	0.6	1	179 79
99	168	0.6	1	124 44
100	203	0.6	1	138 65
101	151	0.6	1	103 48
102	128	0.6	1	76 52
103	103	0.6	1	71 32
104	103	0.6	1	54 49
105	85	0.6	1	40 45
106	62	0.6	1	21 41
107	48	0.6	1	21 27
108	64	0.6	1	22 42
109	62	0.6	1	14 48
110	68	0.6	1	19 49
111	55	0.6	1	7 48
112	57	0.6	1	10 47
113	38	0.6	1	7 31
114	46	0.6	1	3 43
115	48	0.6	1	4 44
116	35	0.6	1	5 30
117	40	0.6	1	4 36
118	41	0.6	1	1 40
119	46	0.6	1	2 44
120	44	0.6	1	4 40
121	52	0.6	1	4 48
122	29	0.6	1	4 25
123	29	0.6	1	1 28
124	23	0.6	1	1 22
125	45	0.6	1	0 45
126	32	0.6	1	1 31
127	46	0.6	1	3 43
128	39	0.6	1	0 39
129	49	0.6	1	4 45
130	29	0.6	1	0 29
131	59	0.6	1	2 57
132	38	0.6	1	0 38
133	28	0.6	1	0 28
134	37	0.6	1	0 37
135	51	0.6	1	0 51
136	43	0.6	1	0 43
137	40	0.6	1	0 40
138	29	0.6	1	2 27
139	48	0.6	1	2 46
140	44	0.6	1	2 42
141	54	0.6	1	2 52
142	48	0.6	1	4 44
143	32	0.6	1	2 30
144	33	0.6	1	0 33
145	12	0.6	1	0 12
146	8	0.6	1	0 8
147	1	0.6	1	0 1
148	11	0.6	1	0 11
149	3	0.6	1	0 3
150	4	0.6	1	0 4

RUN STATISTICS FOR INPUT FILE: ../../fastq/21CG0001_2.fastq.gz
=============================================
41240499 sequences processed in total
The length threshold of paired-end sequences gets evaluated later on (in the validation step)

Validate paired-end files 21CG0001_1_trimmed.fq.gz and 21CG0001_2_trimmed.fq.gz
file_1: 21CG0001_1_trimmed.fq.gz, file_2: 21CG0001_2_trimmed.fq.gz


>>>>> Now validing the length of the 2 paired-end infiles: 21CG0001_1_trimmed.fq.gz and 21CG0001_2_trimmed.fq.gz <<<<<
Writing validated paired-end Read 1 reads to 21CG0001_1_val_1.fq.gz
Writing validated paired-end Read 2 reads to 21CG0001_2_val_2.fq.gz

Total number of sequences analysed: 41240499

Number of sequence pairs removed because at least one read was shorter than the length cutoff (20 bp): 24824 (0.06%)

Deleting both intermediate output files 21CG0001_1_trimmed.fq.gz and 21CG0001_2_trimmed.fq.gz

====================================================================================================

