Proceeding with single-core trimming (user-defined)
Path to Cutadapt set as: 'cutadapt' (default)
Cutadapt seems to be working fine (tested command 'cutadapt --version')
Cutadapt version: 4.1
single-core operation.
No quality encoding type selected. Assuming that the data provided uses Sanger encoded Phred scores (default)

Output will be written into the directory: /NGS/humangenomics/active/2022/run/hyperparathyroid_analysis_20221102/results/03_pipeline_runs/cohort/human_genomics_pipeline/results/trimmed/
Writing report to '/NGS/humangenomics/active/2022/run/hyperparathyroid_analysis_20221102/results/03_pipeline_runs/cohort/human_genomics_pipeline/results/trimmed/21CG0039_1.fastq.gz_trimming_report.txt'

SUMMARISING RUN PARAMETERS
==========================
Input filename: ../../fastq/21CG0039_1.fastq.gz
Trimming mode: paired-end
Trim Galore version: 0.6.4_dev
Cutadapt version: 4.1
Number of cores used for trimming: 1
Quality Phred score cutoff: 20
Quality encoding type selected: ASCII+33
Adapter sequence: 'AGATCGGAAGAGC' (Illumina TruSeq, Sanger iPCR; user defined)
Maximum trimming error rate: 0.1 (default)
Minimum required adapter overlap (stringency): 1 bp
Minimum required sequence length for both reads before a sequence pair gets removed: 20 bp
Output file(s) will be GZIP compressed

Cutadapt seems to be fairly up-to-date (version 4.1). Setting -j 1
Writing final adapter and quality trimmed output to 21CG0039_1_trimmed.fq.gz


  >>> Now performing quality (cutoff '-q 20') and adapter trimming in a single pass for the adapter sequence: 'AGATCGGAAGAGC' from file ../../fastq/21CG0039_1.fastq.gz <<< 
10000000 sequences processed
20000000 sequences processed
30000000 sequences processed
40000000 sequences processed
50000000 sequences processed
This is cutadapt 4.1 with Python 3.10.8
Command line parameters: -j 1 -e 0.1 -q 20 -O 1 -a AGATCGGAAGAGC ../../fastq/21CG0039_1.fastq.gz
Processing single-end reads on 1 core ...
Finished in 2078.53 s (40 µs/read; 1.51 M reads/minute).

=== Summary ===

Total reads processed:              52,411,512
Reads with adapters:                21,539,072 (41.1%)
Reads written (passing filters):    52,411,512 (100.0%)

Total basepairs processed: 7,914,138,312 bp
Quality-trimmed:              46,528,471 bp (0.6%)
Total written (filtered):  7,680,281,577 bp (97.0%)

=== Adapter 1 ===

Sequence: AGATCGGAAGAGC; Type: regular 3'; Length: 13; Trimmed: 21539072 times

Minimum overlap: 1
No. of allowed errors:
1-9 bp: 0; 10-13 bp: 1

Bases preceding removed adapters:
  A: 33.5%
  C: 28.1%
  G: 19.3%
  T: 19.1%
  none/other: 0.0%

Overview of removed sequences
length	count	expect	max.err	error counts
1	10292427	13102878.0	0	10292427
2	3285845	3275719.5	0	3285845
3	1105141	818929.9	0	1105141
4	436572	204732.5	0	436572
5	230854	51183.1	0	230854
6	179445	12795.8	0	179445
7	235321	3198.9	0	235321
8	166989	799.7	0	166989
9	254240	199.9	0	252598 1642
10	214901	50.0	1	206881 8020
11	148637	12.5	1	140483 8154
12	150719	3.1	1	143490 7229
13	269730	0.8	1	258681 11049
14	99298	0.8	1	92334 6964
15	274831	0.8	1	264032 10799
16	62111	0.8	1	56175 5936
17	234082	0.8	1	222105 11977
18	141628	0.8	1	135070 6558
19	137424	0.8	1	131648 5776
20	163472	0.8	1	155832 7640
21	121289	0.8	1	115961 5328
22	175007	0.8	1	167699 7308
23	117417	0.8	1	111877 5540
24	134955	0.8	1	128136 6819
25	191349	0.8	1	183905 7444
26	65388	0.8	1	61794 3594
27	124251	0.8	1	118635 5616
28	159400	0.8	1	152338 7062
29	113323	0.8	1	107371 5952
30	100808	0.8	1	96705 4103
31	98267	0.8	1	94225 4042
32	136526	0.8	1	131608 4918
33	69760	0.8	1	66102 3658
34	103547	0.8	1	98953 4594
35	110935	0.8	1	105492 5443
36	84383	0.8	1	80714 3669
37	89314	0.8	1	86042 3272
38	87773	0.8	1	83558 4215
39	82138	0.8	1	78914 3224
40	73280	0.8	1	69789 3491
41	77979	0.8	1	73849 4130
42	144515	0.8	1	139135 5380
43	104752	0.8	1	100731 4021
44	57565	0.8	1	55475 2090
45	33299	0.8	1	31910 1389
46	26183	0.8	1	24894 1289
47	39287	0.8	1	37605 1682
48	61178	0.8	1	59230 1948
49	59213	0.8	1	57582 1631
50	17943	0.8	1	16410 1533
51	53065	0.8	1	51183 1882
52	54484	0.8	1	53085 1399
53	22420	0.8	1	21296 1124
54	48392	0.8	1	46544 1848
55	53386	0.8	1	52061 1325
56	31372	0.8	1	30383 989
57	18473	0.8	1	17733 740
58	11809	0.8	1	11096 713
59	47185	0.8	1	46016 1169
60	11608	0.8	1	11166 442
61	8498	0.8	1	7977 521
62	35443	0.8	1	34676 767
63	10586	0.8	1	10152 434
64	5848	0.8	1	5457 391
65	20407	0.8	1	19775 632
66	19058	0.8	1	18611 447
67	3606	0.8	1	3354 252
68	12149	0.8	1	11666 483
69	12820	0.8	1	12319 501
70	12337	0.8	1	11837 500
71	12601	0.8	1	12090 511
72	17282	0.8	1	16761 521
73	13682	0.8	1	13181 501
74	9470	0.8	1	9146 324
75	4908	0.8	1	4613 295
76	800	0.8	1	694 106
77	353	0.8	1	283 70
78	2273	0.8	1	2157 116
79	3829	0.8	1	3695 134
80	3876	0.8	1	3710 166
81	3757	0.8	1	3609 148
82	3383	0.8	1	3216 167
83	2995	0.8	1	2872 123
84	2688	0.8	1	2529 159
85	2393	0.8	1	2246 147
86	2062	0.8	1	1945 117
87	1782	0.8	1	1688 94
88	1647	0.8	1	1551 96
89	1342	0.8	1	1237 105
90	1169	0.8	1	1081 88
91	994	0.8	1	897 97
92	797	0.8	1	742 55
93	725	0.8	1	659 66
94	649	0.8	1	580 69
95	565	0.8	1	493 72
96	486	0.8	1	429 57
97	405	0.8	1	349 56
98	335	0.8	1	261 74
99	360	0.8	1	261 99
100	213	0.8	1	158 55
101	201	0.8	1	151 50
102	199	0.8	1	135 64
103	134	0.8	1	92 42
104	124	0.8	1	75 49
105	119	0.8	1	72 47
106	79	0.8	1	49 30
107	136	0.8	1	60 76
108	83	0.8	1	24 59
109	69	0.8	1	25 44
110	77	0.8	1	16 61
111	91	0.8	1	17 74
112	62	0.8	1	9 53
113	60	0.8	1	7 53
114	57	0.8	1	6 51
115	75	0.8	1	8 67
116	63	0.8	1	1 62
117	50	0.8	1	0 50
118	61	0.8	1	1 60
119	52	0.8	1	4 48
120	58	0.8	1	0 58
121	37	0.8	1	2 35
122	60	0.8	1	5 55
123	60	0.8	1	3 57
124	58	0.8	1	2 56
125	69	0.8	1	4 65
126	52	0.8	1	0 52
127	64	0.8	1	0 64
128	66	0.8	1	2 64
129	62	0.8	1	1 61
130	73	0.8	1	3 70
131	42	0.8	1	0 42
132	67	0.8	1	1 66
133	48	0.8	1	4 44
134	62	0.8	1	6 56
135	58	0.8	1	8 50
136	61	0.8	1	2 59
137	48	0.8	1	2 46
138	51	0.8	1	2 49
139	46	0.8	1	3 43
140	41	0.8	1	5 36
141	90	0.8	1	37 53
142	219	0.8	1	153 66
143	189	0.8	1	126 63
144	74	0.8	1	39 35
145	15	0.8	1	1 14
146	23	0.8	1	3 20
147	8	0.8	1	1 7
148	6	0.8	1	0 6
149	5	0.8	1	0 5
150	7	0.8	1	0 7
151	3	0.8	1	0 3

RUN STATISTICS FOR INPUT FILE: ../../fastq/21CG0039_1.fastq.gz
=============================================
52411512 sequences processed in total
The length threshold of paired-end sequences gets evaluated later on (in the validation step)

Writing report to '/NGS/humangenomics/active/2022/run/hyperparathyroid_analysis_20221102/results/03_pipeline_runs/cohort/human_genomics_pipeline/results/trimmed/21CG0039_2.fastq.gz_trimming_report.txt'

SUMMARISING RUN PARAMETERS
==========================
Input filename: ../../fastq/21CG0039_2.fastq.gz
Trimming mode: paired-end
Trim Galore version: 0.6.4_dev
Cutadapt version: 4.1
Number of cores used for trimming: 1
Quality Phred score cutoff: 20
Quality encoding type selected: ASCII+33
Adapter sequence: 'AGATCGGAAGAGC' (Illumina TruSeq, Sanger iPCR; user defined)
Maximum trimming error rate: 0.1 (default)
Minimum required adapter overlap (stringency): 1 bp
Minimum required sequence length for both reads before a sequence pair gets removed: 20 bp
Output file(s) will be GZIP compressed

Cutadapt seems to be fairly up-to-date (version 4.1). Setting -j -j 1
Writing final adapter and quality trimmed output to 21CG0039_2_trimmed.fq.gz


  >>> Now performing quality (cutoff '-q 20') and adapter trimming in a single pass for the adapter sequence: 'AGATCGGAAGAGC' from file ../../fastq/21CG0039_2.fastq.gz <<< 
10000000 sequences processed
20000000 sequences processed
30000000 sequences processed
40000000 sequences processed
50000000 sequences processed
This is cutadapt 4.1 with Python 3.10.8
Command line parameters: -j 1 -e 0.1 -q 20 -O 1 -a AGATCGGAAGAGC ../../fastq/21CG0039_2.fastq.gz
Processing single-end reads on 1 core ...
Finished in 2225.90 s (42 µs/read; 1.41 M reads/minute).

=== Summary ===

Total reads processed:              52,411,512
Reads with adapters:                21,645,808 (41.3%)
Reads written (passing filters):    52,411,512 (100.0%)

Total basepairs processed: 7,914,138,312 bp
Quality-trimmed:              54,316,123 bp (0.7%)
Total written (filtered):  7,673,054,965 bp (97.0%)

=== Adapter 1 ===

Sequence: AGATCGGAAGAGC; Type: regular 3'; Length: 13; Trimmed: 21645808 times

Minimum overlap: 1
No. of allowed errors:
1-9 bp: 0; 10-13 bp: 1

Bases preceding removed adapters:
  A: 33.6%
  C: 27.2%
  G: 19.2%
  T: 19.9%
  none/other: 0.0%

Overview of removed sequences
length	count	expect	max.err	error counts
1	10479655	13102878.0	0	10479655
2	3186603	3275719.5	0	3186603
3	1130223	818929.9	0	1130223
4	412118	204732.5	0	412118
5	249948	51183.1	0	249948
6	179323	12795.8	0	179323
7	211184	3198.9	0	211184
8	188702	799.7	0	188702
9	269675	199.9	0	268625 1050
10	178384	50.0	1	172198 6186
11	192237	12.5	1	184576 7661
12	134223	3.1	1	129344 4879
13	228265	0.8	1	219042 9223
14	176650	0.8	1	170275 6375
15	160164	0.8	1	154964 5200
16	157545	0.8	1	151516 6029
17	201273	0.8	1	194864 6409
18	132268	0.8	1	127182 5086
19	221917	0.8	1	214973 6944
20	190582	0.8	1	185349 5233
21	95567	0.8	1	90612 4955
22	77314	0.8	1	74851 2463
23	143509	0.8	1	138547 4962
24	226353	0.8	1	219866 6487
25	47331	0.8	1	44674 2657
26	142878	0.8	1	136951 5927
27	252658	0.8	1	243416 9242
28	62893	0.8	1	60536 2357
29	127401	0.8	1	122371 5030
30	67210	0.8	1	64898 2312
31	143823	0.8	1	139880 3943
32	73489	0.8	1	70700 2789
33	177342	0.8	1	172691 4651
34	70549	0.8	1	68650 1899
35	58247	0.8	1	55602 2645
36	146946	0.8	1	143624 3322
37	76204	0.8	1	74435 1769
38	23107	0.8	1	21500 1607
39	135333	0.8	1	132485 2848
40	58502	0.8	1	57004 1498
41	59496	0.8	1	57394 2102
42	55942	0.8	1	54724 1218
43	61093	0.8	1	59581 1512
44	59870	0.8	1	58278 1592
45	93690	0.8	1	91749 1941
46	63632	0.8	1	61492 2140
47	52313	0.8	1	51308 1005
48	33611	0.8	1	32183 1428
49	75104	0.8	1	73623 1481
50	24879	0.8	1	24130 749
51	33669	0.8	1	32863 806
52	26174	0.8	1	25493 681
53	25512	0.8	1	24849 663
54	59203	0.8	1	58029 1174
55	17470	0.8	1	16788 682
56	30541	0.8	1	29656 885
57	57311	0.8	1	56041 1270
58	28955	0.8	1	28173 782
59	10637	0.8	1	10156 481
60	31206	0.8	1	30658 548
61	13885	0.8	1	13373 512
62	30682	0.8	1	29911 771
63	24516	0.8	1	24009 507
64	15085	0.8	1	14745 340
65	8623	0.8	1	8225 398
66	21947	0.8	1	21589 358
67	4262	0.8	1	4014 248
68	16491	0.8	1	16095 396
69	8203	0.8	1	7947 256
70	18348	0.8	1	18016 332
71	3629	0.8	1	3384 245
72	9118	0.8	1	8878 240
73	8927	0.8	1	8663 264
74	8124	0.8	1	7844 280
75	7477	0.8	1	7231 246
76	7381	0.8	1	7123 258
77	10610	0.8	1	10347 263
78	10737	0.8	1	10458 279
79	3638	0.8	1	3466 172
80	695	0.8	1	562 133
81	286	0.8	1	201 85
82	1443	0.8	1	1350 93
83	2344	0.8	1	2270 74
84	2424	0.8	1	2321 103
85	2257	0.8	1	2155 102
86	1991	0.8	1	1893 98
87	1745	0.8	1	1667 78
88	1630	0.8	1	1550 80
89	1357	0.8	1	1260 97
90	1160	0.8	1	1087 73
91	1010	0.8	1	938 72
92	834	0.8	1	747 87
93	751	0.8	1	670 81
94	671	0.8	1	598 73
95	542	0.8	1	482 60
96	489	0.8	1	438 51
97	418	0.8	1	350 68
98	351	0.8	1	289 62
99	295	0.8	1	249 46
100	216	0.8	1	168 48
101	196	0.8	1	147 49
102	184	0.8	1	132 52
103	168	0.8	1	100 68
104	142	0.8	1	84 58
105	122	0.8	1	81 41
106	96	0.8	1	51 45
107	97	0.8	1	54 43
108	63	0.8	1	24 39
109	62	0.8	1	24 38
110	67	0.8	1	20 47
111	81	0.8	1	22 59
112	45	0.8	1	6 39
113	75	0.8	1	10 65
114	52	0.8	1	17 35
115	43	0.8	1	9 34
116	50	0.8	1	3 47
117	52	0.8	1	2 50
118	58	0.8	1	7 51
119	34	0.8	1	5 29
120	56	0.8	1	4 52
121	58	0.8	1	2 56
122	53	0.8	1	2 51
123	56	0.8	1	3 53
124	58	0.8	1	2 56
125	41	0.8	1	2 39
126	65	0.8	1	3 62
127	66	0.8	1	0 66
128	49	0.8	1	1 48
129	59	0.8	1	2 57
130	69	0.8	1	2 67
131	43	0.8	1	2 41
132	42	0.8	1	3 39
133	65	0.8	1	1 64
134	58	0.8	1	1 57
135	54	0.8	1	3 51
136	57	0.8	1	3 54
137	53	0.8	1	2 51
138	59	0.8	1	3 56
139	60	0.8	1	3 57
140	52	0.8	1	3 49
141	78	0.8	1	16 62
142	141	0.8	1	58 83
143	101	0.8	1	30 71
144	38	0.8	1	8 30
145	42	0.8	1	1 41
146	20	0.8	1	1 19
147	11	0.8	1	0 11
148	4	0.8	1	0 4
149	10	0.8	1	0 10
150	1	0.8	1	0 1
151	7	0.8	1	0 7

RUN STATISTICS FOR INPUT FILE: ../../fastq/21CG0039_2.fastq.gz
=============================================
52411512 sequences processed in total
The length threshold of paired-end sequences gets evaluated later on (in the validation step)

Validate paired-end files 21CG0039_1_trimmed.fq.gz and 21CG0039_2_trimmed.fq.gz
file_1: 21CG0039_1_trimmed.fq.gz, file_2: 21CG0039_2_trimmed.fq.gz


>>>>> Now validing the length of the 2 paired-end infiles: 21CG0039_1_trimmed.fq.gz and 21CG0039_2_trimmed.fq.gz <<<<<
Writing validated paired-end Read 1 reads to 21CG0039_1_val_1.fq.gz
Writing validated paired-end Read 2 reads to 21CG0039_2_val_2.fq.gz

Total number of sequences analysed: 52411512

Number of sequence pairs removed because at least one read was shorter than the length cutoff (20 bp): 26119 (0.05%)

Deleting both intermediate output files 21CG0039_1_trimmed.fq.gz and 21CG0039_2_trimmed.fq.gz

====================================================================================================

