Proceeding with single-core trimming (user-defined)
Path to Cutadapt set as: 'cutadapt' (default)
Cutadapt seems to be working fine (tested command 'cutadapt --version')
Cutadapt version: 4.1
single-core operation.
No quality encoding type selected. Assuming that the data provided uses Sanger encoded Phred scores (default)

Output will be written into the directory: /NGS/humangenomics/active/2022/run/hyperparathyroid_analysis_20221102/results/03_pipeline_runs/cohort/human_genomics_pipeline/results/trimmed/
Writing report to '/NGS/humangenomics/active/2022/run/hyperparathyroid_analysis_20221102/results/03_pipeline_runs/cohort/human_genomics_pipeline/results/trimmed/21CG0044_1.fastq.gz_trimming_report.txt'

SUMMARISING RUN PARAMETERS
==========================
Input filename: ../../fastq/21CG0044_1.fastq.gz
Trimming mode: paired-end
Trim Galore version: 0.6.4_dev
Cutadapt version: 4.1
Number of cores used for trimming: 1
Quality Phred score cutoff: 20
Quality encoding type selected: ASCII+33
Adapter sequence: 'AGATCGGAAGAGC' (Illumina TruSeq, Sanger iPCR; user defined)
Maximum trimming error rate: 0.1 (default)
Minimum required adapter overlap (stringency): 1 bp
Minimum required sequence length for both reads before a sequence pair gets removed: 20 bp
Output file(s) will be GZIP compressed

Cutadapt seems to be fairly up-to-date (version 4.1). Setting -j 1
Writing final adapter and quality trimmed output to 21CG0044_1_trimmed.fq.gz


  >>> Now performing quality (cutoff '-q 20') and adapter trimming in a single pass for the adapter sequence: 'AGATCGGAAGAGC' from file ../../fastq/21CG0044_1.fastq.gz <<< 
10000000 sequences processed
20000000 sequences processed
30000000 sequences processed
This is cutadapt 4.1 with Python 3.10.8
Command line parameters: -j 1 -e 0.1 -q 20 -O 1 -a AGATCGGAAGAGC ../../fastq/21CG0044_1.fastq.gz
Processing single-end reads on 1 core ...
Finished in 1249.32 s (39 µs/read; 1.55 M reads/minute).

=== Summary ===

Total reads processed:              32,324,830
Reads with adapters:                16,339,616 (50.5%)
Reads written (passing filters):    32,324,830 (100.0%)

Total basepairs processed: 4,881,049,330 bp
Quality-trimmed:              29,455,664 bp (0.6%)
Total written (filtered):  4,624,561,114 bp (94.7%)

=== Adapter 1 ===

Sequence: AGATCGGAAGAGC; Type: regular 3'; Length: 13; Trimmed: 16339616 times

Minimum overlap: 1
No. of allowed errors:
1-9 bp: 0; 10-13 bp: 1

Bases preceding removed adapters:
  A: 31.0%
  C: 27.6%
  G: 21.1%
  T: 20.3%
  none/other: 0.0%

Overview of removed sequences
length	count	expect	max.err	error counts
1	5658054	8081207.5	0	5658054
2	1706145	2020301.9	0	1706145
3	753976	505075.5	0	753976
4	340327	126268.9	0	340327
5	212220	31567.2	0	212220
6	187477	7891.8	0	187477
7	251786	1973.0	0	251786
8	180652	493.2	0	180652
9	279223	123.3	0	278039 1184
10	220916	30.8	1	214764 6152
11	174247	7.7	1	167390 6857
12	168538	1.9	1	162386 6152
13	294556	0.5	1	285178 9378
14	121786	0.5	1	115183 6603
15	321094	0.5	1	311444 9650
16	72056	0.5	1	66452 5604
17	279715	0.5	1	268517 11198
18	158747	0.5	1	152535 6212
19	172259	0.5	1	166927 5332
20	191066	0.5	1	184208 6858
21	153541	0.5	1	148555 4986
22	208716	0.5	1	201953 6763
23	149482	0.5	1	143930 5552
24	174834	0.5	1	167880 6954
25	238585	0.5	1	231502 7083
26	86353	0.5	1	82700 3653
27	158854	0.5	1	153222 5632
28	205593	0.5	1	198246 7347
29	150247	0.5	1	144294 5953
30	117740	0.5	1	113682 4058
31	145097	0.5	1	140440 4657
32	185401	0.5	1	180337 5064
33	88360	0.5	1	84082 4278
34	204248	0.5	1	198552 5696
35	59484	0.5	1	56457 3027
36	163382	0.5	1	158532 4850
37	105127	0.5	1	101874 3253
38	97166	0.5	1	93845 3321
39	114596	0.5	1	110253 4343
40	149864	0.5	1	145064 4800
41	75152	0.5	1	71697 3455
42	237906	0.5	1	232839 5067
43	87673	0.5	1	84961 2712
44	69067	0.5	1	67560 1507
45	9961	0.5	1	9205 756
46	47958	0.5	1	46577 1381
47	67738	0.5	1	65803 1935
48	80593	0.5	1	78241 2352
49	97052	0.5	1	95017 2035
50	34371	0.5	1	32611 1760
51	69482	0.5	1	67290 2192
52	75835	0.5	1	73947 1888
53	46266	0.5	1	44756 1510
54	58781	0.5	1	56922 1859
55	66880	0.5	1	65167 1713
56	50872	0.5	1	49749 1123
57	29598	0.5	1	28472 1126
58	29628	0.5	1	28659 969
59	63552	0.5	1	62269 1283
60	17932	0.5	1	17275 657
61	20473	0.5	1	19790 683
62	49256	0.5	1	48415 841
63	16062	0.5	1	15537 525
64	15354	0.5	1	14885 469
65	26612	0.5	1	25886 726
66	25371	0.5	1	24897 474
67	10052	0.5	1	9711 341
68	17135	0.5	1	16663 472
69	16245	0.5	1	15779 466
70	14955	0.5	1	14507 448
71	15823	0.5	1	15230 593
72	24707	0.5	1	24078 629
73	14984	0.5	1	14600 384
74	9743	0.5	1	9474 269
75	4343	0.5	1	4158 185
76	555	0.5	1	469 86
77	395	0.5	1	347 48
78	2522	0.5	1	2428 94
79	4062	0.5	1	3937 125
80	4104	0.5	1	3971 133
81	3737	0.5	1	3595 142
82	3328	0.5	1	3227 101
83	3047	0.5	1	2937 110
84	2581	0.5	1	2485 96
85	2246	0.5	1	2162 84
86	1994	0.5	1	1939 55
87	1655	0.5	1	1590 65
88	1555	0.5	1	1461 94
89	1283	0.5	1	1230 53
90	981	0.5	1	916 65
91	831	0.5	1	793 38
92	705	0.5	1	656 49
93	625	0.5	1	578 47
94	536	0.5	1	494 42
95	425	0.5	1	388 37
96	370	0.5	1	315 55
97	282	0.5	1	244 38
98	270	0.5	1	234 36
99	215	0.5	1	174 41
100	141	0.5	1	115 26
101	146	0.5	1	111 35
102	138	0.5	1	90 48
103	127	0.5	1	85 42
104	92	0.5	1	66 26
105	98	0.5	1	64 34
106	83	0.5	1	31 52
107	66	0.5	1	23 43
108	47	0.5	1	18 29
109	38	0.5	1	11 27
110	55	0.5	1	20 35
111	37	0.5	1	6 31
112	34	0.5	1	7 27
113	35	0.5	1	4 31
114	38	0.5	1	2 36
115	38	0.5	1	3 35
116	41	0.5	1	0 41
117	43	0.5	1	1 42
118	33	0.5	1	3 30
119	18	0.5	1	2 16
120	28	0.5	1	1 27
121	27	0.5	1	2 25
122	29	0.5	1	2 27
123	53	0.5	1	1 52
124	47	0.5	1	0 47
125	29	0.5	1	0 29
126	25	0.5	1	1 24
127	32	0.5	1	2 30
128	30	0.5	1	1 29
129	34	0.5	1	0 34
130	40	0.5	1	0 40
131	24	0.5	1	0 24
132	31	0.5	1	0 31
133	35	0.5	1	0 35
134	37	0.5	1	0 37
135	46	0.5	1	3 43
136	24	0.5	1	0 24
137	40	0.5	1	0 40
138	29	0.5	1	0 29
139	31	0.5	1	0 31
140	30	0.5	1	1 29
141	58	0.5	1	16 42
142	101	0.5	1	43 58
143	80	0.5	1	44 36
144	41	0.5	1	11 30
145	24	0.5	1	4 20
146	10	0.5	1	0 10
147	7	0.5	1	2 5
148	6	0.5	1	0 6
149	12	0.5	1	0 12
150	2	0.5	1	0 2

RUN STATISTICS FOR INPUT FILE: ../../fastq/21CG0044_1.fastq.gz
=============================================
32324830 sequences processed in total
The length threshold of paired-end sequences gets evaluated later on (in the validation step)

Writing report to '/NGS/humangenomics/active/2022/run/hyperparathyroid_analysis_20221102/results/03_pipeline_runs/cohort/human_genomics_pipeline/results/trimmed/21CG0044_2.fastq.gz_trimming_report.txt'

SUMMARISING RUN PARAMETERS
==========================
Input filename: ../../fastq/21CG0044_2.fastq.gz
Trimming mode: paired-end
Trim Galore version: 0.6.4_dev
Cutadapt version: 4.1
Number of cores used for trimming: 1
Quality Phred score cutoff: 20
Quality encoding type selected: ASCII+33
Adapter sequence: 'AGATCGGAAGAGC' (Illumina TruSeq, Sanger iPCR; user defined)
Maximum trimming error rate: 0.1 (default)
Minimum required adapter overlap (stringency): 1 bp
Minimum required sequence length for both reads before a sequence pair gets removed: 20 bp
Output file(s) will be GZIP compressed

Cutadapt seems to be fairly up-to-date (version 4.1). Setting -j -j 1
Writing final adapter and quality trimmed output to 21CG0044_2_trimmed.fq.gz


  >>> Now performing quality (cutoff '-q 20') and adapter trimming in a single pass for the adapter sequence: 'AGATCGGAAGAGC' from file ../../fastq/21CG0044_2.fastq.gz <<< 
10000000 sequences processed
20000000 sequences processed
30000000 sequences processed
This is cutadapt 4.1 with Python 3.10.8
Command line parameters: -j 1 -e 0.1 -q 20 -O 1 -a AGATCGGAAGAGC ../../fastq/21CG0044_2.fastq.gz
Processing single-end reads on 1 core ...
Finished in 1448.05 s (45 µs/read; 1.34 M reads/minute).

=== Summary ===

Total reads processed:              32,324,830
Reads with adapters:                16,371,252 (50.6%)
Reads written (passing filters):    32,324,830 (100.0%)

Total basepairs processed: 4,881,049,330 bp
Quality-trimmed:              33,548,866 bp (0.7%)
Total written (filtered):  4,622,724,623 bp (94.7%)

=== Adapter 1 ===

Sequence: AGATCGGAAGAGC; Type: regular 3'; Length: 13; Trimmed: 16371252 times

Minimum overlap: 1
No. of allowed errors:
1-9 bp: 0; 10-13 bp: 1

Bases preceding removed adapters:
  A: 30.9%
  C: 26.6%
  G: 21.5%
  T: 21.0%
  none/other: 0.0%

Overview of removed sequences
length	count	expect	max.err	error counts
1	5689554	8081207.5	0	5689554
2	1698113	2020301.9	0	1698113
3	762980	505075.5	0	762980
4	308991	126268.9	0	308991
5	241037	31567.2	0	241037
6	190341	7891.8	0	190341
7	229655	1973.0	0	229655
8	200914	493.2	0	200914
9	281098	123.3	0	280384 714
10	231776	30.8	1	226516 5260
11	167941	7.7	1	162306 5635
12	191471	1.9	1	186454 5017
13	208239	0.5	1	201771 6468
14	232356	0.5	1	225562 6794
15	178673	0.5	1	173693 4980
16	178792	0.5	1	173395 5397
17	235900	0.5	1	229334 6566
18	157836	0.5	1	152816 5020
19	271714	0.5	1	264343 7371
20	245175	0.5	1	239582 5593
21	111298	0.5	1	106659 4639
22	89718	0.5	1	87169 2549
23	178903	0.5	1	173766 5137
24	288022	0.5	1	280960 7062
25	56818	0.5	1	54145 2673
26	181161	0.5	1	174667 6494
27	327879	0.5	1	318003 9876
28	77556	0.5	1	74976 2580
29	169281	0.5	1	164097 5184
30	94897	0.5	1	92264 2633
31	172818	0.5	1	169176 3642
32	106811	0.5	1	103551 3260
33	235636	0.5	1	230901 4735
34	102547	0.5	1	98517 4030
35	117315	0.5	1	115014 2301
36	97459	0.5	1	94668 2791
37	168067	0.5	1	164781 3286
38	142063	0.5	1	139383 2680
39	56093	0.5	1	54373 1720
40	52917	0.5	1	51545 1372
41	97228	0.5	1	94894 2334
42	186391	0.5	1	182911 3480
43	60686	0.5	1	58785 1901
44	99777	0.5	1	97536 2241
45	158259	0.5	1	155631 2628
46	74864	0.5	1	72637 2227
47	71286	0.5	1	70153 1133
48	26973	0.5	1	25719 1254
49	116032	0.5	1	114469 1563
50	21274	0.5	1	20493 781
51	45213	0.5	1	44488 725
52	19416	0.5	1	18862 554
53	31157	0.5	1	30470 687
54	88994	0.5	1	87666 1328
55	21742	0.5	1	20997 745
56	40116	0.5	1	39179 937
57	90088	0.5	1	88669 1419
58	39050	0.5	1	38229 821
59	8011	0.5	1	7618 393
60	45146	0.5	1	44566 580
61	13967	0.5	1	13465 502
62	46093	0.5	1	45326 767
63	31994	0.5	1	31480 514
64	16595	0.5	1	16238 357
65	7934	0.5	1	7583 351
66	28271	0.5	1	27897 374
67	2850	0.5	1	2679 171
68	21516	0.5	1	21200 316
69	7512	0.5	1	7273 239
70	23911	0.5	1	23554 357
71	2956	0.5	1	2779 177
72	10505	0.5	1	10271 234
73	10317	0.5	1	10089 228
74	9376	0.5	1	9162 214
75	8248	0.5	1	7998 250
76	8118	0.5	1	7861 257
77	11951	0.5	1	11705 246
78	11465	0.5	1	11251 214
79	3653	0.5	1	3521 132
80	521	0.5	1	449 72
81	179	0.5	1	144 35
82	1105	0.5	1	1050 55
83	2312	0.5	1	2249 63
84	2371	0.5	1	2306 65
85	2110	0.5	1	2041 69
86	1933	0.5	1	1877 56
87	1662	0.5	1	1607 55
88	1504	0.5	1	1448 56
89	1260	0.5	1	1211 49
90	1005	0.5	1	943 62
91	849	0.5	1	797 52
92	704	0.5	1	669 35
93	614	0.5	1	567 47
94	549	0.5	1	497 52
95	431	0.5	1	382 49
96	342	0.5	1	319 23
97	286	0.5	1	245 41
98	280	0.5	1	238 42
99	195	0.5	1	166 29
100	162	0.5	1	131 31
101	142	0.5	1	106 36
102	135	0.5	1	92 43
103	105	0.5	1	77 28
104	116	0.5	1	75 41
105	93	0.5	1	59 34
106	63	0.5	1	42 21
107	64	0.5	1	25 39
108	41	0.5	1	19 22
109	32	0.5	1	14 18
110	38	0.5	1	14 24
111	40	0.5	1	7 33
112	52	0.5	1	11 41
113	39	0.5	1	5 34
114	47	0.5	1	9 38
115	27	0.5	1	1 26
116	27	0.5	1	0 27
117	21	0.5	1	0 21
118	50	0.5	1	1 49
119	31	0.5	1	0 31
120	27	0.5	1	1 26
121	37	0.5	1	1 36
122	29	0.5	1	0 29
123	34	0.5	1	0 34
124	37	0.5	1	0 37
125	48	0.5	1	2 46
126	31	0.5	1	3 28
127	44	0.5	1	1 43
128	25	0.5	1	1 24
129	53	0.5	1	0 53
130	45	0.5	1	1 44
131	25	0.5	1	0 25
132	16	0.5	1	0 16
133	19	0.5	1	0 19
134	40	0.5	1	0 40
135	23	0.5	1	3 20
136	26	0.5	1	1 25
137	25	0.5	1	0 25
138	47	0.5	1	1 46
139	30	0.5	1	0 30
140	19	0.5	1	0 19
141	47	0.5	1	6 41
142	94	0.5	1	38 56
143	63	0.5	1	27 36
144	34	0.5	1	14 20
145	16	0.5	1	0 16
146	11	0.5	1	0 11
147	3	0.5	1	0 3
148	1	0.5	1	0 1
149	11	0.5	1	1 10
150	5	0.5	1	0 5

RUN STATISTICS FOR INPUT FILE: ../../fastq/21CG0044_2.fastq.gz
=============================================
32324830 sequences processed in total
The length threshold of paired-end sequences gets evaluated later on (in the validation step)

Validate paired-end files 21CG0044_1_trimmed.fq.gz and 21CG0044_2_trimmed.fq.gz
file_1: 21CG0044_1_trimmed.fq.gz, file_2: 21CG0044_2_trimmed.fq.gz


>>>>> Now validing the length of the 2 paired-end infiles: 21CG0044_1_trimmed.fq.gz and 21CG0044_2_trimmed.fq.gz <<<<<
Writing validated paired-end Read 1 reads to 21CG0044_1_val_1.fq.gz
Writing validated paired-end Read 2 reads to 21CG0044_2_val_2.fq.gz

Total number of sequences analysed: 32324830

Number of sequence pairs removed because at least one read was shorter than the length cutoff (20 bp): 17321 (0.05%)

Deleting both intermediate output files 21CG0044_1_trimmed.fq.gz and 21CG0044_2_trimmed.fq.gz

====================================================================================================

