Proceeding with single-core trimming (user-defined)
Path to Cutadapt set as: 'cutadapt' (default)
Cutadapt seems to be working fine (tested command 'cutadapt --version')
Cutadapt version: 4.1
single-core operation.
No quality encoding type selected. Assuming that the data provided uses Sanger encoded Phred scores (default)

Output will be written into the directory: /NGS/humangenomics/active/2022/run/hyperparathyroid_analysis_20221102/results/03_pipeline_runs/cohort/human_genomics_pipeline/results/trimmed/
Writing report to '/NGS/humangenomics/active/2022/run/hyperparathyroid_analysis_20221102/results/03_pipeline_runs/cohort/human_genomics_pipeline/results/trimmed/22CG013_1.fastq.gz_trimming_report.txt'

SUMMARISING RUN PARAMETERS
==========================
Input filename: ../../fastq/22CG013_1.fastq.gz
Trimming mode: paired-end
Trim Galore version: 0.6.4_dev
Cutadapt version: 4.1
Number of cores used for trimming: 1
Quality Phred score cutoff: 20
Quality encoding type selected: ASCII+33
Adapter sequence: 'AGATCGGAAGAGC' (Illumina TruSeq, Sanger iPCR; user defined)
Maximum trimming error rate: 0.1 (default)
Minimum required adapter overlap (stringency): 1 bp
Minimum required sequence length for both reads before a sequence pair gets removed: 20 bp
Output file(s) will be GZIP compressed

Cutadapt seems to be fairly up-to-date (version 4.1). Setting -j 1
Writing final adapter and quality trimmed output to 22CG013_1_trimmed.fq.gz


  >>> Now performing quality (cutoff '-q 20') and adapter trimming in a single pass for the adapter sequence: 'AGATCGGAAGAGC' from file ../../fastq/22CG013_1.fastq.gz <<< 
10000000 sequences processed
20000000 sequences processed
30000000 sequences processed
40000000 sequences processed
50000000 sequences processed
60000000 sequences processed
This is cutadapt 4.1 with Python 3.10.8
Command line parameters: -j 1 -e 0.1 -q 20 -O 1 -a AGATCGGAAGAGC ../../fastq/22CG013_1.fastq.gz
Processing single-end reads on 1 core ...
Finished in 2499.40 s (40 µs/read; 1.50 M reads/minute).

=== Summary ===

Total reads processed:              62,606,775
Reads with adapters:                31,093,400 (49.7%)
Reads written (passing filters):    62,606,775 (100.0%)

Total basepairs processed: 9,453,623,025 bp
Quality-trimmed:              56,297,885 bp (0.6%)
Total written (filtered):  8,888,846,903 bp (94.0%)

=== Adapter 1 ===

Sequence: AGATCGGAAGAGC; Type: regular 3'; Length: 13; Trimmed: 31093400 times

Minimum overlap: 1
No. of allowed errors:
1-9 bp: 0; 10-13 bp: 1

Bases preceding removed adapters:
  A: 30.9%
  C: 27.8%
  G: 21.4%
  T: 19.9%
  none/other: 0.0%

Overview of removed sequences
length	count	expect	max.err	error counts
1	10462312	15651693.8	0	10462312
2	3557795	3912923.4	0	3557795
3	1270939	978230.9	0	1270939
4	585192	244557.7	0	585192
5	330828	61139.4	0	330828
6	283150	15284.9	0	283150
7	387380	3821.2	0	387380
8	273008	955.3	0	273008
9	420981	238.8	0	418671 2310
10	388079	59.7	1	375069 13010
11	236195	14.9	1	222587 13608
12	272822	3.7	1	260685 12137
13	481462	0.9	1	462581 18881
14	176604	0.9	1	163775 12829
15	513535	0.9	1	494421 19114
16	106983	0.9	1	96292 10691
17	449181	0.9	1	426824 22357
18	268996	0.9	1	256679 12317
19	295745	0.9	1	284027 11718
20	295152	0.9	1	281124 14028
21	261402	0.9	1	250082 11320
22	358666	0.9	1	345421 13245
23	243017	0.9	1	230934 12083
24	295688	0.9	1	280701 14987
25	402101	0.9	1	387241 14860
26	154585	0.9	1	146296 8289
27	276489	0.9	1	264757 11732
28	360283	0.9	1	344609 15674
29	274577	0.9	1	259953 14624
30	222383	0.9	1	212965 9418
31	306494	0.9	1	293744 12750
32	303540	0.9	1	293233 10307
33	158471	0.9	1	148661 9810
34	378762	0.9	1	366138 12624
35	109379	0.9	1	103031 6348
36	245195	0.9	1	235106 10089
37	326079	0.9	1	311579 14500
38	207170	0.9	1	199142 8028
39	177140	0.9	1	169671 7469
40	274462	0.9	1	264665 9797
41	216343	0.9	1	205676 10667
42	341147	0.9	1	326611 14536
43	272560	0.9	1	259577 12983
44	280900	0.9	1	272402 8498
45	33768	0.9	1	30850 2918
46	144014	0.9	1	139211 4803
47	126998	0.9	1	121347 5651
48	192069	0.9	1	185612 6457
49	234973	0.9	1	228793 6180
50	78115	0.9	1	72224 5891
51	191013	0.9	1	183482 7531
52	205415	0.9	1	199814 5601
53	104650	0.9	1	100163 4487
54	162255	0.9	1	155525 6730
55	205655	0.9	1	200018 5637
56	143368	0.9	1	139163 4205
57	78848	0.9	1	75470 3378
58	78305	0.9	1	74846 3459
59	199881	0.9	1	194960 4921
60	55760	0.9	1	53352 2408
61	56067	0.9	1	53360 2707
62	169370	0.9	1	165800 3570
63	52133	0.9	1	49956 2177
64	45772	0.9	1	43965 1807
65	95482	0.9	1	92514 2968
66	101306	0.9	1	99067 2239
67	27672	0.9	1	26188 1484
68	63682	0.9	1	61364 2318
69	66524	0.9	1	64146 2378
70	65619	0.9	1	63169 2450
71	72469	0.9	1	69711 2758
72	107401	0.9	1	104417 2984
73	72185	0.9	1	69794 2391
74	47504	0.9	1	45835 1669
75	23037	0.9	1	21942 1095
76	4104	0.9	1	3605 499
77	4324	0.9	1	3951 373
78	18578	0.9	1	18061 517
79	25508	0.9	1	24798 710
80	25805	0.9	1	25016 789
81	24349	0.9	1	23553 796
82	22579	0.9	1	21805 774
83	20767	0.9	1	20063 704
84	18070	0.9	1	17469 601
85	16192	0.9	1	15671 521
86	14578	0.9	1	14063 515
87	13009	0.9	1	12511 498
88	11664	0.9	1	11261 403
89	10149	0.9	1	9788 361
90	8900	0.9	1	8590 310
91	7633	0.9	1	7305 328
92	6621	0.9	1	6387 234
93	5599	0.9	1	5375 224
94	4785	0.9	1	4572 213
95	4159	0.9	1	3965 194
96	3538	0.9	1	3395 143
97	3038	0.9	1	2860 178
98	2406	0.9	1	2262 144
99	1989	0.9	1	1858 131
100	1537	0.9	1	1418 119
101	1252	0.9	1	1143 109
102	1104	0.9	1	1020 84
103	933	0.9	1	822 111
104	816	0.9	1	720 96
105	682	0.9	1	599 83
106	457	0.9	1	375 82
107	418	0.9	1	312 106
108	324	0.9	1	242 82
109	217	0.9	1	159 58
110	194	0.9	1	127 67
111	140	0.9	1	78 62
112	109	0.9	1	54 55
113	124	0.9	1	41 83
114	84	0.9	1	22 62
115	74	0.9	1	6 68
116	68	0.9	1	2 66
117	84	0.9	1	11 73
118	86	0.9	1	6 80
119	60	0.9	1	5 55
120	72	0.9	1	3 69
121	65	0.9	1	1 64
122	57	0.9	1	1 56
123	60	0.9	1	1 59
124	62	0.9	1	1 61
125	53	0.9	1	3 50
126	68	0.9	1	1 67
127	75	0.9	1	1 74
128	55	0.9	1	2 53
129	82	0.9	1	0 82
130	94	0.9	1	1 93
131	78	0.9	1	0 78
132	63	0.9	1	1 62
133	70	0.9	1	0 70
134	75	0.9	1	0 75
135	84	0.9	1	3 81
136	61	0.9	1	1 60
137	53	0.9	1	0 53
138	72	0.9	1	4 68
139	48	0.9	1	1 47
140	65	0.9	1	5 60
141	82	0.9	1	2 80
142	98	0.9	1	14 84
143	66	0.9	1	0 66
144	52	0.9	1	1 51
145	33	0.9	1	0 33
146	27	0.9	1	0 27
147	10	0.9	1	0 10
148	9	0.9	1	0 9
149	14	0.9	1	0 14
150	7	0.9	1	0 7
151	1	0.9	1	0 1

RUN STATISTICS FOR INPUT FILE: ../../fastq/22CG013_1.fastq.gz
=============================================
62606775 sequences processed in total
The length threshold of paired-end sequences gets evaluated later on (in the validation step)

Writing report to '/NGS/humangenomics/active/2022/run/hyperparathyroid_analysis_20221102/results/03_pipeline_runs/cohort/human_genomics_pipeline/results/trimmed/22CG013_2.fastq.gz_trimming_report.txt'

SUMMARISING RUN PARAMETERS
==========================
Input filename: ../../fastq/22CG013_2.fastq.gz
Trimming mode: paired-end
Trim Galore version: 0.6.4_dev
Cutadapt version: 4.1
Number of cores used for trimming: 1
Quality Phred score cutoff: 20
Quality encoding type selected: ASCII+33
Adapter sequence: 'AGATCGGAAGAGC' (Illumina TruSeq, Sanger iPCR; user defined)
Maximum trimming error rate: 0.1 (default)
Minimum required adapter overlap (stringency): 1 bp
Minimum required sequence length for both reads before a sequence pair gets removed: 20 bp
Output file(s) will be GZIP compressed

Cutadapt seems to be fairly up-to-date (version 4.1). Setting -j -j 1
Writing final adapter and quality trimmed output to 22CG013_2_trimmed.fq.gz


  >>> Now performing quality (cutoff '-q 20') and adapter trimming in a single pass for the adapter sequence: 'AGATCGGAAGAGC' from file ../../fastq/22CG013_2.fastq.gz <<< 
10000000 sequences processed
20000000 sequences processed
30000000 sequences processed
40000000 sequences processed
50000000 sequences processed
60000000 sequences processed
This is cutadapt 4.1 with Python 3.10.8
Command line parameters: -j 1 -e 0.1 -q 20 -O 1 -a AGATCGGAAGAGC ../../fastq/22CG013_2.fastq.gz
Processing single-end reads on 1 core ...
Finished in 2689.75 s (43 µs/read; 1.40 M reads/minute).

=== Summary ===

Total reads processed:              62,606,775
Reads with adapters:                31,162,940 (49.8%)
Reads written (passing filters):    62,606,775 (100.0%)

Total basepairs processed: 9,453,623,025 bp
Quality-trimmed:              66,090,290 bp (0.7%)
Total written (filtered):  8,882,622,678 bp (94.0%)

=== Adapter 1 ===

Sequence: AGATCGGAAGAGC; Type: regular 3'; Length: 13; Trimmed: 31162940 times

Minimum overlap: 1
No. of allowed errors:
1-9 bp: 0; 10-13 bp: 1

Bases preceding removed adapters:
  A: 31.1%
  C: 26.2%
  G: 21.6%
  T: 21.1%
  none/other: 0.0%

Overview of removed sequences
length	count	expect	max.err	error counts
1	10731068	15651693.8	0	10731068
2	3343283	3912923.4	0	3343283
3	1313094	978230.9	0	1313094
4	515094	244557.7	0	515094
5	390150	61139.4	0	390150
6	282576	15284.9	0	282576
7	345412	3821.2	0	345412
8	310084	955.3	0	310084
9	448974	238.8	0	447590 1384
10	389319	59.7	1	378047 11272
11	236943	14.9	1	225230 11713
12	299954	3.7	1	289896 10058
13	330385	0.9	1	316161 14224
14	376107	0.9	1	362961 13146
15	275476	0.9	1	265406 10070
16	288953	0.9	1	276508 12445
17	394459	0.9	1	381299 13160
18	247678	0.9	1	236905 10773
19	451327	0.9	1	436550 14777
20	379353	0.9	1	368250 11103
21	204204	0.9	1	193376 10828
22	146242	0.9	1	141038 5204
23	298051	0.9	1	287529 10522
24	476170	0.9	1	462055 14115
25	111075	0.9	1	104949 6126
26	316526	0.9	1	302913 13613
27	574510	0.9	1	552416 22094
28	143041	0.9	1	137281 5760
29	306271	0.9	1	293144 13127
30	170259	0.9	1	164421 5838
31	318008	0.9	1	309166 8842
32	177075	0.9	1	170199 6876
33	409836	0.9	1	398414 11422
34	240677	0.9	1	229345 11332
35	219236	0.9	1	213756 5480
36	202109	0.9	1	195126 6983
37	137505	0.9	1	132590 4915
38	341836	0.9	1	331928 9908
39	124841	0.9	1	119474 5367
40	395161	0.9	1	385586 9575
41	96704	0.9	1	91160 5544
42	286576	0.9	1	279866 6710
43	138765	0.9	1	133426 5339
44	231454	0.9	1	224851 6603
45	310614	0.9	1	303046 7568
46	191878	0.9	1	184527 7351
47	181299	0.9	1	177300 3999
48	90340	0.9	1	85507 4833
49	273732	0.9	1	268073 5659
50	77045	0.9	1	74312 2733
51	125423	0.9	1	122354 3069
52	84726	0.9	1	82256 2470
53	92685	0.9	1	90169 2516
54	232098	0.9	1	227158 4940
55	70442	0.9	1	67563 2879
56	120690	0.9	1	117221 3469
57	232019	0.9	1	226688 5331
58	125899	0.9	1	122469 3430
59	45581	0.9	1	43782 1799
60	131753	0.9	1	129314 2439
61	59395	0.9	1	57115 2280
62	148752	0.9	1	144992 3760
63	102520	0.9	1	100301 2219
64	74214	0.9	1	72498 1716
65	44776	0.9	1	42726 2050
66	107246	0.9	1	105278 1968
67	17397	0.9	1	16439 958
68	87692	0.9	1	85528 2164
69	41972	0.9	1	40606 1366
70	96723	0.9	1	95036 1687
71	20617	0.9	1	19618 999
72	49260	0.9	1	47866 1394
73	49415	0.9	1	48038 1377
74	46177	0.9	1	44825 1352
75	43007	0.9	1	41821 1186
76	41614	0.9	1	40285 1329
77	62421	0.9	1	60850 1571
78	69069	0.9	1	67477 1592
79	26289	0.9	1	25323 966
80	5174	0.9	1	4793 381
81	1503	0.9	1	1312 191
82	9414	0.9	1	9131 283
83	16179	0.9	1	15843 336
84	16280	0.9	1	15876 404
85	15262	0.9	1	14901 361
86	14163	0.9	1	13814 349
87	12784	0.9	1	12434 350
88	11619	0.9	1	11306 313
89	10169	0.9	1	9877 292
90	8905	0.9	1	8649 256
91	7743	0.9	1	7518 225
92	6594	0.9	1	6389 205
93	5692	0.9	1	5485 207
94	4903	0.9	1	4719 184
95	4230	0.9	1	4060 170
96	3538	0.9	1	3383 155
97	3127	0.9	1	2966 161
98	2390	0.9	1	2272 118
99	1995	0.9	1	1884 111
100	1542	0.9	1	1426 116
101	1280	0.9	1	1184 96
102	1120	0.9	1	1030 90
103	975	0.9	1	880 95
104	812	0.9	1	726 86
105	683	0.9	1	607 76
106	485	0.9	1	402 83
107	365	0.9	1	299 66
108	324	0.9	1	255 69
109	272	0.9	1	180 92
110	207	0.9	1	122 85
111	130	0.9	1	69 61
112	127	0.9	1	66 61
113	118	0.9	1	45 73
114	85	0.9	1	30 55
115	63	0.9	1	8 55
116	60	0.9	1	6 54
117	64	0.9	1	9 55
118	93	0.9	1	10 83
119	73	0.9	1	6 67
120	67	0.9	1	2 65
121	52	0.9	1	3 49
122	72	0.9	1	8 64
123	62	0.9	1	1 61
124	61	0.9	1	2 59
125	60	0.9	1	3 57
126	61	0.9	1	1 60
127	70	0.9	1	0 70
128	51	0.9	1	0 51
129	72	0.9	1	1 71
130	71	0.9	1	0 71
131	64	0.9	1	2 62
132	79	0.9	1	3 76
133	72	0.9	1	1 71
134	80	0.9	1	3 77
135	83	0.9	1	4 79
136	74	0.9	1	0 74
137	47	0.9	1	0 47
138	58	0.9	1	0 58
139	65	0.9	1	0 65
140	55	0.9	1	1 54
141	91	0.9	1	2 89
142	95	0.9	1	2 93
143	76	0.9	1	0 76
144	55	0.9	1	0 55
145	27	0.9	1	0 27
146	38	0.9	1	0 38
147	16	0.9	1	0 16
148	1	0.9	1	0 1
149	9	0.9	1	0 9
150	11	0.9	1	0 11
151	2	0.9	1	0 2

RUN STATISTICS FOR INPUT FILE: ../../fastq/22CG013_2.fastq.gz
=============================================
62606775 sequences processed in total
The length threshold of paired-end sequences gets evaluated later on (in the validation step)

Validate paired-end files 22CG013_1_trimmed.fq.gz and 22CG013_2_trimmed.fq.gz
file_1: 22CG013_1_trimmed.fq.gz, file_2: 22CG013_2_trimmed.fq.gz


>>>>> Now validing the length of the 2 paired-end infiles: 22CG013_1_trimmed.fq.gz and 22CG013_2_trimmed.fq.gz <<<<<
Writing validated paired-end Read 1 reads to 22CG013_1_val_1.fq.gz
Writing validated paired-end Read 2 reads to 22CG013_2_val_2.fq.gz

Total number of sequences analysed: 62606775

Number of sequence pairs removed because at least one read was shorter than the length cutoff (20 bp): 28474 (0.05%)

Deleting both intermediate output files 22CG013_1_trimmed.fq.gz and 22CG013_2_trimmed.fq.gz

====================================================================================================

