Proceeding with single-core trimming (user-defined)
Path to Cutadapt set as: 'cutadapt' (default)
Cutadapt seems to be working fine (tested command 'cutadapt --version')
Cutadapt version: 4.1
single-core operation.
No quality encoding type selected. Assuming that the data provided uses Sanger encoded Phred scores (default)

Output will be written into the directory: /NGS/humangenomics/active/2022/run/hyperparathyroid_analysis_20221102/results/03_pipeline_runs/cohort/human_genomics_pipeline/results/trimmed/
Writing report to '/NGS/humangenomics/active/2022/run/hyperparathyroid_analysis_20221102/results/03_pipeline_runs/cohort/human_genomics_pipeline/results/trimmed/22CG007_1.fastq.gz_trimming_report.txt'

SUMMARISING RUN PARAMETERS
==========================
Input filename: ../../fastq/22CG007_1.fastq.gz
Trimming mode: paired-end
Trim Galore version: 0.6.4_dev
Cutadapt version: 4.1
Number of cores used for trimming: 1
Quality Phred score cutoff: 20
Quality encoding type selected: ASCII+33
Adapter sequence: 'AGATCGGAAGAGC' (Illumina TruSeq, Sanger iPCR; user defined)
Maximum trimming error rate: 0.1 (default)
Minimum required adapter overlap (stringency): 1 bp
Minimum required sequence length for both reads before a sequence pair gets removed: 20 bp
Output file(s) will be GZIP compressed

Cutadapt seems to be fairly up-to-date (version 4.1). Setting -j 1
Writing final adapter and quality trimmed output to 22CG007_1_trimmed.fq.gz


  >>> Now performing quality (cutoff '-q 20') and adapter trimming in a single pass for the adapter sequence: 'AGATCGGAAGAGC' from file ../../fastq/22CG007_1.fastq.gz <<< 
10000000 sequences processed
20000000 sequences processed
30000000 sequences processed
40000000 sequences processed
50000000 sequences processed
60000000 sequences processed
This is cutadapt 4.1 with Python 3.10.8
Command line parameters: -j 1 -e 0.1 -q 20 -O 1 -a AGATCGGAAGAGC ../../fastq/22CG007_1.fastq.gz
Processing single-end reads on 1 core ...
Finished in 2628.22 s (41 µs/read; 1.46 M reads/minute).

=== Summary ===

Total reads processed:              63,860,770
Reads with adapters:                29,292,123 (45.9%)
Reads written (passing filters):    63,860,770 (100.0%)

Total basepairs processed: 9,642,976,270 bp
Quality-trimmed:              70,726,768 bp (0.7%)
Total written (filtered):  9,203,159,963 bp (95.4%)

=== Adapter 1 ===

Sequence: AGATCGGAAGAGC; Type: regular 3'; Length: 13; Trimmed: 29292123 times

Minimum overlap: 1
No. of allowed errors:
1-9 bp: 0; 10-13 bp: 1

Bases preceding removed adapters:
  A: 31.5%
  C: 28.4%
  G: 20.9%
  T: 19.2%
  none/other: 0.0%

Overview of removed sequences
length	count	expect	max.err	error counts
1	11254940	15965192.5	0	11254940
2	3905937	3991298.1	0	3905937
3	1292647	997824.5	0	1292647
4	579984	249456.1	0	579984
5	315139	62364.0	0	315139
6	265452	15591.0	0	265452
7	355293	3897.8	0	355293
8	251707	974.4	0	251707
9	382349	243.6	0	380149 2200
10	354800	60.9	1	343119 11681
11	210232	15.2	1	198260 11972
12	249458	3.8	1	238829 10629
13	428257	1.0	1	412137 16120
14	157545	1.0	1	146512 11033
15	451313	1.0	1	435224 16089
16	101920	1.0	1	92502 9418
17	385203	1.0	1	366062 19141
18	243184	1.0	1	232192 10992
19	261547	1.0	1	251246 10301
20	259818	1.0	1	247676 12142
21	228212	1.0	1	218596 9616
22	310835	1.0	1	299626 11209
23	205400	1.0	1	195608 9792
24	251432	1.0	1	239063 12369
25	341114	1.0	1	328430 12684
26	135883	1.0	1	128784 7099
27	231263	1.0	1	221332 9931
28	304750	1.0	1	291833 12917
29	214979	1.0	1	203845 11134
30	203523	1.0	1	195522 8001
31	207611	1.0	1	198977 8634
32	280319	1.0	1	271146 9173
33	133805	1.0	1	126028 7777
34	275015	1.0	1	264964 10051
35	144994	1.0	1	138465 6529
36	221300	1.0	1	209293 12007
37	192595	1.0	1	183288 9307
38	175377	1.0	1	168162 7215
39	206031	1.0	1	195982 10049
40	296616	1.0	1	284604 12012
41	171523	1.0	1	160069 11454
42	732648	1.0	1	713498 19150
43	384510	1.0	1	371929 12581
44	245099	1.0	1	236974 8125
45	197798	1.0	1	191624 6174
46	150113	1.0	1	145947 4166
47	58241	1.0	1	55023 3218
48	189224	1.0	1	185177 4047
49	77489	1.0	1	74997 2492
50	24553	1.0	1	22622 1931
51	110060	1.0	1	107510 2550
52	33416	1.0	1	31985 1431
53	19163	1.0	1	18173 990
54	34695	1.0	1	33251 1444
55	28154	1.0	1	26846 1308
56	49561	1.0	1	48309 1252
57	16133	1.0	1	15292 841
58	15428	1.0	1	14634 794
59	38282	1.0	1	37245 1037
60	7144	1.0	1	6686 458
61	8445	1.0	1	7805 640
62	32515	1.0	1	31650 865
63	20156	1.0	1	19403 753
64	15531	1.0	1	14927 604
65	21638	1.0	1	20890 748
66	18150	1.0	1	17506 644
67	5504	1.0	1	5116 388
68	7911	1.0	1	7316 595
69	20610	1.0	1	19758 852
70	28181	1.0	1	27155 1026
71	30052	1.0	1	28947 1105
72	32919	1.0	1	31777 1142
73	34504	1.0	1	33398 1106
74	31328	1.0	1	30321 1007
75	21271	1.0	1	20485 786
76	7286	1.0	1	6828 458
77	1434	1.0	1	1227 207
78	1697	1.0	1	1552 145
79	6065	1.0	1	5820 245
80	9407	1.0	1	9136 271
81	10164	1.0	1	9834 330
82	9541	1.0	1	9239 302
83	8644	1.0	1	8303 341
84	7723	1.0	1	7396 327
85	6690	1.0	1	6423 267
86	6039	1.0	1	5819 220
87	5297	1.0	1	5086 211
88	4523	1.0	1	4336 187
89	4000	1.0	1	3785 215
90	3416	1.0	1	3223 193
91	2857	1.0	1	2703 154
92	2450	1.0	1	2316 134
93	2066	1.0	1	1922 144
94	1806	1.0	1	1665 141
95	1496	1.0	1	1375 121
96	1249	1.0	1	1149 100
97	1142	1.0	1	1024 118
98	942	1.0	1	854 88
99	717	1.0	1	639 78
100	625	1.0	1	535 90
101	536	1.0	1	441 95
102	424	1.0	1	337 87
103	387	1.0	1	301 86
104	297	1.0	1	238 59
105	271	1.0	1	207 64
106	201	1.0	1	143 58
107	148	1.0	1	100 48
108	156	1.0	1	90 66
109	111	1.0	1	61 50
110	111	1.0	1	39 72
111	92	1.0	1	27 65
112	98	1.0	1	22 76
113	72	1.0	1	18 54
114	56	1.0	1	13 43
115	63	1.0	1	1 62
116	66	1.0	1	2 64
117	57	1.0	1	3 54
118	69	1.0	1	2 67
119	63	1.0	1	10 53
120	45	1.0	1	0 45
121	59	1.0	1	2 57
122	62	1.0	1	0 62
123	64	1.0	1	2 62
124	82	1.0	1	0 82
125	74	1.0	1	0 74
126	67	1.0	1	3 64
127	77	1.0	1	0 77
128	55	1.0	1	0 55
129	77	1.0	1	0 77
130	84	1.0	1	0 84
131	53	1.0	1	1 52
132	79	1.0	1	0 79
133	70	1.0	1	0 70
134	68	1.0	1	2 66
135	82	1.0	1	7 75
136	107	1.0	1	2 105
137	71	1.0	1	3 68
138	59	1.0	1	0 59
139	45	1.0	1	0 45
140	53	1.0	1	1 52
141	76	1.0	1	3 73
142	87	1.0	1	4 83
143	88	1.0	1	6 82
144	38	1.0	1	3 35
145	42	1.0	1	1 41
146	25	1.0	1	0 25
147	15	1.0	1	0 15
148	9	1.0	1	0 9
149	13	1.0	1	0 13
150	9	1.0	1	0 9
151	6	1.0	1	0 6

RUN STATISTICS FOR INPUT FILE: ../../fastq/22CG007_1.fastq.gz
=============================================
63860770 sequences processed in total
The length threshold of paired-end sequences gets evaluated later on (in the validation step)

Writing report to '/NGS/humangenomics/active/2022/run/hyperparathyroid_analysis_20221102/results/03_pipeline_runs/cohort/human_genomics_pipeline/results/trimmed/22CG007_2.fastq.gz_trimming_report.txt'

SUMMARISING RUN PARAMETERS
==========================
Input filename: ../../fastq/22CG007_2.fastq.gz
Trimming mode: paired-end
Trim Galore version: 0.6.4_dev
Cutadapt version: 4.1
Number of cores used for trimming: 1
Quality Phred score cutoff: 20
Quality encoding type selected: ASCII+33
Adapter sequence: 'AGATCGGAAGAGC' (Illumina TruSeq, Sanger iPCR; user defined)
Maximum trimming error rate: 0.1 (default)
Minimum required adapter overlap (stringency): 1 bp
Minimum required sequence length for both reads before a sequence pair gets removed: 20 bp
Output file(s) will be GZIP compressed

Cutadapt seems to be fairly up-to-date (version 4.1). Setting -j -j 1
Writing final adapter and quality trimmed output to 22CG007_2_trimmed.fq.gz


  >>> Now performing quality (cutoff '-q 20') and adapter trimming in a single pass for the adapter sequence: 'AGATCGGAAGAGC' from file ../../fastq/22CG007_2.fastq.gz <<< 
10000000 sequences processed
20000000 sequences processed
30000000 sequences processed
40000000 sequences processed
50000000 sequences processed
60000000 sequences processed
This is cutadapt 4.1 with Python 3.10.8
Command line parameters: -j 1 -e 0.1 -q 20 -O 1 -a AGATCGGAAGAGC ../../fastq/22CG007_2.fastq.gz
Processing single-end reads on 1 core ...
Finished in 2740.87 s (43 µs/read; 1.40 M reads/minute).

=== Summary ===

Total reads processed:              63,860,770
Reads with adapters:                29,259,683 (45.8%)
Reads written (passing filters):    63,860,770 (100.0%)

Total basepairs processed: 9,642,976,270 bp
Quality-trimmed:              68,752,648 bp (0.7%)
Total written (filtered):  9,193,147,301 bp (95.3%)

=== Adapter 1 ===

Sequence: AGATCGGAAGAGC; Type: regular 3'; Length: 13; Trimmed: 29259683 times

Minimum overlap: 1
No. of allowed errors:
1-9 bp: 0; 10-13 bp: 1

Bases preceding removed adapters:
  A: 31.9%
  C: 26.7%
  G: 21.0%
  T: 20.4%
  none/other: 0.0%

Overview of removed sequences
length	count	expect	max.err	error counts
1	11463757	15965192.5	0	11463757
2	3705424	3991298.1	0	3705424
3	1325491	997824.5	0	1325491
4	513510	249456.1	0	513510
5	367805	62364.0	0	367805
6	256102	15591.0	0	256102
7	320287	3897.8	0	320287
8	277898	974.4	0	277898
9	406771	243.6	0	405255 1516
10	357127	60.9	1	346302 10825
11	208707	15.2	1	197325 11382
12	271576	3.8	1	262162 9414
13	296910	1.0	1	283251 13659
14	330626	1.0	1	318247 12379
15	243642	1.0	1	233850 9792
16	255838	1.0	1	243901 11937
17	349127	1.0	1	336670 12457
18	215795	1.0	1	205679 10116
19	384438	1.0	1	371404 13034
20	325169	1.0	1	315059 10110
21	173889	1.0	1	163792 10097
22	132021	1.0	1	127286 4735
23	256121	1.0	1	246310 9811
24	405812	1.0	1	393209 12603
25	89668	1.0	1	84001 5667
26	267527	1.0	1	255020 12507
27	481890	1.0	1	462066 19824
28	131977	1.0	1	126715 5262
29	235371	1.0	1	223723 11648
30	147692	1.0	1	142415 5277
31	266777	1.0	1	258146 8631
32	163635	1.0	1	156880 6755
33	351954	1.0	1	341735 10219
34	128493	1.0	1	124206 4287
35	110286	1.0	1	104321 5965
36	279810	1.0	1	272844 6966
37	68860	1.0	1	65413 3447
38	255403	1.0	1	248753 6650
39	108955	1.0	1	103651 5304
40	259180	1.0	1	248962 10218
41	199767	1.0	1	193601 6166
42	86673	1.0	1	82820 3853
43	211048	1.0	1	205025 6023
44	92670	1.0	1	88739 3931
45	247191	1.0	1	240896 6295
46	156605	1.0	1	150267 6338
47	117401	1.0	1	114453 2948
48	84026	1.0	1	79839 4187
49	196017	1.0	1	191377 4640
50	63857	1.0	1	61563 2294
51	87747	1.0	1	85247 2500
52	66814	1.0	1	64805 2009
53	66000	1.0	1	63976 2024
54	158014	1.0	1	154303 3711
55	50093	1.0	1	47831 2262
56	83366	1.0	1	80816 2550
57	146966	1.0	1	143168 3798
58	87406	1.0	1	84780 2626
59	35616	1.0	1	34210 1406
60	79011	1.0	1	77336 1675
61	40935	1.0	1	39219 1716
62	91573	1.0	1	88983 2590
63	61583	1.0	1	60086 1497
64	48830	1.0	1	47567 1263
65	28733	1.0	1	27276 1457
66	62502	1.0	1	61318 1184
67	11706	1.0	1	11019 687
68	50806	1.0	1	49421 1385
69	25393	1.0	1	24465 928
70	53262	1.0	1	52235 1027
71	12365	1.0	1	11678 687
72	26820	1.0	1	25996 824
73	26053	1.0	1	25253 800
74	23825	1.0	1	23025 800
75	21504	1.0	1	20784 720
76	20980	1.0	1	20316 664
77	30049	1.0	1	29177 872
78	31765	1.0	1	30951 814
79	11773	1.0	1	11280 493
80	2310	1.0	1	2032 278
81	868	1.0	1	749 119
82	4733	1.0	1	4553 180
83	7070	1.0	1	6861 209
84	7058	1.0	1	6822 236
85	6417	1.0	1	6193 224
86	5827	1.0	1	5645 182
87	5152	1.0	1	4998 154
88	4507	1.0	1	4347 160
89	3937	1.0	1	3777 160
90	3403	1.0	1	3260 143
91	2897	1.0	1	2751 146
92	2426	1.0	1	2302 124
93	2064	1.0	1	1923 141
94	1779	1.0	1	1658 121
95	1480	1.0	1	1387 93
96	1305	1.0	1	1203 102
97	1098	1.0	1	986 112
98	931	1.0	1	856 75
99	732	1.0	1	652 80
100	616	1.0	1	526 90
101	509	1.0	1	429 80
102	403	1.0	1	321 82
103	365	1.0	1	311 54
104	300	1.0	1	244 56
105	258	1.0	1	194 64
106	194	1.0	1	132 62
107	176	1.0	1	101 75
108	125	1.0	1	82 43
109	124	1.0	1	70 54
110	100	1.0	1	33 67
111	109	1.0	1	32 77
112	86	1.0	1	21 65
113	75	1.0	1	25 50
114	62	1.0	1	7 55
115	74	1.0	1	4 70
116	64	1.0	1	7 57
117	62	1.0	1	6 56
118	73	1.0	1	4 69
119	67	1.0	1	4 63
120	46	1.0	1	1 45
121	59	1.0	1	5 54
122	77	1.0	1	1 76
123	55	1.0	1	2 53
124	64	1.0	1	1 63
125	72	1.0	1	2 70
126	63	1.0	1	2 61
127	73	1.0	1	1 72
128	58	1.0	1	0 58
129	76	1.0	1	0 76
130	69	1.0	1	0 69
131	60	1.0	1	0 60
132	86	1.0	1	1 85
133	73	1.0	1	0 73
134	67	1.0	1	3 64
135	75	1.0	1	2 73
136	83	1.0	1	2 81
137	56	1.0	1	0 56
138	81	1.0	1	1 80
139	59	1.0	1	0 59
140	56	1.0	1	0 56
141	95	1.0	1	4 91
142	77	1.0	1	4 73
143	73	1.0	1	8 65
144	40	1.0	1	1 39
145	37	1.0	1	0 37
146	26	1.0	1	0 26
147	9	1.0	1	0 9
148	3	1.0	1	0 3
149	7	1.0	1	0 7
150	6	1.0	1	0 6

RUN STATISTICS FOR INPUT FILE: ../../fastq/22CG007_2.fastq.gz
=============================================
63860770 sequences processed in total
The length threshold of paired-end sequences gets evaluated later on (in the validation step)

Validate paired-end files 22CG007_1_trimmed.fq.gz and 22CG007_2_trimmed.fq.gz
file_1: 22CG007_1_trimmed.fq.gz, file_2: 22CG007_2_trimmed.fq.gz


>>>>> Now validing the length of the 2 paired-end infiles: 22CG007_1_trimmed.fq.gz and 22CG007_2_trimmed.fq.gz <<<<<
Writing validated paired-end Read 1 reads to 22CG007_1_val_1.fq.gz
Writing validated paired-end Read 2 reads to 22CG007_2_val_2.fq.gz

Total number of sequences analysed: 63860770

Number of sequence pairs removed because at least one read was shorter than the length cutoff (20 bp): 30773 (0.05%)

Deleting both intermediate output files 22CG007_1_trimmed.fq.gz and 22CG007_2_trimmed.fq.gz

====================================================================================================

