Proceeding with single-core trimming (user-defined)
Path to Cutadapt set as: 'cutadapt' (default)
Cutadapt seems to be working fine (tested command 'cutadapt --version')
Cutadapt version: 4.1
single-core operation.
No quality encoding type selected. Assuming that the data provided uses Sanger encoded Phred scores (default)

Output will be written into the directory: /NGS/humangenomics/active/2022/run/hyperparathyroid_analysis_20221102/results/03_pipeline_runs/cohort/human_genomics_pipeline/results/trimmed/
Writing report to '/NGS/humangenomics/active/2022/run/hyperparathyroid_analysis_20221102/results/03_pipeline_runs/cohort/human_genomics_pipeline/results/trimmed/22CG005_1.fastq.gz_trimming_report.txt'

SUMMARISING RUN PARAMETERS
==========================
Input filename: ../../fastq/22CG005_1.fastq.gz
Trimming mode: paired-end
Trim Galore version: 0.6.4_dev
Cutadapt version: 4.1
Number of cores used for trimming: 1
Quality Phred score cutoff: 20
Quality encoding type selected: ASCII+33
Adapter sequence: 'AGATCGGAAGAGC' (Illumina TruSeq, Sanger iPCR; user defined)
Maximum trimming error rate: 0.1 (default)
Minimum required adapter overlap (stringency): 1 bp
Minimum required sequence length for both reads before a sequence pair gets removed: 20 bp
Output file(s) will be GZIP compressed

Cutadapt seems to be fairly up-to-date (version 4.1). Setting -j 1
Writing final adapter and quality trimmed output to 22CG005_1_trimmed.fq.gz


  >>> Now performing quality (cutoff '-q 20') and adapter trimming in a single pass for the adapter sequence: 'AGATCGGAAGAGC' from file ../../fastq/22CG005_1.fastq.gz <<< 
10000000 sequences processed
20000000 sequences processed
30000000 sequences processed
40000000 sequences processed
This is cutadapt 4.1 with Python 3.10.8
Command line parameters: -j 1 -e 0.1 -q 20 -O 1 -a AGATCGGAAGAGC ../../fastq/22CG005_1.fastq.gz
Processing single-end reads on 1 core ...
Finished in 1643.37 s (37 µs/read; 1.61 M reads/minute).

=== Summary ===

Total reads processed:              43,967,093
Reads with adapters:                24,645,368 (56.1%)
Reads written (passing filters):    43,967,093 (100.0%)

Total basepairs processed: 6,639,031,043 bp
Quality-trimmed:              42,763,921 bp (0.6%)
Total written (filtered):  6,096,097,317 bp (91.8%)

=== Adapter 1 ===

Sequence: AGATCGGAAGAGC; Type: regular 3'; Length: 13; Trimmed: 24645368 times

Minimum overlap: 1
No. of allowed errors:
1-9 bp: 0; 10-13 bp: 1

Bases preceding removed adapters:
  A: 29.4%
  C: 27.4%
  G: 22.5%
  T: 20.6%
  none/other: 0.0%

Overview of removed sequences
length	count	expect	max.err	error counts
1	6633793	10991773.2	0	6633793
2	2188652	2747943.3	0	2188652
3	891671	686985.8	0	891671
4	426742	171746.5	0	426742
5	274368	42936.6	0	274368
6	240056	10734.2	0	240056
7	324479	2683.5	0	324479
8	237346	670.9	0	237346
9	367967	167.7	0	366201 1766
10	320592	41.9	1	310330 10262
11	213450	10.5	1	202136 11314
12	231717	2.6	1	221969 9748
13	415535	0.7	1	400188 15347
14	156377	0.7	1	145680 10697
15	447816	0.7	1	432039 15777
16	98930	0.7	1	89777 9153
17	392039	0.7	1	373114 18925
18	240612	0.7	1	229711 10901
19	265558	0.7	1	255326 10232
20	274004	0.7	1	262125 11879
21	233921	0.7	1	224531 9390
22	312032	0.7	1	301060 10972
23	227412	0.7	1	216910 10502
24	280370	0.7	1	266721 13649
25	370894	0.7	1	357805 13089
26	137090	0.7	1	129678 7412
27	260417	0.7	1	249706 10711
28	339976	0.7	1	325914 14062
29	243585	0.7	1	231394 12191
30	215494	0.7	1	206941 8553
31	249686	0.7	1	239865 9821
32	330628	0.7	1	319966 10662
33	161088	0.7	1	152356 8732
34	314798	0.7	1	302822 11976
35	244528	0.7	1	234106 10422
36	155277	0.7	1	148425 6852
37	298891	0.7	1	286586 12305
38	165297	0.7	1	158722 6575
39	240596	0.7	1	232267 8329
40	205824	0.7	1	196223 9601
41	305536	0.7	1	289494 16042
42	460265	0.7	1	446837 13428
43	199142	0.7	1	189428 9714
44	245416	0.7	1	238610 6806
45	58503	0.7	1	55400 3103
46	107049	0.7	1	102796 4253
47	130182	0.7	1	124696 5486
48	203194	0.7	1	196828 6366
49	228331	0.7	1	222464 5867
50	81356	0.7	1	75436 5920
51	197391	0.7	1	190086 7305
52	216356	0.7	1	210771 5585
53	107223	0.7	1	102407 4816
54	180620	0.7	1	173611 7009
55	218899	0.7	1	213159 5740
56	146184	0.7	1	141971 4213
57	86403	0.7	1	82812 3591
58	78387	0.7	1	74923 3464
59	218509	0.7	1	213422 5087
60	62140	0.7	1	59528 2612
61	57301	0.7	1	54509 2792
62	186960	0.7	1	183202 3758
63	58545	0.7	1	56246 2299
64	45969	0.7	1	44038 1931
65	105805	0.7	1	102573 3232
66	110596	0.7	1	108274 2322
67	28984	0.7	1	27342 1642
68	71696	0.7	1	69271 2425
69	72754	0.7	1	70271 2483
70	72826	0.7	1	70247 2579
71	79354	0.7	1	76425 2929
72	112544	0.7	1	109310 3234
73	81264	0.7	1	78743 2521
74	56437	0.7	1	54507 1930
75	26757	0.7	1	25529 1228
76	4244	0.7	1	3762 482
77	4003	0.7	1	3678 325
78	21076	0.7	1	20495 581
79	28435	0.7	1	27680 755
80	28843	0.7	1	28022 821
81	27153	0.7	1	26398 755
82	24831	0.7	1	24056 775
83	22221	0.7	1	21503 718
84	20099	0.7	1	19537 562
85	17867	0.7	1	17309 558
86	15886	0.7	1	15383 503
87	14344	0.7	1	13905 439
88	12590	0.7	1	12165 425
89	11185	0.7	1	10824 361
90	9538	0.7	1	9179 359
91	8218	0.7	1	7936 282
92	7027	0.7	1	6765 262
93	6158	0.7	1	5926 232
94	5176	0.7	1	4999 177
95	4571	0.7	1	4389 182
96	3810	0.7	1	3669 141
97	3277	0.7	1	3130 147
98	2679	0.7	1	2577 102
99	2354	0.7	1	2222 132
100	1888	0.7	1	1781 107
101	1531	0.7	1	1452 79
102	1264	0.7	1	1174 90
103	1114	0.7	1	1040 74
104	931	0.7	1	865 66
105	754	0.7	1	693 61
106	613	0.7	1	540 73
107	462	0.7	1	398 64
108	324	0.7	1	284 40
109	245	0.7	1	188 57
110	194	0.7	1	147 47
111	148	0.7	1	103 45
112	140	0.7	1	85 55
113	86	0.7	1	40 46
114	66	0.7	1	26 40
115	68	0.7	1	14 54
116	50	0.7	1	13 37
117	56	0.7	1	7 49
118	60	0.7	1	2 58
119	46	0.7	1	2 44
120	38	0.7	1	1 37
121	46	0.7	1	2 44
122	57	0.7	1	1 56
123	48	0.7	1	1 47
124	48	0.7	1	0 48
125	48	0.7	1	0 48
126	63	0.7	1	2 61
127	55	0.7	1	2 53
128	46	0.7	1	0 46
129	53	0.7	1	0 53
130	58	0.7	1	0 58
131	35	0.7	1	0 35
132	68	0.7	1	2 66
133	39	0.7	1	0 39
134	69	0.7	1	4 65
135	63	0.7	1	8 55
136	29	0.7	1	0 29
137	46	0.7	1	0 46
138	44	0.7	1	1 43
139	50	0.7	1	0 50
140	37	0.7	1	0 37
141	71	0.7	1	10 61
142	78	0.7	1	29 49
143	59	0.7	1	21 38
144	34	0.7	1	6 28
145	28	0.7	1	3 25
146	22	0.7	1	0 22
147	4	0.7	1	0 4
148	6	0.7	1	0 6
149	11	0.7	1	0 11
150	2	0.7	1	0 2
151	2	0.7	1	0 2

RUN STATISTICS FOR INPUT FILE: ../../fastq/22CG005_1.fastq.gz
=============================================
43967093 sequences processed in total
The length threshold of paired-end sequences gets evaluated later on (in the validation step)

Writing report to '/NGS/humangenomics/active/2022/run/hyperparathyroid_analysis_20221102/results/03_pipeline_runs/cohort/human_genomics_pipeline/results/trimmed/22CG005_2.fastq.gz_trimming_report.txt'

SUMMARISING RUN PARAMETERS
==========================
Input filename: ../../fastq/22CG005_2.fastq.gz
Trimming mode: paired-end
Trim Galore version: 0.6.4_dev
Cutadapt version: 4.1
Number of cores used for trimming: 1
Quality Phred score cutoff: 20
Quality encoding type selected: ASCII+33
Adapter sequence: 'AGATCGGAAGAGC' (Illumina TruSeq, Sanger iPCR; user defined)
Maximum trimming error rate: 0.1 (default)
Minimum required adapter overlap (stringency): 1 bp
Minimum required sequence length for both reads before a sequence pair gets removed: 20 bp
Output file(s) will be GZIP compressed

Cutadapt seems to be fairly up-to-date (version 4.1). Setting -j -j 1
Writing final adapter and quality trimmed output to 22CG005_2_trimmed.fq.gz


  >>> Now performing quality (cutoff '-q 20') and adapter trimming in a single pass for the adapter sequence: 'AGATCGGAAGAGC' from file ../../fastq/22CG005_2.fastq.gz <<< 
10000000 sequences processed
20000000 sequences processed
30000000 sequences processed
40000000 sequences processed
This is cutadapt 4.1 with Python 3.10.8
Command line parameters: -j 1 -e 0.1 -q 20 -O 1 -a AGATCGGAAGAGC ../../fastq/22CG005_2.fastq.gz
Processing single-end reads on 1 core ...
Finished in 1727.47 s (39 µs/read; 1.53 M reads/minute).

=== Summary ===

Total reads processed:              43,967,093
Reads with adapters:                24,585,708 (55.9%)
Reads written (passing filters):    43,967,093 (100.0%)

Total basepairs processed: 6,639,031,043 bp
Quality-trimmed:              49,990,047 bp (0.8%)
Total written (filtered):  6,091,499,374 bp (91.8%)

=== Adapter 1 ===

Sequence: AGATCGGAAGAGC; Type: regular 3'; Length: 13; Trimmed: 24585708 times

Minimum overlap: 1
No. of allowed errors:
1-9 bp: 0; 10-13 bp: 1

Bases preceding removed adapters:
  A: 29.7%
  C: 25.9%
  G: 22.6%
  T: 21.7%
  none/other: 0.0%

Overview of removed sequences
length	count	expect	max.err	error counts
1	6688022	10991773.2	0	6688022
2	2098618	2747943.3	0	2098618
3	914797	686985.8	0	914797
4	371722	171746.5	0	371722
5	322140	42936.6	0	322140
6	234019	10734.2	0	234019
7	294820	2683.5	0	294820
8	262426	670.9	0	262426
9	386320	167.7	0	385286 1034
10	332959	41.9	1	324104 8855
11	203424	10.5	1	193942 9482
12	258019	2.6	1	249797 8222
13	287928	0.7	1	275799 12129
14	327691	0.7	1	316164 11527
15	237761	0.7	1	229139 8622
16	255002	0.7	1	244168 10834
17	350888	0.7	1	339712 11176
18	218942	0.7	1	209388 9554
19	398574	0.7	1	385977 12597
20	340791	0.7	1	331173 9618
21	183253	0.7	1	173919 9334
22	137604	0.7	1	133048 4556
23	271496	0.7	1	261836 9660
24	435402	0.7	1	422852 12550
25	100515	0.7	1	94789 5726
26	291553	0.7	1	278812 12741
27	527220	0.7	1	507622 19598
28	143728	0.7	1	138191 5537
29	271505	0.7	1	260157 11348
30	160741	0.7	1	155333 5408
31	316130	0.7	1	307427 8703
32	199723	0.7	1	193015 6708
33	249082	0.7	1	239909 9173
34	324791	0.7	1	316855 7936
35	160180	0.7	1	154903 5277
36	176927	0.7	1	169949 6978
37	406791	0.7	1	393911 12880
38	144508	0.7	1	139695 4813
39	289728	0.7	1	282091 7637
40	65611	0.7	1	61917 3694
41	203808	0.7	1	198154 5654
42	347227	0.7	1	338423 8804
43	149878	0.7	1	144499 5379
44	181983	0.7	1	176160 5823
45	323695	0.7	1	315995 7700
46	204084	0.7	1	196537 7547
47	186468	0.7	1	182523 3945
48	105526	0.7	1	100404 5122
49	279521	0.7	1	273889 5632
50	97555	0.7	1	94547 3008
51	124360	0.7	1	121149 3211
52	107075	0.7	1	104290 2785
53	99799	0.7	1	96974 2825
54	241978	0.7	1	236857 5121
55	75275	0.7	1	72119 3156
56	130537	0.7	1	126847 3690
57	239723	0.7	1	234009 5714
58	138214	0.7	1	134604 3610
59	61789	0.7	1	59679 2110
60	130333	0.7	1	127818 2515
61	70501	0.7	1	68009 2492
62	161102	0.7	1	156995 4107
63	109938	0.7	1	107410 2528
64	88947	0.7	1	87066 1881
65	53288	0.7	1	50959 2329
66	115697	0.7	1	113671 2026
67	22736	0.7	1	21582 1154
68	97421	0.7	1	95130 2291
69	48810	0.7	1	47349 1461
70	104490	0.7	1	102668 1822
71	25426	0.7	1	24277 1149
72	56498	0.7	1	54995 1503
73	55202	0.7	1	53715 1487
74	50981	0.7	1	49572 1409
75	46593	0.7	1	45354 1239
76	46842	0.7	1	45427 1415
77	70454	0.7	1	68808 1646
78	73786	0.7	1	72149 1637
79	27611	0.7	1	26675 936
80	5169	0.7	1	4781 388
81	1738	0.7	1	1554 184
82	11315	0.7	1	11058 257
83	17839	0.7	1	17474 365
84	18260	0.7	1	17868 392
85	17114	0.7	1	16711 403
86	15464	0.7	1	15131 333
87	14133	0.7	1	13802 331
88	12594	0.7	1	12257 337
89	11128	0.7	1	10814 314
90	9650	0.7	1	9397 253
91	8171	0.7	1	7977 194
92	7075	0.7	1	6880 195
93	6197	0.7	1	5983 214
94	5336	0.7	1	5159 177
95	4496	0.7	1	4343 153
96	3829	0.7	1	3700 129
97	3311	0.7	1	3178 133
98	2744	0.7	1	2630 114
99	2289	0.7	1	2194 95
100	1883	0.7	1	1782 101
101	1531	0.7	1	1449 82
102	1228	0.7	1	1146 82
103	1139	0.7	1	1070 69
104	919	0.7	1	849 70
105	764	0.7	1	684 80
106	568	0.7	1	517 51
107	470	0.7	1	407 63
108	331	0.7	1	274 57
109	250	0.7	1	196 54
110	186	0.7	1	135 51
111	152	0.7	1	108 44
112	143	0.7	1	89 54
113	88	0.7	1	42 46
114	81	0.7	1	27 54
115	70	0.7	1	15 55
116	70	0.7	1	15 55
117	57	0.7	1	6 51
118	58	0.7	1	4 54
119	49	0.7	1	2 47
120	46	0.7	1	0 46
121	41	0.7	1	3 38
122	46	0.7	1	1 45
123	53	0.7	1	1 52
124	64	0.7	1	0 64
125	35	0.7	1	0 35
126	43	0.7	1	2 41
127	45	0.7	1	2 43
128	32	0.7	1	0 32
129	55	0.7	1	1 54
130	73	0.7	1	0 73
131	44	0.7	1	0 44
132	42	0.7	1	1 41
133	52	0.7	1	0 52
134	48	0.7	1	4 44
135	48	0.7	1	1 47
136	50	0.7	1	2 48
137	54	0.7	1	0 54
138	55	0.7	1	2 53
139	35	0.7	1	0 35
140	49	0.7	1	1 48
141	78	0.7	1	14 64
142	73	0.7	1	26 47
143	52	0.7	1	16 36
144	38	0.7	1	6 32
145	19	0.7	1	1 18
146	24	0.7	1	0 24
147	6	0.7	1	0 6
148	4	0.7	1	0 4
149	7	0.7	1	0 7
150	5	0.7	1	0 5
151	1	0.7	1	0 1

RUN STATISTICS FOR INPUT FILE: ../../fastq/22CG005_2.fastq.gz
=============================================
43967093 sequences processed in total
The length threshold of paired-end sequences gets evaluated later on (in the validation step)

Validate paired-end files 22CG005_1_trimmed.fq.gz and 22CG005_2_trimmed.fq.gz
file_1: 22CG005_1_trimmed.fq.gz, file_2: 22CG005_2_trimmed.fq.gz


>>>>> Now validing the length of the 2 paired-end infiles: 22CG005_1_trimmed.fq.gz and 22CG005_2_trimmed.fq.gz <<<<<
Writing validated paired-end Read 1 reads to 22CG005_1_val_1.fq.gz
Writing validated paired-end Read 2 reads to 22CG005_2_val_2.fq.gz

Total number of sequences analysed: 43967093

Number of sequence pairs removed because at least one read was shorter than the length cutoff (20 bp): 21451 (0.05%)

Deleting both intermediate output files 22CG005_1_trimmed.fq.gz and 22CG005_2_trimmed.fq.gz

====================================================================================================

