Proceeding with single-core trimming (user-defined)
Path to Cutadapt set as: 'cutadapt' (default)
Cutadapt seems to be working fine (tested command 'cutadapt --version')
Cutadapt version: 4.1
single-core operation.
No quality encoding type selected. Assuming that the data provided uses Sanger encoded Phred scores (default)

Output will be written into the directory: /NGS/humangenomics/active/2022/run/hyperparathyroid_analysis_20221102/results/03_pipeline_runs/cohort/human_genomics_pipeline/results/trimmed/
Writing report to '/NGS/humangenomics/active/2022/run/hyperparathyroid_analysis_20221102/results/03_pipeline_runs/cohort/human_genomics_pipeline/results/trimmed/22CG024_1.fastq.gz_trimming_report.txt'

SUMMARISING RUN PARAMETERS
==========================
Input filename: ../../fastq/22CG024_1.fastq.gz
Trimming mode: paired-end
Trim Galore version: 0.6.4_dev
Cutadapt version: 4.1
Number of cores used for trimming: 1
Quality Phred score cutoff: 20
Quality encoding type selected: ASCII+33
Adapter sequence: 'AGATCGGAAGAGC' (Illumina TruSeq, Sanger iPCR; user defined)
Maximum trimming error rate: 0.1 (default)
Minimum required adapter overlap (stringency): 1 bp
Minimum required sequence length for both reads before a sequence pair gets removed: 20 bp
Output file(s) will be GZIP compressed

Cutadapt seems to be fairly up-to-date (version 4.1). Setting -j 1
Writing final adapter and quality trimmed output to 22CG024_1_trimmed.fq.gz


  >>> Now performing quality (cutoff '-q 20') and adapter trimming in a single pass for the adapter sequence: 'AGATCGGAAGAGC' from file ../../fastq/22CG024_1.fastq.gz <<< 
10000000 sequences processed
20000000 sequences processed
30000000 sequences processed
40000000 sequences processed
50000000 sequences processed
60000000 sequences processed
70000000 sequences processed
80000000 sequences processed
This is cutadapt 4.1 with Python 3.10.8
Command line parameters: -j 1 -e 0.1 -q 20 -O 1 -a AGATCGGAAGAGC ../../fastq/22CG024_1.fastq.gz
Processing single-end reads on 1 core ...
Finished in 3409.74 s (39 µs/read; 1.53 M reads/minute).

=== Summary ===

Total reads processed:              87,217,365
Reads with adapters:                40,216,534 (46.1%)
Reads written (passing filters):    87,217,365 (100.0%)

Total basepairs processed: 13,169,822,115 bp
Quality-trimmed:              99,258,337 bp (0.8%)
Total written (filtered):  12,517,577,151 bp (95.0%)

=== Adapter 1 ===

Sequence: AGATCGGAAGAGC; Type: regular 3'; Length: 13; Trimmed: 40216534 times

Minimum overlap: 1
No. of allowed errors:
1-9 bp: 0; 10-13 bp: 1

Bases preceding removed adapters:
  A: 31.6%
  C: 28.0%
  G: 21.1%
  T: 19.3%
  none/other: 0.0%

Overview of removed sequences
length	count	expect	max.err	error counts
1	15041058	21804341.2	0	15041058
2	5232890	5451085.3	0	5232890
3	1782412	1362771.3	0	1782412
4	780559	340692.8	0	780559
5	403965	85173.2	0	403965
6	350862	21293.3	0	350862
7	493615	5323.3	0	493615
8	325463	1330.8	0	325463
9	489073	332.7	0	486005 3068
10	488610	83.2	1	471599 17011
11	279742	20.8	1	262296 17446
12	345575	5.2	1	328839 16736
13	593929	1.3	1	569994 23935
14	197165	1.3	1	181720 15445
15	632156	1.3	1	607598 24558
16	119366	1.3	1	105951 13415
17	549618	1.3	1	520000 29618
18	326425	1.3	1	310092 16333
19	354375	1.3	1	339622 14753
20	354559	1.3	1	337037 17522
21	295928	1.3	1	282590 13338
22	449662	1.3	1	431308 18354
23	280866	1.3	1	266567 14299
24	352830	1.3	1	333851 18979
25	476658	1.3	1	457699 18959
26	183243	1.3	1	172696 10547
27	322291	1.3	1	307691 14600
28	462770	1.3	1	441292 21478
29	273669	1.3	1	257328 16341
30	284905	1.3	1	273304 11601
31	293290	1.3	1	280459 12831
32	421244	1.3	1	406713 14531
33	178050	1.3	1	166811 11239
34	388159	1.3	1	373214 14945
35	205509	1.3	1	192748 12761
36	335578	1.3	1	316298 19280
37	241346	1.3	1	230869 10477
38	369374	1.3	1	353740 15634
39	261672	1.3	1	246830 14842
40	203357	1.3	1	193650 9707
41	361302	1.3	1	345443 15859
42	505210	1.3	1	485348 19862
43	382115	1.3	1	364240 17875
44	280766	1.3	1	270849 9917
45	48262	1.3	1	44734 3528
46	120916	1.3	1	115858 5058
47	100722	1.3	1	94902 5820
48	256160	1.3	1	248142 8018
49	246356	1.3	1	239382 6974
50	74472	1.3	1	68412 6060
51	247145	1.3	1	239051 8094
52	203238	1.3	1	198183 5055
53	62440	1.3	1	58569 3871
54	208895	1.3	1	201118 7777
55	254502	1.3	1	249045 5457
56	133303	1.3	1	129242 4061
57	58503	1.3	1	56057 2446
58	40116	1.3	1	37472 2644
59	194170	1.3	1	189935 4235
60	31833	1.3	1	30378 1455
61	27824	1.3	1	25776 2048
62	145302	1.3	1	142347 2955
63	32406	1.3	1	30788 1618
64	25610	1.3	1	24074 1536
65	82647	1.3	1	80186 2461
66	73451	1.3	1	71666 1785
67	9642	1.3	1	8668 974
68	43031	1.3	1	41335 1696
69	55526	1.3	1	53371 2155
70	58317	1.3	1	56103 2214
71	67072	1.3	1	64549 2523
72	104845	1.3	1	102043 2802
73	44359	1.3	1	42555 1804
74	15446	1.3	1	14443 1003
75	4879	1.3	1	4385 494
76	1731	1.3	1	1403 328
77	3717	1.3	1	3410 307
78	12304	1.3	1	11851 453
79	17679	1.3	1	17100 579
80	18559	1.3	1	17945 614
81	17371	1.3	1	16692 679
82	15965	1.3	1	15316 649
83	14388	1.3	1	13853 535
84	12689	1.3	1	12157 532
85	10777	1.3	1	10340 437
86	9860	1.3	1	9452 408
87	8488	1.3	1	8130 358
88	7274	1.3	1	6933 341
89	6538	1.3	1	6216 322
90	5402	1.3	1	5153 249
91	4603	1.3	1	4336 267
92	3840	1.3	1	3673 167
93	3281	1.3	1	3086 195
94	2816	1.3	1	2615 201
95	2340	1.3	1	2161 179
96	2058	1.3	1	1868 190
97	1633	1.3	1	1480 153
98	1320	1.3	1	1163 157
99	1146	1.3	1	1031 115
100	866	1.3	1	740 126
101	759	1.3	1	640 119
102	620	1.3	1	512 108
103	569	1.3	1	461 108
104	419	1.3	1	354 65
105	389	1.3	1	296 93
106	366	1.3	1	252 114
107	242	1.3	1	154 88
108	190	1.3	1	98 92
109	168	1.3	1	75 93
110	162	1.3	1	68 94
111	139	1.3	1	51 88
112	116	1.3	1	32 84
113	96	1.3	1	23 73
114	73	1.3	1	12 61
115	107	1.3	1	6 101
116	79	1.3	1	4 75
117	94	1.3	1	6 88
118	116	1.3	1	5 111
119	89	1.3	1	5 84
120	78	1.3	1	5 73
121	106	1.3	1	2 104
122	80	1.3	1	3 77
123	58	1.3	1	1 57
124	110	1.3	1	3 107
125	80	1.3	1	1 79
126	86	1.3	1	0 86
127	97	1.3	1	0 97
128	90	1.3	1	0 90
129	103	1.3	1	0 103
130	106	1.3	1	3 103
131	76	1.3	1	2 74
132	93	1.3	1	0 93
133	64	1.3	1	1 63
134	80	1.3	1	2 78
135	109	1.3	1	5 104
136	107	1.3	1	1 106
137	109	1.3	1	2 107
138	94	1.3	1	3 91
139	73	1.3	1	2 71
140	93	1.3	1	2 91
141	135	1.3	1	5 130
142	122	1.3	1	7 115
143	92	1.3	1	5 87
144	70	1.3	1	2 68
145	63	1.3	1	1 62
146	45	1.3	1	1 44
147	22	1.3	1	0 22
148	9	1.3	1	0 9
149	26	1.3	1	0 26
150	8	1.3	1	0 8
151	11	1.3	1	0 11

RUN STATISTICS FOR INPUT FILE: ../../fastq/22CG024_1.fastq.gz
=============================================
87217365 sequences processed in total
The length threshold of paired-end sequences gets evaluated later on (in the validation step)

Writing report to '/NGS/humangenomics/active/2022/run/hyperparathyroid_analysis_20221102/results/03_pipeline_runs/cohort/human_genomics_pipeline/results/trimmed/22CG024_2.fastq.gz_trimming_report.txt'

SUMMARISING RUN PARAMETERS
==========================
Input filename: ../../fastq/22CG024_2.fastq.gz
Trimming mode: paired-end
Trim Galore version: 0.6.4_dev
Cutadapt version: 4.1
Number of cores used for trimming: 1
Quality Phred score cutoff: 20
Quality encoding type selected: ASCII+33
Adapter sequence: 'AGATCGGAAGAGC' (Illumina TruSeq, Sanger iPCR; user defined)
Maximum trimming error rate: 0.1 (default)
Minimum required adapter overlap (stringency): 1 bp
Minimum required sequence length for both reads before a sequence pair gets removed: 20 bp
Output file(s) will be GZIP compressed

Cutadapt seems to be fairly up-to-date (version 4.1). Setting -j -j 1
Writing final adapter and quality trimmed output to 22CG024_2_trimmed.fq.gz


  >>> Now performing quality (cutoff '-q 20') and adapter trimming in a single pass for the adapter sequence: 'AGATCGGAAGAGC' from file ../../fastq/22CG024_2.fastq.gz <<< 
10000000 sequences processed
20000000 sequences processed
30000000 sequences processed
40000000 sequences processed
50000000 sequences processed
60000000 sequences processed
70000000 sequences processed
80000000 sequences processed
This is cutadapt 4.1 with Python 3.10.8
Command line parameters: -j 1 -e 0.1 -q 20 -O 1 -a AGATCGGAAGAGC ../../fastq/22CG024_2.fastq.gz
Processing single-end reads on 1 core ...
Finished in 3735.05 s (43 µs/read; 1.40 M reads/minute).

=== Summary ===

Total reads processed:              87,217,365
Reads with adapters:                40,390,355 (46.3%)
Reads written (passing filters):    87,217,365 (100.0%)

Total basepairs processed: 13,169,822,115 bp
Quality-trimmed:             106,120,626 bp (0.8%)
Total written (filtered):  12,511,647,757 bp (95.0%)

=== Adapter 1 ===

Sequence: AGATCGGAAGAGC; Type: regular 3'; Length: 13; Trimmed: 40390355 times

Minimum overlap: 1
No. of allowed errors:
1-9 bp: 0; 10-13 bp: 1

Bases preceding removed adapters:
  A: 32.0%
  C: 26.3%
  G: 21.2%
  T: 20.6%
  none/other: 0.0%

Overview of removed sequences
length	count	expect	max.err	error counts
1	15571165	21804341.2	0	15571165
2	4776316	5451085.3	0	4776316
3	1871584	1362771.3	0	1871584
4	689516	340692.8	0	689516
5	488839	85173.2	0	488839
6	340822	21293.3	0	340822
7	438125	5323.3	0	438125
8	370311	1330.8	0	370311
9	549632	332.7	0	547144 2488
10	477624	83.2	1	462069 15555
11	293720	20.8	1	276834 16886
12	372695	5.2	1	358070 14625
13	403320	1.3	1	382217 21103
14	467038	1.3	1	447840 19198
15	336419	1.3	1	321606 14813
16	337375	1.3	1	318678 18697
17	503537	1.3	1	484017 19520
18	283741	1.3	1	266697 17044
19	707800	1.3	1	681684 26116
20	355602	1.3	1	341434 14168
21	232659	1.3	1	218333 14326
22	138723	1.3	1	131478 7245
23	360637	1.3	1	344839 15798
24	647853	1.3	1	625517 22336
25	76196	1.3	1	68201 7995
26	389641	1.3	1	369800 19841
27	766932	1.3	1	734419 32513
28	183493	1.3	1	174992 8501
29	340032	1.3	1	322631 17401
30	204031	1.3	1	196055 7976
31	329758	1.3	1	318712 11046
32	247623	1.3	1	238359 9264
33	234007	1.3	1	221167 12840
34	636047	1.3	1	616200 19847
35	75101	1.3	1	68471 6630
36	380196	1.3	1	372064 8132
37	78554	1.3	1	71685 6869
38	195546	1.3	1	188096 7450
39	501480	1.3	1	487520 13960
40	206463	1.3	1	197835 8628
41	245568	1.3	1	235271 10297
42	174993	1.3	1	169249 5744
43	211951	1.3	1	204918 7033
44	215772	1.3	1	207615 8157
45	360297	1.3	1	350327 9970
46	233513	1.3	1	223676 9837
47	186011	1.3	1	181215 4796
48	105670	1.3	1	99111 6559
49	289793	1.3	1	282859 6934
50	83647	1.3	1	80130 3517
51	113419	1.3	1	109845 3574
52	74293	1.3	1	71496 2797
53	84143	1.3	1	80704 3439
54	251941	1.3	1	246066 5875
55	63417	1.3	1	59579 3838
56	126069	1.3	1	121239 4830
57	270795	1.3	1	263906 6889
58	116178	1.3	1	112068 4110
59	39302	1.3	1	36903 2399
60	140814	1.3	1	137568 3246
61	51058	1.3	1	48299 2759
62	155745	1.3	1	151055 4690
63	102250	1.3	1	99611 2639
64	58774	1.3	1	56812 1962
65	36242	1.3	1	33998 2244
66	95635	1.3	1	93579 2056
67	15462	1.3	1	14229 1233
68	75924	1.3	1	73753 2171
69	32354	1.3	1	30773 1581
70	86650	1.3	1	84844 1806
71	14630	1.3	1	13474 1156
72	39723	1.3	1	38254 1469
73	41941	1.3	1	40422 1519
74	38631	1.3	1	37253 1378
75	36020	1.3	1	34630 1390
76	41382	1.3	1	39731 1651
77	65593	1.3	1	63853 1740
78	34994	1.3	1	33783 1211
79	7533	1.3	1	7027 506
80	1389	1.3	1	1124 265
81	2137	1.3	1	1912 225
82	7607	1.3	1	7307 300
83	11075	1.3	1	10720 355
84	11239	1.3	1	10825 414
85	10077	1.3	1	9748 329
86	9492	1.3	1	9121 371
87	8313	1.3	1	7961 352
88	7194	1.3	1	6889 305
89	6512	1.3	1	6210 302
90	5527	1.3	1	5267 260
91	4647	1.3	1	4414 233
92	3943	1.3	1	3728 215
93	3327	1.3	1	3120 207
94	2835	1.3	1	2651 184
95	2394	1.3	1	2224 170
96	2019	1.3	1	1896 123
97	1678	1.3	1	1523 155
98	1338	1.3	1	1193 145
99	1171	1.3	1	1028 143
100	936	1.3	1	823 113
101	757	1.3	1	634 123
102	638	1.3	1	522 116
103	556	1.3	1	460 96
104	455	1.3	1	371 84
105	373	1.3	1	275 98
106	366	1.3	1	259 107
107	269	1.3	1	171 98
108	202	1.3	1	109 93
109	163	1.3	1	77 86
110	159	1.3	1	61 98
111	142	1.3	1	53 89
112	106	1.3	1	27 79
113	90	1.3	1	22 68
114	96	1.3	1	18 78
115	98	1.3	1	10 88
116	115	1.3	1	8 107
117	91	1.3	1	3 88
118	104	1.3	1	6 98
119	126	1.3	1	10 116
120	70	1.3	1	2 68
121	87	1.3	1	5 82
122	73	1.3	1	3 70
123	69	1.3	1	0 69
124	101	1.3	1	2 99
125	64	1.3	1	1 63
126	76	1.3	1	1 75
127	88	1.3	1	0 88
128	102	1.3	1	0 102
129	100	1.3	1	1 99
130	95	1.3	1	1 94
131	88	1.3	1	1 87
132	94	1.3	1	5 89
133	82	1.3	1	1 81
134	76	1.3	1	6 70
135	103	1.3	1	2 101
136	85	1.3	1	0 85
137	81	1.3	1	0 81
138	84	1.3	1	1 83
139	73	1.3	1	2 71
140	76	1.3	1	1 75
141	96	1.3	1	7 89
142	101	1.3	1	9 92
143	119	1.3	1	20 99
144	77	1.3	1	7 70
145	58	1.3	1	1 57
146	53	1.3	1	0 53
147	9	1.3	1	0 9
148	18	1.3	1	0 18
149	14	1.3	1	0 14
150	6	1.3	1	0 6
151	1	1.3	1	0 1

RUN STATISTICS FOR INPUT FILE: ../../fastq/22CG024_2.fastq.gz
=============================================
87217365 sequences processed in total
The length threshold of paired-end sequences gets evaluated later on (in the validation step)

Validate paired-end files 22CG024_1_trimmed.fq.gz and 22CG024_2_trimmed.fq.gz
file_1: 22CG024_1_trimmed.fq.gz, file_2: 22CG024_2_trimmed.fq.gz


>>>>> Now validing the length of the 2 paired-end infiles: 22CG024_1_trimmed.fq.gz and 22CG024_2_trimmed.fq.gz <<<<<
Writing validated paired-end Read 1 reads to 22CG024_1_val_1.fq.gz
Writing validated paired-end Read 2 reads to 22CG024_2_val_2.fq.gz

Total number of sequences analysed: 87217365

Number of sequence pairs removed because at least one read was shorter than the length cutoff (20 bp): 43986 (0.05%)

Deleting both intermediate output files 22CG024_1_trimmed.fq.gz and 22CG024_2_trimmed.fq.gz

====================================================================================================

