Proceeding with single-core trimming (user-defined)
Path to Cutadapt set as: 'cutadapt' (default)
Cutadapt seems to be working fine (tested command 'cutadapt --version')
Cutadapt version: 4.1
single-core operation.
No quality encoding type selected. Assuming that the data provided uses Sanger encoded Phred scores (default)

Output will be written into the directory: /NGS/humangenomics/active/2022/run/hyperparathyroid_analysis_20221102/results/03_pipeline_runs/cohort/human_genomics_pipeline/results/trimmed/
Writing report to '/NGS/humangenomics/active/2022/run/hyperparathyroid_analysis_20221102/results/03_pipeline_runs/cohort/human_genomics_pipeline/results/trimmed/22CG016_1.fastq.gz_trimming_report.txt'

SUMMARISING RUN PARAMETERS
==========================
Input filename: ../../fastq/22CG016_1.fastq.gz
Trimming mode: paired-end
Trim Galore version: 0.6.4_dev
Cutadapt version: 4.1
Number of cores used for trimming: 1
Quality Phred score cutoff: 20
Quality encoding type selected: ASCII+33
Adapter sequence: 'AGATCGGAAGAGC' (Illumina TruSeq, Sanger iPCR; user defined)
Maximum trimming error rate: 0.1 (default)
Minimum required adapter overlap (stringency): 1 bp
Minimum required sequence length for both reads before a sequence pair gets removed: 20 bp
Output file(s) will be GZIP compressed

Cutadapt seems to be fairly up-to-date (version 4.1). Setting -j 1
Writing final adapter and quality trimmed output to 22CG016_1_trimmed.fq.gz


  >>> Now performing quality (cutoff '-q 20') and adapter trimming in a single pass for the adapter sequence: 'AGATCGGAAGAGC' from file ../../fastq/22CG016_1.fastq.gz <<< 
10000000 sequences processed
20000000 sequences processed
30000000 sequences processed
40000000 sequences processed
50000000 sequences processed
60000000 sequences processed
This is cutadapt 4.1 with Python 3.10.8
Command line parameters: -j 1 -e 0.1 -q 20 -O 1 -a AGATCGGAAGAGC ../../fastq/22CG016_1.fastq.gz
Processing single-end reads on 1 core ...
Finished in 2676.50 s (40 µs/read; 1.50 M reads/minute).

=== Summary ===

Total reads processed:              66,938,460
Reads with adapters:                30,265,729 (45.2%)
Reads written (passing filters):    66,938,460 (100.0%)

Total basepairs processed: 10,107,707,460 bp
Quality-trimmed:              66,427,883 bp (0.7%)
Total written (filtered):  9,643,891,481 bp (95.4%)

=== Adapter 1 ===

Sequence: AGATCGGAAGAGC; Type: regular 3'; Length: 13; Trimmed: 30265729 times

Minimum overlap: 1
No. of allowed errors:
1-9 bp: 0; 10-13 bp: 1

Bases preceding removed adapters:
  A: 31.1%
  C: 28.7%
  G: 20.9%
  T: 19.2%
  none/other: 0.0%

Overview of removed sequences
length	count	expect	max.err	error counts
1	11622636	16734615.0	0	11622636
2	4122025	4183653.8	0	4122025
3	1346381	1045913.4	0	1346381
4	597006	261478.4	0	597006
5	317037	65369.6	0	317037
6	264245	16342.4	0	264245
7	359990	4085.6	0	359990
8	248155	1021.4	0	248155
9	384573	255.3	0	382193 2380
10	355105	63.8	1	343032 12073
11	209978	16.0	1	197773 12205
12	248442	4.0	1	237633 10809
13	436366	1.0	1	419608 16758
14	146834	1.0	1	135755 11079
15	460579	1.0	1	443757 16822
16	90451	1.0	1	81263 9188
17	397804	1.0	1	378149 19655
18	230191	1.0	1	219633 10558
19	254778	1.0	1	244721 10057
20	260369	1.0	1	248207 12162
21	222336	1.0	1	212648 9688
22	318257	1.0	1	306576 11681
23	200191	1.0	1	190372 9819
24	245468	1.0	1	233396 12072
25	343801	1.0	1	331049 12752
26	127287	1.0	1	120253 7034
27	230378	1.0	1	220506 9872
28	320990	1.0	1	307664 13326
29	193770	1.0	1	183136 10634
30	199181	1.0	1	191514 7667
31	204975	1.0	1	196183 8792
32	320134	1.0	1	310647 9487
33	80342	1.0	1	74560 5782
34	213365	1.0	1	203870 9495
35	247950	1.0	1	237010 10940
36	235250	1.0	1	226288 8962
37	120323	1.0	1	113719 6604
38	227158	1.0	1	216282 10876
39	145046	1.0	1	139263 5783
40	198937	1.0	1	188608 10329
41	383003	1.0	1	366613 16390
42	467905	1.0	1	451973 15932
43	419429	1.0	1	404156 15273
44	316750	1.0	1	307991 8759
45	101232	1.0	1	97514 3718
46	62729	1.0	1	59908 2821
47	41607	1.0	1	38593 3014
48	155310	1.0	1	151858 3452
49	75130	1.0	1	72619 2511
50	42860	1.0	1	39721 3139
51	161324	1.0	1	157364 3960
52	76879	1.0	1	74701 2178
53	23683	1.0	1	21839 1844
54	119252	1.0	1	115695 3557
55	98689	1.0	1	96346 2343
56	65159	1.0	1	63320 1839
57	21762	1.0	1	20651 1111
58	19797	1.0	1	18396 1401
59	101492	1.0	1	99378 2114
60	12810	1.0	1	12065 745
61	16189	1.0	1	15066 1123
62	72348	1.0	1	70898 1450
63	21170	1.0	1	20210 960
64	17359	1.0	1	16419 940
65	53124	1.0	1	51741 1383
66	37496	1.0	1	36554 942
67	6797	1.0	1	6245 552
68	25096	1.0	1	23949 1147
69	40501	1.0	1	39019 1482
70	43423	1.0	1	41829 1594
71	44678	1.0	1	43030 1648
72	57204	1.0	1	55269 1935
73	56792	1.0	1	54997 1795
74	42324	1.0	1	40864 1460
75	22939	1.0	1	21924 1015
76	5693	1.0	1	5224 469
77	1779	1.0	1	1527 252
78	7257	1.0	1	6941 316
79	14525	1.0	1	14092 433
80	16930	1.0	1	16413 517
81	16728	1.0	1	16205 523
82	15489	1.0	1	15006 483
83	14333	1.0	1	13802 531
84	12666	1.0	1	12242 424
85	11310	1.0	1	10905 405
86	10218	1.0	1	9846 372
87	8887	1.0	1	8538 349
88	8258	1.0	1	7936 322
89	7047	1.0	1	6764 283
90	6039	1.0	1	5798 241
91	5202	1.0	1	4992 210
92	4468	1.0	1	4279 189
93	3830	1.0	1	3638 192
94	3404	1.0	1	3244 160
95	2930	1.0	1	2782 148
96	2449	1.0	1	2288 161
97	2093	1.0	1	1946 147
98	1774	1.0	1	1645 129
99	1418	1.0	1	1311 107
100	1205	1.0	1	1107 98
101	992	1.0	1	897 95
102	798	1.0	1	708 90
103	726	1.0	1	647 79
104	586	1.0	1	501 85
105	479	1.0	1	392 87
106	391	1.0	1	310 81
107	276	1.0	1	208 68
108	253	1.0	1	159 94
109	212	1.0	1	133 79
110	157	1.0	1	71 86
111	158	1.0	1	59 99
112	80	1.0	1	37 43
113	74	1.0	1	28 46
114	96	1.0	1	26 70
115	67	1.0	1	12 55
116	63	1.0	1	7 56
117	84	1.0	1	6 78
118	101	1.0	1	2 99
119	58	1.0	1	2 56
120	62	1.0	1	1 61
121	63	1.0	1	0 63
122	65	1.0	1	9 56
123	63	1.0	1	0 63
124	65	1.0	1	1 64
125	32	1.0	1	2 30
126	66	1.0	1	2 64
127	58	1.0	1	0 58
128	73	1.0	1	7 66
129	92	1.0	1	1 91
130	93	1.0	1	0 93
131	53	1.0	1	0 53
132	65	1.0	1	0 65
133	67	1.0	1	1 66
134	70	1.0	1	1 69
135	83	1.0	1	6 77
136	71	1.0	1	1 70
137	71	1.0	1	0 71
138	91	1.0	1	1 90
139	48	1.0	1	0 48
140	46	1.0	1	0 46
141	69	1.0	1	6 63
142	88	1.0	1	9 79
143	88	1.0	1	5 83
144	48	1.0	1	1 47
145	32	1.0	1	0 32
146	31	1.0	1	0 31
147	20	1.0	1	0 20
148	10	1.0	1	0 10
149	11	1.0	1	0 11
150	23	1.0	1	0 23
151	3	1.0	1	0 3

RUN STATISTICS FOR INPUT FILE: ../../fastq/22CG016_1.fastq.gz
=============================================
66938460 sequences processed in total
The length threshold of paired-end sequences gets evaluated later on (in the validation step)

Writing report to '/NGS/humangenomics/active/2022/run/hyperparathyroid_analysis_20221102/results/03_pipeline_runs/cohort/human_genomics_pipeline/results/trimmed/22CG016_2.fastq.gz_trimming_report.txt'

SUMMARISING RUN PARAMETERS
==========================
Input filename: ../../fastq/22CG016_2.fastq.gz
Trimming mode: paired-end
Trim Galore version: 0.6.4_dev
Cutadapt version: 4.1
Number of cores used for trimming: 1
Quality Phred score cutoff: 20
Quality encoding type selected: ASCII+33
Adapter sequence: 'AGATCGGAAGAGC' (Illumina TruSeq, Sanger iPCR; user defined)
Maximum trimming error rate: 0.1 (default)
Minimum required adapter overlap (stringency): 1 bp
Minimum required sequence length for both reads before a sequence pair gets removed: 20 bp
Output file(s) will be GZIP compressed

Cutadapt seems to be fairly up-to-date (version 4.1). Setting -j -j 1
Writing final adapter and quality trimmed output to 22CG016_2_trimmed.fq.gz


  >>> Now performing quality (cutoff '-q 20') and adapter trimming in a single pass for the adapter sequence: 'AGATCGGAAGAGC' from file ../../fastq/22CG016_2.fastq.gz <<< 
10000000 sequences processed
20000000 sequences processed
30000000 sequences processed
40000000 sequences processed
50000000 sequences processed
60000000 sequences processed
This is cutadapt 4.1 with Python 3.10.8
Command line parameters: -j 1 -e 0.1 -q 20 -O 1 -a AGATCGGAAGAGC ../../fastq/22CG016_2.fastq.gz
Processing single-end reads on 1 core ...
Finished in 2883.39 s (43 µs/read; 1.39 M reads/minute).

=== Summary ===

Total reads processed:              66,938,460
Reads with adapters:                30,103,111 (45.0%)
Reads written (passing filters):    66,938,460 (100.0%)

Total basepairs processed: 10,107,707,460 bp
Quality-trimmed:              67,297,208 bp (0.7%)
Total written (filtered):  9,636,602,357 bp (95.3%)

=== Adapter 1 ===

Sequence: AGATCGGAAGAGC; Type: regular 3'; Length: 13; Trimmed: 30103111 times

Minimum overlap: 1
No. of allowed errors:
1-9 bp: 0; 10-13 bp: 1

Bases preceding removed adapters:
  A: 31.6%
  C: 27.0%
  G: 21.0%
  T: 20.4%
  none/other: 0.0%

Overview of removed sequences
length	count	expect	max.err	error counts
1	11512874	16734615.0	0	11512874
2	4201602	4183653.8	0	4201602
3	1278842	1045913.4	0	1278842
4	546847	261478.4	0	546847
5	371613	65369.6	0	371613
6	263276	16342.4	0	263276
7	332363	4085.6	0	332363
8	268890	1021.4	0	268890
9	383953	255.3	0	382360 1593
10	396107	63.8	1	382778 13329
11	180695	16.0	1	168162 12533
12	298728	4.0	1	286941 11787
13	276388	1.0	1	261072 15316
14	347077	1.0	1	332193 14884
15	242499	1.0	1	231353 11146
16	240433	1.0	1	227048 13385
17	366054	1.0	1	351352 14702
18	197690	1.0	1	186215 11475
19	410152	1.0	1	393614 16538
20	293217	1.0	1	282081 11136
21	158519	1.0	1	147158 11361
22	151941	1.0	1	145712 6229
23	254958	1.0	1	243375 11583
24	411674	1.0	1	396316 15358
25	78010	1.0	1	71851 6159
26	265631	1.0	1	251453 14178
27	469603	1.0	1	446945 22658
28	152873	1.0	1	146301 6572
29	204149	1.0	1	191646 12503
30	177562	1.0	1	170738 6824
31	239669	1.0	1	230033 9636
32	210410	1.0	1	202434 7976
33	173765	1.0	1	164503 9262
34	304299	1.0	1	295206 9093
35	72957	1.0	1	67245 5712
36	223746	1.0	1	216331 7415
37	122369	1.0	1	116042 6327
38	323533	1.0	1	311770 11763
39	200297	1.0	1	190388 9909
40	138885	1.0	1	132929 5956
41	111370	1.0	1	106863 4507
42	166144	1.0	1	160775 5369
43	166454	1.0	1	160175 6279
44	120031	1.0	1	114869 5162
45	235778	1.0	1	228293 7485
46	143817	1.0	1	136490 7327
47	137470	1.0	1	133300 4170
48	71297	1.0	1	66431 4866
49	210451	1.0	1	204286 6165
50	60129	1.0	1	57277 2852
51	102007	1.0	1	98625 3382
52	68235	1.0	1	65472 2763
53	77657	1.0	1	74927 2730
54	170943	1.0	1	165894 5049
55	52729	1.0	1	49751 2978
56	93108	1.0	1	89460 3648
57	162295	1.0	1	157110 5185
58	92334	1.0	1	88921 3413
59	38418	1.0	1	36422 1996
60	100613	1.0	1	97949 2664
61	45031	1.0	1	42834 2197
62	97100	1.0	1	93400 3700
63	77034	1.0	1	74691 2343
64	56695	1.0	1	54825 1870
65	32031	1.0	1	29926 2105
66	79044	1.0	1	77004 2040
67	16777	1.0	1	15764 1013
68	57627	1.0	1	55555 2072
69	34837	1.0	1	33466 1371
70	69775	1.0	1	68063 1712
71	15559	1.0	1	14573 986
72	35519	1.0	1	34162 1357
73	35845	1.0	1	34483 1362
74	33160	1.0	1	31806 1354
75	30514	1.0	1	29243 1271
76	30464	1.0	1	29189 1275
77	45345	1.0	1	43843 1502
78	46421	1.0	1	44856 1565
79	15500	1.0	1	14616 884
80	2991	1.0	1	2622 369
81	1931	1.0	1	1697 234
82	8473	1.0	1	8177 296
83	11887	1.0	1	11536 351
84	11559	1.0	1	11193 366
85	10738	1.0	1	10380 358
86	9936	1.0	1	9575 361
87	8673	1.0	1	8347 326
88	8113	1.0	1	7814 299
89	7106	1.0	1	6793 313
90	6009	1.0	1	5716 293
91	5230	1.0	1	4961 269
92	4420	1.0	1	4170 250
93	3795	1.0	1	3600 195
94	3433	1.0	1	3234 199
95	2832	1.0	1	2660 172
96	2423	1.0	1	2264 159
97	2081	1.0	1	1924 157
98	1736	1.0	1	1587 149
99	1399	1.0	1	1270 129
100	1160	1.0	1	1051 109
101	960	1.0	1	862 98
102	812	1.0	1	731 81
103	730	1.0	1	640 90
104	541	1.0	1	464 77
105	497	1.0	1	384 113
106	395	1.0	1	313 82
107	268	1.0	1	204 64
108	220	1.0	1	161 59
109	167	1.0	1	112 55
110	146	1.0	1	82 64
111	121	1.0	1	51 70
112	104	1.0	1	47 57
113	82	1.0	1	24 58
114	87	1.0	1	17 70
115	102	1.0	1	16 86
116	78	1.0	1	8 70
117	97	1.0	1	4 93
118	100	1.0	1	6 94
119	59	1.0	1	9 50
120	63	1.0	1	3 60
121	76	1.0	1	1 75
122	74	1.0	1	0 74
123	72	1.0	1	1 71
124	76	1.0	1	2 74
125	59	1.0	1	1 58
126	71	1.0	1	5 66
127	74	1.0	1	0 74
128	53	1.0	1	1 52
129	79	1.0	1	1 78
130	88	1.0	1	0 88
131	46	1.0	1	0 46
132	80	1.0	1	0 80
133	53	1.0	1	0 53
134	89	1.0	1	2 87
135	86	1.0	1	0 86
136	70	1.0	1	0 70
137	58	1.0	1	1 57
138	56	1.0	1	0 56
139	74	1.0	1	0 74
140	78	1.0	1	0 78
141	89	1.0	1	1 88
142	86	1.0	1	13 73
143	57	1.0	1	2 55
144	55	1.0	1	1 54
145	43	1.0	1	0 43
146	41	1.0	1	0 41
147	21	1.0	1	0 21
148	7	1.0	1	0 7
149	19	1.0	1	0 19
150	12	1.0	1	1 11
151	7	1.0	1	0 7

RUN STATISTICS FOR INPUT FILE: ../../fastq/22CG016_2.fastq.gz
=============================================
66938460 sequences processed in total
The length threshold of paired-end sequences gets evaluated later on (in the validation step)

Validate paired-end files 22CG016_1_trimmed.fq.gz and 22CG016_2_trimmed.fq.gz
file_1: 22CG016_1_trimmed.fq.gz, file_2: 22CG016_2_trimmed.fq.gz


>>>>> Now validing the length of the 2 paired-end infiles: 22CG016_1_trimmed.fq.gz and 22CG016_2_trimmed.fq.gz <<<<<
Writing validated paired-end Read 1 reads to 22CG016_1_val_1.fq.gz
Writing validated paired-end Read 2 reads to 22CG016_2_val_2.fq.gz

Total number of sequences analysed: 66938460

Number of sequence pairs removed because at least one read was shorter than the length cutoff (20 bp): 30934 (0.05%)

Deleting both intermediate output files 22CG016_1_trimmed.fq.gz and 22CG016_2_trimmed.fq.gz

====================================================================================================

