00:00:00	SnpSift version 4.3t (build 2017-11-24 10:18), by Pablo Cingolani
00:00:00	Command: 'dbnsfp'
00:00:00	Reading configuration file 'snpEff.config'
00:00:00	done
00:00:00	Annotating:	Input file : '../results/filtered/21CG0001_filtered.vcf'	Database file : '/NGS/clinicalgenomics/public_data/dbNSFP/GRCh37/dbNSFPv4.0a.hg19.custombuild.gz'
00:00:00	Loading data types from file '/NGS/clinicalgenomics/public_data/dbNSFP/GRCh37/dbNSFPv4.0a.hg19.custombuild.gz.data_types'
00:00:00	Opening database file and loading index
00:00:00	Database fields:
			'chr'
			'pos(1-based)'
			'ref'
			'alt'
			'aaref'
			'aaalt'
			'rs_dbSNP151'
			'hg38_chr'
			'hg38_pos(1-based)'
			'hg18_chr'
			'hg18_pos(1-based)'
			'aapos'
			'genename'
			'Ensembl_geneid'
			'Ensembl_transcriptid'
			'Ensembl_proteinid'
			'Uniprot_acc'
			'Uniprot_entry'
			'HGVSc_ANNOVAR'
			'HGVSp_ANNOVAR'
			'HGVSc_snpEff'
			'HGVSp_snpEff'
			'HGVSc_VEP'
			'HGVSp_VEP'
			'APPRIS'
			'GENCODE_basic'
			'TSL'
			'VEP_canonical'
			'cds_strand'
			'refcodon'
			'codonpos'
			'codon_degeneracy'
			'Ancestral_allele'
			'AltaiNeandertal'
			'Denisova'
			'VindijiaNeandertal'
			'SIFT_score'
			'SIFT_converted_rankscore'
			'SIFT_pred'
			'SIFT4G_score'
			'SIFT4G_converted_rankscore'
			'SIFT4G_pred'
			'Polyphen2_HDIV_score'
			'Polyphen2_HDIV_rankscore'
			'Polyphen2_HDIV_pred'
			'Polyphen2_HVAR_score'
			'Polyphen2_HVAR_rankscore'
			'Polyphen2_HVAR_pred'
			'LRT_score'
			'LRT_converted_rankscore'
			'LRT_pred'
			'LRT_Omega'
			'MutationTaster_score'
			'MutationTaster_converted_rankscore'
			'MutationTaster_pred'
			'MutationTaster_model'
			'MutationTaster_AAE'
			'MutationAssessor_score'
			'MutationAssessor_rankscore'
			'MutationAssessor_pred'
			'FATHMM_score'
			'FATHMM_converted_rankscore'
			'FATHMM_pred'
			'PROVEAN_score'
			'PROVEAN_converted_rankscore'
			'PROVEAN_pred'
			'VEST4_score'
			'VEST4_rankscore'
			'MetaSVM_score'
			'MetaSVM_rankscore'
			'MetaSVM_pred'
			'MetaLR_score'
			'MetaLR_rankscore'
			'MetaLR_pred'
			'Reliability_index'
			'M-CAP_score'
			'M-CAP_rankscore'
			'M-CAP_pred'
			'REVEL_score'
			'REVEL_rankscore'
			'MutPred_score'
			'MutPred_rankscore'
			'MutPred_protID'
			'MutPred_AAchange'
			'MutPred_Top5features'
			'MVP_score'
			'MVP_rankscore'
			'MPC_score'
			'MPC_rankscore'
			'PrimateAI_score'
			'PrimateAI_rankscore'
			'PrimateAI_pred'
			'DEOGEN2_score'
			'DEOGEN2_rankscore'
			'DEOGEN2_pred'
			'Aloft_Fraction_transcripts_affected'
			'Aloft_prob_Tolerant'
			'Aloft_prob_Recessive'
			'Aloft_prob_Dominant'
			'Aloft_pred'
			'Aloft_Confidence'
			'CADD_raw'
			'CADD_raw_rankscore'
			'CADD_phred'
			'DANN_score'
			'DANN_rankscore'
			'fathmm-MKL_coding_score'
			'fathmm-MKL_coding_rankscore'
			'fathmm-MKL_coding_pred'
			'fathmm-MKL_coding_group'
			'fathmm-XF_coding_score'
			'fathmm-XF_coding_rankscore'
			'fathmm-XF_coding_pred'
			'Eigen-raw_coding'
			'Eigen-raw_coding_rankscore'
			'Eigen-pred_coding'
			'Eigen-PC-raw_coding'
			'Eigen-PC-raw_coding_rankscore'
			'Eigen-PC-phred_coding'
			'GenoCanyon_score'
			'GenoCanyon_rankscore'
			'integrated_fitCons_score'
			'integrated_fitCons_rankscore'
			'integrated_confidence_value'
			'GM12878_fitCons_score'
			'GM12878_fitCons_rankscore'
			'GM12878_confidence_value'
			'H1-hESC_fitCons_score'
			'H1-hESC_fitCons_rankscore'
			'H1-hESC_confidence_value'
			'HUVEC_fitCons_score'
			'HUVEC_fitCons_rankscore'
			'HUVEC_confidence_value'
			'LINSIGHT'
			'LINSIGHT_rankscore'
			'GERP++_NR'
			'GERP++_RS'
			'GERP++_RS_rankscore'
			'phyloP100way_vertebrate'
			'phyloP100way_vertebrate_rankscore'
			'phyloP30way_mammalian'
			'phyloP30way_mammalian_rankscore'
			'phyloP17way_primate'
			'phyloP17way_primate_rankscore'
			'phastCons100way_vertebrate'
			'phastCons100way_vertebrate_rankscore'
			'phastCons30way_mammalian'
			'phastCons30way_mammalian_rankscore'
			'phastCons17way_primate'
			'phastCons17way_primate_rankscore'
			'SiPhy_29way_pi'
			'SiPhy_29way_logOdds'
			'SiPhy_29way_logOdds_rankscore'
			'bStatistic'
			'bStatistic_rankscore'
			'1000Gp3_AC'
			'1000Gp3_AF'
			'1000Gp3_AFR_AC'
			'1000Gp3_AFR_AF'
			'1000Gp3_EUR_AC'
			'1000Gp3_EUR_AF'
			'1000Gp3_AMR_AC'
			'1000Gp3_AMR_AF'
			'1000Gp3_EAS_AC'
			'1000Gp3_EAS_AF'
			'1000Gp3_SAS_AC'
			'1000Gp3_SAS_AF'
			'TWINSUK_AC'
			'TWINSUK_AF'
			'ALSPAC_AC'
			'ALSPAC_AF'
			'UK10K_AC'
			'UK10K_AF'
			'ESP6500_AA_AC'
			'ESP6500_AA_AF'
			'ESP6500_EA_AC'
			'ESP6500_EA_AF'
			'ExAC_AC'
			'ExAC_AF'
			'ExAC_Adj_AC'
			'ExAC_Adj_AF'
			'ExAC_AFR_AC'
			'ExAC_AFR_AF'
			'ExAC_AMR_AC'
			'ExAC_AMR_AF'
			'ExAC_EAS_AC'
			'ExAC_EAS_AF'
			'ExAC_FIN_AC'
			'ExAC_FIN_AF'
			'ExAC_NFE_AC'
			'ExAC_NFE_AF'
			'ExAC_SAS_AC'
			'ExAC_SAS_AF'
			'ExAC_nonTCGA_AC'
			'ExAC_nonTCGA_AF'
			'ExAC_nonTCGA_Adj_AC'
			'ExAC_nonTCGA_Adj_AF'
			'ExAC_nonTCGA_AFR_AC'
			'ExAC_nonTCGA_AFR_AF'
			'ExAC_nonTCGA_AMR_AC'
			'ExAC_nonTCGA_AMR_AF'
			'ExAC_nonTCGA_EAS_AC'
			'ExAC_nonTCGA_EAS_AF'
			'ExAC_nonTCGA_FIN_AC'
			'ExAC_nonTCGA_FIN_AF'
			'ExAC_nonTCGA_NFE_AC'
			'ExAC_nonTCGA_NFE_AF'
			'ExAC_nonTCGA_SAS_AC'
			'ExAC_nonTCGA_SAS_AF'
			'ExAC_nonpsych_AC'
			'ExAC_nonpsych_AF'
			'ExAC_nonpsych_Adj_AC'
			'ExAC_nonpsych_Adj_AF'
			'ExAC_nonpsych_AFR_AC'
			'ExAC_nonpsych_AFR_AF'
			'ExAC_nonpsych_AMR_AC'
			'ExAC_nonpsych_AMR_AF'
			'ExAC_nonpsych_EAS_AC'
			'ExAC_nonpsych_EAS_AF'
			'ExAC_nonpsych_FIN_AC'
			'ExAC_nonpsych_FIN_AF'
			'ExAC_nonpsych_NFE_AC'
			'ExAC_nonpsych_NFE_AF'
			'ExAC_nonpsych_SAS_AC'
			'ExAC_nonpsych_SAS_AF'
			'gnomAD_exomes_flag'
			'gnomAD_exomes_AC'
			'gnomAD_exomes_AN'
			'gnomAD_exomes_AF'
			'gnomAD_exomes_nhomalt'
			'gnomAD_exomes_AFR_AC'
			'gnomAD_exomes_AFR_AN'
			'gnomAD_exomes_AFR_AF'
			'gnomAD_exomes_AFR_nhomalt'
			'gnomAD_exomes_AMR_AC'
			'gnomAD_exomes_AMR_AN'
			'gnomAD_exomes_AMR_AF'
			'gnomAD_exomes_AMR_nhomalt'
			'gnomAD_exomes_ASJ_AC'
			'gnomAD_exomes_ASJ_AN'
			'gnomAD_exomes_ASJ_AF'
			'gnomAD_exomes_ASJ_nhomalt'
			'gnomAD_exomes_EAS_AC'
			'gnomAD_exomes_EAS_AN'
			'gnomAD_exomes_EAS_AF'
			'gnomAD_exomes_EAS_nhomalt'
			'gnomAD_exomes_FIN_AC'
			'gnomAD_exomes_FIN_AN'
			'gnomAD_exomes_FIN_AF'
			'gnomAD_exomes_FIN_nhomalt'
			'gnomAD_exomes_NFE_AC'
			'gnomAD_exomes_NFE_AN'
			'gnomAD_exomes_NFE_AF'
			'gnomAD_exomes_NFE_nhomalt'
			'gnomAD_exomes_SAS_AC'
			'gnomAD_exomes_SAS_AN'
			'gnomAD_exomes_SAS_AF'
			'gnomAD_exomes_SAS_nhomalt'
			'gnomAD_exomes_POPMAX_AC'
			'gnomAD_exomes_POPMAX_AN'
			'gnomAD_exomes_POPMAX_AF'
			'gnomAD_exomes_POPMAX_nhomalt'
			'gnomAD_exomes_controls_AC'
			'gnomAD_exomes_controls_AN'
			'gnomAD_exomes_controls_AF'
			'gnomAD_exomes_controls_nhomalt'
			'gnomAD_exomes_controls_AFR_AC'
			'gnomAD_exomes_controls_AFR_AN'
			'gnomAD_exomes_controls_AFR_AF'
			'gnomAD_exomes_controls_AFR_nhomalt'
			'gnomAD_exomes_controls_AMR_AC'
			'gnomAD_exomes_controls_AMR_AN'
			'gnomAD_exomes_controls_AMR_AF'
			'gnomAD_exomes_controls_AMR_nhomalt'
			'gnomAD_exomes_controls_ASJ_AC'
			'gnomAD_exomes_controls_ASJ_AN'
			'gnomAD_exomes_controls_ASJ_AF'
			'gnomAD_exomes_controls_ASJ_nhomalt'
			'gnomAD_exomes_controls_EAS_AC'
			'gnomAD_exomes_controls_EAS_AN'
			'gnomAD_exomes_controls_EAS_AF'
			'gnomAD_exomes_controls_EAS_nhomalt'
			'gnomAD_exomes_controls_FIN_AC'
			'gnomAD_exomes_controls_FIN_AN'
			'gnomAD_exomes_controls_FIN_AF'
			'gnomAD_exomes_controls_FIN_nhomalt'
			'gnomAD_exomes_controls_NFE_AC'
			'gnomAD_exomes_controls_NFE_AN'
			'gnomAD_exomes_controls_NFE_AF'
			'gnomAD_exomes_controls_NFE_nhomalt'
			'gnomAD_exomes_controls_SAS_AC'
			'gnomAD_exomes_controls_SAS_AN'
			'gnomAD_exomes_controls_SAS_AF'
			'gnomAD_exomes_controls_SAS_nhomalt'
			'gnomAD_exomes_controls_POPMAX_AC'
			'gnomAD_exomes_controls_POPMAX_AN'
			'gnomAD_exomes_controls_POPMAX_AF'
			'gnomAD_exomes_controls_POPMAX_nhomalt'
			'gnomAD_genomes_flag'
			'gnomAD_genomes_AC'
			'gnomAD_genomes_AN'
			'gnomAD_genomes_AF'
			'gnomAD_genomes_nhomalt'
			'gnomAD_genomes_AFR_AC'
			'gnomAD_genomes_AFR_AN'
			'gnomAD_genomes_AFR_AF'
			'gnomAD_genomes_AFR_nhomalt'
			'gnomAD_genomes_AMR_AC'
			'gnomAD_genomes_AMR_AN'
			'gnomAD_genomes_AMR_AF'
			'gnomAD_genomes_AMR_nhomalt'
			'gnomAD_genomes_ASJ_AC'
			'gnomAD_genomes_ASJ_AN'
			'gnomAD_genomes_ASJ_AF'
			'gnomAD_genomes_ASJ_nhomalt'
			'gnomAD_genomes_EAS_AC'
			'gnomAD_genomes_EAS_AN'
			'gnomAD_genomes_EAS_AF'
			'gnomAD_genomes_EAS_nhomalt'
			'gnomAD_genomes_FIN_AC'
			'gnomAD_genomes_FIN_AN'
			'gnomAD_genomes_FIN_AF'
			'gnomAD_genomes_FIN_nhomalt'
			'gnomAD_genomes_NFE_AC'
			'gnomAD_genomes_NFE_AN'
			'gnomAD_genomes_NFE_AF'
			'gnomAD_genomes_NFE_nhomalt'
			'gnomAD_genomes_POPMAX_AC'
			'gnomAD_genomes_POPMAX_AN'
			'gnomAD_genomes_POPMAX_AF'
			'gnomAD_genomes_POPMAX_nhomalt'
			'gnomAD_genomes_controls_AC'
			'gnomAD_genomes_controls_AN'
			'gnomAD_genomes_controls_AF'
			'gnomAD_genomes_controls_nhomalt'
			'gnomAD_genomes_controls_AFR_AC'
			'gnomAD_genomes_controls_AFR_AN'
			'gnomAD_genomes_controls_AFR_AF'
			'gnomAD_genomes_controls_AFR_nhomalt'
			'gnomAD_genomes_controls_AMR_AC'
			'gnomAD_genomes_controls_AMR_AN'
			'gnomAD_genomes_controls_AMR_AF'
			'gnomAD_genomes_controls_AMR_nhomalt'
			'gnomAD_genomes_controls_ASJ_AC'
			'gnomAD_genomes_controls_ASJ_AN'
			'gnomAD_genomes_controls_ASJ_AF'
			'gnomAD_genomes_controls_ASJ_nhomalt'
			'gnomAD_genomes_controls_EAS_AC'
			'gnomAD_genomes_controls_EAS_AN'
			'gnomAD_genomes_controls_EAS_AF'
			'gnomAD_genomes_controls_EAS_nhomalt'
			'gnomAD_genomes_controls_FIN_AC'
			'gnomAD_genomes_controls_FIN_AN'
			'gnomAD_genomes_controls_FIN_AF'
			'gnomAD_genomes_controls_FIN_nhomalt'
			'gnomAD_genomes_controls_NFE_AC'
			'gnomAD_genomes_controls_NFE_AN'
			'gnomAD_genomes_controls_NFE_AF'
			'gnomAD_genomes_controls_NFE_nhomalt'
			'gnomAD_genomes_controls_POPMAX_AC'
			'gnomAD_genomes_controls_POPMAX_AN'
			'gnomAD_genomes_controls_POPMAX_AF'
			'gnomAD_genomes_controls_POPMAX_nhomalt'
			'clinvar_id'
			'clinvar_clnsig'
			'clinvar_trait'
			'clinvar_review'
			'clinvar_hgvs'
			'clinvar_var_source'
			'clinvar_MedGen_id'
			'clinvar_OMIM_id'
			'clinvar_Orphanet_id'
			'Interpro_domain'
			'GTEx_V7_gene'
			'GTEx_V7_tissue'
			'Geuvadis_eQTL_target_gene'
00:00:00	Warning: Default field name '1000Gp1_AF' not found, ignoring
00:00:00	Warning: Default field name '1000Gp1_AFR_AF' not found, ignoring
00:00:00	Warning: Default field name '1000Gp1_EUR_AF' not found, ignoring
00:00:00	Warning: Default field name '1000Gp1_AMR_AF' not found, ignoring
00:00:00	Warning: Default field name '1000Gp1_ASN_AF' not found, ignoring
00:00:00	Fields to add:
			'1000Gp3_AC'
			'1000Gp3_AF'
			'1000Gp3_AFR_AC'
			'1000Gp3_AFR_AF'
			'1000Gp3_AMR_AC'
			'1000Gp3_AMR_AF'
			'1000Gp3_EAS_AC'
			'1000Gp3_EAS_AF'
			'1000Gp3_EUR_AC'
			'1000Gp3_EUR_AF'
			'1000Gp3_SAS_AC'
			'1000Gp3_SAS_AF'
			'CADD_phred'
			'ESP6500_AA_AC'
			'ESP6500_AA_AF'
			'ESP6500_EA_AC'
			'ESP6500_EA_AF'
			'ExAC_AC'
			'ExAC_AF'
			'ExAC_AFR_AC'
			'ExAC_AFR_AF'
			'ExAC_AMR_AC'
			'ExAC_AMR_AF'
			'ExAC_Adj_AC'
			'ExAC_Adj_AF'
			'ExAC_EAS_AC'
			'ExAC_EAS_AF'
			'ExAC_FIN_AC'
			'ExAC_FIN_AF'
			'ExAC_NFE_AC'
			'ExAC_NFE_AF'
			'ExAC_SAS_AC'
			'ExAC_SAS_AF'
			'FATHMM_pred'
			'GERP++_NR'
			'GERP++_RS'
			'Interpro_domain'
			'LRT_pred'
			'MetaSVM_pred'
			'MutationAssessor_pred'
			'MutationTaster_pred'
			'PROVEAN_pred'
			'Polyphen2_HDIV_pred'
			'Polyphen2_HVAR_pred'
			'SIFT_pred'
			'Uniprot_acc'
			'phastCons100way_vertebrate'
00:00:00	Annotating file '../results/filtered/21CG0001_filtered.vcf'
....................................................................................................
10000	....................................................................................................
20000	....................................................................................................
30000	....................................................................................................
40000	....................................................................................................
50000	....................................................................................................
60000	....................................................................................................
70000	....................................................................................................
80000	....................................................................................................
90000	....................................................................................................
100000	....................................................................................................
110000	....................................................................................................
120000	....................................................................................................
130000	....................................................................................................
140000	....................................................................................................
150000	....................................................................................................
160000	....................................................................................................
170000	....................................................................................................
180000	....................................................................................................
190000	....................................................................................................
200000	....................................................................................................
210000	....................................................................................................
220000	....................................................................................................
230000	....................................................................................................
240000	....................................................................................................
250000	....................................................................................................
260000	....................................................................................................
270000	....................................................................................................
280000	....................................................................................................
290000	....................................................................................................
300000	....................................................................................................
310000	....................................................................................................
320000	....................................................................................................
330000	....................................................................................................
340000	....................................................................................................
350000	....................................................................................................
360000	....................................................................................................
370000	....................................................................................................
380000	....................................................................................................
390000	....................................................................................................
400000	....................................................................................................
410000	....................................................................................................
420000	....................................................................................................
430000	....................................................................................................
440000	....................................................................................................
450000	....................................................................................................
460000	....................................................................................................
470000	....................................................................................................
480000	....................................................................................................
490000	....................................................................................................
500000	....................................................................................................
510000	....................................................................................................
520000	....................................................................................................
530000	....................................................................................................
540000	....................................................................................................
550000	....................................................................................................
560000	....................................................................................................
570000	....................................................................................................
580000	....................................................................................................
590000	....................................................................................................
600000	....................................................................................................
610000	....................................................................................................
620000	....................................................................................................
630000	....................................................................................................
640000	....................................................................................................
650000	....................................................................................................
660000	....................................................................................................
670000	....................................................................................................
680000	....................................................................................................
690000	....................................................................................................
700000	....................................................................................................
710000	....................................................................................................
720000	....................................................................................................
730000	....................................................................................................
740000	....................................................................................................
750000	....................................................................................................
760000	....................................................................................................
770000	....................................................................................................
780000	....................................................................................................
790000	....................................................................................................
800000	....................................................................................................
810000	....................................................................................................
820000	....................................................................................................
830000	....................................................................................................
840000	....................................................................................................
850000	....................................................................................................
860000	....................................................................................................
870000	....................................................................................................
880000	....................................................................................................
890000	....................................................................................................
900000	....................................................................................................
910000	....................................................................................................
920000	....................................................................................................
930000	....................................................................................................
940000	....................................................................................................
950000	....................................................................................................
960000	....................................................................................................
970000	....................................................................................................
980000	....................................................................................................
990000	....................................................................................................
1000000	....................................................................................................
1010000	....................................................................................................
1020000	....................................................................................................
1030000	....................................................................................................
1040000	....................................................................................................
1050000	....................................................................................................
1060000	....................................................................................................
1070000	....................................................................................................
1080000	....................................................................................................
1090000	....................................................................................................
1100000	....................................................................................................
1110000	....................................................................................................
1120000	....................................................................................................
1130000	....................................................................................................
1140000	....................................................................................................
1150000	....................................................................................................
1160000	....................................................................................................
1170000	....................................................................................................
1180000	....................................................................................................
1190000	....................................................................................................
1200000	....................................................................................................
1210000	....................................................................................................
1220000	....................................................................................................
1230000	....................................................................................................
1240000	....................................................................................................
1250000	....................................................................................................
1260000	....................................................................................................
1270000	....................................................................................................
1280000	....................................................................................................
1290000	....................................................................................................
1300000	....................................................................................................
1310000	....................................................................................................
1320000	....................................................................................................
1330000	....................................................................................................
1340000	....................................................................................................
1350000	....................................................................................................
1360000	....................................................................................................
1370000	....................................................................................................
1380000	....................................................................................................
1390000	....................................................................................................
1400000	....................................................................................................
1410000	....................................................................................................
1420000	....................................................................................................
1430000	....................................................................................................
1440000	....................................................................................................
1450000	....................................................................................................
1460000	....................................................................................................
1470000	....................................................................................................
1480000	....................................................................................................
1490000	....................................................................................................
1500000	....................................................................................................
1510000	....................................................................................................
1520000	....................................................................................................
1530000	....................................................................................................
1540000	....................................................................................................
1550000	....................................................................................................
1560000	....................................................................................................
1570000	....................................................................................................
1580000	....................................................................................................
1590000	....................................................................................................
1600000	....................................................................................................
1610000	....................................................................................................
1620000	....................................................................................................
1630000	....................................................................................................
1640000	....................................................................................................
1650000	....................................................................................................
1660000	....................................................................................................
1670000	....................................................................................................
1680000	....................................................................................................
1690000	....................................................................................................
1700000	....................................................................................................
1710000	....................................................................................................
1720000	....................................................................................................
1730000	....................................................................................................
1740000	....................................................................................................
1750000	....................................................................................................
1760000	....................................................................................................
1770000	....................................................................................................
1780000	....................................................................................................
1790000	....................................................................................................
1800000	....................................................................................................
1810000	....................................................................................................
1820000	....................................................................................................
1830000	....................................................................................................
1840000	....................................................................................................
1850000	....................................................................................................
1860000	....................................................................................................
1870000	....................................................................................................
1880000	....................................................................................................
1890000	....................................................................................................
1900000	....................................................................................................
1910000	....................................................................................................
1920000	....................................................................................................
1930000	....................................................................................................
1940000	....................................................................................................
1950000	....................................................................................................
1960000	....................................................................................................
1970000	....................................................................................................
1980000	....................................................................................................
1990000	....................................................................................................
2000000	....................................................................................................
2010000	....................................................................................................
2020000	....................................................................................................
2030000	....................................................................................................
2040000	....................................................................................................
2050000	....................................................................................................
2060000	....................................................................................................
2070000	....................................................................................................
2080000	....................................................................................................
2090000	....................................................................................................
2100000	....................................................................................................
2110000	....................................................................................................
2120000	....................................................................................................
2130000	....................................................................................................
2140000	....................................................................................................
2150000	....................................................................................................
2160000	....................................................................................................
2170000	....................................................................................................
2180000	....................................................................................................
2190000	....................................................................................................
2200000	....................................................................................................
2210000	....................................................................................................
2220000	....................................................................................................
2230000	....................................................................................................
2240000	....................................................................................................
2250000	....................................................................................................
2260000	....................................................................................................
2270000	....................................................................................................
2280000	....................................................................................................
2290000	....................................................................................................
2300000	....................................................................................................
2310000	....................................................................................................
2320000	....................................................................................................
2330000	....................................................................................................
2340000	....................................................................................................
2350000	....................................................................................................
2360000	....................................................................................................
2370000	....................................................................................................
2380000	....................................................................................................
2390000	....................................................................................................
2400000	....................................................................................................
2410000	....................................................................................................
2420000	....................................................................................................
2430000	....................................................................................................
2440000	....................................................................................................
2450000	....................................................................................................
2460000	....................................................................................................
2470000	....................................................................................................
2480000	....................................................................................................
2490000	....................................................................................................
2500000	....................................................................................................
2510000	....................................................................................................
2520000	....................................................................................................
2530000	....................................................................................................
2540000	....................................................................................................
2550000	....................................................................................................
2560000	....................................................................................................
2570000	....................................................................................................
2580000	....................................................................................................
2590000	....................................................................................................
2600000	....................................................................................................
2610000	....................................................................................................
2620000	....................................................................................................
2630000	....................................................................................................
2640000	....................................................................................................
2650000	....................................................................................................
2660000	....................................................................................................
2670000	....................................................................................................
2680000	....................................................................................................
2690000	....................................................................................................
2700000	....................................................................................................
2710000	....................................................................................................
2720000	....................................................................................................
2730000	....................................................................................................
2740000	....................................................................................................
2750000	....................................................................................................
2760000	....................................................................................................
2770000	....................................................................................................
2780000	....................................................................................................
2790000	....................................................................................................
2800000	....................................................................................................
2810000	....................................................................................................
2820000	....................................................................................................
2830000	....................................................................................................
2840000	....................................................................................................
2850000	....................................................................................................
2860000	....................................................................................................
2870000	....................................................................................................
2880000	....................................................................................................
2890000	....................................................................................................
2900000	....................................................................................................
2910000	....................................................................................................
2920000	....................................................................................................
2930000	....................................................................................................
2940000	....................................................................................................
2950000	....................................................................................................
2960000	....................................................................................................
2970000	....................................................................................................
2980000	....................................................................................................
2990000	....................................................................................................
3000000	....................................................................................................
3010000	....................................................................................................
3020000	....................................................................................................
3030000	....................................................................................................
3040000	....................................................................................................
3050000	....................................................................................................
3060000	....................................................................................................
3070000	....................................................................................................
3080000	....................................................................................................
3090000	....................................................................................................
3100000	....................................................................................................
3110000	....................................................................................................
3120000	....................................................................................................
3130000	....................................................................................................
3140000	....................................................................................................
3150000	....................................................................................................
3160000	....................................................................................................
3170000	....................................................................................................
3180000	....................................................................................................
3190000	....................................................................................................
3200000	....................................................................................................
3210000	....................................................................................................
3220000	....................................................................................................
3230000	....................................................................................................
3240000	....................................................................................................
3250000	....................................................................................................
3260000	....................................................................................................
3270000	....................................................................................................
3280000	....................................................................................................
3290000	....................................................................................................
3300000	....................................................................................................
3310000	....................................................................................................
3320000	....................................................................................................
3330000	....................................................................................................
3340000	....................................................................................................
3350000	....................................................................................................
3360000	....................................................................................................
3370000	....................................................................................................
3380000	....................................................................................................
3390000	....................................................................................................
3400000	....................................................................................................
3410000	....................................................................................................
3420000	....................................................................................................
3430000	....................................................................................................
3440000	....................................................................................................
3450000	....................................................................................................
3460000	....................................................................................................
3470000	....................................................................................................
3480000	....................................................................................................
3490000	....................................................................................................
3500000	....................................................................................................
3510000	....................................................................................................
3520000	....................................................................................................
3530000	....................................................................................................
3540000	....................................................................................................
3550000	....................................................................................................
3560000	....................................................................................................
3570000	....................................................................................................
3580000	....................................................................................................
3590000	....................................................................................................
3600000	....................................................................................................
3610000	....................................................................................................
3620000	....................................................................................................
3630000	....................................................................................................
3640000	....................................................................................................
3650000	....................................................................................................
3660000	....................................................................................................
3670000	....................................................................................................
3680000	....................................................................................................
3690000	....................................................................................................
3700000	....................................................................................................
3710000	....................................................................................................
3720000	....................................................................................................
3730000	....................................................................................................
3740000	....................................................................................................
3750000	....................................................................................................
3760000	....................................................................................................
3770000	....................................................................................................
3780000	....................................................................................................
3790000	....................................................................................................
3800000	....................................................................................................
3810000	....................................................................................................
3820000	....................................................................................................
3830000	....................................................................................................
3840000	....................................................................................................
3850000	....................................................................................................
3860000	....................................................................................................
3870000	....................................................................................................
3880000	....................................................................................................
3890000	....................................................................................................
3900000	....................................................................................................
3910000	....................................................................................................
3920000	....................................................................................................
3930000	....................................................................................................
3940000	....................................................................................................
3950000	....................................................................................................
3960000	....................................................................................................
3970000	....................................................................................................
3980000	....................................................................................................
3990000	....................................................................................................
4000000	....................................................................................................
4010000	....................................................................................................
4020000	....................................................................................................
4030000	....................................................................................................
4040000	....................................................................................................
4050000	....................................................................................................
4060000	....................................................................................................
4070000	....................................................................................................
4080000	....................................................................................................
4090000	....................................................................................................
4100000	....................................................................................................
4110000	....................................................................................................
4120000	....................................................................................................
4130000	....................................................................................................
4140000	....................................................................................................
4150000	....................................................................................................
4160000	....................................................................................................
4170000	....................................................................................................
4180000	....................................................................................................
4190000	....................................................................................................
4200000	....................................................................................................
4210000	....................................................................................................
4220000	....................................................................................................
4230000	....................................................................................................
4240000	....................................................................................................
4250000	....................................................................................................
4260000	....................................................................................................
4270000	....................................................................................................
4280000	....................................................................................................
4290000	....................................................................................................
4300000	....................................................................................................
4310000	....................................................................................................
4320000	....................................................................................................
4330000	....................................................................................................
4340000	....................................................................................................
4350000	....................................................................................................
4360000	....................................................................................................
4370000	....................................................................................................
4380000	....................................................................................................
4390000	....................................................................................................
4400000	....................................................................................................
4410000	....................................................................................................
4420000	....................................................................................................
4430000	....................................................................................................
4440000	....................................................................................................
4450000	....................................................................................................
4460000	....................................................................................................
4470000	....................................................................................................
4480000	....................................................................................................
4490000	....................................................................................................
4500000	....................................................................................................
4510000	....................................................................................................
4520000	....................................................................................................
4530000	....................................................................................................
4540000	....................................................................................................
4550000	....................................................................................................
4560000	....................................................................................................
4570000	....................................................................................................
4580000	....................................................................................................
4590000	....................................................................................................
4600000	....................................................................................................
4610000	....................................................................................................
4620000	....................................................................................................
4630000	....................................................................................................
4640000	....................................................................................................
4650000	....................................................................................................
4660000	....................................................................................................
4670000	....................................................................................................
4680000	....................................................................................................
4690000	....................................................................................................
4700000	....................................................................................................
4710000	....................................................................................................
4720000	....................................................................................................
4730000	....................................................................................................
4740000	....................................................................................................
4750000	....................................................................................................
4760000	....................................................................................................
4770000	....................................................................................................
4780000	....................................................................................................
4790000	....................................................................................................
4800000	....................................................................................................
4810000	....................................................................................................
4820000	....................................................................................................
4830000	....................................................................................................
4840000	....................................................................................................
4850000	....................................................................................................
4860000	....................................................................................................
4870000	....................................................................................................
4880000	....................................................................................................
4890000	....................................................................................................
4900000	....................................................................................................
4910000	....................................................................................................
4920000	....................................................................................................
4930000	....................................................................................................
4940000	....................................................................................................
4950000	....................................................................................................
4960000	....................................................................................................
4970000	....................................................................................................
4980000	....................................................................................................
4990000	....................................................................................................
5000000	....................................................................................................
5010000	....................................................................................................
5020000	....................................................................................................
5030000	....................................................................................................
5040000	....................................................................................................
5050000	....................................................................................................
5060000	....................................................................................................
5070000	....................................................................................................
5080000	....................................................................................................
5090000	....................................................................................................
5100000	....................................................................................................
5110000	....................................................................................................
5120000	....................................................................................................
5130000	....................................................................................................
5140000	....................................................................................................
5150000	....................................................................................................
5160000	....................................................................................................
5170000	....................................................................................................
5180000	....................................................................................................
5190000	....................................................................................................
5200000	....................................................................................................
5210000	....................................................................................................
5220000	....................................................................................................
5230000	....................................................................................................
5240000	....................................................................................................
5250000	....................................................................................................
5260000	....................................................................................................
5270000	....................................................................................................
5280000	....................................................................................................
5290000	....................................................................................................
5300000	....................................................................................................
5310000	....................................................................................................
5320000	....................................................................................................
5330000	....................................................................................................
5340000	....................................................................................................
5350000	....................................................................................................
5360000	....................................................................................................
5370000	....................................................................................................
5380000	....................................................................................................
5390000	....................................................................................................
5400000	....................................................................................................
5410000	....................................................................................................
5420000	....................................................................................................
5430000	....................................................................................................
5440000	....................................................................................................
5450000	....................................................................................................
5460000	....................................................................................................
5470000	....................................................................................................
5480000	....................................................................................................
5490000	....................................................................................................
5500000	....................................................................................................
5510000	....................................................................................................
5520000	....................................................................................................
5530000	....................................................................................................
5540000	....................................................................................................
5550000	....................................................................................................
5560000	....................................................................................................
5570000	....................................................................................................
5580000	....................................................................................................
5590000	....................................................................................................
5600000	....................................................................................................
5610000	....................................................................................................
5620000	....................................................................................................
5630000	....................................................................................................
5640000	....................................................................................................
5650000	....................................................................................................
5660000	....................................................................................................
5670000	....................................................................................................
5680000	....................................................................................................
5690000	....................................................................................................
5700000	....................................................................................................
5710000	....................................................................................................
5720000	....................................................................................................
5730000	....................................................................................................
5740000	....................................................................................................
5750000	....................................................................................................
5760000	....................................................................................................
5770000	....................................................................................................
5780000	....................................................................................................
5790000	....................................................................................................
5800000	....................................................................................................
5810000	....................................................................................................
5820000	....................................................................................................
5830000	....................................................................................................
5840000	....................................................................................................
5850000	....................................................................................................
5860000	....................................................................................................
5870000	....................................................................................................
5880000	....................................................................................................
5890000	....................................................................................................
5900000	....................................................................................................
5910000	....................................................................................................
5920000	....................................................................................................
5930000	....................................................................................................
5940000	....................................................................................................
5950000	....................................................................................................
5960000	....................................................................................................
5970000	....................................................................................................
5980000	....................................................................................................
5990000	....................................................................................................
6000000	....................................................................................................
6010000	....................................................................................................
6020000	....................................................................................................
6030000	....................................................................................................
6040000	....................................................................................................
6050000	....................................................................................................
6060000	....................................................................................................
6070000	....................................................................................................
6080000	....................................................................................................
6090000	....................................................................................................
6100000	....................................................................................................
6110000	....................................................................................................
6120000	....................................................................................................
6130000	....................................................................................................
6140000	....................................................................................................
6150000	....................................................................................................
6160000	....................................................................................................
6170000	....................................................................................................
6180000	....................................................................................................
6190000	....................................................................................................
6200000	....................................................................................................
6210000	....................................................................................................
6220000	....................................................................................................
6230000	....................................................................................................
6240000	....................................................................................................
6250000	....................................................................................................
6260000	....................................................................................................
6270000	....................................................................................................
6280000	....................................................................................................
6290000	....................................................................................................
6300000	....................................................................................................
6310000	....................................................................................................
6320000	....................................................................................................
6330000	....................................................................................................
6340000	....................................................................................................
6350000	....................................................................................................
6360000	....................................................................................................
6370000	....................................................................................................
6380000	....................................................................................................
6390000	....................................................................................................
6400000	....................................................................................................
6410000	....................................................................................................
6420000	....................................................................................................
6430000	....................................................................................................
6440000	....................................................................................................
6450000	....................................................................................................
6460000	....................................................................................................
6470000	....................................................................................................
6480000	....................................................................................................
6490000	....................................................................................................
6500000	....................................................................................................
6510000	....................................................................................................
6520000	....................................................................................................
6530000	....................................................................................................
6540000	....................................................................................................
6550000	....................................................................................................
6560000	....................................................................................................
6570000	....................................................................................................
6580000	....................................................................................................
6590000	....................................................................................................
6600000	....................................................................................................
6610000	....................................................................................................
6620000	....................................................................................................
6630000	....................................................................................................
6640000	....................................................................................................
6650000	....................................................................................................
6660000	....................................................................................................
6670000	....................................................................................................
6680000	....................................................................................................
6690000	....................................................................................................
6700000	....................................................................................................
6710000	....................................................................................................
6720000	....................................................................................................
6730000	....................................................................................................
6740000	....................................................................................................
6750000	....................................................................................................
6760000	....................................................................................................
6770000	....................................................................................................
6780000	....................................................................................................
6790000	....................................................................................................
6800000	....................................................................................................
6810000	....................................................................................................
6820000	....................................................................................................
6830000	....................................................................................................
6840000	....................................................................................................
6850000	....................................................................................................
6860000	....................................................................................................
6870000	....................................................................................................
6880000	....................................................................................................
6890000	....................................................................................................
6900000	....................................................................................................
6910000	....................................................................................................
6920000	....................................................................................................
6930000	....................................................................................................
6940000	....................................................................................................
6950000	....................................................................................................
6960000	....................................................................................................
6970000	....................................................................................................
6980000	....................................................................................................
6990000	....................................................................................................
7000000	....................................................................................................
7010000	....................................................................................................
7020000	....................................................................................................
7030000	....................................................................................................
7040000	....................................................................................................
7050000	....................................................................................................
7060000	....................................................................................................
7070000	....................................................................................................
7080000	....................................................................................................
7090000	....................................................................................................
7100000	....................................................................................................
7110000	....................................................................................................
7120000	....................................................................................................
7130000	....................................................................................................
7140000	....................................................................................................
7150000	....................................................................................................
7160000	....................................................................................................
7170000	....................................................................................................
7180000	....................................................................................................
7190000	....................................................................................................
7200000	....................................................................................................
7210000	....................................................................................................
7220000	....................................................................................................
7230000	....................................................................................................
7240000	....................................................................................................
7250000	....................................................................................................
7260000	....................................................................................................
7270000	....................................................................................................
7280000	....................................................................................................
7290000	....................................................................................................
7300000	....................................................................................................
7310000	....................................................................................................
7320000	....................................................................................................
7330000	....................................................................................................
7340000	....................................................................................................
7350000	....................................................................................................
7360000	....................................................................................................
7370000	....................................................................................................
7380000	....................................................................................................
7390000	....................................................................................................
7400000	....................................................................................................
7410000	....................................................................................................
7420000	....................................................................................................
7430000	....................................................................................................
7440000	....................................................................................................
7450000	....................................................................................................
7460000	....................................................................................................
7470000	....................................................................................................
7480000	....................................................................................................
7490000	....................................................................................................
7500000	....................................................................................................
7510000	....................................................................................................
7520000	....................................................................................................
7530000	....................................................................................................
7540000	....................................................................................................
7550000	....................................................................................................
7560000	....................................................................................................
7570000	....................................................................................................
7580000	....................................................................................................
7590000	....................................................................................................
7600000	....................................................................................................
7610000	....................................................................................................
7620000	....................................................................................................
7630000	....................................................................................................
7640000	....................................................................................................
7650000	....................................................................................................
7660000	....................................................................................................
7670000	....................................................................................................
7680000	....................................................................................................
7690000	....................................................................................................
7700000	....................................................................................................
7710000	....................................................................................................
7720000	....................................................................................................
7730000	....................................................................................................
7740000	....................................................................................................
7750000	....................................................................................................
7760000	....................................................................................................
7770000	....................................................................................................
7780000	....................................................................................................
7790000	....................................................................................................
7800000	....................................................................................................
7810000	....................................................................................................
7820000	....................................................................................................
7830000	....................................................................................................
7840000	....................................................................................................
7850000	....................................................................................................
7860000	....................................................................................................
7870000	....................................................................................................
7880000	....................................................................................................
7890000	....................................................................................................
7900000	....................................................................................................
7910000	....................................................................................................
7920000	....................................................................................................
7930000	....................................................................................................
7940000	....................................................................................................
7950000	....................................................................................................
7960000	....................................................................................................
7970000	....................................................................................................
7980000	....................................................................................................
7990000	....................................................................................................
8000000	....................................................................................................
8010000	....................................................................................................
8020000	.....................01:04:20	Done.
	Total annotated entries : 72489
	Total entries           : 7676692
	Percent                 : 0.94%
